tag: mep
alg: ddpg
learn: hgg
env: FetchSlide-v1
goal: custom
init_offset: 1.0
graph: False
show_goals: 0
play_path: None
play_epoch: latest
stop_hgg_threshold: 2
n_x: 31
n_y: 31
n_z: 11
gamma: 0.98
clip_return: True
eps_act: 0.3
std_act: 0.2
pi_lr: 0.001
q_lr: 0.001
act_l2: 1.0
polyak: 0.95
epoches: 20
cycles: 20
episodes: 50
timesteps: 50
train_batches: 20
buffer_size: 10000
buffer_type: mep
batch_size: 256
warmup: 10000
her: future
her_ratio: 0.8
pool_rule: full
hgg_c: 3.0
hgg_L: 5.0
hgg_pool_size: 1000
save_acc: True
rank_method: dense
num_vertices: [31, 31, 11]
goal_based: True
clip_return_l: -49.99999999999996
clip_return_r: 0.0
*** network initialization complete ***
*** tester initialization complete ***
2021-12-14 04:43:06 mep
+---------------+--------+
| Epoch         | 0/20   |
| Cycle         | 0/20   |
| Episodes      | 50     |
| Timesteps     | 2500   |
| TimeCost(sec) | 23.713 |
| Pi_q_loss     |        |
| Pi_l2_loss    |        |
| Q_loss        |        |
| Success       | 0.0    |
+---------------+--------+
Saved as best policy to log/mep-ddpg-FetchSlide-v1-hgg-14-12-2021_04-41-42/!
Average inside: 0.64
2021-12-14 04:43:35 mep
+---------------+--------+
| Epoch         | 0/20   |
| Cycle         | 1/20   |
| Episodes      | 100    |
| Timesteps     | 5000   |
| TimeCost(sec) | 28.279 |
| Pi_q_loss     |        |
| Pi_l2_loss    |        |
| Q_loss        |        |
| Success       | 0.0    |
+---------------+--------+
Average inside: 0.54
2021-12-14 04:44:04 mep
+---------------+--------+
| Epoch         | 0/20   |
| Cycle         | 2/20   |
| Episodes      | 150    |
| Timesteps     | 7500   |
| TimeCost(sec) | 28.399 |
| Pi_q_loss     |        |
| Pi_l2_loss    |        |
| Q_loss        |        |
| Success       | 0.0    |
+---------------+--------+
Average inside: 0.6
2021-12-14 04:44:33 mep
+---------------+--------+
| Epoch         | 0/20   |
| Cycle         | 3/20   |
| Episodes      | 200    |
| Timesteps     | 10000  |
| TimeCost(sec) | 29.762 |
| Pi_q_loss     | 0.331  |
| Pi_l2_loss    | 0.011  |
| Q_loss        | 0.135  |
| Success       | 0.0    |
+---------------+--------+
Average inside: 0.42
2021-12-14 04:45:55 mep
+---------------+--------+
| Epoch         | 0/20   |
| Cycle         | 4/20   |
| Episodes      | 250    |
| Timesteps     | 12500  |
| TimeCost(sec) | 81.784 |
| Pi_q_loss     | 0.383  |
| Pi_l2_loss    | 0.007  |
| Q_loss        | 0.001  |
| Success       | 0.0    |
+---------------+--------+
Average inside: 0.28
2021-12-14 04:47:21 mep
+---------------+--------+
| Epoch         | 0/20   |
| Cycle         | 5/20   |
| Episodes      | 300    |
| Timesteps     | 15000  |
| TimeCost(sec) | 85.306 |
| Pi_q_loss     | 0.847  |
| Pi_l2_loss    | 0.017  |
| Q_loss        | 0.006  |
| Success       | 0.0    |
+---------------+--------+
Average inside: 0.38
2021-12-14 04:48:46 mep
+---------------+--------+
| Epoch         | 0/20   |
| Cycle         | 6/20   |
| Episodes      | 350    |
| Timesteps     | 17500  |
| TimeCost(sec) | 85.219 |
| Pi_q_loss     | 1.573  |
| Pi_l2_loss    | 0.011  |
| Q_loss        | 0.004  |
| Success       | 0.01   |
+---------------+--------+
Saved as best policy to log/mep-ddpg-FetchSlide-v1-hgg-14-12-2021_04-41-42/!
Average inside: 0.42
2021-12-14 04:50:09 mep
+---------------+--------+
| Epoch         | 0/20   |
| Cycle         | 7/20   |
| Episodes      | 400    |
| Timesteps     | 20000  |
| TimeCost(sec) | 82.832 |
| Pi_q_loss     | 3.263  |
| Pi_l2_loss    | 0.009  |
| Q_loss        | 0.006  |
| Success       | 0.0    |
+---------------+--------+
Average inside: 0.6
2021-12-14 04:51:35 mep
+---------------+--------+
| Epoch         | 0/20   |
| Cycle         | 8/20   |
| Episodes      | 450    |
| Timesteps     | 22500  |
| TimeCost(sec) | 85.888 |
| Pi_q_loss     | 1.398  |
| Pi_l2_loss    | 0.014  |
| Q_loss        | 0.003  |
| Success       | 0.0    |
+---------------+--------+
Average inside: 0.42
2021-12-14 04:52:58 mep
+---------------+--------+
| Epoch         | 0/20   |
| Cycle         | 9/20   |
| Episodes      | 500    |
| Timesteps     | 25000  |
| TimeCost(sec) | 82.256 |
| Pi_q_loss     | 1.182  |
| Pi_l2_loss    | 0.026  |
| Q_loss        | 0.002  |
| Success       | 0.0    |
+---------------+--------+
Average inside: 0.54
2021-12-14 04:54:22 mep
+---------------+--------+
| Epoch         | 0/20   |
| Cycle         | 10/20  |
| Episodes      | 550    |
| Timesteps     | 27500  |
| TimeCost(sec) | 83.876 |
| Pi_q_loss     | 2.998  |
| Pi_l2_loss    | 0.052  |
| Q_loss        | 0.011  |
| Success       | 0.0    |
+---------------+--------+
Average inside: 0.48
2021-12-14 04:55:44 mep
+---------------+--------+
| Epoch         | 0/20   |
| Cycle         | 11/20  |
| Episodes      | 600    |
| Timesteps     | 30000  |
| TimeCost(sec) | 82.373 |
| Pi_q_loss     | 3.055  |
| Pi_l2_loss    | 0.021  |
| Q_loss        | 0.0    |
| Success       | 0.0    |
+---------------+--------+
Average inside: 0.34
2021-12-14 04:57:09 mep
+---------------+--------+
| Epoch         | 0/20   |
| Cycle         | 12/20  |
| Episodes      | 650    |
| Timesteps     | 32500  |
| TimeCost(sec) | 84.178 |
| Pi_q_loss     | 2.571  |
| Pi_l2_loss    | 0.015  |
| Q_loss        | 0.003  |
| Success       | 0.0    |
+---------------+--------+
Average inside: 0.38
2021-12-14 04:58:32 mep
+---------------+--------+
| Epoch         | 0/20   |
| Cycle         | 13/20  |
| Episodes      | 700    |
| Timesteps     | 35000  |
| TimeCost(sec) | 83.478 |
| Pi_q_loss     | 4.43   |
| Pi_l2_loss    | 0.045  |
| Q_loss        | 0.031  |
| Success       | 0.01   |
+---------------+--------+
Average inside: 0.48
2021-12-14 04:59:56 mep
+---------------+-------+
| Epoch         | 0/20  |
| Cycle         | 14/20 |
| Episodes      | 750   |
| Timesteps     | 37500 |
| TimeCost(sec) | 84.02 |
| Pi_q_loss     | 2.764 |
| Pi_l2_loss    | 0.029 |
| Q_loss        | 0.0   |
| Success       | 0.01  |
+---------------+-------+
Average inside: 0.3
2021-12-14 05:01:26 mep
+---------------+--------+
| Epoch         | 0/20   |
| Cycle         | 15/20  |
| Episodes      | 800    |
| Timesteps     | 40000  |
| TimeCost(sec) | 89.066 |
| Pi_q_loss     | 3.524  |
| Pi_l2_loss    | 0.108  |
| Q_loss        | 0.031  |
| Success       | 0.0    |
+---------------+--------+
Average inside: 0.46
2021-12-14 05:02:50 mep
+---------------+--------+
| Epoch         | 0/20   |
| Cycle         | 16/20  |
| Episodes      | 850    |
| Timesteps     | 42500  |
| TimeCost(sec) | 84.382 |
| Pi_q_loss     | 3.344  |
| Pi_l2_loss    | 0.022  |
| Q_loss        | 0.0    |
| Success       | 0.01   |
+---------------+--------+
Average inside: 0.56
2021-12-14 05:04:14 mep
+---------------+--------+
| Epoch         | 0/20   |
| Cycle         | 17/20  |
| Episodes      | 900    |
| Timesteps     | 45000  |
| TimeCost(sec) | 83.641 |
| Pi_q_loss     | 4.001  |
| Pi_l2_loss    | 0.145  |
| Q_loss        | 0.02   |
| Success       | 0.0    |
+---------------+--------+
Average inside: 0.56
2021-12-14 05:05:37 mep
+---------------+--------+
| Epoch         | 0/20   |
| Cycle         | 18/20  |
| Episodes      | 950    |
| Timesteps     | 47500  |
| TimeCost(sec) | 83.149 |
| Pi_q_loss     | 4.176  |
| Pi_l2_loss    | 0.074  |
| Q_loss        | 0.017  |
| Success       | 0.02   |
+---------------+--------+
Saved as best policy to log/mep-ddpg-FetchSlide-v1-hgg-14-12-2021_04-41-42/!
Average inside: 0.48
2021-12-14 05:07:04 mep
+---------------+--------+
| Epoch         | 0/20   |
| Cycle         | 19/20  |
| Episodes      | 1000   |
| Timesteps     | 50000  |
| TimeCost(sec) | 86.163 |
| Pi_q_loss     | 3.323  |
| Pi_l2_loss    | 0.115  |
| Q_loss        | 0.013  |
| Success       | 0.01   |
+---------------+--------+
Saved periodic policy to log/mep-ddpg-FetchSlide-v1-hgg-14-12-2021_04-41-42/!
Average inside: 0.5
2021-12-14 05:08:33 mep
+---------------+--------+
| Epoch         | 1/20   |
| Cycle         | 0/20   |
| Episodes      | 1050   |
| Timesteps     | 52500  |
| TimeCost(sec) | 88.656 |
| Pi_q_loss     | 3.38   |
| Pi_l2_loss    | 0.031  |
| Q_loss        | 0.008  |
| Success       | 0.0    |
+---------------+--------+
Average inside: 0.44
2021-12-14 05:09:59 mep
+---------------+--------+
| Epoch         | 1/20   |
| Cycle         | 1/20   |
| Episodes      | 1100   |
| Timesteps     | 55000  |
| TimeCost(sec) | 85.736 |
| Pi_q_loss     | 3.896  |
| Pi_l2_loss    | 0.139  |
| Q_loss        | 0.029  |
| Success       | 0.0    |
+---------------+--------+
Average inside: 0.42
2021-12-14 05:11:24 mep
+---------------+--------+
| Epoch         | 1/20   |
| Cycle         | 2/20   |
| Episodes      | 1150   |
| Timesteps     | 57500  |
| TimeCost(sec) | 85.042 |
| Pi_q_loss     | 2.959  |
| Pi_l2_loss    | 0.043  |
| Q_loss        | 0.009  |
| Success       | 0.0    |
+---------------+--------+
Average inside: 0.56
2021-12-14 05:12:47 mep
+---------------+--------+
| Epoch         | 1/20   |
| Cycle         | 3/20   |
| Episodes      | 1200   |
| Timesteps     | 60000  |
| TimeCost(sec) | 82.796 |
| Pi_q_loss     | 3.715  |
| Pi_l2_loss    | 0.041  |
| Q_loss        | 0.012  |
| Success       | 0.02   |
+---------------+--------+
Average inside: 0.52
2021-12-14 05:14:15 mep
+---------------+--------+
| Epoch         | 1/20   |
| Cycle         | 4/20   |
| Episodes      | 1250   |
| Timesteps     | 62500  |
| TimeCost(sec) | 87.752 |
| Pi_q_loss     | 4.064  |
| Pi_l2_loss    | 0.085  |
| Q_loss        | 0.01   |
| Success       | 0.0    |
+---------------+--------+
Average inside: 0.4
2021-12-14 05:15:42 mep
+---------------+--------+
| Epoch         | 1/20   |
| Cycle         | 5/20   |
| Episodes      | 1300   |
| Timesteps     | 65000  |
| TimeCost(sec) | 87.387 |
| Pi_q_loss     | 3.979  |
| Pi_l2_loss    | 0.11   |
| Q_loss        | 0.025  |
| Success       | 0.0    |
+---------------+--------+
Average inside: 0.46
2021-12-14 05:17:07 mep
+---------------+--------+
| Epoch         | 1/20   |
| Cycle         | 6/20   |
| Episodes      | 1350   |
| Timesteps     | 67500  |
| TimeCost(sec) | 84.819 |
| Pi_q_loss     | 2.194  |
| Pi_l2_loss    | 0.104  |
| Q_loss        | 0.003  |
| Success       | 0.0    |
+---------------+--------+
Average inside: 0.5
2021-12-14 05:18:34 mep
+---------------+--------+
| Epoch         | 1/20   |
| Cycle         | 7/20   |
| Episodes      | 1400   |
| Timesteps     | 70000  |
| TimeCost(sec) | 87.192 |
| Pi_q_loss     | 4.333  |
| Pi_l2_loss    | 0.08   |
| Q_loss        | 0.021  |
| Success       | 0.0    |
+---------------+--------+
Average inside: 0.38
2021-12-14 05:19:57 mep
+---------------+--------+
| Epoch         | 1/20   |
| Cycle         | 8/20   |
| Episodes      | 1450   |
| Timesteps     | 72500  |
| TimeCost(sec) | 82.656 |
| Pi_q_loss     | 2.343  |
| Pi_l2_loss    | 0.041  |
| Q_loss        | 0.001  |
| Success       | 0.0    |
+---------------+--------+
Average inside: 0.56
2021-12-14 05:21:22 mep
+---------------+--------+
| Epoch         | 1/20   |
| Cycle         | 9/20   |
| Episodes      | 1500   |
| Timesteps     | 75000  |
| TimeCost(sec) | 84.527 |
| Pi_q_loss     | 4.192  |
| Pi_l2_loss    | 0.075  |
| Q_loss        | 0.018  |
| Success       | 0.0    |
+---------------+--------+
Average inside: 0.4
2021-12-14 05:22:44 mep
+---------------+--------+
| Epoch         | 1/20   |
| Cycle         | 10/20  |
| Episodes      | 1550   |
| Timesteps     | 77500  |
| TimeCost(sec) | 81.981 |
| Pi_q_loss     | 3.65   |
| Pi_l2_loss    | 0.029  |
| Q_loss        | 0.002  |
| Success       | 0.0    |
+---------------+--------+
Average inside: 0.56
2021-12-14 05:24:11 mep
+---------------+--------+
| Epoch         | 1/20   |
| Cycle         | 11/20  |
| Episodes      | 1600   |
| Timesteps     | 80000  |
| TimeCost(sec) | 86.574 |
| Pi_q_loss     | 4.199  |
| Pi_l2_loss    | 0.042  |
| Q_loss        | 0.004  |
| Success       | 0.0    |
+---------------+--------+
Average inside: 0.42
2021-12-14 05:25:34 mep
+---------------+--------+
| Epoch         | 1/20   |
| Cycle         | 12/20  |
| Episodes      | 1650   |
| Timesteps     | 82500  |
| TimeCost(sec) | 82.934 |
| Pi_q_loss     | 4.414  |
| Pi_l2_loss    | 0.062  |
| Q_loss        | 0.036  |
| Success       | 0.0    |
+---------------+--------+
Average inside: 0.52
2021-12-14 05:26:58 mep
+---------------+--------+
| Epoch         | 1/20   |
| Cycle         | 13/20  |
| Episodes      | 1700   |
| Timesteps     | 85000  |
| TimeCost(sec) | 84.354 |
| Pi_q_loss     | 4.268  |
| Pi_l2_loss    | 0.058  |
| Q_loss        | 0.017  |
| Success       | 0.0    |
+---------------+--------+
Average inside: 0.48
2021-12-14 05:28:24 mep
+---------------+--------+
| Epoch         | 1/20   |
| Cycle         | 14/20  |
| Episodes      | 1750   |
| Timesteps     | 87500  |
| TimeCost(sec) | 85.413 |
| Pi_q_loss     | 3.209  |
| Pi_l2_loss    | 0.079  |
| Q_loss        | 0.014  |
| Success       | 0.0    |
+---------------+--------+
Average inside: 0.34
2021-12-14 05:29:53 mep
+---------------+--------+
| Epoch         | 1/20   |
| Cycle         | 15/20  |
| Episodes      | 1800   |
| Timesteps     | 90000  |
| TimeCost(sec) | 89.445 |
| Pi_q_loss     | 4.725  |
| Pi_l2_loss    | 0.037  |
| Q_loss        | 0.013  |
| Success       | 0.0    |
+---------------+--------+
Average inside: 0.38
2021-12-14 05:31:18 mep
+---------------+--------+
| Epoch         | 1/20   |
| Cycle         | 16/20  |
| Episodes      | 1850   |
| Timesteps     | 92500  |
| TimeCost(sec) | 84.274 |
| Pi_q_loss     | 3.222  |
| Pi_l2_loss    | 0.055  |
| Q_loss        | 0.001  |
| Success       | 0.01   |
+---------------+--------+
Average inside: 0.44
2021-12-14 05:32:44 mep
+---------------+--------+
| Epoch         | 1/20   |
| Cycle         | 17/20  |
| Episodes      | 1900   |
| Timesteps     | 95000  |
| TimeCost(sec) | 85.724 |
| Pi_q_loss     | 4.82   |
| Pi_l2_loss    | 0.105  |
| Q_loss        | 0.029  |
| Success       | 0.01   |
+---------------+--------+
Average inside: 0.38
2021-12-14 05:34:07 mep
+---------------+--------+
| Epoch         | 1/20   |
| Cycle         | 18/20  |
| Episodes      | 1950   |
| Timesteps     | 97500  |
| TimeCost(sec) | 83.318 |
| Pi_q_loss     | 5.124  |
| Pi_l2_loss    | 0.027  |
| Q_loss        | 0.002  |
| Success       | 0.0    |
+---------------+--------+
Average inside: 0.32
2021-12-14 05:35:33 mep
+---------------+--------+
| Epoch         | 1/20   |
| Cycle         | 19/20  |
| Episodes      | 2000   |
| Timesteps     | 100000 |
| TimeCost(sec) | 85.768 |
| Pi_q_loss     | 5.119  |
| Pi_l2_loss    | 0.053  |
| Q_loss        | 0.016  |
| Success       | 0.0    |
+---------------+--------+
Saved periodic policy to log/mep-ddpg-FetchSlide-v1-hgg-14-12-2021_04-41-42/!
Average inside: 0.34
2021-12-14 05:37:00 mep
+---------------+--------+
| Epoch         | 2/20   |
| Cycle         | 0/20   |
| Episodes      | 2050   |
| Timesteps     | 102500 |
| TimeCost(sec) | 86.788 |
| Pi_q_loss     | 6.997  |
| Pi_l2_loss    | 0.024  |
| Q_loss        | 0.005  |
| Success       | 0.0    |
+---------------+--------+
Average inside: 0.44
2021-12-14 05:38:26 mep
+---------------+--------+
| Epoch         | 2/20   |
| Cycle         | 1/20   |
| Episodes      | 2100   |
| Timesteps     | 105000 |
| TimeCost(sec) | 85.986 |
| Pi_q_loss     | 4.74   |
| Pi_l2_loss    | 0.037  |
| Q_loss        | 0.001  |
| Success       | 0.0    |
+---------------+--------+
Average inside: 0.48
2021-12-14 05:39:53 mep
+---------------+--------+
| Epoch         | 2/20   |
| Cycle         | 2/20   |
| Episodes      | 2150   |
| Timesteps     | 107500 |
| TimeCost(sec) | 86.18  |
| Pi_q_loss     | 6.957  |
| Pi_l2_loss    | 0.12   |
| Q_loss        | 0.021  |
| Success       | 0.0    |
+---------------+--------+
Average inside: 0.54
2021-12-14 05:41:20 mep
+---------------+--------+
| Epoch         | 2/20   |
| Cycle         | 3/20   |
| Episodes      | 2200   |
| Timesteps     | 110000 |
| TimeCost(sec) | 86.912 |
| Pi_q_loss     | 4.306  |
| Pi_l2_loss    | 0.128  |
| Q_loss        | 0.005  |
| Success       | 0.0    |
+---------------+--------+
Average inside: 0.44
2021-12-14 05:42:47 mep
+---------------+--------+
| Epoch         | 2/20   |
| Cycle         | 4/20   |
| Episodes      | 2250   |
| Timesteps     | 112500 |
| TimeCost(sec) | 86.954 |
| Pi_q_loss     | 3.936  |
| Pi_l2_loss    | 0.067  |
| Q_loss        | 0.01   |
| Success       | 0.0    |
+---------------+--------+
Average inside: 0.44
2021-12-14 05:44:12 mep
+---------------+--------+
| Epoch         | 2/20   |
| Cycle         | 5/20   |
| Episodes      | 2300   |
| Timesteps     | 115000 |
| TimeCost(sec) | 84.939 |
| Pi_q_loss     | 3.102  |
| Pi_l2_loss    | 0.124  |
| Q_loss        | 0.02   |
| Success       | 0.0    |
+---------------+--------+
Average inside: 0.4
2021-12-14 05:45:39 mep
+---------------+--------+
| Epoch         | 2/20   |
| Cycle         | 6/20   |
| Episodes      | 2350   |
| Timesteps     | 117500 |
| TimeCost(sec) | 87.26  |
| Pi_q_loss     | 3.774  |
| Pi_l2_loss    | 0.062  |
| Q_loss        | 0.013  |
| Success       | 0.01   |
+---------------+--------+
Average inside: 0.42
2021-12-14 05:47:11 mep
+---------------+--------+
| Epoch         | 2/20   |
| Cycle         | 7/20   |
| Episodes      | 2400   |
| Timesteps     | 120000 |
| TimeCost(sec) | 91.696 |
| Pi_q_loss     | 5.225  |
| Pi_l2_loss    | 0.083  |
| Q_loss        | 0.057  |
| Success       | 0.01   |
+---------------+--------+
Average inside: 0.4
2021-12-14 05:48:35 mep
+---------------+--------+
| Epoch         | 2/20   |
| Cycle         | 8/20   |
| Episodes      | 2450   |
| Timesteps     | 122500 |
| TimeCost(sec) | 83.469 |
| Pi_q_loss     | 4.112  |
| Pi_l2_loss    | 0.102  |
| Q_loss        | 0.007  |
| Success       | 0.0    |
+---------------+--------+
Average inside: 0.46
2021-12-14 05:50:02 mep
+---------------+--------+
| Epoch         | 2/20   |
| Cycle         | 9/20   |
| Episodes      | 2500   |
| Timesteps     | 125000 |
| TimeCost(sec) | 87.084 |
| Pi_q_loss     | 2.964  |
| Pi_l2_loss    | 0.169  |
| Q_loss        | 0.033  |
| Success       | 0.0    |
+---------------+--------+
Average inside: 0.54
2021-12-14 05:51:27 mep
+---------------+--------+
| Epoch         | 2/20   |
| Cycle         | 10/20  |
| Episodes      | 2550   |
| Timesteps     | 127500 |
| TimeCost(sec) | 85.029 |
| Pi_q_loss     | 1.103  |
| Pi_l2_loss    | 0.109  |
| Q_loss        | 0.002  |
| Success       | 0.0    |
+---------------+--------+
Average inside: 0.54
2021-12-14 05:52:55 mep
+---------------+--------+
| Epoch         | 2/20   |
| Cycle         | 11/20  |
| Episodes      | 2600   |
| Timesteps     | 130000 |
| TimeCost(sec) | 87.847 |
| Pi_q_loss     | 2.151  |
| Pi_l2_loss    | 0.094  |
| Q_loss        | 0.009  |
| Success       | 0.0    |
+---------------+--------+
Average inside: 0.34
2021-12-14 05:54:20 mep
+---------------+--------+
| Epoch         | 2/20   |
| Cycle         | 12/20  |
| Episodes      | 2650   |
| Timesteps     | 132500 |
| TimeCost(sec) | 84.7   |
| Pi_q_loss     | 3.55   |
| Pi_l2_loss    | 0.076  |
| Q_loss        | 0.001  |
| Success       | 0.04   |
+---------------+--------+
Saved as best policy to log/mep-ddpg-FetchSlide-v1-hgg-14-12-2021_04-41-42/!
Average inside: 0.34
2021-12-14 05:55:50 mep
+---------------+--------+
| Epoch         | 2/20   |
| Cycle         | 13/20  |
| Episodes      | 2700   |
| Timesteps     | 135000 |
| TimeCost(sec) | 89.272 |
| Pi_q_loss     | 2.386  |
| Pi_l2_loss    | 0.034  |
| Q_loss        | 0.005  |
| Success       | 0.0    |
+---------------+--------+
Average inside: 0.52
2021-12-14 05:57:20 mep
+---------------+--------+
| Epoch         | 2/20   |
| Cycle         | 14/20  |
| Episodes      | 2750   |
| Timesteps     | 137500 |
| TimeCost(sec) | 89.932 |
| Pi_q_loss     | 4.291  |
| Pi_l2_loss    | 0.101  |
| Q_loss        | 0.024  |
| Success       | 0.01   |
+---------------+--------+
Average inside: 0.4
2021-12-14 05:58:45 mep
+---------------+--------+
| Epoch         | 2/20   |
| Cycle         | 15/20  |
| Episodes      | 2800   |
| Timesteps     | 140000 |
| TimeCost(sec) | 84.968 |
| Pi_q_loss     | 2.244  |
| Pi_l2_loss    | 0.092  |
| Q_loss        | 0.001  |
| Success       | 0.01   |
+---------------+--------+
Average inside: 0.48
2021-12-14 06:00:11 mep
+---------------+--------+
| Epoch         | 2/20   |
| Cycle         | 16/20  |
| Episodes      | 2850   |
| Timesteps     | 142500 |
| TimeCost(sec) | 86.017 |
| Pi_q_loss     | 3.229  |
| Pi_l2_loss    | 0.086  |
| Q_loss        | 0.015  |
| Success       | 0.0    |
+---------------+--------+
Average inside: 0.38
2021-12-14 06:01:36 mep
+---------------+--------+
| Epoch         | 2/20   |
| Cycle         | 17/20  |
| Episodes      | 2900   |
| Timesteps     | 145000 |
| TimeCost(sec) | 85.14  |
| Pi_q_loss     | 1.054  |
| Pi_l2_loss    | 0.026  |
| Q_loss        | 0.011  |
| Success       | 0.01   |
+---------------+--------+
Average inside: 0.5
2021-12-14 06:03:04 mep
+---------------+--------+
| Epoch         | 2/20   |
| Cycle         | 18/20  |
| Episodes      | 2950   |
| Timesteps     | 147500 |
| TimeCost(sec) | 87.466 |
| Pi_q_loss     | 2.355  |
| Pi_l2_loss    | 0.058  |
| Q_loss        | 0.01   |
| Success       | 0.01   |
+---------------+--------+
Average inside: 0.56
2021-12-14 06:04:29 mep
+---------------+--------+
| Epoch         | 2/20   |
| Cycle         | 19/20  |
| Episodes      | 3000   |
| Timesteps     | 150000 |
| TimeCost(sec) | 85.155 |
| Pi_q_loss     | 2.712  |
| Pi_l2_loss    | 0.024  |
| Q_loss        | 0.0    |
| Success       | 0.02   |
+---------------+--------+
Saved periodic policy to log/mep-ddpg-FetchSlide-v1-hgg-14-12-2021_04-41-42/!
Average inside: 0.42
2021-12-14 06:05:59 mep
+---------------+--------+
| Epoch         | 3/20   |
| Cycle         | 0/20   |
| Episodes      | 3050   |
| Timesteps     | 152500 |
| TimeCost(sec) | 89.228 |
| Pi_q_loss     | 3.519  |
| Pi_l2_loss    | 0.039  |
| Q_loss        | 0.012  |
| Success       | 0.0    |
+---------------+--------+
Average inside: 0.44
2021-12-14 06:07:25 mep
+---------------+--------+
| Epoch         | 3/20   |
| Cycle         | 1/20   |
| Episodes      | 3100   |
| Timesteps     | 155000 |
| TimeCost(sec) | 85.729 |
| Pi_q_loss     | 3.89   |
| Pi_l2_loss    | 0.013  |
| Q_loss        | 0.001  |
| Success       | 0.0    |
+---------------+--------+
Average inside: 0.36
2021-12-14 06:08:53 mep
+---------------+--------+
| Epoch         | 3/20   |
| Cycle         | 2/20   |
| Episodes      | 3150   |
| Timesteps     | 157500 |
| TimeCost(sec) | 87.966 |
| Pi_q_loss     | 4.669  |
| Pi_l2_loss    | 0.025  |
| Q_loss        | 0.009  |
| Success       | 0.01   |
+---------------+--------+
Average inside: 0.38
2021-12-14 06:10:19 mep
+---------------+--------+
| Epoch         | 3/20   |
| Cycle         | 3/20   |
| Episodes      | 3200   |
| Timesteps     | 160000 |
| TimeCost(sec) | 85.937 |
| Pi_q_loss     | 3.983  |
| Pi_l2_loss    | 0.025  |
| Q_loss        | 0.001  |
| Success       | 0.0    |
+---------------+--------+
Average inside: 0.4
2021-12-14 06:11:48 mep
+---------------+--------+
| Epoch         | 3/20   |
| Cycle         | 4/20   |
| Episodes      | 3250   |
| Timesteps     | 162500 |
| TimeCost(sec) | 88.996 |
| Pi_q_loss     | 4.235  |
| Pi_l2_loss    | 0.022  |
| Q_loss        | 0.013  |
| Success       | 0.0    |
+---------------+--------+
Average inside: 0.24
2021-12-14 06:13:13 mep
+---------------+--------+
| Epoch         | 3/20   |
| Cycle         | 5/20   |
| Episodes      | 3300   |
| Timesteps     | 165000 |
| TimeCost(sec) | 84.882 |
| Pi_q_loss     | 4.262  |
| Pi_l2_loss    | 0.022  |
| Q_loss        | 0.0    |
| Success       | 0.0    |
+---------------+--------+
Average inside: 0.3
2021-12-14 06:14:41 mep
+---------------+--------+
| Epoch         | 3/20   |
| Cycle         | 6/20   |
| Episodes      | 3350   |
| Timesteps     | 167500 |
| TimeCost(sec) | 87.85  |
| Pi_q_loss     | 4.153  |
| Pi_l2_loss    | 0.023  |
| Q_loss        | 0.004  |
| Success       | 0.0    |
+---------------+--------+
Average inside: 0.34
2021-12-14 06:16:06 mep
+---------------+--------+
| Epoch         | 3/20   |
| Cycle         | 7/20   |
| Episodes      | 3400   |
| Timesteps     | 170000 |
| TimeCost(sec) | 85.281 |
| Pi_q_loss     | 5.676  |
| Pi_l2_loss    | 0.016  |
| Q_loss        | 0.002  |
| Success       | 0.0    |
+---------------+--------+
Average inside: 0.46
2021-12-14 06:17:33 mep
+---------------+--------+
| Epoch         | 3/20   |
| Cycle         | 8/20   |
| Episodes      | 3450   |
| Timesteps     | 172500 |
| TimeCost(sec) | 86.012 |
| Pi_q_loss     | 3.439  |
| Pi_l2_loss    | 0.144  |
| Q_loss        | 0.019  |
| Success       | 0.0    |
+---------------+--------+
Average inside: 0.32
2021-12-14 06:18:57 mep
+---------------+--------+
| Epoch         | 3/20   |
| Cycle         | 9/20   |
| Episodes      | 3500   |
| Timesteps     | 175000 |
| TimeCost(sec) | 84.611 |
| Pi_q_loss     | 4.815  |
| Pi_l2_loss    | 0.1    |
| Q_loss        | 0.001  |
| Success       | 0.0    |
+---------------+--------+
Average inside: 0.48
2021-12-14 06:20:27 mep
+---------------+--------+
| Epoch         | 3/20   |
| Cycle         | 10/20  |
| Episodes      | 3550   |
| Timesteps     | 177500 |
| TimeCost(sec) | 89.751 |
| Pi_q_loss     | 4.104  |
| Pi_l2_loss    | 0.186  |
| Q_loss        | 0.085  |
| Success       | 0.0    |
+---------------+--------+
Average inside: 0.44
2021-12-14 06:21:56 mep
+---------------+--------+
| Epoch         | 3/20   |
| Cycle         | 11/20  |
| Episodes      | 3600   |
| Timesteps     | 180000 |
| TimeCost(sec) | 88.181 |
| Pi_q_loss     | 2.108  |
| Pi_l2_loss    | 0.093  |
| Q_loss        | 0.007  |
| Success       | 0.0    |
+---------------+--------+
Average inside: 0.52
2021-12-14 06:23:21 mep
+---------------+--------+
| Epoch         | 3/20   |
| Cycle         | 12/20  |
| Episodes      | 3650   |
| Timesteps     | 182500 |
| TimeCost(sec) | 85.228 |
| Pi_q_loss     | 4.897  |
| Pi_l2_loss    | 0.042  |
| Q_loss        | 0.004  |
| Success       | 0.0    |
+---------------+--------+
Average inside: 0.4
2021-12-14 06:24:52 mep
+---------------+--------+
| Epoch         | 3/20   |
| Cycle         | 13/20  |
| Episodes      | 3700   |
| Timesteps     | 185000 |
| TimeCost(sec) | 91.381 |
| Pi_q_loss     | 4.118  |
| Pi_l2_loss    | 0.12   |
| Q_loss        | 0.029  |
| Success       | 0.0    |
+---------------+--------+
Average inside: 0.44
2021-12-14 06:26:21 mep
+---------------+--------+
| Epoch         | 3/20   |
| Cycle         | 14/20  |
| Episodes      | 3750   |
| Timesteps     | 187500 |
| TimeCost(sec) | 88.179 |
| Pi_q_loss     | 5.217  |
| Pi_l2_loss    | 0.07   |
| Q_loss        | 0.0    |
| Success       | 0.0    |
+---------------+--------+
Average inside: 0.38
2021-12-14 06:27:50 mep
+---------------+--------+
| Epoch         | 3/20   |
| Cycle         | 15/20  |
| Episodes      | 3800   |
| Timesteps     | 190000 |
| TimeCost(sec) | 88.791 |
| Pi_q_loss     | 3.445  |
| Pi_l2_loss    | 0.131  |
| Q_loss        | 0.01   |
| Success       | 0.0    |
+---------------+--------+
Average inside: 0.34
2021-12-14 06:29:14 mep
+---------------+--------+
| Epoch         | 3/20   |
| Cycle         | 16/20  |
| Episodes      | 3850   |
| Timesteps     | 192500 |
| TimeCost(sec) | 84.453 |
| Pi_q_loss     | 5.865  |
| Pi_l2_loss    | 0.094  |
| Q_loss        | 0.002  |
| Success       | 0.0    |
+---------------+--------+
Average inside: 0.52
2021-12-14 06:30:40 mep
+---------------+--------+
| Epoch         | 3/20   |
| Cycle         | 17/20  |
| Episodes      | 3900   |
| Timesteps     | 195000 |
| TimeCost(sec) | 85.642 |
| Pi_q_loss     | 2.225  |
| Pi_l2_loss    | 0.054  |
| Q_loss        | 0.005  |
| Success       | 0.01   |
+---------------+--------+
Average inside: 0.36
2021-12-14 06:32:06 mep
+---------------+--------+
| Epoch         | 3/20   |
| Cycle         | 18/20  |
| Episodes      | 3950   |
| Timesteps     | 197500 |
| TimeCost(sec) | 85.409 |
| Pi_q_loss     | 2.271  |
| Pi_l2_loss    | 0.086  |
| Q_loss        | 0.007  |
| Success       | 0.0    |
+---------------+--------+
Average inside: 0.5
2021-12-14 06:33:32 mep
+---------------+--------+
| Epoch         | 3/20   |
| Cycle         | 19/20  |
| Episodes      | 4000   |
| Timesteps     | 200000 |
| TimeCost(sec) | 85.669 |
| Pi_q_loss     | 2.235  |
| Pi_l2_loss    | 0.041  |
| Q_loss        | 0.007  |
| Success       | 0.0    |
+---------------+--------+
Saved periodic policy to log/mep-ddpg-FetchSlide-v1-hgg-14-12-2021_04-41-42/!
Average inside: 0.64
2021-12-14 06:34:57 mep
+---------------+--------+
| Epoch         | 4/20   |
| Cycle         | 0/20   |
| Episodes      | 4050   |
| Timesteps     | 202500 |
| TimeCost(sec) | 85.536 |
| Pi_q_loss     | 1.822  |
| Pi_l2_loss    | 0.033  |
| Q_loss        | 0.001  |
| Success       | 0.0    |
+---------------+--------+
Average inside: 0.46
2021-12-14 06:36:23 mep
+---------------+--------+
| Epoch         | 4/20   |
| Cycle         | 1/20   |
| Episodes      | 4100   |
| Timesteps     | 205000 |
| TimeCost(sec) | 85.097 |
| Pi_q_loss     | 5.007  |
| Pi_l2_loss    | 0.181  |
| Q_loss        | 0.021  |
| Success       | 0.0    |
+---------------+--------+
Average inside: 0.46
2021-12-14 06:37:48 mep
+---------------+--------+
| Epoch         | 4/20   |
| Cycle         | 2/20   |
| Episodes      | 4150   |
| Timesteps     | 207500 |
| TimeCost(sec) | 85.632 |
| Pi_q_loss     | 2.301  |
| Pi_l2_loss    | 0.074  |
| Q_loss        | 0.003  |
| Success       | 0.0    |
+---------------+--------+
Average inside: 0.4
2021-12-14 06:39:13 mep
+---------------+--------+
| Epoch         | 4/20   |
| Cycle         | 3/20   |
| Episodes      | 4200   |
| Timesteps     | 210000 |
| TimeCost(sec) | 84.213 |
| Pi_q_loss     | 3.498  |
| Pi_l2_loss    | 0.12   |
| Q_loss        | 0.024  |
| Success       | 0.0    |
+---------------+--------+
Average inside: 0.38
2021-12-14 06:40:36 mep
+---------------+--------+
| Epoch         | 4/20   |
| Cycle         | 4/20   |
| Episodes      | 4250   |
| Timesteps     | 212500 |
| TimeCost(sec) | 83.52  |
| Pi_q_loss     | 5.645  |
| Pi_l2_loss    | 0.101  |
| Q_loss        | 0.001  |
| Success       | 0.0    |
+---------------+--------+
Average inside: 0.48
2021-12-14 06:42:03 mep
+---------------+--------+
| Epoch         | 4/20   |
| Cycle         | 5/20   |
| Episodes      | 4300   |
| Timesteps     | 215000 |
| TimeCost(sec) | 86.059 |
| Pi_q_loss     | 2.818  |
| Pi_l2_loss    | 0.095  |
| Q_loss        | 0.011  |
| Success       | 0.0    |
+---------------+--------+
Average inside: 0.6
2021-12-14 06:43:26 mep
+---------------+--------+
| Epoch         | 4/20   |
| Cycle         | 6/20   |
| Episodes      | 4350   |
| Timesteps     | 217500 |
| TimeCost(sec) | 83.191 |
| Pi_q_loss     | 3.392  |
| Pi_l2_loss    | 0.053  |
| Q_loss        | 0.0    |
| Success       | 0.0    |
+---------------+--------+
Average inside: 0.36
2021-12-14 06:44:50 mep
+---------------+--------+
| Epoch         | 4/20   |
| Cycle         | 7/20   |
| Episodes      | 4400   |
| Timesteps     | 220000 |
| TimeCost(sec) | 84.099 |
| Pi_q_loss     | 2.848  |
| Pi_l2_loss    | 0.086  |
| Q_loss        | 0.006  |
| Success       | 0.0    |
+---------------+--------+
Average inside: 0.48
2021-12-14 06:46:14 mep
+---------------+--------+
| Epoch         | 4/20   |
| Cycle         | 8/20   |
| Episodes      | 4450   |
| Timesteps     | 222500 |
| TimeCost(sec) | 83.675 |
| Pi_q_loss     | 3.616  |
| Pi_l2_loss    | 0.013  |
| Q_loss        | 0.001  |
| Success       | 0.01   |
+---------------+--------+
Average inside: 0.32
2021-12-14 06:47:41 mep
+---------------+--------+
| Epoch         | 4/20   |
| Cycle         | 9/20   |
| Episodes      | 4500   |
| Timesteps     | 225000 |
| TimeCost(sec) | 87.042 |
| Pi_q_loss     | 3.233  |
| Pi_l2_loss    | 0.058  |
| Q_loss        | 0.01   |
| Success       | 0.0    |
+---------------+--------+
Average inside: 0.36
2021-12-14 06:49:05 mep
+---------------+--------+
| Epoch         | 4/20   |
| Cycle         | 10/20  |
| Episodes      | 4550   |
| Timesteps     | 227500 |
| TimeCost(sec) | 83.785 |
| Pi_q_loss     | 3.12   |
| Pi_l2_loss    | 0.121  |
| Q_loss        | 0.018  |
| Success       | 0.0    |
+---------------+--------+
Average inside: 0.46
2021-12-14 06:50:32 mep
+---------------+--------+
| Epoch         | 4/20   |
| Cycle         | 11/20  |
| Episodes      | 4600   |
| Timesteps     | 230000 |
| TimeCost(sec) | 86.736 |
| Pi_q_loss     | 4.939  |
| Pi_l2_loss    | 0.024  |
| Q_loss        | 0.002  |
| Success       | 0.01   |
+---------------+--------+
Average inside: 0.42
2021-12-14 06:51:59 mep
+---------------+--------+
| Epoch         | 4/20   |
| Cycle         | 12/20  |
| Episodes      | 4650   |
| Timesteps     | 232500 |
| TimeCost(sec) | 87.064 |
| Pi_q_loss     | 2.756  |
| Pi_l2_loss    | 0.126  |
| Q_loss        | 0.013  |
| Success       | 0.01   |
+---------------+--------+
Average inside: 0.52
2021-12-14 06:53:26 mep
+---------------+--------+
| Epoch         | 4/20   |
| Cycle         | 13/20  |
| Episodes      | 4700   |
| Timesteps     | 235000 |
| TimeCost(sec) | 86.424 |
| Pi_q_loss     | 2.189  |
| Pi_l2_loss    | 0.063  |
| Q_loss        | 0.003  |
| Success       | 0.0    |
+---------------+--------+
Average inside: 0.46
2021-12-14 06:54:52 mep
+---------------+--------+
| Epoch         | 4/20   |
| Cycle         | 14/20  |
| Episodes      | 4750   |
| Timesteps     | 237500 |
| TimeCost(sec) | 86.1   |
| Pi_q_loss     | 1.712  |
| Pi_l2_loss    | 0.078  |
| Q_loss        | 0.002  |
| Success       | 0.0    |
+---------------+--------+
Average inside: 0.42
2021-12-14 06:56:22 mep
+---------------+--------+
| Epoch         | 4/20   |
| Cycle         | 15/20  |
| Episodes      | 4800   |
| Timesteps     | 240000 |
| TimeCost(sec) | 90.023 |
| Pi_q_loss     | 3.82   |
| Pi_l2_loss    | 0.049  |
| Q_loss        | 0.03   |
| Success       | 0.0    |
+---------------+--------+
Average inside: 0.54
2021-12-14 06:57:47 mep
+---------------+--------+
| Epoch         | 4/20   |
| Cycle         | 16/20  |
| Episodes      | 4850   |
| Timesteps     | 242500 |
| TimeCost(sec) | 84.643 |
| Pi_q_loss     | 4.096  |
| Pi_l2_loss    | 0.066  |
| Q_loss        | 0.002  |
| Success       | 0.0    |
+---------------+--------+
Average inside: 0.38
2021-12-14 06:59:13 mep
+---------------+--------+
| Epoch         | 4/20   |
| Cycle         | 17/20  |
| Episodes      | 4900   |
| Timesteps     | 245000 |
| TimeCost(sec) | 86.088 |
| Pi_q_loss     | 4.743  |
| Pi_l2_loss    | 0.113  |
| Q_loss        | 0.029  |
| Success       | 0.01   |
+---------------+--------+
Average inside: 0.34
2021-12-14 07:00:37 mep
+---------------+--------+
| Epoch         | 4/20   |
| Cycle         | 18/20  |
| Episodes      | 4950   |
| Timesteps     | 247500 |
| TimeCost(sec) | 83.734 |
| Pi_q_loss     | 2.575  |
| Pi_l2_loss    | 0.11   |
| Q_loss        | 0.003  |
| Success       | 0.0    |
+---------------+--------+
Average inside: 0.42
2021-12-14 07:02:03 mep
+---------------+--------+
| Epoch         | 4/20   |
| Cycle         | 19/20  |
| Episodes      | 5000   |
| Timesteps     | 250000 |
| TimeCost(sec) | 85.863 |
| Pi_q_loss     | 3.037  |
| Pi_l2_loss    | 0.084  |
| Q_loss        | 0.007  |
| Success       | 0.0    |
+---------------+--------+
Saved periodic policy to log/mep-ddpg-FetchSlide-v1-hgg-14-12-2021_04-41-42/!
Average inside: 0.5
2021-12-14 07:03:32 mep
+---------------+--------+
| Epoch         | 5/20   |
| Cycle         | 0/20   |
| Episodes      | 5050   |
| Timesteps     | 252500 |
| TimeCost(sec) | 88.157 |
| Pi_q_loss     | 2.955  |
| Pi_l2_loss    | 0.08   |
| Q_loss        | 0.094  |
| Success       | 0.0    |
+---------------+--------+
Average inside: 0.44
2021-12-14 07:04:54 mep
+---------------+--------+
| Epoch         | 5/20   |
| Cycle         | 1/20   |
| Episodes      | 5100   |
| Timesteps     | 255000 |
| TimeCost(sec) | 82.12  |
| Pi_q_loss     | 1.836  |
| Pi_l2_loss    | 0.047  |
| Q_loss        | 0.002  |
| Success       | 0.0    |
+---------------+--------+
Average inside: 0.58
2021-12-14 07:06:21 mep
+---------------+--------+
| Epoch         | 5/20   |
| Cycle         | 2/20   |
| Episodes      | 5150   |
| Timesteps     | 257500 |
| TimeCost(sec) | 86.736 |
| Pi_q_loss     | 3.392  |
| Pi_l2_loss    | 0.103  |
| Q_loss        | 0.025  |
| Success       | 0.01   |
+---------------+--------+
Average inside: 0.4
2021-12-14 07:07:43 mep
+---------------+--------+
| Epoch         | 5/20   |
| Cycle         | 3/20   |
| Episodes      | 5200   |
| Timesteps     | 260000 |
| TimeCost(sec) | 82.522 |
| Pi_q_loss     | 4.662  |
| Pi_l2_loss    | 0.071  |
| Q_loss        | 0.001  |
| Success       | 0.0    |
+---------------+--------+
Average inside: 0.54
2021-12-14 07:09:08 mep
+---------------+--------+
| Epoch         | 5/20   |
| Cycle         | 4/20   |
| Episodes      | 5250   |
| Timesteps     | 262500 |
| TimeCost(sec) | 84.258 |
| Pi_q_loss     | 3.549  |
| Pi_l2_loss    | 0.097  |
| Q_loss        | 0.018  |
| Success       | 0.0    |
+---------------+--------+
Average inside: 0.48
2021-12-14 07:10:30 mep
+---------------+--------+
| Epoch         | 5/20   |
| Cycle         | 5/20   |
| Episodes      | 5300   |
| Timesteps     | 265000 |
| TimeCost(sec) | 81.905 |
| Pi_q_loss     | 1.453  |
| Pi_l2_loss    | 0.056  |
| Q_loss        | 0.005  |
| Success       | 0.0    |
+---------------+--------+
Average inside: 0.54
2021-12-14 07:11:57 mep
+---------------+--------+
| Epoch         | 5/20   |
| Cycle         | 6/20   |
| Episodes      | 5350   |
| Timesteps     | 267500 |
| TimeCost(sec) | 87.194 |
| Pi_q_loss     | 3.414  |
| Pi_l2_loss    | 0.096  |
| Q_loss        | 0.021  |
| Success       | 0.0    |
+---------------+--------+
Average inside: 0.6
2021-12-14 07:13:21 mep
+---------------+--------+
| Epoch         | 5/20   |
| Cycle         | 7/20   |
| Episodes      | 5400   |
| Timesteps     | 270000 |
| TimeCost(sec) | 83.172 |
| Pi_q_loss     | 5.206  |
| Pi_l2_loss    | 0.083  |
| Q_loss        | 0.001  |
| Success       | 0.0    |
+---------------+--------+
Average inside: 0.38
2021-12-14 07:14:46 mep
+---------------+--------+
| Epoch         | 5/20   |
| Cycle         | 8/20   |
| Episodes      | 5450   |
| Timesteps     | 272500 |
| TimeCost(sec) | 84.953 |
| Pi_q_loss     | 2.782  |
| Pi_l2_loss    | 0.145  |
| Q_loss        | 0.02   |
| Success       | 0.0    |
+---------------+--------+
Average inside: 0.5
2021-12-14 07:16:08 mep
+---------------+--------+
| Epoch         | 5/20   |
| Cycle         | 9/20   |
| Episodes      | 5500   |
| Timesteps     | 275000 |
| TimeCost(sec) | 82.616 |
| Pi_q_loss     | 3.897  |
| Pi_l2_loss    | 0.012  |
| Q_loss        | 0.001  |
| Success       | 0.03   |
+---------------+--------+
Average inside: 0.48
2021-12-14 07:17:35 mep
+---------------+--------+
| Epoch         | 5/20   |
| Cycle         | 10/20  |
| Episodes      | 5550   |
| Timesteps     | 277500 |
| TimeCost(sec) | 86.205 |
| Pi_q_loss     | 3.39   |
| Pi_l2_loss    | 0.087  |
| Q_loss        | 0.047  |
| Success       | 0.01   |
+---------------+--------+
Average inside: 0.48
2021-12-14 07:18:59 mep
+---------------+--------+
| Epoch         | 5/20   |
| Cycle         | 11/20  |
| Episodes      | 5600   |
| Timesteps     | 280000 |
| TimeCost(sec) | 83.781 |
| Pi_q_loss     | 3.573  |
| Pi_l2_loss    | 0.068  |
| Q_loss        | 0.001  |
| Success       | 0.0    |
+---------------+--------+
Average inside: 0.36
2021-12-14 07:20:28 mep
+---------------+--------+
| Epoch         | 5/20   |
| Cycle         | 12/20  |
| Episodes      | 5650   |
| Timesteps     | 282500 |
| TimeCost(sec) | 88.708 |
| Pi_q_loss     | 5.357  |
| Pi_l2_loss    | 0.226  |
| Q_loss        | 0.116  |
| Success       | 0.0    |
+---------------+--------+
Average inside: 0.44
2021-12-14 07:21:53 mep
+---------------+--------+
| Epoch         | 5/20   |
| Cycle         | 13/20  |
| Episodes      | 5700   |
| Timesteps     | 285000 |
| TimeCost(sec) | 85.519 |
| Pi_q_loss     | 2.598  |
| Pi_l2_loss    | 0.093  |
| Q_loss        | 0.005  |
| Success       | 0.0    |
+---------------+--------+
Average inside: 0.46
2021-12-14 07:23:22 mep
+---------------+--------+
| Epoch         | 5/20   |
| Cycle         | 14/20  |
| Episodes      | 5750   |
| Timesteps     | 287500 |
| TimeCost(sec) | 88.287 |
| Pi_q_loss     | 4.129  |
| Pi_l2_loss    | 0.11   |
| Q_loss        | 0.02   |
| Success       | 0.01   |
+---------------+--------+
Average inside: 0.48
2021-12-14 07:24:48 mep
+---------------+--------+
| Epoch         | 5/20   |
| Cycle         | 15/20  |
| Episodes      | 5800   |
| Timesteps     | 290000 |
| TimeCost(sec) | 86.411 |
| Pi_q_loss     | 2.153  |
| Pi_l2_loss    | 0.159  |
| Q_loss        | 0.008  |
| Success       | 0.01   |
+---------------+--------+
Average inside: 0.42
2021-12-14 07:26:15 mep
+---------------+--------+
| Epoch         | 5/20   |
| Cycle         | 16/20  |
| Episodes      | 5850   |
| Timesteps     | 292500 |
| TimeCost(sec) | 86.219 |
| Pi_q_loss     | 2.092  |
| Pi_l2_loss    | 0.129  |
| Q_loss        | 0.003  |
| Success       | 0.01   |
+---------------+--------+
Average inside: 0.64
2021-12-14 07:27:44 mep
+---------------+--------+
| Epoch         | 5/20   |
| Cycle         | 17/20  |
| Episodes      | 5900   |
| Timesteps     | 295000 |
| TimeCost(sec) | 89.686 |
| Pi_q_loss     | 2.578  |
| Pi_l2_loss    | 0.064  |
| Q_loss        | 0.005  |
| Success       | 0.0    |
+---------------+--------+
Average inside: 0.42
2021-12-14 07:29:15 mep
+---------------+--------+
| Epoch         | 5/20   |
| Cycle         | 18/20  |
| Episodes      | 5950   |
| Timesteps     | 297500 |
| TimeCost(sec) | 90.324 |
| Pi_q_loss     | 2.828  |
| Pi_l2_loss    | 0.054  |
| Q_loss        | 0.068  |
| Success       | 0.01   |
+---------------+--------+
Average inside: 0.44
2021-12-14 07:30:39 mep
+---------------+--------+
| Epoch         | 5/20   |
| Cycle         | 19/20  |
| Episodes      | 6000   |
| Timesteps     | 300000 |
| TimeCost(sec) | 83.807 |
| Pi_q_loss     | 6.809  |
| Pi_l2_loss    | 0.022  |
| Q_loss        | 0.001  |
| Success       | 0.01   |
+---------------+--------+
Saved periodic policy to log/mep-ddpg-FetchSlide-v1-hgg-14-12-2021_04-41-42/!
Average inside: 0.4
2021-12-14 07:32:06 mep
+---------------+--------+
| Epoch         | 6/20   |
| Cycle         | 0/20   |
| Episodes      | 6050   |
| Timesteps     | 302500 |
| TimeCost(sec) | 86.823 |
| Pi_q_loss     | 4.397  |
| Pi_l2_loss    | 0.092  |
| Q_loss        | 0.052  |
| Success       | 0.01   |
+---------------+--------+
Average inside: 0.48
2021-12-14 07:33:34 mep
+---------------+--------+
| Epoch         | 6/20   |
| Cycle         | 1/20   |
| Episodes      | 6100   |
| Timesteps     | 305000 |
| TimeCost(sec) | 87.34  |
| Pi_q_loss     | 2.528  |
| Pi_l2_loss    | 0.051  |
| Q_loss        | 0.028  |
| Success       | 0.01   |
+---------------+--------+
Average inside: 0.58
2021-12-14 07:34:57 mep
+---------------+--------+
| Epoch         | 6/20   |
| Cycle         | 2/20   |
| Episodes      | 6150   |
| Timesteps     | 307500 |
| TimeCost(sec) | 83.457 |
| Pi_q_loss     | 3.508  |
| Pi_l2_loss    | 0.091  |
| Q_loss        | 0.031  |
| Success       | 0.0    |
+---------------+--------+
Average inside: 0.34
2021-12-14 07:36:25 mep
+---------------+--------+
| Epoch         | 6/20   |
| Cycle         | 3/20   |
| Episodes      | 6200   |
| Timesteps     | 310000 |
| TimeCost(sec) | 87.627 |
| Pi_q_loss     | 3.432  |
| Pi_l2_loss    | 0.09   |
| Q_loss        | 0.103  |
| Success       | 0.0    |
+---------------+--------+
Average inside: 0.38
2021-12-14 07:37:49 mep
+---------------+--------+
| Epoch         | 6/20   |
| Cycle         | 4/20   |
| Episodes      | 6250   |
| Timesteps     | 312500 |
| TimeCost(sec) | 83.814 |
| Pi_q_loss     | 3.313  |
| Pi_l2_loss    | 0.119  |
| Q_loss        | 0.001  |
| Success       | 0.01   |
+---------------+--------+
Average inside: 0.36
2021-12-14 07:39:16 mep
+---------------+--------+
| Epoch         | 6/20   |
| Cycle         | 5/20   |
| Episodes      | 6300   |
| Timesteps     | 315000 |
| TimeCost(sec) | 87.085 |
| Pi_q_loss     | 3.182  |
| Pi_l2_loss    | 0.091  |
| Q_loss        | 0.045  |
| Success       | 0.0    |
+---------------+--------+
Average inside: 0.34
2021-12-14 07:40:43 mep
+---------------+--------+
| Epoch         | 6/20   |
| Cycle         | 6/20   |
| Episodes      | 6350   |
| Timesteps     | 317500 |
| TimeCost(sec) | 86.671 |
| Pi_q_loss     | 4.715  |
| Pi_l2_loss    | 0.251  |
| Q_loss        | 0.056  |
| Success       | 0.01   |
+---------------+--------+
Average inside: 0.54
2021-12-14 07:42:07 mep
+---------------+--------+
| Epoch         | 6/20   |
| Cycle         | 7/20   |
| Episodes      | 6400   |
| Timesteps     | 320000 |
| TimeCost(sec) | 84.295 |
| Pi_q_loss     | 2.254  |
| Pi_l2_loss    | 0.074  |
| Q_loss        | 0.003  |
| Success       | 0.0    |
+---------------+--------+
Average inside: 0.42
2021-12-14 07:43:36 mep
+---------------+--------+
| Epoch         | 6/20   |
| Cycle         | 8/20   |
| Episodes      | 6450   |
| Timesteps     | 322500 |
| TimeCost(sec) | 87.972 |
| Pi_q_loss     | 3.725  |
| Pi_l2_loss    | 0.115  |
| Q_loss        | 0.054  |
| Success       | 0.0    |
+---------------+--------+
Average inside: 0.44
2021-12-14 07:44:59 mep
+---------------+--------+
| Epoch         | 6/20   |
| Cycle         | 9/20   |
| Episodes      | 6500   |
| Timesteps     | 325000 |
| TimeCost(sec) | 82.963 |
| Pi_q_loss     | 2.856  |
| Pi_l2_loss    | 0.138  |
| Q_loss        | 0.011  |
| Success       | 0.0    |
+---------------+--------+
Average inside: 0.36
2021-12-14 07:46:26 mep
+---------------+--------+
| Epoch         | 6/20   |
| Cycle         | 10/20  |
| Episodes      | 6550   |
| Timesteps     | 327500 |
| TimeCost(sec) | 87.499 |
| Pi_q_loss     | 3.039  |
| Pi_l2_loss    | 0.049  |
| Q_loss        | 0.008  |
| Success       | 0.0    |
+---------------+--------+
Average inside: 0.56
2021-12-14 07:47:53 mep
+---------------+--------+
| Epoch         | 6/20   |
| Cycle         | 11/20  |
| Episodes      | 6600   |
| Timesteps     | 330000 |
| TimeCost(sec) | 86.329 |
| Pi_q_loss     | 4.916  |
| Pi_l2_loss    | 0.065  |
| Q_loss        | 0.063  |
| Success       | 0.0    |
+---------------+--------+
Average inside: 0.32
2021-12-14 07:49:15 mep
+---------------+--------+
| Epoch         | 6/20   |
| Cycle         | 12/20  |
| Episodes      | 6650   |
| Timesteps     | 332500 |
| TimeCost(sec) | 82.265 |
| Pi_q_loss     | 1.755  |
| Pi_l2_loss    | 0.008  |
| Q_loss        | 0.004  |
| Success       | 0.0    |
+---------------+--------+
Average inside: 0.52
2021-12-14 07:50:40 mep
+---------------+--------+
| Epoch         | 6/20   |
| Cycle         | 13/20  |
| Episodes      | 6700   |
| Timesteps     | 335000 |
| TimeCost(sec) | 84.668 |
| Pi_q_loss     | 3.073  |
| Pi_l2_loss    | 0.061  |
| Q_loss        | 0.019  |
| Success       | 0.01   |
+---------------+--------+
Average inside: 0.44
2021-12-14 07:52:04 mep
+---------------+--------+
| Epoch         | 6/20   |
| Cycle         | 14/20  |
| Episodes      | 6750   |
| Timesteps     | 337500 |
| TimeCost(sec) | 84.113 |
| Pi_q_loss     | 1.134  |
| Pi_l2_loss    | 0.119  |
| Q_loss        | 0.008  |
| Success       | 0.02   |
+---------------+--------+
Average inside: 0.44
2021-12-14 07:53:30 mep
+---------------+--------+
| Epoch         | 6/20   |
| Cycle         | 15/20  |
| Episodes      | 6800   |
| Timesteps     | 340000 |
| TimeCost(sec) | 85.922 |
| Pi_q_loss     | 4.189  |
| Pi_l2_loss    | 0.11   |
| Q_loss        | 0.052  |
| Success       | 0.0    |
+---------------+--------+
Average inside: 0.46
2021-12-14 07:54:52 mep
+---------------+--------+
| Epoch         | 6/20   |
| Cycle         | 16/20  |
| Episodes      | 6850   |
| Timesteps     | 342500 |
| TimeCost(sec) | 81.824 |
| Pi_q_loss     | 4.815  |
| Pi_l2_loss    | 0.049  |
| Q_loss        | 0.003  |
| Success       | 0.0    |
+---------------+--------+
Average inside: 0.5
2021-12-14 07:56:17 mep
+---------------+--------+
| Epoch         | 6/20   |
| Cycle         | 17/20  |
| Episodes      | 6900   |
| Timesteps     | 345000 |
| TimeCost(sec) | 84.494 |
| Pi_q_loss     | 3.79   |
| Pi_l2_loss    | 0.12   |
| Q_loss        | 0.035  |
| Success       | 0.0    |
+---------------+--------+
Average inside: 0.48
2021-12-14 07:57:41 mep
+---------------+--------+
| Epoch         | 6/20   |
| Cycle         | 18/20  |
| Episodes      | 6950   |
| Timesteps     | 347500 |
| TimeCost(sec) | 83.894 |
| Pi_q_loss     | 2.554  |
| Pi_l2_loss    | 0.096  |
| Q_loss        | 0.002  |
| Success       | 0.0    |
+---------------+--------+
Average inside: 0.48
2021-12-14 07:59:07 mep
+---------------+--------+
| Epoch         | 6/20   |
| Cycle         | 19/20  |
| Episodes      | 7000   |
| Timesteps     | 350000 |
| TimeCost(sec) | 85.725 |
| Pi_q_loss     | 2.622  |
| Pi_l2_loss    | 0.085  |
| Q_loss        | 0.018  |
| Success       | 0.01   |
+---------------+--------+
Saved periodic policy to log/mep-ddpg-FetchSlide-v1-hgg-14-12-2021_04-41-42/!
Average inside: 0.54
2021-12-14 08:00:31 mep
+---------------+--------+
| Epoch         | 7/20   |
| Cycle         | 0/20   |
| Episodes      | 7050   |
| Timesteps     | 352500 |
| TimeCost(sec) | 83.972 |
| Pi_q_loss     | 1.941  |
| Pi_l2_loss    | 0.09   |
| Q_loss        | 0.002  |
| Success       | 0.0    |
+---------------+--------+
Average inside: 0.4
2021-12-14 08:01:59 mep
+---------------+--------+
| Epoch         | 7/20   |
| Cycle         | 1/20   |
| Episodes      | 7100   |
| Timesteps     | 355000 |
| TimeCost(sec) | 88.027 |
| Pi_q_loss     | 2.124  |
| Pi_l2_loss    | 0.055  |
| Q_loss        | 0.011  |
| Success       | 0.0    |
+---------------+--------+
Average inside: 0.42
2021-12-14 08:03:24 mep
+---------------+--------+
| Epoch         | 7/20   |
| Cycle         | 2/20   |
| Episodes      | 7150   |
| Timesteps     | 357500 |
| TimeCost(sec) | 84.09  |
| Pi_q_loss     | 2.985  |
| Pi_l2_loss    | 0.024  |
| Q_loss        | 0.001  |
| Success       | 0.0    |
+---------------+--------+
Average inside: 0.6
2021-12-14 08:04:49 mep
+---------------+--------+
| Epoch         | 7/20   |
| Cycle         | 3/20   |
| Episodes      | 7200   |
| Timesteps     | 360000 |
| TimeCost(sec) | 85.264 |
| Pi_q_loss     | 2.098  |
| Pi_l2_loss    | 0.035  |
| Q_loss        | 0.018  |
| Success       | 0.02   |
+---------------+--------+
Average inside: 0.38
2021-12-14 08:06:14 mep
+---------------+--------+
| Epoch         | 7/20   |
| Cycle         | 4/20   |
| Episodes      | 7250   |
| Timesteps     | 362500 |
| TimeCost(sec) | 84.417 |
| Pi_q_loss     | 2.148  |
| Pi_l2_loss    | 0.03   |
| Q_loss        | 0.003  |
| Success       | 0.01   |
+---------------+--------+
Average inside: 0.4
2021-12-14 08:07:40 mep
+---------------+--------+
| Epoch         | 7/20   |
| Cycle         | 5/20   |
| Episodes      | 7300   |
| Timesteps     | 365000 |
| TimeCost(sec) | 85.745 |
| Pi_q_loss     | 3.262  |
| Pi_l2_loss    | 0.147  |
| Q_loss        | 0.045  |
| Success       | 0.0    |
+---------------+--------+
Average inside: 0.5
2021-12-14 08:09:06 mep
+---------------+--------+
| Epoch         | 7/20   |
| Cycle         | 6/20   |
| Episodes      | 7350   |
| Timesteps     | 367500 |
| TimeCost(sec) | 85.86  |
| Pi_q_loss     | 3.334  |
| Pi_l2_loss    | 0.312  |
| Q_loss        | 0.02   |
| Success       | 0.01   |
+---------------+--------+
Average inside: 0.42
2021-12-14 08:10:34 mep
+---------------+--------+
| Epoch         | 7/20   |
| Cycle         | 7/20   |
| Episodes      | 7400   |
| Timesteps     | 370000 |
| TimeCost(sec) | 88.347 |
| Pi_q_loss     | 2.064  |
| Pi_l2_loss    | 0.134  |
| Q_loss        | 0.025  |
| Success       | 0.0    |
+---------------+--------+
Average inside: 0.4
2021-12-14 08:11:58 mep
+---------------+--------+
| Epoch         | 7/20   |
| Cycle         | 8/20   |
| Episodes      | 7450   |
| Timesteps     | 372500 |
| TimeCost(sec) | 83.841 |
| Pi_q_loss     | 13.769 |
| Pi_l2_loss    | 0.281  |
| Q_loss        | 0.089  |
| Success       | 0.0    |
+---------------+--------+
Average inside: 0.52
2021-12-14 08:13:26 mep
+---------------+--------+
| Epoch         | 7/20   |
| Cycle         | 9/20   |
| Episodes      | 7500   |
| Timesteps     | 375000 |
| TimeCost(sec) | 88.118 |
| Pi_q_loss     | 3.352  |
| Pi_l2_loss    | 0.131  |
| Q_loss        | 0.056  |
| Success       | 0.0    |
+---------------+--------+
Average inside: 0.44
2021-12-14 08:14:54 mep
+---------------+--------+
| Epoch         | 7/20   |
| Cycle         | 10/20  |
| Episodes      | 7550   |
| Timesteps     | 377500 |
| TimeCost(sec) | 87.572 |
| Pi_q_loss     | 2.139  |
| Pi_l2_loss    | 0.061  |
| Q_loss        | 0.006  |
| Success       | 0.0    |
+---------------+--------+
Average inside: 0.44
2021-12-14 08:16:25 mep
+---------------+--------+
| Epoch         | 7/20   |
| Cycle         | 11/20  |
| Episodes      | 7600   |
| Timesteps     | 380000 |
| TimeCost(sec) | 90.333 |
| Pi_q_loss     | 3.089  |
| Pi_l2_loss    | 0.064  |
| Q_loss        | 0.047  |
| Success       | 0.01   |
+---------------+--------+
Average inside: 0.42
2021-12-14 08:17:48 mep
+---------------+--------+
| Epoch         | 7/20   |
| Cycle         | 12/20  |
| Episodes      | 7650   |
| Timesteps     | 382500 |
| TimeCost(sec) | 83.572 |
| Pi_q_loss     | 3.175  |
| Pi_l2_loss    | 0.212  |
| Q_loss        | 0.03   |
| Success       | 0.02   |
+---------------+--------+
Average inside: 0.36
2021-12-14 08:19:19 mep
+---------------+--------+
| Epoch         | 7/20   |
| Cycle         | 13/20  |
| Episodes      | 7700   |
| Timesteps     | 385000 |
| TimeCost(sec) | 90.386 |
| Pi_q_loss     | 3.329  |
| Pi_l2_loss    | 0.071  |
| Q_loss        | 0.015  |
| Success       | 0.01   |
+---------------+--------+
Average inside: 0.48
2021-12-14 08:20:45 mep
+---------------+--------+
| Epoch         | 7/20   |
| Cycle         | 14/20  |
| Episodes      | 7750   |
| Timesteps     | 387500 |
| TimeCost(sec) | 86.322 |
| Pi_q_loss     | 3.199  |
| Pi_l2_loss    | 0.095  |
| Q_loss        | 0.001  |
| Success       | 0.0    |
+---------------+--------+
Average inside: 0.44
2021-12-14 08:22:11 mep
+---------------+--------+
| Epoch         | 7/20   |
| Cycle         | 15/20  |
| Episodes      | 7800   |
| Timesteps     | 390000 |
| TimeCost(sec) | 85.611 |
| Pi_q_loss     | 3.06   |
| Pi_l2_loss    | 0.174  |
| Q_loss        | 0.035  |
| Success       | 0.0    |
+---------------+--------+
Average inside: 0.38
2021-12-14 08:23:35 mep
+---------------+--------+
| Epoch         | 7/20   |
| Cycle         | 16/20  |
| Episodes      | 7850   |
| Timesteps     | 392500 |
| TimeCost(sec) | 83.659 |
| Pi_q_loss     | 1.874  |
| Pi_l2_loss    | 0.136  |
| Q_loss        | 0.008  |
| Success       | 0.01   |
+---------------+--------+
Average inside: 0.48
2021-12-14 08:24:59 mep
+---------------+--------+
| Epoch         | 7/20   |
| Cycle         | 17/20  |
| Episodes      | 7900   |
| Timesteps     | 395000 |
| TimeCost(sec) | 84.358 |
| Pi_q_loss     | 3.724  |
| Pi_l2_loss    | 0.04   |
| Q_loss        | 0.006  |
| Success       | 0.02   |
+---------------+--------+
Average inside: 0.46
2021-12-14 08:26:25 mep
+---------------+--------+
| Epoch         | 7/20   |
| Cycle         | 18/20  |
| Episodes      | 7950   |
| Timesteps     | 397500 |
| TimeCost(sec) | 85.239 |
| Pi_q_loss     | 3.091  |
| Pi_l2_loss    | 0.035  |
| Q_loss        | 0.001  |
| Success       | 0.01   |
+---------------+--------+
Average inside: 0.44
2021-12-14 08:27:54 mep
+---------------+--------+
| Epoch         | 7/20   |
| Cycle         | 19/20  |
| Episodes      | 8000   |
| Timesteps     | 400000 |
| TimeCost(sec) | 89.461 |
| Pi_q_loss     | 2.99   |
| Pi_l2_loss    | 0.048  |
| Q_loss        | 0.039  |
| Success       | 0.0    |
+---------------+--------+
Saved periodic policy to log/mep-ddpg-FetchSlide-v1-hgg-14-12-2021_04-41-42/!
Average inside: 0.4
2021-12-14 08:29:21 mep
+---------------+--------+
| Epoch         | 8/20   |
| Cycle         | 0/20   |
| Episodes      | 8050   |
| Timesteps     | 402500 |
| TimeCost(sec) | 85.833 |
| Pi_q_loss     | 4.593  |
| Pi_l2_loss    | 0.123  |
| Q_loss        | 0.056  |
| Success       | 0.0    |
+---------------+--------+
Average inside: 0.48
2021-12-14 08:30:50 mep
+---------------+--------+
| Epoch         | 8/20   |
| Cycle         | 1/20   |
| Episodes      | 8100   |
| Timesteps     | 405000 |
| TimeCost(sec) | 89.507 |
| Pi_q_loss     | 4.421  |
| Pi_l2_loss    | 0.155  |
| Q_loss        | 0.098  |
| Success       | 0.0    |
+---------------+--------+
Average inside: 0.52
2021-12-14 08:32:15 mep
+---------------+--------+
| Epoch         | 8/20   |
| Cycle         | 2/20   |
| Episodes      | 8150   |
| Timesteps     | 407500 |
| TimeCost(sec) | 84.922 |
| Pi_q_loss     | 3.729  |
| Pi_l2_loss    | 0.069  |
| Q_loss        | 0.003  |
| Success       | 0.01   |
+---------------+--------+
Average inside: 0.46
2021-12-14 08:33:44 mep
+---------------+--------+
| Epoch         | 8/20   |
| Cycle         | 3/20   |
| Episodes      | 8200   |
| Timesteps     | 410000 |
| TimeCost(sec) | 88.877 |
| Pi_q_loss     | 4.574  |
| Pi_l2_loss    | 0.132  |
| Q_loss        | 0.053  |
| Success       | 0.01   |
+---------------+--------+
Average inside: 0.38
2021-12-14 08:35:11 mep
+---------------+--------+
| Epoch         | 8/20   |
| Cycle         | 4/20   |
| Episodes      | 8250   |
| Timesteps     | 412500 |
| TimeCost(sec) | 86.482 |
| Pi_q_loss     | 2.917  |
| Pi_l2_loss    | 0.086  |
| Q_loss        | 0.006  |
| Success       | 0.0    |
+---------------+--------+
Average inside: 0.42
2021-12-14 08:36:36 mep
+---------------+--------+
| Epoch         | 8/20   |
| Cycle         | 5/20   |
| Episodes      | 8300   |
| Timesteps     | 415000 |
| TimeCost(sec) | 84.967 |
| Pi_q_loss     | 3.323  |
| Pi_l2_loss    | 0.113  |
| Q_loss        | 0.007  |
| Success       | 0.0    |
+---------------+--------+
Average inside: 0.54
2021-12-14 08:38:03 mep
+---------------+--------+
| Epoch         | 8/20   |
| Cycle         | 6/20   |
| Episodes      | 8350   |
| Timesteps     | 417500 |
| TimeCost(sec) | 86.229 |
| Pi_q_loss     | 5.154  |
| Pi_l2_loss    | 0.179  |
| Q_loss        | 0.033  |
| Success       | 0.0    |
+---------------+--------+
Average inside: 0.38
2021-12-14 08:39:30 mep
+---------------+--------+
| Epoch         | 8/20   |
| Cycle         | 7/20   |
| Episodes      | 8400   |
| Timesteps     | 420000 |
| TimeCost(sec) | 86.883 |
| Pi_q_loss     | 2.231  |
| Pi_l2_loss    | 0.098  |
| Q_loss        | 0.014  |
| Success       | 0.0    |
+---------------+--------+
Average inside: 0.44
2021-12-14 08:40:59 mep
+---------------+--------+
| Epoch         | 8/20   |
| Cycle         | 8/20   |
| Episodes      | 8450   |
| Timesteps     | 422500 |
| TimeCost(sec) | 89.431 |
| Pi_q_loss     | 2.845  |
| Pi_l2_loss    | 0.111  |
| Q_loss        | 0.029  |
| Success       | 0.0    |
+---------------+--------+
Average inside: 0.42
2021-12-14 08:42:24 mep
+---------------+--------+
| Epoch         | 8/20   |
| Cycle         | 9/20   |
| Episodes      | 8500   |
| Timesteps     | 425000 |
| TimeCost(sec) | 84.692 |
| Pi_q_loss     | 3.156  |
| Pi_l2_loss    | 0.084  |
| Q_loss        | 0.003  |
| Success       | 0.0    |
+---------------+--------+
Average inside: 0.44
2021-12-14 08:43:48 mep
+---------------+--------+
| Epoch         | 8/20   |
| Cycle         | 10/20  |
| Episodes      | 8550   |
| Timesteps     | 427500 |
| TimeCost(sec) | 84.236 |
| Pi_q_loss     | 5.727  |
| Pi_l2_loss    | 0.043  |
| Q_loss        | 0.002  |
| Success       | 0.02   |
+---------------+--------+
Average inside: 0.6
2021-12-14 08:45:17 mep
+---------------+--------+
| Epoch         | 8/20   |
| Cycle         | 11/20  |
| Episodes      | 8600   |
| Timesteps     | 430000 |
| TimeCost(sec) | 88.572 |
| Pi_q_loss     | 4.17   |
| Pi_l2_loss    | 0.154  |
| Q_loss        | 0.051  |
| Success       | 0.0    |
+---------------+--------+
Average inside: 0.5
2021-12-14 08:46:43 mep
+---------------+--------+
| Epoch         | 8/20   |
| Cycle         | 12/20  |
| Episodes      | 8650   |
| Timesteps     | 432500 |
| TimeCost(sec) | 85.532 |
| Pi_q_loss     | 2.162  |
| Pi_l2_loss    | 0.129  |
| Q_loss        | 0.002  |
| Success       | 0.0    |
+---------------+--------+
Average inside: 0.52
2021-12-14 08:48:06 mep
+---------------+--------+
| Epoch         | 8/20   |
| Cycle         | 13/20  |
| Episodes      | 8700   |
| Timesteps     | 435000 |
| TimeCost(sec) | 82.94  |
| Pi_q_loss     | 3.762  |
| Pi_l2_loss    | 0.023  |
| Q_loss        | 0.001  |
| Success       | 0.0    |
+---------------+--------+
Average inside: 0.46
2021-12-14 08:49:33 mep
+---------------+--------+
| Epoch         | 8/20   |
| Cycle         | 14/20  |
| Episodes      | 8750   |
| Timesteps     | 437500 |
| TimeCost(sec) | 87.242 |
| Pi_q_loss     | 2.78   |
| Pi_l2_loss    | 0.099  |
| Q_loss        | 0.017  |
| Success       | 0.0    |
+---------------+--------+
Average inside: 0.5
2021-12-14 08:50:57 mep
+---------------+--------+
| Epoch         | 8/20   |
| Cycle         | 15/20  |
| Episodes      | 8800   |
| Timesteps     | 440000 |
| TimeCost(sec) | 83.825 |
| Pi_q_loss     | 2.025  |
| Pi_l2_loss    | 0.077  |
| Q_loss        | 0.002  |
| Success       | 0.0    |
+---------------+--------+
Average inside: 0.48
2021-12-14 08:52:24 mep
+---------------+--------+
| Epoch         | 8/20   |
| Cycle         | 16/20  |
| Episodes      | 8850   |
| Timesteps     | 442500 |
| TimeCost(sec) | 86.608 |
| Pi_q_loss     | 4.06   |
| Pi_l2_loss    | 0.087  |
| Q_loss        | 0.049  |
| Success       | 0.02   |
+---------------+--------+
Average inside: 0.46
2021-12-14 08:53:47 mep
+---------------+--------+
| Epoch         | 8/20   |
| Cycle         | 17/20  |
| Episodes      | 8900   |
| Timesteps     | 445000 |
| TimeCost(sec) | 82.467 |
| Pi_q_loss     | 2.66   |
| Pi_l2_loss    | 0.041  |
| Q_loss        | 0.002  |
| Success       | 0.0    |
+---------------+--------+
Average inside: 0.34
2021-12-14 08:55:10 mep
+---------------+--------+
| Epoch         | 8/20   |
| Cycle         | 18/20  |
| Episodes      | 8950   |
| Timesteps     | 447500 |
| TimeCost(sec) | 83.706 |
| Pi_q_loss     | 1.681  |
| Pi_l2_loss    | 0.023  |
| Q_loss        | 0.001  |
| Success       | 0.02   |
+---------------+--------+
Average inside: 0.56
2021-12-14 08:56:37 mep
+---------------+--------+
| Epoch         | 8/20   |
| Cycle         | 19/20  |
| Episodes      | 9000   |
| Timesteps     | 450000 |
| TimeCost(sec) | 86.424 |
| Pi_q_loss     | 3.165  |
| Pi_l2_loss    | 0.107  |
| Q_loss        | 0.02   |
| Success       | 0.01   |
+---------------+--------+
Saved periodic policy to log/mep-ddpg-FetchSlide-v1-hgg-14-12-2021_04-41-42/!
Average inside: 0.38
2021-12-14 08:58:04 mep
+---------------+--------+
| Epoch         | 9/20   |
| Cycle         | 0/20   |
| Episodes      | 9050   |
| Timesteps     | 452500 |
| TimeCost(sec) | 86.312 |
| Pi_q_loss     | 4.792  |
| Pi_l2_loss    | 0.076  |
| Q_loss        | 0.019  |
| Success       | 0.0    |
+---------------+--------+
Average inside: 0.42
2021-12-14 08:59:28 mep
+---------------+--------+
| Epoch         | 9/20   |
| Cycle         | 1/20   |
| Episodes      | 9100   |
| Timesteps     | 455000 |
| TimeCost(sec) | 84.293 |
| Pi_q_loss     | 3.246  |
| Pi_l2_loss    | 0.041  |
| Q_loss        | 0.014  |
| Success       | 0.01   |
+---------------+--------+
Average inside: 0.38
2021-12-14 09:00:54 mep
+---------------+--------+
| Epoch         | 9/20   |
| Cycle         | 2/20   |
| Episodes      | 9150   |
| Timesteps     | 457500 |
| TimeCost(sec) | 85.532 |
| Pi_q_loss     | 4.178  |
| Pi_l2_loss    | 0.02   |
| Q_loss        | 0.002  |
| Success       | 0.01   |
+---------------+--------+
Average inside: 0.42
2021-12-14 09:02:20 mep
+---------------+--------+
| Epoch         | 9/20   |
| Cycle         | 3/20   |
| Episodes      | 9200   |
| Timesteps     | 460000 |
| TimeCost(sec) | 86.059 |
| Pi_q_loss     | 3.527  |
| Pi_l2_loss    | 0.121  |
| Q_loss        | 0.023  |
| Success       | 0.01   |
+---------------+--------+
Average inside: 0.34
2021-12-14 09:03:45 mep
+---------------+--------+
| Epoch         | 9/20   |
| Cycle         | 4/20   |
| Episodes      | 9250   |
| Timesteps     | 462500 |
| TimeCost(sec) | 85.01  |
| Pi_q_loss     | 4.228  |
| Pi_l2_loss    | 0.022  |
| Q_loss        | 0.002  |
| Success       | 0.0    |
+---------------+--------+
Average inside: 0.48
2021-12-14 09:05:11 mep
+---------------+--------+
| Epoch         | 9/20   |
| Cycle         | 5/20   |
| Episodes      | 9300   |
| Timesteps     | 465000 |
| TimeCost(sec) | 86.167 |
| Pi_q_loss     | 3.434  |
| Pi_l2_loss    | 0.094  |
| Q_loss        | 0.011  |
| Success       | 0.0    |
+---------------+--------+
Average inside: 0.5
2021-12-14 09:06:34 mep
+---------------+--------+
| Epoch         | 9/20   |
| Cycle         | 6/20   |
| Episodes      | 9350   |
| Timesteps     | 467500 |
| TimeCost(sec) | 82.612 |
| Pi_q_loss     | 4.146  |
| Pi_l2_loss    | 0.328  |
| Q_loss        | 0.06   |
| Success       | 0.0    |
+---------------+--------+
Average inside: 0.56
2021-12-14 09:07:55 mep
+---------------+--------+
| Epoch         | 9/20   |
| Cycle         | 7/20   |
| Episodes      | 9400   |
| Timesteps     | 470000 |
| TimeCost(sec) | 81.105 |
| Pi_q_loss     | 3.797  |
| Pi_l2_loss    | 0.103  |
| Q_loss        | 0.003  |
| Success       | 0.01   |
+---------------+--------+
Average inside: 0.36
2021-12-14 09:09:25 mep
+---------------+--------+
| Epoch         | 9/20   |
| Cycle         | 8/20   |
| Episodes      | 9450   |
| Timesteps     | 472500 |
| TimeCost(sec) | 89.068 |
| Pi_q_loss     | 3.163  |
| Pi_l2_loss    | 0.141  |
| Q_loss        | 0.033  |
| Success       | 0.01   |
+---------------+--------+
Average inside: 0.4
2021-12-14 09:10:49 mep
+---------------+--------+
| Epoch         | 9/20   |
| Cycle         | 9/20   |
| Episodes      | 9500   |
| Timesteps     | 475000 |
| TimeCost(sec) | 84.384 |
| Pi_q_loss     | 2.947  |
| Pi_l2_loss    | 0.087  |
| Q_loss        | 0.003  |
| Success       | 0.01   |
+---------------+--------+
Average inside: 0.48
2021-12-14 09:12:19 mep
+---------------+--------+
| Epoch         | 9/20   |
| Cycle         | 10/20  |
| Episodes      | 9550   |
| Timesteps     | 477500 |
| TimeCost(sec) | 89.773 |
| Pi_q_loss     | 2.912  |
| Pi_l2_loss    | 0.117  |
| Q_loss        | 0.037  |
| Success       | 0.0    |
+---------------+--------+
Average inside: 0.48
2021-12-14 09:13:46 mep
+---------------+--------+
| Epoch         | 9/20   |
| Cycle         | 11/20  |
| Episodes      | 9600   |
| Timesteps     | 480000 |
| TimeCost(sec) | 86.459 |
| Pi_q_loss     | 5.343  |
| Pi_l2_loss    | 0.208  |
| Q_loss        | 0.027  |
| Success       | 0.0    |
+---------------+--------+
Average inside: 0.44
2021-12-14 09:15:12 mep
+---------------+--------+
| Epoch         | 9/20   |
| Cycle         | 12/20  |
| Episodes      | 9650   |
| Timesteps     | 482500 |
| TimeCost(sec) | 86.095 |
| Pi_q_loss     | 1.655  |
| Pi_l2_loss    | 0.044  |
| Q_loss        | 0.003  |
| Success       | 0.0    |
+---------------+--------+
Average inside: 0.34
2021-12-14 09:16:40 mep
+---------------+--------+
| Epoch         | 9/20   |
| Cycle         | 13/20  |
| Episodes      | 9700   |
| Timesteps     | 485000 |
| TimeCost(sec) | 88.105 |
| Pi_q_loss     | 2.49   |
| Pi_l2_loss    | 0.07   |
| Q_loss        | 0.011  |
| Success       | 0.01   |
+---------------+--------+
Average inside: 0.56
2021-12-14 09:18:08 mep
+---------------+--------+
| Epoch         | 9/20   |
| Cycle         | 14/20  |
| Episodes      | 9750   |
| Timesteps     | 487500 |
| TimeCost(sec) | 87.607 |
| Pi_q_loss     | 2.561  |
| Pi_l2_loss    | 0.061  |
| Q_loss        | 0.003  |
| Success       | 0.0    |
+---------------+--------+
Average inside: 0.4
2021-12-14 09:19:36 mep
+---------------+--------+
| Epoch         | 9/20   |
| Cycle         | 15/20  |
| Episodes      | 9800   |
| Timesteps     | 490000 |
| TimeCost(sec) | 88.324 |
| Pi_q_loss     | 3.017  |
| Pi_l2_loss    | 0.116  |
| Q_loss        | 0.027  |
| Success       | 0.0    |
+---------------+--------+
Average inside: 0.48
2021-12-14 09:21:02 mep
+---------------+--------+
| Epoch         | 9/20   |
| Cycle         | 16/20  |
| Episodes      | 9850   |
| Timesteps     | 492500 |
| TimeCost(sec) | 84.904 |
| Pi_q_loss     | 2.031  |
| Pi_l2_loss    | 0.068  |
| Q_loss        | 0.001  |
| Success       | 0.0    |
+---------------+--------+
Average inside: 0.48
2021-12-14 09:22:29 mep
+---------------+--------+
| Epoch         | 9/20   |
| Cycle         | 17/20  |
| Episodes      | 9900   |
| Timesteps     | 495000 |
| TimeCost(sec) | 87.217 |
| Pi_q_loss     | 4.162  |
| Pi_l2_loss    | 0.111  |
| Q_loss        | 0.055  |
| Success       | 0.0    |
+---------------+--------+
Average inside: 0.48
2021-12-14 09:23:56 mep
+---------------+--------+
| Epoch         | 9/20   |
| Cycle         | 18/20  |
| Episodes      | 9950   |
| Timesteps     | 497500 |
| TimeCost(sec) | 86.855 |
| Pi_q_loss     | 2.661  |
| Pi_l2_loss    | 0.042  |
| Q_loss        | 0.01   |
| Success       | 0.0    |
+---------------+--------+
Average inside: 0.5
2021-12-14 09:25:26 mep
+---------------+--------+
| Epoch         | 9/20   |
| Cycle         | 19/20  |
| Episodes      | 10000  |
| Timesteps     | 500000 |
| TimeCost(sec) | 89.687 |
| Pi_q_loss     | 3.287  |
| Pi_l2_loss    | 0.041  |
| Q_loss        | 0.029  |
| Success       | 0.0    |
+---------------+--------+
Saved periodic policy to log/mep-ddpg-FetchSlide-v1-hgg-14-12-2021_04-41-42/!
Average inside: 0.48
2021-12-14 09:26:48 mep
+---------------+--------+
| Epoch         | 10/20  |
| Cycle         | 0/20   |
| Episodes      | 10050  |
| Timesteps     | 502500 |
| TimeCost(sec) | 82.383 |
| Pi_q_loss     | 10.279 |
| Pi_l2_loss    | 0.229  |
| Q_loss        | 0.092  |
| Success       | 0.02   |
+---------------+--------+
Average inside: 0.42
2021-12-14 09:28:11 mep
+---------------+--------+
| Epoch         | 10/20  |
| Cycle         | 1/20   |
| Episodes      | 10100  |
| Timesteps     | 505000 |
| TimeCost(sec) | 82.826 |
| Pi_q_loss     | 10.815 |
| Pi_l2_loss    | 0.409  |
| Q_loss        | 0.139  |
| Success       | 0.0    |
+---------------+--------+
Average inside: 0.4
2021-12-14 09:29:36 mep
+---------------+--------+
| Epoch         | 10/20  |
| Cycle         | 2/20   |
| Episodes      | 10150  |
| Timesteps     | 507500 |
| TimeCost(sec) | 84.659 |
| Pi_q_loss     | 2.599  |
| Pi_l2_loss    | 0.136  |
| Q_loss        | 0.032  |
| Success       | 0.0    |
+---------------+--------+
Average inside: 0.42
2021-12-14 09:31:01 mep
+---------------+--------+
| Epoch         | 10/20  |
| Cycle         | 3/20   |
| Episodes      | 10200  |
| Timesteps     | 510000 |
| TimeCost(sec) | 84.092 |
| Pi_q_loss     | 3.269  |
| Pi_l2_loss    | 0.05   |
| Q_loss        | 0.003  |
| Success       | 0.0    |
+---------------+--------+
Average inside: 0.48
2021-12-14 09:32:27 mep
+---------------+--------+
| Epoch         | 10/20  |
| Cycle         | 4/20   |
| Episodes      | 10250  |
| Timesteps     | 512500 |
| TimeCost(sec) | 86.656 |
| Pi_q_loss     | 4.781  |
| Pi_l2_loss    | 0.177  |
| Q_loss        | 0.041  |
| Success       | 0.01   |
+---------------+--------+
Average inside: 0.4
2021-12-14 09:33:56 mep
+---------------+--------+
| Epoch         | 10/20  |
| Cycle         | 5/20   |
| Episodes      | 10300  |
| Timesteps     | 515000 |
| TimeCost(sec) | 88.973 |
| Pi_q_loss     | 3.792  |
| Pi_l2_loss    | 0.083  |
| Q_loss        | 0.032  |
| Success       | 0.0    |
+---------------+--------+
Average inside: 0.54
2021-12-14 09:35:23 mep
+---------------+--------+
| Epoch         | 10/20  |
| Cycle         | 6/20   |
| Episodes      | 10350  |
| Timesteps     | 517500 |
| TimeCost(sec) | 86.283 |
| Pi_q_loss     | 0.814  |
| Pi_l2_loss    | 0.071  |
| Q_loss        | 0.004  |
| Success       | 0.0    |
+---------------+--------+
Average inside: 0.44
2021-12-14 09:36:52 mep
+---------------+--------+
| Epoch         | 10/20  |
| Cycle         | 7/20   |
| Episodes      | 10400  |
| Timesteps     | 520000 |
| TimeCost(sec) | 88.717 |
| Pi_q_loss     | 2.565  |
| Pi_l2_loss    | 0.031  |
| Q_loss        | 0.012  |
| Success       | 0.0    |
+---------------+--------+
