tag: her-mep
alg: ddpg
learn: normal
env: FetchPush-v1
goal: custom
init_offset: 1.0
graph: False
show_goals: 0
play_path: None
play_epoch: latest
stop_hgg_threshold: 2
n_x: 31
n_y: 31
n_z: 11
temp: 0.01
gamma: 0.98
clip_return: True
eps_act: 0.3
std_act: 0.2
pi_lr: 0.001
q_lr: 0.001
act_l2: 1.0
polyak: 0.95
epoches: 20
cycles: 20
episodes: 50
timesteps: 50
train_batches: 20
buffer_size: 10000
buffer_type: mep
batch_size: 256
warmup: 10000
her: future
her_ratio: 0.8
pool_rule: full
hgg_c: 3.0
hgg_L: 5.0
hgg_pool_size: 1000
save_acc: True
rank_method: dense
num_vertices: [31, 31, 11]
goal_based: True
clip_return_l: -49.99999999999996
clip_return_r: 0.0
*** network initialization complete ***
*** tester initialization complete ***
2021-12-14 22:38:20 her-mep
+---------------+--------+
| Epoch         | 0/20   |
| Cycle         | 0/20   |
| Episodes      | 50     |
| Timesteps     | 2500   |
| TimeCost(sec) | 22.667 |
| Pi_q_loss     |        |
| Pi_l2_loss    |        |
| Q_loss        |        |
| Success       | 0.09   |
+---------------+--------+
Saved as best policy to log/her-mep-ddpg-FetchPush-v1-normal-14-12-2021_22-36-33/!
2021-12-14 22:38:43 her-mep
+---------------+--------+
| Epoch         | 0/20   |
| Cycle         | 1/20   |
| Episodes      | 100    |
| Timesteps     | 5000   |
| TimeCost(sec) | 22.554 |
| Pi_q_loss     |        |
| Pi_l2_loss    |        |
| Q_loss        |        |
| Success       | 0.05   |
+---------------+--------+
2021-12-14 22:39:05 her-mep
+---------------+--------+
| Epoch         | 0/20   |
| Cycle         | 2/20   |
| Episodes      | 150    |
| Timesteps     | 7500   |
| TimeCost(sec) | 22.855 |
| Pi_q_loss     |        |
| Pi_l2_loss    |        |
| Q_loss        |        |
| Success       | 0.05   |
+---------------+--------+
2021-12-14 22:39:28 her-mep
+---------------+--------+
| Epoch         | 0/20   |
| Cycle         | 3/20   |
| Episodes      | 200    |
| Timesteps     | 10000  |
| TimeCost(sec) | 22.401 |
| Pi_q_loss     | 0.183  |
| Pi_l2_loss    | 0.009  |
| Q_loss        | 0.037  |
| Success       | 0.04   |
+---------------+--------+
2021-12-14 22:40:44 her-mep
+---------------+--------+
| Epoch         | 0/20   |
| Cycle         | 4/20   |
| Episodes      | 250    |
| Timesteps     | 12500  |
| TimeCost(sec) | 76.041 |
| Pi_q_loss     | 0.419  |
| Pi_l2_loss    | 0.016  |
| Q_loss        | 0.007  |
| Success       | 0.05   |
+---------------+--------+
2021-12-14 22:42:02 her-mep
+---------------+--------+
| Epoch         | 0/20   |
| Cycle         | 5/20   |
| Episodes      | 300    |
| Timesteps     | 15000  |
| TimeCost(sec) | 78.034 |
| Pi_q_loss     | 0.17   |
| Pi_l2_loss    | 0.003  |
| Q_loss        | 0.002  |
| Success       | 0.06   |
+---------------+--------+
2021-12-14 22:43:25 her-mep
+---------------+--------+
| Epoch         | 0/20   |
| Cycle         | 6/20   |
| Episodes      | 350    |
| Timesteps     | 17500  |
| TimeCost(sec) | 82.585 |
| Pi_q_loss     | 0.863  |
| Pi_l2_loss    | 0.013  |
| Q_loss        | 0.001  |
| Success       | 0.11   |
+---------------+--------+
Saved as best policy to log/her-mep-ddpg-FetchPush-v1-normal-14-12-2021_22-36-33/!
2021-12-14 22:44:50 her-mep
+---------------+--------+
| Epoch         | 0/20   |
| Cycle         | 7/20   |
| Episodes      | 400    |
| Timesteps     | 20000  |
| TimeCost(sec) | 84.943 |
| Pi_q_loss     | 1.225  |
| Pi_l2_loss    | 0.013  |
| Q_loss        | 0.007  |
| Success       | 0.07   |
+---------------+--------+
2021-12-14 22:46:08 her-mep
+---------------+--------+
| Epoch         | 0/20   |
| Cycle         | 8/20   |
| Episodes      | 450    |
| Timesteps     | 22500  |
| TimeCost(sec) | 77.805 |
| Pi_q_loss     | 1.249  |
| Pi_l2_loss    | 0.005  |
| Q_loss        | 0.001  |
| Success       | 0.07   |
+---------------+--------+
2021-12-14 22:47:30 her-mep
+---------------+--------+
| Epoch         | 0/20   |
| Cycle         | 9/20   |
| Episodes      | 500    |
| Timesteps     | 25000  |
| TimeCost(sec) | 81.682 |
| Pi_q_loss     | 1.556  |
| Pi_l2_loss    | 0.015  |
| Q_loss        | 0.002  |
| Success       | 0.03   |
+---------------+--------+
2021-12-14 22:48:54 her-mep
+---------------+--------+
| Epoch         | 0/20   |
| Cycle         | 10/20  |
| Episodes      | 550    |
| Timesteps     | 27500  |
| TimeCost(sec) | 83.695 |
| Pi_q_loss     | 2.143  |
| Pi_l2_loss    | 0.015  |
| Q_loss        | 0.003  |
| Success       | 0.09   |
+---------------+--------+
2021-12-14 22:50:11 her-mep
+---------------+--------+
| Epoch         | 0/20   |
| Cycle         | 11/20  |
| Episodes      | 600    |
| Timesteps     | 30000  |
| TimeCost(sec) | 76.726 |
| Pi_q_loss     | 3.237  |
| Pi_l2_loss    | 0.021  |
| Q_loss        | 0.005  |
| Success       | 0.05   |
+---------------+--------+
2021-12-14 22:51:34 her-mep
+---------------+--------+
| Epoch         | 0/20   |
| Cycle         | 12/20  |
| Episodes      | 650    |
| Timesteps     | 32500  |
| TimeCost(sec) | 83.439 |
| Pi_q_loss     | 2.437  |
| Pi_l2_loss    | 0.026  |
| Q_loss        | 0.015  |
| Success       | 0.05   |
+---------------+--------+
2021-12-14 22:52:53 her-mep
+---------------+--------+
| Epoch         | 0/20   |
| Cycle         | 13/20  |
| Episodes      | 700    |
| Timesteps     | 35000  |
| TimeCost(sec) | 78.386 |
| Pi_q_loss     | 2.617  |
| Pi_l2_loss    | 0.007  |
| Q_loss        | 0.001  |
| Success       | 0.08   |
+---------------+--------+
2021-12-14 22:54:12 her-mep
+---------------+--------+
| Epoch         | 0/20   |
| Cycle         | 14/20  |
| Episodes      | 750    |
| Timesteps     | 37500  |
| TimeCost(sec) | 79.162 |
| Pi_q_loss     | 3.008  |
| Pi_l2_loss    | 0.05   |
| Q_loss        | 0.007  |
| Success       | 0.07   |
+---------------+--------+
2021-12-14 22:55:33 her-mep
+---------------+--------+
| Epoch         | 0/20   |
| Cycle         | 15/20  |
| Episodes      | 800    |
| Timesteps     | 40000  |
| TimeCost(sec) | 80.226 |
| Pi_q_loss     | 3.387  |
| Pi_l2_loss    | 0.051  |
| Q_loss        | 0.005  |
| Success       | 0.08   |
+---------------+--------+
2021-12-14 22:56:52 her-mep
+---------------+--------+
| Epoch         | 0/20   |
| Cycle         | 16/20  |
| Episodes      | 850    |
| Timesteps     | 42500  |
| TimeCost(sec) | 79.265 |
| Pi_q_loss     | 3.348  |
| Pi_l2_loss    | 0.011  |
| Q_loss        | 0.002  |
| Success       | 0.04   |
+---------------+--------+
2021-12-14 22:58:13 her-mep
+---------------+--------+
| Epoch         | 0/20   |
| Cycle         | 17/20  |
| Episodes      | 900    |
| Timesteps     | 45000  |
| TimeCost(sec) | 80.662 |
| Pi_q_loss     | 2.94   |
| Pi_l2_loss    | 0.026  |
| Q_loss        | 0.005  |
| Success       | 0.07   |
+---------------+--------+
2021-12-14 22:59:36 her-mep
+---------------+-------+
| Epoch         | 0/20  |
| Cycle         | 18/20 |
| Episodes      | 950   |
| Timesteps     | 47500 |
| TimeCost(sec) | 82.65 |
| Pi_q_loss     | 3.093 |
| Pi_l2_loss    | 0.061 |
| Q_loss        | 0.016 |
| Success       | 0.05  |
+---------------+-------+
2021-12-14 23:00:57 her-mep
+---------------+-------+
| Epoch         | 0/20  |
| Cycle         | 19/20 |
| Episodes      | 1000  |
| Timesteps     | 50000 |
| TimeCost(sec) | 81.07 |
| Pi_q_loss     | 2.778 |
| Pi_l2_loss    | 0.078 |
| Q_loss        | 0.002 |
| Success       | 0.14  |
+---------------+-------+
Saved as best policy to log/her-mep-ddpg-FetchPush-v1-normal-14-12-2021_22-36-33/!
Saved periodic policy to log/her-mep-ddpg-FetchPush-v1-normal-14-12-2021_22-36-33/!
2021-12-14 23:02:23 her-mep
+---------------+--------+
| Epoch         | 1/20   |
| Cycle         | 0/20   |
| Episodes      | 1050   |
| Timesteps     | 52500  |
| TimeCost(sec) | 85.097 |
| Pi_q_loss     | 3.159  |
| Pi_l2_loss    | 0.071  |
| Q_loss        | 0.007  |
| Success       | 0.07   |
+---------------+--------+
2021-12-14 23:03:47 her-mep
+---------------+--------+
| Epoch         | 1/20   |
| Cycle         | 1/20   |
| Episodes      | 1100   |
| Timesteps     | 55000  |
| TimeCost(sec) | 83.415 |
| Pi_q_loss     | 2.573  |
| Pi_l2_loss    | 0.088  |
| Q_loss        | 0.006  |
| Success       | 0.13   |
+---------------+--------+
2021-12-14 23:05:06 her-mep
+---------------+--------+
| Epoch         | 1/20   |
| Cycle         | 2/20   |
| Episodes      | 1150   |
| Timesteps     | 57500  |
| TimeCost(sec) | 79.055 |
| Pi_q_loss     | 1.918  |
| Pi_l2_loss    | 0.059  |
| Q_loss        | 0.002  |
| Success       | 0.11   |
+---------------+--------+
2021-12-14 23:06:26 her-mep
+---------------+-------+
| Epoch         | 1/20  |
| Cycle         | 3/20  |
| Episodes      | 1200  |
| Timesteps     | 60000 |
| TimeCost(sec) | 79.38 |
| Pi_q_loss     | 2.633 |
| Pi_l2_loss    | 0.103 |
| Q_loss        | 0.001 |
| Success       | 0.07  |
+---------------+-------+
2021-12-14 23:07:44 her-mep
+---------------+--------+
| Epoch         | 1/20   |
| Cycle         | 4/20   |
| Episodes      | 1250   |
| Timesteps     | 62500  |
| TimeCost(sec) | 78.275 |
| Pi_q_loss     | 2.248  |
| Pi_l2_loss    | 0.103  |
| Q_loss        | 0.001  |
| Success       | 0.04   |
+---------------+--------+
2021-12-14 23:09:04 her-mep
+---------------+--------+
| Epoch         | 1/20   |
| Cycle         | 5/20   |
| Episodes      | 1300   |
| Timesteps     | 65000  |
| TimeCost(sec) | 79.972 |
| Pi_q_loss     | 2.329  |
| Pi_l2_loss    | 0.081  |
| Q_loss        | 0.004  |
| Success       | 0.1    |
+---------------+--------+
2021-12-14 23:10:28 her-mep
+---------------+--------+
| Epoch         | 1/20   |
| Cycle         | 6/20   |
| Episodes      | 1350   |
| Timesteps     | 67500  |
| TimeCost(sec) | 83.893 |
| Pi_q_loss     | 2.64   |
| Pi_l2_loss    | 0.058  |
| Q_loss        | 0.02   |
| Success       | 0.05   |
+---------------+--------+
2021-12-14 23:11:46 her-mep
+---------------+--------+
| Epoch         | 1/20   |
| Cycle         | 7/20   |
| Episodes      | 1400   |
| Timesteps     | 70000  |
| TimeCost(sec) | 77.437 |
| Pi_q_loss     | 1.688  |
| Pi_l2_loss    | 0.018  |
| Q_loss        | 0.0    |
| Success       | 0.03   |
+---------------+--------+
2021-12-14 23:13:06 her-mep
+---------------+--------+
| Epoch         | 1/20   |
| Cycle         | 8/20   |
| Episodes      | 1450   |
| Timesteps     | 72500  |
| TimeCost(sec) | 80.187 |
| Pi_q_loss     | 2.573  |
| Pi_l2_loss    | 0.036  |
| Q_loss        | 0.002  |
| Success       | 0.11   |
+---------------+--------+
2021-12-14 23:14:26 her-mep
+---------------+--------+
| Epoch         | 1/20   |
| Cycle         | 9/20   |
| Episodes      | 1500   |
| Timesteps     | 75000  |
| TimeCost(sec) | 79.618 |
| Pi_q_loss     | 3.094  |
| Pi_l2_loss    | 0.015  |
| Q_loss        | 0.001  |
| Success       | 0.05   |
+---------------+--------+
2021-12-14 23:15:46 her-mep
+---------------+--------+
| Epoch         | 1/20   |
| Cycle         | 10/20  |
| Episodes      | 1550   |
| Timesteps     | 77500  |
| TimeCost(sec) | 79.777 |
| Pi_q_loss     | 3.418  |
| Pi_l2_loss    | 0.019  |
| Q_loss        | 0.002  |
| Success       | 0.11   |
+---------------+--------+
2021-12-14 23:17:04 her-mep
+---------------+-------+
| Epoch         | 1/20  |
| Cycle         | 11/20 |
| Episodes      | 1600  |
| Timesteps     | 80000 |
| TimeCost(sec) | 78.14 |
| Pi_q_loss     | 4.246 |
| Pi_l2_loss    | 0.01  |
| Q_loss        | 0.003 |
| Success       | 0.06  |
+---------------+-------+
2021-12-14 23:18:23 her-mep
+---------------+--------+
| Epoch         | 1/20   |
| Cycle         | 12/20  |
| Episodes      | 1650   |
| Timesteps     | 82500  |
| TimeCost(sec) | 79.171 |
| Pi_q_loss     | 3.586  |
| Pi_l2_loss    | 0.105  |
| Q_loss        | 0.01   |
| Success       | 0.03   |
+---------------+--------+
2021-12-14 23:19:42 her-mep
+---------------+--------+
| Epoch         | 1/20   |
| Cycle         | 13/20  |
| Episodes      | 1700   |
| Timesteps     | 85000  |
| TimeCost(sec) | 78.068 |
| Pi_q_loss     | 2.682  |
| Pi_l2_loss    | 0.009  |
| Q_loss        | 0.001  |
| Success       | 0.06   |
+---------------+--------+
2021-12-14 23:21:09 her-mep
+---------------+--------+
| Epoch         | 1/20   |
| Cycle         | 14/20  |
| Episodes      | 1750   |
| Timesteps     | 87500  |
| TimeCost(sec) | 87.182 |
| Pi_q_loss     | 2.33   |
| Pi_l2_loss    | 0.048  |
| Q_loss        | 0.0    |
| Success       | 0.03   |
+---------------+--------+
2021-12-14 23:22:30 her-mep
+---------------+--------+
| Epoch         | 1/20   |
| Cycle         | 15/20  |
| Episodes      | 1800   |
| Timesteps     | 90000  |
| TimeCost(sec) | 80.998 |
| Pi_q_loss     | 3.705  |
| Pi_l2_loss    | 0.08   |
| Q_loss        | 0.013  |
| Success       | 0.04   |
+---------------+--------+
2021-12-14 23:23:55 her-mep
+---------------+--------+
| Epoch         | 1/20   |
| Cycle         | 16/20  |
| Episodes      | 1850   |
| Timesteps     | 92500  |
| TimeCost(sec) | 84.511 |
| Pi_q_loss     | 3.593  |
| Pi_l2_loss    | 0.042  |
| Q_loss        | 0.009  |
| Success       | 0.05   |
+---------------+--------+
2021-12-14 23:25:15 her-mep
+---------------+--------+
| Epoch         | 1/20   |
| Cycle         | 17/20  |
| Episodes      | 1900   |
| Timesteps     | 95000  |
| TimeCost(sec) | 79.651 |
| Pi_q_loss     | 3.985  |
| Pi_l2_loss    | 0.036  |
| Q_loss        | 0.002  |
| Success       | 0.03   |
+---------------+--------+
2021-12-14 23:26:41 her-mep
+---------------+--------+
| Epoch         | 1/20   |
| Cycle         | 18/20  |
| Episodes      | 1950   |
| Timesteps     | 97500  |
| TimeCost(sec) | 86.042 |
| Pi_q_loss     | 3.271  |
| Pi_l2_loss    | 0.051  |
| Q_loss        | 0.005  |
| Success       | 0.1    |
+---------------+--------+
2021-12-14 23:28:05 her-mep
+---------------+--------+
| Epoch         | 1/20   |
| Cycle         | 19/20  |
| Episodes      | 2000   |
| Timesteps     | 100000 |
| TimeCost(sec) | 84.602 |
| Pi_q_loss     | 3.528  |
| Pi_l2_loss    | 0.052  |
| Q_loss        | 0.011  |
| Success       | 0.04   |
+---------------+--------+
Saved periodic policy to log/her-mep-ddpg-FetchPush-v1-normal-14-12-2021_22-36-33/!
2021-12-14 23:29:25 her-mep
+---------------+--------+
| Epoch         | 2/20   |
| Cycle         | 0/20   |
| Episodes      | 2050   |
| Timesteps     | 102500 |
| TimeCost(sec) | 79.447 |
| Pi_q_loss     | 4.096  |
| Pi_l2_loss    | 0.249  |
| Q_loss        | 0.024  |
| Success       | 0.11   |
+---------------+--------+
2021-12-14 23:30:45 her-mep
+---------------+--------+
| Epoch         | 2/20   |
| Cycle         | 1/20   |
| Episodes      | 2100   |
| Timesteps     | 105000 |
| TimeCost(sec) | 79.534 |
| Pi_q_loss     | 4.365  |
| Pi_l2_loss    | 0.095  |
| Q_loss        | 0.003  |
| Success       | 0.06   |
+---------------+--------+
2021-12-14 23:32:13 her-mep
+---------------+--------+
| Epoch         | 2/20   |
| Cycle         | 2/20   |
| Episodes      | 2150   |
| Timesteps     | 107500 |
| TimeCost(sec) | 87.855 |
| Pi_q_loss     | 4.332  |
| Pi_l2_loss    | 0.06   |
| Q_loss        | 0.018  |
| Success       | 0.04   |
+---------------+--------+
2021-12-14 23:33:34 her-mep
+---------------+--------+
| Epoch         | 2/20   |
| Cycle         | 3/20   |
| Episodes      | 2200   |
| Timesteps     | 110000 |
| TimeCost(sec) | 80.578 |
| Pi_q_loss     | 3.15   |
| Pi_l2_loss    | 0.027  |
| Q_loss        | 0.002  |
| Success       | 0.03   |
+---------------+--------+
2021-12-14 23:34:56 her-mep
+---------------+--------+
| Epoch         | 2/20   |
| Cycle         | 4/20   |
| Episodes      | 2250   |
| Timesteps     | 112500 |
| TimeCost(sec) | 82.719 |
| Pi_q_loss     | 4.761  |
| Pi_l2_loss    | 0.069  |
| Q_loss        | 0.002  |
| Success       | 0.03   |
+---------------+--------+
2021-12-14 23:36:18 her-mep
+---------------+--------+
| Epoch         | 2/20   |
| Cycle         | 5/20   |
| Episodes      | 2300   |
| Timesteps     | 115000 |
| TimeCost(sec) | 81.904 |
| Pi_q_loss     | 3.808  |
| Pi_l2_loss    | 0.054  |
| Q_loss        | 0.001  |
| Success       | 0.06   |
+---------------+--------+
2021-12-14 23:37:45 her-mep
+---------------+--------+
| Epoch         | 2/20   |
| Cycle         | 6/20   |
| Episodes      | 2350   |
| Timesteps     | 117500 |
| TimeCost(sec) | 86.388 |
| Pi_q_loss     | 3.032  |
| Pi_l2_loss    | 0.061  |
| Q_loss        | 0.011  |
| Success       | 0.04   |
+---------------+--------+
2021-12-14 23:39:05 her-mep
+---------------+--------+
| Epoch         | 2/20   |
| Cycle         | 7/20   |
| Episodes      | 2400   |
| Timesteps     | 120000 |
| TimeCost(sec) | 79.807 |
| Pi_q_loss     | 5.909  |
| Pi_l2_loss    | 0.007  |
| Q_loss        | 0.001  |
| Success       | 0.05   |
+---------------+--------+
2021-12-14 23:40:26 her-mep
+---------------+--------+
| Epoch         | 2/20   |
| Cycle         | 8/20   |
| Episodes      | 2450   |
| Timesteps     | 122500 |
| TimeCost(sec) | 80.815 |
| Pi_q_loss     | 2.462  |
| Pi_l2_loss    | 0.036  |
| Q_loss        | 0.001  |
| Success       | 0.07   |
+---------------+--------+
2021-12-14 23:41:50 her-mep
+---------------+--------+
| Epoch         | 2/20   |
| Cycle         | 9/20   |
| Episodes      | 2500   |
| Timesteps     | 125000 |
| TimeCost(sec) | 84.314 |
| Pi_q_loss     | 2.871  |
| Pi_l2_loss    | 0.063  |
| Q_loss        | 0.016  |
| Success       | 0.08   |
+---------------+--------+
2021-12-14 23:43:13 her-mep
+---------------+--------+
| Epoch         | 2/20   |
| Cycle         | 10/20  |
| Episodes      | 2550   |
| Timesteps     | 127500 |
| TimeCost(sec) | 82.755 |
| Pi_q_loss     | 2.904  |
| Pi_l2_loss    | 0.06   |
| Q_loss        | 0.002  |
| Success       | 0.04   |
+---------------+--------+
2021-12-14 23:44:32 her-mep
+---------------+--------+
| Epoch         | 2/20   |
| Cycle         | 11/20  |
| Episodes      | 2600   |
| Timesteps     | 130000 |
| TimeCost(sec) | 78.429 |
| Pi_q_loss     | 6.307  |
| Pi_l2_loss    | 0.074  |
| Q_loss        | 0.015  |
| Success       | 0.07   |
+---------------+--------+
2021-12-14 23:45:55 her-mep
+---------------+--------+
| Epoch         | 2/20   |
| Cycle         | 12/20  |
| Episodes      | 2650   |
| Timesteps     | 132500 |
| TimeCost(sec) | 82.587 |
| Pi_q_loss     | 3.176  |
| Pi_l2_loss    | 0.078  |
| Q_loss        | 0.006  |
| Success       | 0.08   |
+---------------+--------+
2021-12-14 23:47:14 her-mep
+---------------+--------+
| Epoch         | 2/20   |
| Cycle         | 13/20  |
| Episodes      | 2700   |
| Timesteps     | 135000 |
| TimeCost(sec) | 78.927 |
| Pi_q_loss     | 3.111  |
| Pi_l2_loss    | 0.108  |
| Q_loss        | 0.002  |
| Success       | 0.07   |
+---------------+--------+
2021-12-14 23:48:33 her-mep
+---------------+--------+
| Epoch         | 2/20   |
| Cycle         | 14/20  |
| Episodes      | 2750   |
| Timesteps     | 137500 |
| TimeCost(sec) | 79.133 |
| Pi_q_loss     | 3.826  |
| Pi_l2_loss    | 0.055  |
| Q_loss        | 0.004  |
| Success       | 0.03   |
+---------------+--------+
2021-12-14 23:49:52 her-mep
+---------------+--------+
| Epoch         | 2/20   |
| Cycle         | 15/20  |
| Episodes      | 2800   |
| Timesteps     | 140000 |
| TimeCost(sec) | 78.754 |
| Pi_q_loss     | 2.278  |
| Pi_l2_loss    | 0.055  |
| Q_loss        | 0.001  |
| Success       | 0.09   |
+---------------+--------+
2021-12-14 23:51:18 her-mep
+---------------+--------+
| Epoch         | 2/20   |
| Cycle         | 16/20  |
| Episodes      | 2850   |
| Timesteps     | 142500 |
| TimeCost(sec) | 85.667 |
| Pi_q_loss     | 3.068  |
| Pi_l2_loss    | 0.068  |
| Q_loss        | 0.04   |
| Success       | 0.08   |
+---------------+--------+
2021-12-14 23:52:35 her-mep
+---------------+--------+
| Epoch         | 2/20   |
| Cycle         | 17/20  |
| Episodes      | 2900   |
| Timesteps     | 145000 |
| TimeCost(sec) | 77.435 |
| Pi_q_loss     | 1.638  |
| Pi_l2_loss    | 0.021  |
| Q_loss        | 0.0    |
| Success       | 0.07   |
+---------------+--------+
2021-12-14 23:53:55 her-mep
+---------------+--------+
| Epoch         | 2/20   |
| Cycle         | 18/20  |
| Episodes      | 2950   |
| Timesteps     | 147500 |
| TimeCost(sec) | 79.956 |
| Pi_q_loss     | 3.272  |
| Pi_l2_loss    | 0.091  |
| Q_loss        | 0.004  |
| Success       | 0.06   |
+---------------+--------+
2021-12-14 23:55:20 her-mep
+---------------+--------+
| Epoch         | 2/20   |
| Cycle         | 19/20  |
| Episodes      | 3000   |
| Timesteps     | 150000 |
| TimeCost(sec) | 84.541 |
| Pi_q_loss     | 2.909  |
| Pi_l2_loss    | 0.072  |
| Q_loss        | 0.014  |
| Success       | 0.04   |
+---------------+--------+
Saved periodic policy to log/her-mep-ddpg-FetchPush-v1-normal-14-12-2021_22-36-33/!
2021-12-14 23:56:38 her-mep
+---------------+--------+
| Epoch         | 3/20   |
| Cycle         | 0/20   |
| Episodes      | 3050   |
| Timesteps     | 152500 |
| TimeCost(sec) | 77.459 |
| Pi_q_loss     | 4.156  |
| Pi_l2_loss    | 0.106  |
| Q_loss        | 0.003  |
| Success       | 0.07   |
+---------------+--------+
2021-12-14 23:57:58 her-mep
+---------------+--------+
| Epoch         | 3/20   |
| Cycle         | 1/20   |
| Episodes      | 3100   |
| Timesteps     | 155000 |
| TimeCost(sec) | 80.053 |
| Pi_q_loss     | 2.117  |
| Pi_l2_loss    | 0.064  |
| Q_loss        | 0.002  |
| Success       | 0.05   |
+---------------+--------+
2021-12-14 23:59:24 her-mep
+---------------+--------+
| Epoch         | 3/20   |
| Cycle         | 2/20   |
| Episodes      | 3150   |
| Timesteps     | 157500 |
| TimeCost(sec) | 86.063 |
| Pi_q_loss     | 2.218  |
| Pi_l2_loss    | 0.062  |
| Q_loss        | 0.015  |
| Success       | 0.03   |
+---------------+--------+
2021-12-15 00:00:44 her-mep
+---------------+--------+
| Epoch         | 3/20   |
| Cycle         | 3/20   |
| Episodes      | 3200   |
| Timesteps     | 160000 |
| TimeCost(sec) | 79.34  |
| Pi_q_loss     | 2.01   |
| Pi_l2_loss    | 0.107  |
| Q_loss        | 0.001  |
| Success       | 0.09   |
+---------------+--------+
2021-12-15 00:02:03 her-mep
+---------------+--------+
| Epoch         | 3/20   |
| Cycle         | 4/20   |
| Episodes      | 3250   |
| Timesteps     | 162500 |
| TimeCost(sec) | 79.62  |
| Pi_q_loss     | 1.224  |
| Pi_l2_loss    | 0.1    |
| Q_loss        | 0.003  |
| Success       | 0.05   |
+---------------+--------+
2021-12-15 00:03:26 her-mep
+---------------+--------+
| Epoch         | 3/20   |
| Cycle         | 5/20   |
| Episodes      | 3300   |
| Timesteps     | 165000 |
| TimeCost(sec) | 81.99  |
| Pi_q_loss     | 2.733  |
| Pi_l2_loss    | 0.074  |
| Q_loss        | 0.007  |
| Success       | 0.07   |
+---------------+--------+
2021-12-15 00:04:46 her-mep
+---------------+--------+
| Epoch         | 3/20   |
| Cycle         | 6/20   |
| Episodes      | 3350   |
| Timesteps     | 167500 |
| TimeCost(sec) | 80.059 |
| Pi_q_loss     | 1.496  |
| Pi_l2_loss    | 0.022  |
| Q_loss        | 0.0    |
| Success       | 0.1    |
+---------------+--------+
2021-12-15 00:06:07 her-mep
+---------------+--------+
| Epoch         | 3/20   |
| Cycle         | 7/20   |
| Episodes      | 3400   |
| Timesteps     | 170000 |
| TimeCost(sec) | 80.657 |
| Pi_q_loss     | 3.059  |
| Pi_l2_loss    | 0.037  |
| Q_loss        | 0.002  |
| Success       | 0.06   |
+---------------+--------+
2021-12-15 00:07:33 her-mep
+---------------+--------+
| Epoch         | 3/20   |
| Cycle         | 8/20   |
| Episodes      | 3450   |
| Timesteps     | 172500 |
| TimeCost(sec) | 85.962 |
| Pi_q_loss     | 2.255  |
| Pi_l2_loss    | 0.047  |
| Q_loss        | 0.022  |
| Success       | 0.08   |
+---------------+--------+
2021-12-15 00:08:51 her-mep
+---------------+--------+
| Epoch         | 3/20   |
| Cycle         | 9/20   |
| Episodes      | 3500   |
| Timesteps     | 175000 |
| TimeCost(sec) | 78.301 |
| Pi_q_loss     | 2.334  |
| Pi_l2_loss    | 0.101  |
| Q_loss        | 0.0    |
| Success       | 0.07   |
+---------------+--------+
2021-12-15 00:10:12 her-mep
+---------------+--------+
| Epoch         | 3/20   |
| Cycle         | 10/20  |
| Episodes      | 3550   |
| Timesteps     | 177500 |
| TimeCost(sec) | 80.546 |
| Pi_q_loss     | 2.052  |
| Pi_l2_loss    | 0.026  |
| Q_loss        | 0.002  |
| Success       | 0.07   |
+---------------+--------+
2021-12-15 00:11:33 her-mep
+---------------+--------+
| Epoch         | 3/20   |
| Cycle         | 11/20  |
| Episodes      | 3600   |
| Timesteps     | 180000 |
| TimeCost(sec) | 80.507 |
| Pi_q_loss     | 3.059  |
| Pi_l2_loss    | 0.125  |
| Q_loss        | 0.003  |
| Success       | 0.02   |
+---------------+--------+
2021-12-15 00:12:53 her-mep
+---------------+--------+
| Epoch         | 3/20   |
| Cycle         | 12/20  |
| Episodes      | 3650   |
| Timesteps     | 182500 |
| TimeCost(sec) | 79.932 |
| Pi_q_loss     | 2.494  |
| Pi_l2_loss    | 0.042  |
| Q_loss        | 0.002  |
| Success       | 0.08   |
+---------------+--------+
2021-12-15 00:14:20 her-mep
+---------------+--------+
| Epoch         | 3/20   |
| Cycle         | 13/20  |
| Episodes      | 3700   |
| Timesteps     | 185000 |
| TimeCost(sec) | 87.654 |
| Pi_q_loss     | 2.465  |
| Pi_l2_loss    | 0.076  |
| Q_loss        | 0.016  |
| Success       | 0.03   |
+---------------+--------+
2021-12-15 00:15:38 her-mep
+---------------+--------+
| Epoch         | 3/20   |
| Cycle         | 14/20  |
| Episodes      | 3750   |
| Timesteps     | 187500 |
| TimeCost(sec) | 77.891 |
| Pi_q_loss     | 3.185  |
| Pi_l2_loss    | 0.06   |
| Q_loss        | 0.0    |
| Success       | 0.07   |
+---------------+--------+
2021-12-15 00:16:59 her-mep
+---------------+--------+
| Epoch         | 3/20   |
| Cycle         | 15/20  |
| Episodes      | 3800   |
| Timesteps     | 190000 |
| TimeCost(sec) | 80.481 |
| Pi_q_loss     | 2.98   |
| Pi_l2_loss    | 0.054  |
| Q_loss        | 0.001  |
| Success       | 0.11   |
+---------------+--------+
2021-12-15 00:18:24 her-mep
+---------------+--------+
| Epoch         | 3/20   |
| Cycle         | 16/20  |
| Episodes      | 3850   |
| Timesteps     | 192500 |
| TimeCost(sec) | 84.345 |
| Pi_q_loss     | 2.272  |
| Pi_l2_loss    | 0.067  |
| Q_loss        | 0.006  |
| Success       | 0.07   |
+---------------+--------+
2021-12-15 00:19:41 her-mep
+---------------+--------+
| Epoch         | 3/20   |
| Cycle         | 17/20  |
| Episodes      | 3900   |
| Timesteps     | 195000 |
| TimeCost(sec) | 77.539 |
| Pi_q_loss     | 1.385  |
| Pi_l2_loss    | 0.067  |
| Q_loss        | 0.0    |
| Success       | 0.04   |
+---------------+--------+
2021-12-15 00:20:59 her-mep
+---------------+--------+
| Epoch         | 3/20   |
| Cycle         | 18/20  |
| Episodes      | 3950   |
| Timesteps     | 197500 |
| TimeCost(sec) | 77.76  |
| Pi_q_loss     | 2.532  |
| Pi_l2_loss    | 0.06   |
| Q_loss        | 0.001  |
| Success       | 0.07   |
+---------------+--------+
2021-12-15 00:22:24 her-mep
+---------------+--------+
| Epoch         | 3/20   |
| Cycle         | 19/20  |
| Episodes      | 4000   |
| Timesteps     | 200000 |
| TimeCost(sec) | 84.57  |
| Pi_q_loss     | 2.653  |
| Pi_l2_loss    | 0.056  |
| Q_loss        | 0.012  |
| Success       | 0.05   |
+---------------+--------+
Saved periodic policy to log/her-mep-ddpg-FetchPush-v1-normal-14-12-2021_22-36-33/!
2021-12-15 00:23:42 her-mep
+---------------+--------+
| Epoch         | 4/20   |
| Cycle         | 0/20   |
| Episodes      | 4050   |
| Timesteps     | 202500 |
| TimeCost(sec) | 77.737 |
| Pi_q_loss     | 2.026  |
| Pi_l2_loss    | 0.053  |
| Q_loss        | 0.0    |
| Success       | 0.07   |
+---------------+--------+
2021-12-15 00:25:00 her-mep
+---------------+--------+
| Epoch         | 4/20   |
| Cycle         | 1/20   |
| Episodes      | 4100   |
| Timesteps     | 205000 |
| TimeCost(sec) | 78.008 |
| Pi_q_loss     | 4.002  |
| Pi_l2_loss    | 0.016  |
| Q_loss        | 0.001  |
| Success       | 0.08   |
+---------------+--------+
2021-12-15 00:26:22 her-mep
+---------------+--------+
| Epoch         | 4/20   |
| Cycle         | 2/20   |
| Episodes      | 4150   |
| Timesteps     | 207500 |
| TimeCost(sec) | 81.645 |
| Pi_q_loss     | 2.796  |
| Pi_l2_loss    | 0.045  |
| Q_loss        | 0.01   |
| Success       | 0.08   |
+---------------+--------+
2021-12-15 00:27:42 her-mep
+---------------+--------+
| Epoch         | 4/20   |
| Cycle         | 3/20   |
| Episodes      | 4200   |
| Timesteps     | 210000 |
| TimeCost(sec) | 79.624 |
| Pi_q_loss     | 2.967  |
| Pi_l2_loss    | 0.033  |
| Q_loss        | 0.001  |
| Success       | 0.04   |
+---------------+--------+
2021-12-15 00:29:01 her-mep
+---------------+--------+
| Epoch         | 4/20   |
| Cycle         | 4/20   |
| Episodes      | 4250   |
| Timesteps     | 212500 |
| TimeCost(sec) | 79.582 |
| Pi_q_loss     | 2.958  |
| Pi_l2_loss    | 0.055  |
| Q_loss        | 0.0    |
| Success       | 0.05   |
+---------------+--------+
2021-12-15 00:30:22 her-mep
+---------------+--------+
| Epoch         | 4/20   |
| Cycle         | 5/20   |
| Episodes      | 4300   |
| Timesteps     | 215000 |
| TimeCost(sec) | 80.234 |
| Pi_q_loss     | 1.928  |
| Pi_l2_loss    | 0.03   |
| Q_loss        | 0.001  |
| Success       | 0.05   |
+---------------+--------+
2021-12-15 00:31:46 her-mep
+---------------+--------+
| Epoch         | 4/20   |
| Cycle         | 6/20   |
| Episodes      | 4350   |
| Timesteps     | 217500 |
| TimeCost(sec) | 84.113 |
| Pi_q_loss     | 3.255  |
| Pi_l2_loss    | 0.027  |
| Q_loss        | 0.005  |
| Success       | 0.06   |
+---------------+--------+
2021-12-15 00:33:03 her-mep
+---------------+--------+
| Epoch         | 4/20   |
| Cycle         | 7/20   |
| Episodes      | 4400   |
| Timesteps     | 220000 |
| TimeCost(sec) | 77.12  |
| Pi_q_loss     | 3.003  |
| Pi_l2_loss    | 0.021  |
| Q_loss        | 0.0    |
| Success       | 0.06   |
+---------------+--------+
2021-12-15 00:34:24 her-mep
+---------------+--------+
| Epoch         | 4/20   |
| Cycle         | 8/20   |
| Episodes      | 4450   |
| Timesteps     | 222500 |
| TimeCost(sec) | 80.731 |
| Pi_q_loss     | 3.433  |
| Pi_l2_loss    | 0.027  |
| Q_loss        | 0.002  |
| Success       | 0.04   |
+---------------+--------+
2021-12-15 00:35:45 her-mep
+---------------+--------+
| Epoch         | 4/20   |
| Cycle         | 9/20   |
| Episodes      | 4500   |
| Timesteps     | 225000 |
| TimeCost(sec) | 81.064 |
| Pi_q_loss     | 3.765  |
| Pi_l2_loss    | 0.026  |
| Q_loss        | 0.001  |
| Success       | 0.04   |
+---------------+--------+
2021-12-15 00:37:08 her-mep
+---------------+--------+
| Epoch         | 4/20   |
| Cycle         | 10/20  |
| Episodes      | 4550   |
| Timesteps     | 227500 |
| TimeCost(sec) | 82.153 |
| Pi_q_loss     | 4.167  |
| Pi_l2_loss    | 0.023  |
| Q_loss        | 0.002  |
| Success       | 0.06   |
+---------------+--------+
2021-12-15 00:38:29 her-mep
+---------------+--------+
| Epoch         | 4/20   |
| Cycle         | 11/20  |
| Episodes      | 4600   |
| Timesteps     | 230000 |
| TimeCost(sec) | 81.373 |
| Pi_q_loss     | 4.503  |
| Pi_l2_loss    | 0.014  |
| Q_loss        | 0.001  |
| Success       | 0.03   |
+---------------+--------+
2021-12-15 00:39:49 her-mep
+---------------+--------+
| Epoch         | 4/20   |
| Cycle         | 12/20  |
| Episodes      | 4650   |
| Timesteps     | 232500 |
| TimeCost(sec) | 79.304 |
| Pi_q_loss     | 4.858  |
| Pi_l2_loss    | 0.006  |
| Q_loss        | 0.001  |
| Success       | 0.05   |
+---------------+--------+
2021-12-15 00:41:10 her-mep
+---------------+--------+
| Epoch         | 4/20   |
| Cycle         | 13/20  |
| Episodes      | 4700   |
| Timesteps     | 235000 |
| TimeCost(sec) | 81.756 |
| Pi_q_loss     | 4.196  |
| Pi_l2_loss    | 0.023  |
| Q_loss        | 0.003  |
| Success       | 0.07   |
+---------------+--------+
2021-12-15 00:42:35 her-mep
+---------------+--------+
| Epoch         | 4/20   |
| Cycle         | 14/20  |
| Episodes      | 4750   |
| Timesteps     | 237500 |
| TimeCost(sec) | 83.951 |
| Pi_q_loss     | 4.234  |
| Pi_l2_loss    | 0.053  |
| Q_loss        | 0.024  |
| Success       | 0.06   |
+---------------+--------+
2021-12-15 00:43:53 her-mep
+---------------+--------+
| Epoch         | 4/20   |
| Cycle         | 15/20  |
| Episodes      | 4800   |
| Timesteps     | 240000 |
| TimeCost(sec) | 78.178 |
| Pi_q_loss     | 6.386  |
| Pi_l2_loss    | 0.013  |
| Q_loss        | 0.001  |
| Success       | 0.01   |
+---------------+--------+
2021-12-15 00:45:22 her-mep
+---------------+--------+
| Epoch         | 4/20   |
| Cycle         | 16/20  |
| Episodes      | 4850   |
| Timesteps     | 242500 |
| TimeCost(sec) | 88.97  |
| Pi_q_loss     | 2.995  |
| Pi_l2_loss    | 0.069  |
| Q_loss        | 0.002  |
| Success       | 0.1    |
+---------------+--------+
2021-12-15 00:46:48 her-mep
+---------------+--------+
| Epoch         | 4/20   |
| Cycle         | 17/20  |
| Episodes      | 4900   |
| Timesteps     | 245000 |
| TimeCost(sec) | 86.318 |
| Pi_q_loss     | 4.416  |
| Pi_l2_loss    | 0.053  |
| Q_loss        | 0.043  |
| Success       | 0.08   |
+---------------+--------+
2021-12-15 00:48:07 her-mep
+---------------+--------+
| Epoch         | 4/20   |
| Cycle         | 18/20  |
| Episodes      | 4950   |
| Timesteps     | 247500 |
| TimeCost(sec) | 78.598 |
| Pi_q_loss     | 5.242  |
| Pi_l2_loss    | 0.036  |
| Q_loss        | 0.0    |
| Success       | 0.05   |
+---------------+--------+
2021-12-15 00:49:27 her-mep
+---------------+--------+
| Epoch         | 4/20   |
| Cycle         | 19/20  |
| Episodes      | 5000   |
| Timesteps     | 250000 |
| TimeCost(sec) | 79.529 |
| Pi_q_loss     | 4.971  |
| Pi_l2_loss    | 0.064  |
| Q_loss        | 0.002  |
| Success       | 0.06   |
+---------------+--------+
Saved periodic policy to log/her-mep-ddpg-FetchPush-v1-normal-14-12-2021_22-36-33/!
2021-12-15 00:50:48 her-mep
+---------------+--------+
| Epoch         | 5/20   |
| Cycle         | 0/20   |
| Episodes      | 5050   |
| Timesteps     | 252500 |
| TimeCost(sec) | 80.953 |
| Pi_q_loss     | 3.499  |
| Pi_l2_loss    | 0.092  |
| Q_loss        | 0.003  |
| Success       | 0.09   |
+---------------+--------+
2021-12-15 00:52:14 her-mep
+---------------+--------+
| Epoch         | 5/20   |
| Cycle         | 1/20   |
| Episodes      | 5100   |
| Timesteps     | 255000 |
| TimeCost(sec) | 85.606 |
| Pi_q_loss     | 3.909  |
| Pi_l2_loss    | 0.088  |
| Q_loss        | 0.02   |
| Success       | 0.04   |
+---------------+--------+
2021-12-15 00:53:32 her-mep
+---------------+--------+
| Epoch         | 5/20   |
| Cycle         | 2/20   |
| Episodes      | 5150   |
| Timesteps     | 257500 |
| TimeCost(sec) | 78.124 |
| Pi_q_loss     | 2.276  |
| Pi_l2_loss    | 0.113  |
| Q_loss        | 0.001  |
| Success       | 0.05   |
+---------------+--------+
2021-12-15 00:55:01 her-mep
+---------------+--------+
| Epoch         | 5/20   |
| Cycle         | 3/20   |
| Episodes      | 5200   |
| Timesteps     | 260000 |
| TimeCost(sec) | 88.76  |
| Pi_q_loss     | 3.591  |
| Pi_l2_loss    | 0.078  |
| Q_loss        | 0.001  |
| Success       | 0.07   |
+---------------+--------+
2021-12-15 00:56:26 her-mep
+---------------+--------+
| Epoch         | 5/20   |
| Cycle         | 4/20   |
| Episodes      | 5250   |
| Timesteps     | 262500 |
| TimeCost(sec) | 84.761 |
| Pi_q_loss     | 3.234  |
| Pi_l2_loss    | 0.072  |
| Q_loss        | 0.007  |
| Success       | 0.08   |
+---------------+--------+
2021-12-15 00:57:44 her-mep
+---------------+--------+
| Epoch         | 5/20   |
| Cycle         | 5/20   |
| Episodes      | 5300   |
| Timesteps     | 265000 |
| TimeCost(sec) | 77.649 |
| Pi_q_loss     | 2.415  |
| Pi_l2_loss    | 0.089  |
| Q_loss        | 0.0    |
| Success       | 0.05   |
+---------------+--------+
2021-12-15 00:59:04 her-mep
+---------------+--------+
| Epoch         | 5/20   |
| Cycle         | 6/20   |
| Episodes      | 5350   |
| Timesteps     | 267500 |
| TimeCost(sec) | 80.19  |
| Pi_q_loss     | 2.879  |
| Pi_l2_loss    | 0.075  |
| Q_loss        | 0.003  |
| Success       | 0.05   |
+---------------+--------+
2021-12-15 01:00:24 her-mep
+---------------+--------+
| Epoch         | 5/20   |
| Cycle         | 7/20   |
| Episodes      | 5400   |
| Timesteps     | 270000 |
| TimeCost(sec) | 79.823 |
| Pi_q_loss     | 3.076  |
| Pi_l2_loss    | 0.081  |
| Q_loss        | 0.001  |
| Success       | 0.09   |
+---------------+--------+
2021-12-15 01:01:44 her-mep
+---------------+--------+
| Epoch         | 5/20   |
| Cycle         | 8/20   |
| Episodes      | 5450   |
| Timesteps     | 272500 |
| TimeCost(sec) | 79.577 |
| Pi_q_loss     | 1.079  |
| Pi_l2_loss    | 0.054  |
| Q_loss        | 0.001  |
| Success       | 0.07   |
+---------------+--------+
2021-12-15 01:03:02 her-mep
+---------------+--------+
| Epoch         | 5/20   |
| Cycle         | 9/20   |
| Episodes      | 5500   |
| Timesteps     | 275000 |
| TimeCost(sec) | 77.633 |
| Pi_q_loss     | 5.652  |
| Pi_l2_loss    | 0.027  |
| Q_loss        | 0.004  |
| Success       | 0.06   |
+---------------+--------+
2021-12-15 01:04:22 her-mep
+---------------+--------+
| Epoch         | 5/20   |
| Cycle         | 10/20  |
| Episodes      | 5550   |
| Timesteps     | 277500 |
| TimeCost(sec) | 80.178 |
| Pi_q_loss     | 2.484  |
| Pi_l2_loss    | 0.072  |
| Q_loss        | 0.003  |
| Success       | 0.07   |
+---------------+--------+
2021-12-15 01:05:42 her-mep
+---------------+--------+
| Epoch         | 5/20   |
| Cycle         | 11/20  |
| Episodes      | 5600   |
| Timesteps     | 280000 |
| TimeCost(sec) | 79.961 |
| Pi_q_loss     | 3.288  |
| Pi_l2_loss    | 0.066  |
| Q_loss        | 0.002  |
| Success       | 0.05   |
+---------------+--------+
2021-12-15 01:07:02 her-mep
+---------------+--------+
| Epoch         | 5/20   |
| Cycle         | 12/20  |
| Episodes      | 5650   |
| Timesteps     | 282500 |
| TimeCost(sec) | 79.431 |
| Pi_q_loss     | 0.293  |
| Pi_l2_loss    | 0.123  |
| Q_loss        | 0.004  |
| Success       | 0.05   |
+---------------+--------+
2021-12-15 01:08:23 her-mep
+---------------+--------+
| Epoch         | 5/20   |
| Cycle         | 13/20  |
| Episodes      | 5700   |
| Timesteps     | 285000 |
| TimeCost(sec) | 81.519 |
| Pi_q_loss     | 2.305  |
| Pi_l2_loss    | 0.143  |
| Q_loss        | 0.008  |
| Success       | 0.13   |
+---------------+--------+
2021-12-15 01:09:44 her-mep
+---------------+--------+
| Epoch         | 5/20   |
| Cycle         | 14/20  |
| Episodes      | 5750   |
| Timesteps     | 287500 |
| TimeCost(sec) | 80.464 |
| Pi_q_loss     | 1.26   |
| Pi_l2_loss    | 0.119  |
| Q_loss        | 0.001  |
| Success       | 0.08   |
+---------------+--------+
2021-12-15 01:11:12 her-mep
+---------------+--------+
| Epoch         | 5/20   |
| Cycle         | 15/20  |
| Episodes      | 5800   |
| Timesteps     | 290000 |
| TimeCost(sec) | 87.744 |
| Pi_q_loss     | 2.084  |
| Pi_l2_loss    | 0.082  |
| Q_loss        | 0.021  |
| Success       | 0.14   |
+---------------+--------+
2021-12-15 01:12:34 her-mep
+---------------+--------+
| Epoch         | 5/20   |
| Cycle         | 16/20  |
| Episodes      | 5850   |
| Timesteps     | 292500 |
| TimeCost(sec) | 82.244 |
| Pi_q_loss     | 2.675  |
| Pi_l2_loss    | 0.07   |
| Q_loss        | 0.0    |
| Success       | 0.09   |
+---------------+--------+
2021-12-15 01:14:06 her-mep
+---------------+--------+
| Epoch         | 5/20   |
| Cycle         | 17/20  |
| Episodes      | 5900   |
| Timesteps     | 295000 |
| TimeCost(sec) | 91.913 |
| Pi_q_loss     | 2.2    |
| Pi_l2_loss    | 0.078  |
| Q_loss        | 0.018  |
| Success       | 0.09   |
+---------------+--------+
2021-12-15 01:15:26 her-mep
+---------------+--------+
| Epoch         | 5/20   |
| Cycle         | 18/20  |
| Episodes      | 5950   |
| Timesteps     | 297500 |
| TimeCost(sec) | 79.844 |
| Pi_q_loss     | 1.672  |
| Pi_l2_loss    | 0.007  |
| Q_loss        | 0.0    |
| Success       | 0.12   |
+---------------+--------+
2021-12-15 01:16:49 her-mep
+---------------+--------+
| Epoch         | 5/20   |
| Cycle         | 19/20  |
| Episodes      | 6000   |
| Timesteps     | 300000 |
| TimeCost(sec) | 82.918 |
| Pi_q_loss     | 2.208  |
| Pi_l2_loss    | 0.063  |
| Q_loss        | 0.002  |
| Success       | 0.03   |
+---------------+--------+
Saved periodic policy to log/her-mep-ddpg-FetchPush-v1-normal-14-12-2021_22-36-33/!
2021-12-15 01:18:11 her-mep
+---------------+--------+
| Epoch         | 6/20   |
| Cycle         | 0/20   |
| Episodes      | 6050   |
| Timesteps     | 302500 |
| TimeCost(sec) | 81.649 |
| Pi_q_loss     | 2.401  |
| Pi_l2_loss    | 0.084  |
| Q_loss        | 0.005  |
| Success       | 0.09   |
+---------------+--------+
2021-12-15 01:19:31 her-mep
+---------------+--------+
| Epoch         | 6/20   |
| Cycle         | 1/20   |
| Episodes      | 6100   |
| Timesteps     | 305000 |
| TimeCost(sec) | 79.571 |
| Pi_q_loss     | 1.749  |
| Pi_l2_loss    | 0.047  |
| Q_loss        | 0.0    |
| Success       | 0.07   |
+---------------+--------+
2021-12-15 01:20:52 her-mep
+---------------+--------+
| Epoch         | 6/20   |
| Cycle         | 2/20   |
| Episodes      | 6150   |
| Timesteps     | 307500 |
| TimeCost(sec) | 81.183 |
| Pi_q_loss     | 2.347  |
| Pi_l2_loss    | 0.037  |
| Q_loss        | 0.001  |
| Success       | 0.05   |
+---------------+--------+
2021-12-15 01:22:18 her-mep
+---------------+--------+
| Epoch         | 6/20   |
| Cycle         | 3/20   |
| Episodes      | 6200   |
| Timesteps     | 310000 |
| TimeCost(sec) | 85.917 |
| Pi_q_loss     | 2.784  |
| Pi_l2_loss    | 0.048  |
| Q_loss        | 0.018  |
| Success       | 0.02   |
+---------------+--------+
2021-12-15 01:23:37 her-mep
+---------------+--------+
| Epoch         | 6/20   |
| Cycle         | 4/20   |
| Episodes      | 6250   |
| Timesteps     | 312500 |
| TimeCost(sec) | 78.196 |
| Pi_q_loss     | 3.484  |
| Pi_l2_loss    | 0.039  |
| Q_loss        | 0.0    |
| Success       | 0.06   |
+---------------+--------+
2021-12-15 01:25:01 her-mep
+---------------+--------+
| Epoch         | 6/20   |
| Cycle         | 5/20   |
| Episodes      | 6300   |
| Timesteps     | 315000 |
| TimeCost(sec) | 83.704 |
| Pi_q_loss     | 2.662  |
| Pi_l2_loss    | 0.04   |
| Q_loss        | 0.002  |
| Success       | 0.05   |
+---------------+--------+
2021-12-15 01:26:28 her-mep
+---------------+--------+
| Epoch         | 6/20   |
| Cycle         | 6/20   |
| Episodes      | 6350   |
| Timesteps     | 317500 |
| TimeCost(sec) | 87.552 |
| Pi_q_loss     | 3.001  |
| Pi_l2_loss    | 0.052  |
| Q_loss        | 0.004  |
| Success       | 0.07   |
+---------------+--------+
2021-12-15 01:27:52 her-mep
+---------------+--------+
| Epoch         | 6/20   |
| Cycle         | 7/20   |
| Episodes      | 6400   |
| Timesteps     | 320000 |
| TimeCost(sec) | 83.453 |
| Pi_q_loss     | 3.263  |
| Pi_l2_loss    | 0.041  |
| Q_loss        | 0.006  |
| Success       | 0.07   |
+---------------+--------+
2021-12-15 01:29:13 her-mep
+---------------+--------+
| Epoch         | 6/20   |
| Cycle         | 8/20   |
| Episodes      | 6450   |
| Timesteps     | 322500 |
| TimeCost(sec) | 80.495 |
| Pi_q_loss     | 4.078  |
| Pi_l2_loss    | 0.025  |
| Q_loss        | 0.0    |
| Success       | 0.02   |
+---------------+--------+
2021-12-15 01:30:35 her-mep
+---------------+--------+
| Epoch         | 6/20   |
| Cycle         | 9/20   |
| Episodes      | 6500   |
| Timesteps     | 325000 |
| TimeCost(sec) | 82.449 |
| Pi_q_loss     | 2.65   |
| Pi_l2_loss    | 0.069  |
| Q_loss        | 0.006  |
| Success       | 0.03   |
+---------------+--------+
2021-12-15 01:31:56 her-mep
+---------------+--------+
| Epoch         | 6/20   |
| Cycle         | 10/20  |
| Episodes      | 6550   |
| Timesteps     | 327500 |
| TimeCost(sec) | 80.985 |
| Pi_q_loss     | 3.697  |
| Pi_l2_loss    | 0.062  |
| Q_loss        | 0.001  |
| Success       | 0.07   |
+---------------+--------+
2021-12-15 01:33:24 her-mep
+---------------+--------+
| Epoch         | 6/20   |
| Cycle         | 11/20  |
| Episodes      | 6600   |
| Timesteps     | 330000 |
| TimeCost(sec) | 87.567 |
| Pi_q_loss     | 3.195  |
| Pi_l2_loss    | 0.056  |
| Q_loss        | 0.014  |
| Success       | 0.02   |
+---------------+--------+
2021-12-15 01:34:44 her-mep
+---------------+--------+
| Epoch         | 6/20   |
| Cycle         | 12/20  |
| Episodes      | 6650   |
| Timesteps     | 332500 |
| TimeCost(sec) | 79.802 |
| Pi_q_loss     | 2.137  |
| Pi_l2_loss    | 0.088  |
| Q_loss        | 0.0    |
| Success       | 0.06   |
+---------------+--------+
2021-12-15 01:36:04 her-mep
+---------------+--------+
| Epoch         | 6/20   |
| Cycle         | 13/20  |
| Episodes      | 6700   |
| Timesteps     | 335000 |
| TimeCost(sec) | 79.539 |
| Pi_q_loss     | 4.191  |
| Pi_l2_loss    | 0.044  |
| Q_loss        | 0.001  |
| Success       | 0.11   |
+---------------+--------+
2021-12-15 01:37:30 her-mep
+---------------+--------+
| Epoch         | 6/20   |
| Cycle         | 14/20  |
| Episodes      | 6750   |
| Timesteps     | 337500 |
| TimeCost(sec) | 85.971 |
| Pi_q_loss     | 3.294  |
| Pi_l2_loss    | 0.055  |
| Q_loss        | 0.012  |
| Success       | 0.06   |
+---------------+--------+
2021-12-15 01:38:50 her-mep
+---------------+--------+
| Epoch         | 6/20   |
| Cycle         | 15/20  |
| Episodes      | 6800   |
| Timesteps     | 340000 |
| TimeCost(sec) | 79.512 |
| Pi_q_loss     | 2.337  |
| Pi_l2_loss    | 0.139  |
| Q_loss        | 0.001  |
| Success       | 0.06   |
+---------------+--------+
2021-12-15 01:40:09 her-mep
+---------------+--------+
| Epoch         | 6/20   |
| Cycle         | 16/20  |
| Episodes      | 6850   |
| Timesteps     | 342500 |
| TimeCost(sec) | 79.165 |
| Pi_q_loss     | 3.02   |
| Pi_l2_loss    | 0.037  |
| Q_loss        | 0.002  |
| Success       | 0.07   |
+---------------+--------+
2021-12-15 01:41:33 her-mep
+---------------+--------+
| Epoch         | 6/20   |
| Cycle         | 17/20  |
| Episodes      | 6900   |
| Timesteps     | 345000 |
| TimeCost(sec) | 84.223 |
| Pi_q_loss     | 3.205  |
| Pi_l2_loss    | 0.05   |
| Q_loss        | 0.004  |
| Success       | 0.06   |
+---------------+--------+
2021-12-15 01:42:51 her-mep
+---------------+--------+
| Epoch         | 6/20   |
| Cycle         | 18/20  |
| Episodes      | 6950   |
| Timesteps     | 347500 |
| TimeCost(sec) | 77.889 |
| Pi_q_loss     | 4.0    |
| Pi_l2_loss    | 0.028  |
| Q_loss        | 0.0    |
| Success       | 0.08   |
+---------------+--------+
2021-12-15 01:44:13 her-mep
+---------------+--------+
| Epoch         | 6/20   |
| Cycle         | 19/20  |
| Episodes      | 7000   |
| Timesteps     | 350000 |
| TimeCost(sec) | 81.774 |
| Pi_q_loss     | 3.741  |
| Pi_l2_loss    | 0.042  |
| Q_loss        | 0.002  |
| Success       | 0.12   |
+---------------+--------+
Saved periodic policy to log/her-mep-ddpg-FetchPush-v1-normal-14-12-2021_22-36-33/!
2021-12-15 01:45:39 her-mep
+---------------+--------+
| Epoch         | 7/20   |
| Cycle         | 0/20   |
| Episodes      | 7050   |
| Timesteps     | 352500 |
| TimeCost(sec) | 85.152 |
| Pi_q_loss     | 3.515  |
| Pi_l2_loss    | 0.044  |
| Q_loss        | 0.011  |
| Success       | 0.05   |
+---------------+--------+
2021-12-15 01:46:59 her-mep
+---------------+--------+
| Epoch         | 7/20   |
| Cycle         | 1/20   |
| Episodes      | 7100   |
| Timesteps     | 355000 |
| TimeCost(sec) | 80.039 |
| Pi_q_loss     | 3.601  |
| Pi_l2_loss    | 0.04   |
| Q_loss        | 0.0    |
| Success       | 0.05   |
+---------------+--------+
2021-12-15 01:48:19 her-mep
+---------------+--------+
| Epoch         | 7/20   |
| Cycle         | 2/20   |
| Episodes      | 7150   |
| Timesteps     | 357500 |
| TimeCost(sec) | 79.5   |
| Pi_q_loss     | 5.544  |
| Pi_l2_loss    | 0.056  |
| Q_loss        | 0.002  |
| Success       | 0.06   |
+---------------+--------+
2021-12-15 01:49:41 her-mep
+---------------+--------+
| Epoch         | 7/20   |
| Cycle         | 3/20   |
| Episodes      | 7200   |
| Timesteps     | 360000 |
| TimeCost(sec) | 82.111 |
| Pi_q_loss     | 3.525  |
| Pi_l2_loss    | 0.068  |
| Q_loss        | 0.001  |
| Success       | 0.04   |
+---------------+--------+
2021-12-15 01:51:06 her-mep
+---------------+--------+
| Epoch         | 7/20   |
| Cycle         | 4/20   |
| Episodes      | 7250   |
| Timesteps     | 362500 |
| TimeCost(sec) | 85.063 |
| Pi_q_loss     | 3.734  |
| Pi_l2_loss    | 0.068  |
| Q_loss        | 0.016  |
| Success       | 0.09   |
+---------------+--------+
2021-12-15 01:52:25 her-mep
+---------------+--------+
| Epoch         | 7/20   |
| Cycle         | 5/20   |
| Episodes      | 7300   |
| Timesteps     | 365000 |
| TimeCost(sec) | 79.117 |
| Pi_q_loss     | 3.262  |
| Pi_l2_loss    | 0.02   |
| Q_loss        | 0.0    |
| Success       | 0.06   |
+---------------+--------+
2021-12-15 01:53:48 her-mep
+---------------+--------+
| Epoch         | 7/20   |
| Cycle         | 6/20   |
| Episodes      | 7350   |
| Timesteps     | 367500 |
| TimeCost(sec) | 82.124 |
| Pi_q_loss     | 3.781  |
| Pi_l2_loss    | 0.073  |
| Q_loss        | 0.002  |
| Success       | 0.06   |
+---------------+--------+
2021-12-15 01:55:07 her-mep
+---------------+--------+
| Epoch         | 7/20   |
| Cycle         | 7/20   |
| Episodes      | 7400   |
| Timesteps     | 370000 |
| TimeCost(sec) | 79.406 |
| Pi_q_loss     | 4.308  |
| Pi_l2_loss    | 0.048  |
| Q_loss        | 0.001  |
| Success       | 0.1    |
+---------------+--------+
2021-12-15 01:56:28 her-mep
+---------------+--------+
| Epoch         | 7/20   |
| Cycle         | 8/20   |
| Episodes      | 7450   |
| Timesteps     | 372500 |
| TimeCost(sec) | 80.71  |
| Pi_q_loss     | 4.029  |
| Pi_l2_loss    | 0.053  |
| Q_loss        | 0.002  |
| Success       | 0.09   |
+---------------+--------+
2021-12-15 01:57:52 her-mep
+---------------+--------+
| Epoch         | 7/20   |
| Cycle         | 9/20   |
| Episodes      | 7500   |
| Timesteps     | 375000 |
| TimeCost(sec) | 84.278 |
| Pi_q_loss     | 3.063  |
| Pi_l2_loss    | 0.066  |
| Q_loss        | 0.007  |
| Success       | 0.04   |
+---------------+--------+
2021-12-15 01:59:11 her-mep
+---------------+--------+
| Epoch         | 7/20   |
| Cycle         | 10/20  |
| Episodes      | 7550   |
| Timesteps     | 377500 |
| TimeCost(sec) | 78.259 |
| Pi_q_loss     | 5.741  |
| Pi_l2_loss    | 0.031  |
| Q_loss        | 0.011  |
| Success       | 0.07   |
+---------------+--------+
2021-12-15 02:00:34 her-mep
+---------------+--------+
| Epoch         | 7/20   |
| Cycle         | 11/20  |
| Episodes      | 7600   |
| Timesteps     | 380000 |
| TimeCost(sec) | 82.575 |
| Pi_q_loss     | 3.188  |
| Pi_l2_loss    | 0.115  |
| Q_loss        | 0.011  |
| Success       | 0.08   |
+---------------+--------+
2021-12-15 02:01:58 her-mep
+---------------+--------+
| Epoch         | 7/20   |
| Cycle         | 12/20  |
| Episodes      | 7650   |
| Timesteps     | 382500 |
| TimeCost(sec) | 84.592 |
| Pi_q_loss     | 2.915  |
| Pi_l2_loss    | 0.097  |
| Q_loss        | 0.066  |
| Success       | 0.04   |
+---------------+--------+
2021-12-15 02:03:17 her-mep
+---------------+--------+
| Epoch         | 7/20   |
| Cycle         | 13/20  |
| Episodes      | 7700   |
| Timesteps     | 385000 |
| TimeCost(sec) | 79.007 |
| Pi_q_loss     | 2.634  |
| Pi_l2_loss    | 0.258  |
| Q_loss        | 0.01   |
| Success       | 0.06   |
+---------------+--------+
2021-12-15 02:04:38 her-mep
+---------------+--------+
| Epoch         | 7/20   |
| Cycle         | 14/20  |
| Episodes      | 7750   |
| Timesteps     | 387500 |
| TimeCost(sec) | 80.282 |
| Pi_q_loss     | 1.688  |
| Pi_l2_loss    | 0.092  |
| Q_loss        | 0.003  |
| Success       | 0.06   |
+---------------+--------+
2021-12-15 02:05:58 her-mep
+---------------+--------+
| Epoch         | 7/20   |
| Cycle         | 15/20  |
| Episodes      | 7800   |
| Timesteps     | 390000 |
| TimeCost(sec) | 80.208 |
| Pi_q_loss     | 1.905  |
| Pi_l2_loss    | 0.083  |
| Q_loss        | 0.003  |
| Success       | 0.06   |
+---------------+--------+
2021-12-15 02:07:27 her-mep
+---------------+--------+
| Epoch         | 7/20   |
| Cycle         | 16/20  |
| Episodes      | 7850   |
| Timesteps     | 392500 |
| TimeCost(sec) | 88.765 |
| Pi_q_loss     | 2.152  |
| Pi_l2_loss    | 0.082  |
| Q_loss        | 0.029  |
| Success       | 0.08   |
+---------------+--------+
2021-12-15 02:08:46 her-mep
+---------------+--------+
| Epoch         | 7/20   |
| Cycle         | 17/20  |
| Episodes      | 7900   |
| Timesteps     | 395000 |
| TimeCost(sec) | 78.362 |
| Pi_q_loss     | 2.31   |
| Pi_l2_loss    | 0.068  |
| Q_loss        | 0.001  |
| Success       | 0.08   |
+---------------+--------+
2021-12-15 02:10:05 her-mep
+---------------+--------+
| Epoch         | 7/20   |
| Cycle         | 18/20  |
| Episodes      | 7950   |
| Timesteps     | 397500 |
| TimeCost(sec) | 79.698 |
| Pi_q_loss     | 1.798  |
| Pi_l2_loss    | 0.086  |
| Q_loss        | 0.005  |
| Success       | 0.04   |
+---------------+--------+
2021-12-15 02:11:24 her-mep
+---------------+--------+
| Epoch         | 7/20   |
| Cycle         | 19/20  |
| Episodes      | 8000   |
| Timesteps     | 400000 |
| TimeCost(sec) | 78.775 |
| Pi_q_loss     | 0.819  |
| Pi_l2_loss    | 0.059  |
| Q_loss        | 0.001  |
| Success       | 0.14   |
+---------------+--------+
Saved periodic policy to log/her-mep-ddpg-FetchPush-v1-normal-14-12-2021_22-36-33/!
2021-12-15 02:12:49 her-mep
+---------------+--------+
| Epoch         | 8/20   |
| Cycle         | 0/20   |
| Episodes      | 8050   |
| Timesteps     | 402500 |
| TimeCost(sec) | 84.764 |
| Pi_q_loss     | 2.164  |
| Pi_l2_loss    | 0.058  |
| Q_loss        | 0.03   |
| Success       | 0.07   |
+---------------+--------+
2021-12-15 02:14:07 her-mep
+---------------+--------+
| Epoch         | 8/20   |
| Cycle         | 1/20   |
| Episodes      | 8100   |
| Timesteps     | 405000 |
| TimeCost(sec) | 77.184 |
| Pi_q_loss     | 3.674  |
| Pi_l2_loss    | 0.011  |
| Q_loss        | 0.0    |
| Success       | 0.05   |
+---------------+--------+
2021-12-15 02:15:26 her-mep
+---------------+--------+
| Epoch         | 8/20   |
| Cycle         | 2/20   |
| Episodes      | 8150   |
| Timesteps     | 407500 |
| TimeCost(sec) | 78.82  |
| Pi_q_loss     | 2.826  |
| Pi_l2_loss    | 0.11   |
| Q_loss        | 0.007  |
| Success       | 0.09   |
+---------------+--------+
2021-12-15 02:16:48 her-mep
+---------------+--------+
| Epoch         | 8/20   |
| Cycle         | 3/20   |
| Episodes      | 8200   |
| Timesteps     | 410000 |
| TimeCost(sec) | 81.578 |
| Pi_q_loss     | 1.943  |
| Pi_l2_loss    | 0.131  |
| Q_loss        | 0.007  |
| Success       | 0.06   |
+---------------+--------+
2021-12-15 02:18:12 her-mep
+---------------+--------+
| Epoch         | 8/20   |
| Cycle         | 4/20   |
| Episodes      | 8250   |
| Timesteps     | 412500 |
| TimeCost(sec) | 84.141 |
| Pi_q_loss     | 2.632  |
| Pi_l2_loss    | 0.065  |
| Q_loss        | 0.005  |
| Success       | 0.08   |
+---------------+--------+
2021-12-15 02:19:32 her-mep
+---------------+--------+
| Epoch         | 8/20   |
| Cycle         | 5/20   |
| Episodes      | 8300   |
| Timesteps     | 415000 |
| TimeCost(sec) | 80.088 |
| Pi_q_loss     | 1.159  |
| Pi_l2_loss    | 0.065  |
| Q_loss        | 0.0    |
| Success       | 0.09   |
+---------------+--------+
2021-12-15 02:20:53 her-mep
+---------------+--------+
| Epoch         | 8/20   |
| Cycle         | 6/20   |
| Episodes      | 8350   |
| Timesteps     | 417500 |
| TimeCost(sec) | 80.452 |
| Pi_q_loss     | 1.402  |
| Pi_l2_loss    | 0.1    |
| Q_loss        | 0.002  |
| Success       | 0.08   |
+---------------+--------+
2021-12-15 02:22:19 her-mep
+---------------+--------+
| Epoch         | 8/20   |
| Cycle         | 7/20   |
| Episodes      | 8400   |
| Timesteps     | 420000 |
| TimeCost(sec) | 86.286 |
| Pi_q_loss     | 2.202  |
| Pi_l2_loss    | 0.069  |
| Q_loss        | 0.02   |
| Success       | 0.04   |
+---------------+--------+
2021-12-15 02:23:38 her-mep
+---------------+--------+
| Epoch         | 8/20   |
| Cycle         | 8/20   |
| Episodes      | 8450   |
| Timesteps     | 422500 |
| TimeCost(sec) | 78.872 |
| Pi_q_loss     | 2.716  |
| Pi_l2_loss    | 0.021  |
| Q_loss        | 0.001  |
| Success       | 0.1    |
+---------------+--------+
2021-12-15 02:25:00 her-mep
+---------------+--------+
| Epoch         | 8/20   |
| Cycle         | 9/20   |
| Episodes      | 8500   |
| Timesteps     | 425000 |
| TimeCost(sec) | 81.291 |
| Pi_q_loss     | 2.483  |
| Pi_l2_loss    | 0.096  |
| Q_loss        | 0.002  |
| Success       | 0.06   |
+---------------+--------+
2021-12-15 02:26:20 her-mep
+---------------+--------+
| Epoch         | 8/20   |
| Cycle         | 10/20  |
| Episodes      | 8550   |
| Timesteps     | 427500 |
| TimeCost(sec) | 80.231 |
| Pi_q_loss     | 1.973  |
| Pi_l2_loss    | 0.124  |
| Q_loss        | 0.002  |
| Success       | 0.05   |
+---------------+--------+
2021-12-15 02:27:39 her-mep
+---------------+--------+
| Epoch         | 8/20   |
| Cycle         | 11/20  |
| Episodes      | 8600   |
| Timesteps     | 430000 |
| TimeCost(sec) | 78.873 |
| Pi_q_loss     | 2.041  |
| Pi_l2_loss    | 0.099  |
| Q_loss        | 0.004  |
| Success       | 0.03   |
+---------------+--------+
2021-12-15 02:28:59 her-mep
+---------------+--------+
| Epoch         | 8/20   |
| Cycle         | 12/20  |
| Episodes      | 8650   |
| Timesteps     | 432500 |
| TimeCost(sec) | 80.068 |
| Pi_q_loss     | 0.503  |
| Pi_l2_loss    | 0.039  |
| Q_loss        | 0.0    |
| Success       | 0.1    |
+---------------+--------+
2021-12-15 02:30:26 her-mep
+---------------+--------+
| Epoch         | 8/20   |
| Cycle         | 13/20  |
| Episodes      | 8700   |
| Timesteps     | 435000 |
| TimeCost(sec) | 86.252 |
| Pi_q_loss     | 2.202  |
| Pi_l2_loss    | 0.063  |
| Q_loss        | 0.025  |
| Success       | 0.09   |
+---------------+--------+
2021-12-15 02:31:43 her-mep
+---------------+--------+
| Epoch         | 8/20   |
| Cycle         | 14/20  |
| Episodes      | 8750   |
| Timesteps     | 437500 |
| TimeCost(sec) | 77.562 |
| Pi_q_loss     | 1.821  |
| Pi_l2_loss    | 0.057  |
| Q_loss        | 0.0    |
| Success       | 0.04   |
+---------------+--------+
2021-12-15 02:33:00 her-mep
+---------------+--------+
| Epoch         | 8/20   |
| Cycle         | 15/20  |
| Episodes      | 8800   |
| Timesteps     | 440000 |
| TimeCost(sec) | 76.582 |
| Pi_q_loss     | 1.951  |
| Pi_l2_loss    | 0.055  |
| Q_loss        | 0.0    |
| Success       | 0.03   |
+---------------+--------+
2021-12-15 02:34:20 her-mep
+---------------+--------+
| Epoch         | 8/20   |
| Cycle         | 16/20  |
| Episodes      | 8850   |
| Timesteps     | 442500 |
| TimeCost(sec) | 80.121 |
| Pi_q_loss     | 1.958  |
| Pi_l2_loss    | 0.034  |
| Q_loss        | 0.001  |
| Success       | 0.09   |
+---------------+--------+
2021-12-15 02:35:44 her-mep
+---------------+--------+
| Epoch         | 8/20   |
| Cycle         | 17/20  |
| Episodes      | 8900   |
| Timesteps     | 445000 |
| TimeCost(sec) | 83.82  |
| Pi_q_loss     | 2.027  |
| Pi_l2_loss    | 0.062  |
| Q_loss        | 0.015  |
| Success       | 0.06   |
+---------------+--------+
2021-12-15 02:37:02 her-mep
+---------------+--------+
| Epoch         | 8/20   |
| Cycle         | 18/20  |
| Episodes      | 8950   |
| Timesteps     | 447500 |
| TimeCost(sec) | 77.968 |
| Pi_q_loss     | 0.773  |
| Pi_l2_loss    | 0.046  |
| Q_loss        | 0.0    |
| Success       | 0.1    |
+---------------+--------+
2021-12-15 02:38:27 her-mep
+---------------+--------+
| Epoch         | 8/20   |
| Cycle         | 19/20  |
| Episodes      | 9000   |
| Timesteps     | 450000 |
| TimeCost(sec) | 84.661 |
| Pi_q_loss     | 2.22   |
| Pi_l2_loss    | 0.045  |
| Q_loss        | 0.005  |
| Success       | 0.04   |
+---------------+--------+
Saved periodic policy to log/her-mep-ddpg-FetchPush-v1-normal-14-12-2021_22-36-33/!
2021-12-15 02:39:48 her-mep
+---------------+--------+
| Epoch         | 9/20   |
| Cycle         | 0/20   |
| Episodes      | 9050   |
| Timesteps     | 452500 |
| TimeCost(sec) | 80.663 |
| Pi_q_loss     | 2.248  |
| Pi_l2_loss    | 0.076  |
| Q_loss        | 0.003  |
| Success       | 0.06   |
+---------------+--------+
2021-12-15 02:41:12 her-mep
+---------------+--------+
| Epoch         | 9/20   |
| Cycle         | 1/20   |
| Episodes      | 9100   |
| Timesteps     | 455000 |
| TimeCost(sec) | 84.142 |
| Pi_q_loss     | 2.495  |
| Pi_l2_loss    | 0.053  |
| Q_loss        | 0.014  |
| Success       | 0.04   |
+---------------+--------+
2021-12-15 02:42:30 her-mep
+---------------+--------+
| Epoch         | 9/20   |
| Cycle         | 2/20   |
| Episodes      | 9150   |
| Timesteps     | 457500 |
| TimeCost(sec) | 77.726 |
| Pi_q_loss     | 1.865  |
| Pi_l2_loss    | 0.102  |
| Q_loss        | 0.001  |
| Success       | 0.07   |
+---------------+--------+
2021-12-15 02:43:49 her-mep
+---------------+--------+
| Epoch         | 9/20   |
| Cycle         | 3/20   |
| Episodes      | 9200   |
| Timesteps     | 460000 |
| TimeCost(sec) | 78.206 |
| Pi_q_loss     | 1.895  |
| Pi_l2_loss    | 0.083  |
| Q_loss        | 0.0    |
| Success       | 0.06   |
+---------------+--------+
2021-12-15 02:45:09 her-mep
+---------------+--------+
| Epoch         | 9/20   |
| Cycle         | 4/20   |
| Episodes      | 9250   |
| Timesteps     | 462500 |
| TimeCost(sec) | 80.57  |
| Pi_q_loss     | 2.823  |
| Pi_l2_loss    | 0.05   |
| Q_loss        | 0.002  |
| Success       | 0.04   |
+---------------+--------+
2021-12-15 02:46:34 her-mep
+---------------+--------+
| Epoch         | 9/20   |
| Cycle         | 5/20   |
| Episodes      | 9300   |
| Timesteps     | 465000 |
| TimeCost(sec) | 84.878 |
| Pi_q_loss     | 2.599  |
| Pi_l2_loss    | 0.054  |
| Q_loss        | 0.012  |
| Success       | 0.08   |
+---------------+--------+
2021-12-15 02:47:53 her-mep
+---------------+--------+
| Epoch         | 9/20   |
| Cycle         | 6/20   |
| Episodes      | 9350   |
| Timesteps     | 467500 |
| TimeCost(sec) | 78.717 |
| Pi_q_loss     | 3.679  |
| Pi_l2_loss    | 0.023  |
| Q_loss        | 0.0    |
| Success       | 0.08   |
+---------------+--------+
2021-12-15 02:49:23 her-mep
+---------------+--------+
| Epoch         | 9/20   |
| Cycle         | 7/20   |
| Episodes      | 9400   |
| Timesteps     | 470000 |
| TimeCost(sec) | 89.807 |
| Pi_q_loss     | 3.059  |
| Pi_l2_loss    | 0.041  |
| Q_loss        | 0.029  |
| Success       | 0.03   |
+---------------+--------+
2021-12-15 02:50:42 her-mep
+---------------+--------+
| Epoch         | 9/20   |
| Cycle         | 8/20   |
| Episodes      | 9450   |
| Timesteps     | 472500 |
| TimeCost(sec) | 78.987 |
| Pi_q_loss     | 1.468  |
| Pi_l2_loss    | 0.064  |
| Q_loss        | 0.001  |
| Success       | 0.08   |
+---------------+--------+
2021-12-15 02:52:03 her-mep
+---------------+--------+
| Epoch         | 9/20   |
| Cycle         | 9/20   |
| Episodes      | 9500   |
| Timesteps     | 475000 |
| TimeCost(sec) | 80.448 |
| Pi_q_loss     | 3.882  |
| Pi_l2_loss    | 0.032  |
| Q_loss        | 0.005  |
| Success       | 0.05   |
+---------------+--------+
2021-12-15 02:53:24 her-mep
+---------------+--------+
| Epoch         | 9/20   |
| Cycle         | 10/20  |
| Episodes      | 9550   |
| Timesteps     | 477500 |
| TimeCost(sec) | 81.247 |
| Pi_q_loss     | 2.9    |
| Pi_l2_loss    | 0.03   |
| Q_loss        | 0.001  |
| Success       | 0.06   |
+---------------+--------+
2021-12-15 02:54:46 her-mep
+---------------+--------+
| Epoch         | 9/20   |
| Cycle         | 11/20  |
| Episodes      | 9600   |
| Timesteps     | 480000 |
| TimeCost(sec) | 81.552 |
| Pi_q_loss     | 3.077  |
| Pi_l2_loss    | 0.071  |
| Q_loss        | 0.002  |
| Success       | 0.05   |
+---------------+--------+
2021-12-15 02:56:08 her-mep
+---------------+--------+
| Epoch         | 9/20   |
| Cycle         | 12/20  |
| Episodes      | 9650   |
| Timesteps     | 482500 |
| TimeCost(sec) | 81.935 |
| Pi_q_loss     | 3.928  |
| Pi_l2_loss    | 0.029  |
| Q_loss        | 0.002  |
| Success       | 0.04   |
+---------------+--------+
2021-12-15 02:57:33 her-mep
+---------------+--------+
| Epoch         | 9/20   |
| Cycle         | 13/20  |
| Episodes      | 9700   |
| Timesteps     | 485000 |
| TimeCost(sec) | 84.491 |
| Pi_q_loss     | 3.738  |
| Pi_l2_loss    | 0.048  |
| Q_loss        | 0.014  |
| Success       | 0.09   |
+---------------+--------+
2021-12-15 02:58:52 her-mep
+---------------+--------+
| Epoch         | 9/20   |
| Cycle         | 14/20  |
| Episodes      | 9750   |
| Timesteps     | 487500 |
| TimeCost(sec) | 79.164 |
| Pi_q_loss     | 4.045  |
| Pi_l2_loss    | 0.027  |
| Q_loss        | 0.001  |
| Success       | 0.1    |
+---------------+--------+
2021-12-15 03:00:15 her-mep
+---------------+--------+
| Epoch         | 9/20   |
| Cycle         | 15/20  |
| Episodes      | 9800   |
| Timesteps     | 490000 |
| TimeCost(sec) | 82.103 |
| Pi_q_loss     | 3.944  |
| Pi_l2_loss    | 0.068  |
| Q_loss        | 0.01   |
| Success       | 0.12   |
+---------------+--------+
2021-12-15 03:01:38 her-mep
+---------------+--------+
| Epoch         | 9/20   |
| Cycle         | 16/20  |
| Episodes      | 9850   |
| Timesteps     | 492500 |
| TimeCost(sec) | 83.229 |
| Pi_q_loss     | 4.27   |
| Pi_l2_loss    | 0.096  |
| Q_loss        | 0.02   |
| Success       | 0.11   |
+---------------+--------+
2021-12-15 03:02:58 her-mep
+---------------+--------+
| Epoch         | 9/20   |
| Cycle         | 17/20  |
| Episodes      | 9900   |
| Timesteps     | 495000 |
| TimeCost(sec) | 80.358 |
| Pi_q_loss     | 4.042  |
| Pi_l2_loss    | 0.079  |
| Q_loss        | 0.006  |
| Success       | 0.04   |
+---------------+--------+
2021-12-15 03:04:18 her-mep
+---------------+--------+
| Epoch         | 9/20   |
| Cycle         | 18/20  |
| Episodes      | 9950   |
| Timesteps     | 497500 |
| TimeCost(sec) | 79.386 |
| Pi_q_loss     | 1.719  |
| Pi_l2_loss    | 0.078  |
| Q_loss        | 0.002  |
| Success       | 0.11   |
+---------------+--------+
2021-12-15 03:05:42 her-mep
+---------------+--------+
| Epoch         | 9/20   |
| Cycle         | 19/20  |
| Episodes      | 10000  |
| Timesteps     | 500000 |
| TimeCost(sec) | 83.484 |
| Pi_q_loss     | 3.089  |
| Pi_l2_loss    | 0.045  |
| Q_loss        | 0.018  |
| Success       | 0.09   |
+---------------+--------+
Saved periodic policy to log/her-mep-ddpg-FetchPush-v1-normal-14-12-2021_22-36-33/!
2021-12-15 03:07:02 her-mep
+---------------+--------+
| Epoch         | 10/20  |
| Cycle         | 0/20   |
| Episodes      | 10050  |
| Timesteps     | 502500 |
| TimeCost(sec) | 79.985 |
| Pi_q_loss     | 2.146  |
| Pi_l2_loss    | 0.065  |
| Q_loss        | 0.002  |
| Success       | 0.07   |
+---------------+--------+
2021-12-15 03:08:28 her-mep
+---------------+--------+
| Epoch         | 10/20  |
| Cycle         | 1/20   |
| Episodes      | 10100  |
| Timesteps     | 505000 |
| TimeCost(sec) | 85.403 |
| Pi_q_loss     | 3.849  |
| Pi_l2_loss    | 0.049  |
| Q_loss        | 0.043  |
| Success       | 0.05   |
+---------------+--------+
2021-12-15 03:09:46 her-mep
+---------------+--------+
| Epoch         | 10/20  |
| Cycle         | 2/20   |
| Episodes      | 10150  |
| Timesteps     | 507500 |
| TimeCost(sec) | 78.469 |
| Pi_q_loss     | 2.666  |
| Pi_l2_loss    | 0.017  |
| Q_loss        | 0.001  |
| Success       | 0.08   |
+---------------+--------+
2021-12-15 03:11:08 her-mep
+---------------+--------+
| Epoch         | 10/20  |
| Cycle         | 3/20   |
| Episodes      | 10200  |
| Timesteps     | 510000 |
| TimeCost(sec) | 81.489 |
| Pi_q_loss     | 5.027  |
| Pi_l2_loss    | 0.058  |
| Q_loss        | 0.014  |
| Success       | 0.06   |
+---------------+--------+
2021-12-15 03:12:33 her-mep
+---------------+--------+
| Epoch         | 10/20  |
| Cycle         | 4/20   |
| Episodes      | 10250  |
| Timesteps     | 512500 |
| TimeCost(sec) | 84.74  |
| Pi_q_loss     | 3.676  |
| Pi_l2_loss    | 0.029  |
| Q_loss        | 0.035  |
| Success       | 0.07   |
+---------------+--------+
2021-12-15 03:13:55 her-mep
+---------------+--------+
| Epoch         | 10/20  |
| Cycle         | 5/20   |
| Episodes      | 10300  |
| Timesteps     | 515000 |
| TimeCost(sec) | 82.526 |
| Pi_q_loss     | 4.522  |
| Pi_l2_loss    | 0.035  |
| Q_loss        | 0.001  |
| Success       | 0.06   |
+---------------+--------+
2021-12-15 03:15:20 her-mep
+---------------+--------+
| Epoch         | 10/20  |
| Cycle         | 6/20   |
| Episodes      | 10350  |
| Timesteps     | 517500 |
| TimeCost(sec) | 84.81  |
| Pi_q_loss     | 3.877  |
| Pi_l2_loss    | 0.032  |
| Q_loss        | 0.041  |
| Success       | 0.05   |
+---------------+--------+
2021-12-15 03:16:39 her-mep
+---------------+--------+
| Epoch         | 10/20  |
| Cycle         | 7/20   |
| Episodes      | 10400  |
| Timesteps     | 520000 |
| TimeCost(sec) | 78.408 |
| Pi_q_loss     | 0.957  |
| Pi_l2_loss    | 0.034  |
| Q_loss        | 0.002  |
| Success       | 0.09   |
+---------------+--------+
2021-12-15 03:18:05 her-mep
+---------------+--------+
| Epoch         | 10/20  |
| Cycle         | 8/20   |
| Episodes      | 10450  |
| Timesteps     | 522500 |
| TimeCost(sec) | 86.403 |
| Pi_q_loss     | 4.112  |
| Pi_l2_loss    | 0.019  |
| Q_loss        | 0.006  |
| Success       | 0.06   |
+---------------+--------+
2021-12-15 03:19:29 her-mep
+---------------+--------+
| Epoch         | 10/20  |
| Cycle         | 9/20   |
| Episodes      | 10500  |
| Timesteps     | 525000 |
| TimeCost(sec) | 83.272 |
| Pi_q_loss     | 3.799  |
| Pi_l2_loss    | 0.019  |
| Q_loss        | 0.003  |
| Success       | 0.05   |
+---------------+--------+
2021-12-15 03:20:48 her-mep
+---------------+--------+
| Epoch         | 10/20  |
| Cycle         | 10/20  |
| Episodes      | 10550  |
| Timesteps     | 527500 |
| TimeCost(sec) | 79.398 |
| Pi_q_loss     | 3.949  |
| Pi_l2_loss    | 0.051  |
| Q_loss        | 0.004  |
| Success       | 0.07   |
+---------------+--------+
2021-12-15 03:22:08 her-mep
+---------------+--------+
| Epoch         | 10/20  |
| Cycle         | 11/20  |
| Episodes      | 10600  |
| Timesteps     | 530000 |
| TimeCost(sec) | 79.187 |
| Pi_q_loss     | 3.335  |
| Pi_l2_loss    | 0.001  |
| Q_loss        | 0.002  |
| Success       | 0.04   |
+---------------+--------+
2021-12-15 03:23:27 her-mep
+---------------+--------+
| Epoch         | 10/20  |
| Cycle         | 12/20  |
| Episodes      | 10650  |
| Timesteps     | 532500 |
| TimeCost(sec) | 78.914 |
| Pi_q_loss     | 4.246  |
| Pi_l2_loss    | 0.077  |
| Q_loss        | 0.011  |
| Success       | 0.05   |
+---------------+--------+
2021-12-15 03:24:53 her-mep
+---------------+--------+
| Epoch         | 10/20  |
| Cycle         | 13/20  |
| Episodes      | 10700  |
| Timesteps     | 535000 |
| TimeCost(sec) | 86.17  |
| Pi_q_loss     | 4.483  |
| Pi_l2_loss    | 0.019  |
| Q_loss        | 0.023  |
| Success       | 0.04   |
+---------------+--------+
2021-12-15 03:26:13 her-mep
+---------------+--------+
| Epoch         | 10/20  |
| Cycle         | 14/20  |
| Episodes      | 10750  |
| Timesteps     | 537500 |
| TimeCost(sec) | 79.865 |
| Pi_q_loss     | 4.661  |
| Pi_l2_loss    | 0.041  |
| Q_loss        | 0.0    |
| Success       | 0.08   |
+---------------+--------+
2021-12-15 03:27:34 her-mep
+---------------+--------+
| Epoch         | 10/20  |
| Cycle         | 15/20  |
| Episodes      | 10800  |
| Timesteps     | 540000 |
| TimeCost(sec) | 80.559 |
| Pi_q_loss     | 2.646  |
| Pi_l2_loss    | 0.037  |
| Q_loss        | 0.003  |
| Success       | 0.07   |
+---------------+--------+
2021-12-15 03:29:03 her-mep
+---------------+--------+
| Epoch         | 10/20  |
| Cycle         | 16/20  |
| Episodes      | 10850  |
| Timesteps     | 542500 |
| TimeCost(sec) | 88.692 |
| Pi_q_loss     | 4.42   |
| Pi_l2_loss    | 0.028  |
| Q_loss        | 0.014  |
| Success       | 0.05   |
+---------------+--------+
2021-12-15 03:30:28 her-mep
+---------------+--------+
| Epoch         | 10/20  |
| Cycle         | 17/20  |
| Episodes      | 10900  |
| Timesteps     | 545000 |
| TimeCost(sec) | 84.979 |
| Pi_q_loss     | 5.612  |
| Pi_l2_loss    | 0.039  |
| Q_loss        | 0.03   |
| Success       | 0.08   |
+---------------+--------+
2021-12-15 03:31:55 her-mep
+---------------+--------+
| Epoch         | 10/20  |
| Cycle         | 18/20  |
| Episodes      | 10950  |
| Timesteps     | 547500 |
| TimeCost(sec) | 86.891 |
| Pi_q_loss     | 5.326  |
| Pi_l2_loss    | 0.05   |
| Q_loss        | 0.023  |
| Success       | 0.05   |
+---------------+--------+
2021-12-15 03:33:15 her-mep
+---------------+--------+
| Epoch         | 10/20  |
| Cycle         | 19/20  |
| Episodes      | 11000  |
| Timesteps     | 550000 |
| TimeCost(sec) | 79.948 |
| Pi_q_loss     | 7.216  |
| Pi_l2_loss    | 0.027  |
| Q_loss        | 0.002  |
| Success       | 0.06   |
+---------------+--------+
Saved periodic policy to log/her-mep-ddpg-FetchPush-v1-normal-14-12-2021_22-36-33/!
2021-12-15 03:34:42 her-mep
+---------------+--------+
| Epoch         | 11/20  |
| Cycle         | 0/20   |
| Episodes      | 11050  |
| Timesteps     | 552500 |
| TimeCost(sec) | 86.209 |
| Pi_q_loss     | 5.895  |
| Pi_l2_loss    | 0.018  |
| Q_loss        | 0.01   |
| Success       | 0.08   |
+---------------+--------+
2021-12-15 03:36:06 her-mep
+---------------+--------+
| Epoch         | 11/20  |
| Cycle         | 1/20   |
| Episodes      | 11100  |
| Timesteps     | 555000 |
| TimeCost(sec) | 84.489 |
| Pi_q_loss     | 4.612  |
| Pi_l2_loss    | 0.065  |
| Q_loss        | 0.02   |
| Success       | 0.08   |
+---------------+--------+
2021-12-15 03:37:26 her-mep
+---------------+--------+
| Epoch         | 11/20  |
| Cycle         | 2/20   |
| Episodes      | 11150  |
| Timesteps     | 557500 |
| TimeCost(sec) | 79.483 |
| Pi_q_loss     | 5.655  |
| Pi_l2_loss    | 0.075  |
| Q_loss        | 0.001  |
| Success       | 0.08   |
+---------------+--------+
2021-12-15 03:38:48 her-mep
+---------------+--------+
| Epoch         | 11/20  |
| Cycle         | 3/20   |
| Episodes      | 11200  |
| Timesteps     | 560000 |
| TimeCost(sec) | 81.647 |
| Pi_q_loss     | 6.914  |
| Pi_l2_loss    | 0.073  |
| Q_loss        | 0.016  |
| Success       | 0.04   |
+---------------+--------+
2021-12-15 03:40:09 her-mep
+---------------+--------+
| Epoch         | 11/20  |
| Cycle         | 4/20   |
| Episodes      | 11250  |
| Timesteps     | 562500 |
| TimeCost(sec) | 81.252 |
| Pi_q_loss     | 4.299  |
| Pi_l2_loss    | 0.049  |
| Q_loss        | 0.002  |
| Success       | 0.07   |
+---------------+--------+
2021-12-15 03:41:32 her-mep
+---------------+--------+
| Epoch         | 11/20  |
| Cycle         | 5/20   |
| Episodes      | 11300  |
| Timesteps     | 565000 |
| TimeCost(sec) | 82.861 |
| Pi_q_loss     | 3.853  |
| Pi_l2_loss    | 0.076  |
| Q_loss        | 0.009  |
| Success       | 0.03   |
+---------------+--------+
2021-12-15 03:43:00 her-mep
+---------------+--------+
| Epoch         | 11/20  |
| Cycle         | 6/20   |
| Episodes      | 11350  |
| Timesteps     | 567500 |
| TimeCost(sec) | 87.827 |
| Pi_q_loss     | 4.935  |
| Pi_l2_loss    | 0.059  |
| Q_loss        | 0.033  |
| Success       | 0.06   |
+---------------+--------+
2021-12-15 03:44:22 her-mep
+---------------+--------+
| Epoch         | 11/20  |
| Cycle         | 7/20   |
| Episodes      | 11400  |
| Timesteps     | 570000 |
| TimeCost(sec) | 81.53  |
| Pi_q_loss     | 3.328  |
| Pi_l2_loss    | 0.159  |
| Q_loss        | 0.008  |
| Success       | 0.08   |
+---------------+--------+
2021-12-15 03:45:43 her-mep
+---------------+--------+
| Epoch         | 11/20  |
| Cycle         | 8/20   |
| Episodes      | 11450  |
| Timesteps     | 572500 |
| TimeCost(sec) | 80.999 |
| Pi_q_loss     | 1.33   |
| Pi_l2_loss    | 0.039  |
| Q_loss        | 0.007  |
| Success       | 0.11   |
+---------------+--------+
2021-12-15 03:47:09 her-mep
+---------------+--------+
| Epoch         | 11/20  |
| Cycle         | 9/20   |
| Episodes      | 11500  |
| Timesteps     | 575000 |
| TimeCost(sec) | 85.599 |
| Pi_q_loss     | 4.708  |
| Pi_l2_loss    | 0.048  |
| Q_loss        | 0.072  |
| Success       | 0.05   |
+---------------+--------+
2021-12-15 03:48:29 her-mep
+---------------+--------+
| Epoch         | 11/20  |
| Cycle         | 10/20  |
| Episodes      | 11550  |
| Timesteps     | 577500 |
| TimeCost(sec) | 79.746 |
| Pi_q_loss     | 4.771  |
| Pi_l2_loss    | 0.039  |
| Q_loss        | 0.001  |
| Success       | 0.08   |
+---------------+--------+
2021-12-15 03:49:51 her-mep
+---------------+--------+
| Epoch         | 11/20  |
| Cycle         | 11/20  |
| Episodes      | 11600  |
| Timesteps     | 580000 |
| TimeCost(sec) | 82.125 |
| Pi_q_loss     | 4.578  |
| Pi_l2_loss    | 0.024  |
| Q_loss        | 0.002  |
| Success       | 0.09   |
+---------------+--------+
2021-12-15 03:51:16 her-mep
+---------------+--------+
| Epoch         | 11/20  |
| Cycle         | 12/20  |
| Episodes      | 11650  |
| Timesteps     | 582500 |
| TimeCost(sec) | 84.555 |
| Pi_q_loss     | 5.246  |
| Pi_l2_loss    | 0.028  |
| Q_loss        | 0.015  |
| Success       | 0.05   |
+---------------+--------+
2021-12-15 03:52:36 her-mep
+---------------+--------+
| Epoch         | 11/20  |
| Cycle         | 13/20  |
| Episodes      | 11700  |
| Timesteps     | 585000 |
| TimeCost(sec) | 79.732 |
| Pi_q_loss     | 2.96   |
| Pi_l2_loss    | 0.049  |
| Q_loss        | 0.002  |
| Success       | 0.09   |
+---------------+--------+
2021-12-15 03:53:57 her-mep
+---------------+--------+
| Epoch         | 11/20  |
| Cycle         | 14/20  |
| Episodes      | 11750  |
| Timesteps     | 587500 |
| TimeCost(sec) | 81.151 |
| Pi_q_loss     | 6.937  |
| Pi_l2_loss    | 0.087  |
| Q_loss        | 0.01   |
| Success       | 0.05   |
+---------------+--------+
2021-12-15 03:55:18 her-mep
+---------------+--------+
| Epoch         | 11/20  |
| Cycle         | 15/20  |
| Episodes      | 11800  |
| Timesteps     | 590000 |
| TimeCost(sec) | 81.414 |
| Pi_q_loss     | 5.316  |
| Pi_l2_loss    | 0.097  |
| Q_loss        | 0.004  |
| Success       | 0.08   |
+---------------+--------+
2021-12-15 03:56:41 her-mep
+---------------+--------+
| Epoch         | 11/20  |
| Cycle         | 16/20  |
| Episodes      | 11850  |
| Timesteps     | 592500 |
| TimeCost(sec) | 81.943 |
| Pi_q_loss     | 5.563  |
| Pi_l2_loss    | 0.067  |
| Q_loss        | 0.002  |
| Success       | 0.09   |
+---------------+--------+
2021-12-15 03:58:03 her-mep
+---------------+--------+
| Epoch         | 11/20  |
| Cycle         | 17/20  |
| Episodes      | 11900  |
| Timesteps     | 595000 |
| TimeCost(sec) | 81.788 |
| Pi_q_loss     | 4.815  |
| Pi_l2_loss    | 0.048  |
| Q_loss        | 0.026  |
| Success       | 0.08   |
+---------------+--------+
2021-12-15 03:59:22 her-mep
+---------------+--------+
| Epoch         | 11/20  |
| Cycle         | 18/20  |
| Episodes      | 11950  |
| Timesteps     | 597500 |
| TimeCost(sec) | 79.558 |
| Pi_q_loss     | 6.078  |
| Pi_l2_loss    | 0.004  |
| Q_loss        | 0.001  |
| Success       | 0.09   |
+---------------+--------+
2021-12-15 04:00:44 her-mep
+---------------+--------+
| Epoch         | 11/20  |
| Cycle         | 19/20  |
| Episodes      | 12000  |
| Timesteps     | 600000 |
| TimeCost(sec) | 81.111 |
| Pi_q_loss     | 5.44   |
| Pi_l2_loss    | 0.059  |
| Q_loss        | 0.017  |
| Success       | 0.07   |
+---------------+--------+
Saved periodic policy to log/her-mep-ddpg-FetchPush-v1-normal-14-12-2021_22-36-33/!
2021-12-15 04:02:04 her-mep
+---------------+--------+
| Epoch         | 12/20  |
| Cycle         | 0/20   |
| Episodes      | 12050  |
| Timesteps     | 602500 |
| TimeCost(sec) | 80.551 |
| Pi_q_loss     | 5.556  |
| Pi_l2_loss    | 0.024  |
| Q_loss        | 0.003  |
| Success       | 0.09   |
+---------------+--------+
2021-12-15 04:03:31 her-mep
+---------------+--------+
| Epoch         | 12/20  |
| Cycle         | 1/20   |
| Episodes      | 12100  |
| Timesteps     | 605000 |
| TimeCost(sec) | 86.158 |
| Pi_q_loss     | 4.684  |
| Pi_l2_loss    | 0.028  |
| Q_loss        | 0.016  |
| Success       | 0.05   |
+---------------+--------+
2021-12-15 04:04:50 her-mep
+---------------+--------+
| Epoch         | 12/20  |
| Cycle         | 2/20   |
| Episodes      | 12150  |
| Timesteps     | 607500 |
| TimeCost(sec) | 79.533 |
| Pi_q_loss     | 6.64   |
| Pi_l2_loss    | 0.012  |
| Q_loss        | 0.003  |
| Success       | 0.03   |
+---------------+--------+
2021-12-15 04:06:12 her-mep
+---------------+--------+
| Epoch         | 12/20  |
| Cycle         | 3/20   |
| Episodes      | 12200  |
| Timesteps     | 610000 |
| TimeCost(sec) | 81.066 |
| Pi_q_loss     | 5.813  |
| Pi_l2_loss    | 0.029  |
| Q_loss        | 0.002  |
| Success       | 0.08   |
+---------------+--------+
2021-12-15 04:07:37 her-mep
+---------------+--------+
| Epoch         | 12/20  |
| Cycle         | 4/20   |
| Episodes      | 12250  |
| Timesteps     | 612500 |
| TimeCost(sec) | 85.592 |
| Pi_q_loss     | 5.103  |
| Pi_l2_loss    | 0.029  |
| Q_loss        | 0.038  |
| Success       | 0.04   |
+---------------+--------+
2021-12-15 04:08:58 her-mep
+---------------+--------+
| Epoch         | 12/20  |
| Cycle         | 5/20   |
| Episodes      | 12300  |
| Timesteps     | 615000 |
| TimeCost(sec) | 80.416 |
| Pi_q_loss     | 6.646  |
| Pi_l2_loss    | 0.027  |
| Q_loss        | 0.001  |
| Success       | 0.04   |
+---------------+--------+
2021-12-15 04:10:20 her-mep
+---------------+--------+
| Epoch         | 12/20  |
| Cycle         | 6/20   |
| Episodes      | 12350  |
| Timesteps     | 617500 |
| TimeCost(sec) | 81.659 |
| Pi_q_loss     | 5.91   |
| Pi_l2_loss    | 0.001  |
| Q_loss        | 0.002  |
| Success       | 0.1    |
+---------------+--------+
2021-12-15 04:11:40 her-mep
+---------------+--------+
| Epoch         | 12/20  |
| Cycle         | 7/20   |
| Episodes      | 12400  |
| Timesteps     | 620000 |
| TimeCost(sec) | 79.596 |
| Pi_q_loss     | 4.609  |
| Pi_l2_loss    | 0.013  |
| Q_loss        | 0.001  |
| Success       | 0.08   |
+---------------+--------+
2021-12-15 04:13:05 her-mep
+---------------+--------+
| Epoch         | 12/20  |
| Cycle         | 8/20   |
| Episodes      | 12450  |
| Timesteps     | 622500 |
| TimeCost(sec) | 85.663 |
| Pi_q_loss     | 5.3    |
| Pi_l2_loss    | 0.028  |
| Q_loss        | 0.016  |
| Success       | 0.11   |
+---------------+--------+
2021-12-15 04:14:26 her-mep
+---------------+--------+
| Epoch         | 12/20  |
| Cycle         | 9/20   |
| Episodes      | 12500  |
| Timesteps     | 625000 |
| TimeCost(sec) | 80.155 |
| Pi_q_loss     | 5.926  |
| Pi_l2_loss    | 0.056  |
| Q_loss        | 0.0    |
| Success       | 0.07   |
+---------------+--------+
2021-12-15 04:15:53 her-mep
+---------------+--------+
| Epoch         | 12/20  |
| Cycle         | 10/20  |
| Episodes      | 12550  |
| Timesteps     | 627500 |
| TimeCost(sec) | 86.936 |
| Pi_q_loss     | 4.957  |
| Pi_l2_loss    | 0.042  |
| Q_loss        | 0.017  |
| Success       | 0.07   |
+---------------+--------+
2021-12-15 04:17:12 her-mep
+---------------+--------+
| Epoch         | 12/20  |
| Cycle         | 11/20  |
| Episodes      | 12600  |
| Timesteps     | 630000 |
| TimeCost(sec) | 79.302 |
| Pi_q_loss     | 5.749  |
| Pi_l2_loss    | 0.041  |
| Q_loss        | 0.007  |
| Success       | 0.07   |
+---------------+--------+
2021-12-15 04:18:32 her-mep
+---------------+--------+
| Epoch         | 12/20  |
| Cycle         | 12/20  |
| Episodes      | 12650  |
| Timesteps     | 632500 |
| TimeCost(sec) | 79.536 |
| Pi_q_loss     | 6.885  |
| Pi_l2_loss    | 0.027  |
| Q_loss        | 0.002  |
| Success       | 0.09   |
+---------------+--------+
2021-12-15 04:19:59 her-mep
+---------------+--------+
| Epoch         | 12/20  |
| Cycle         | 13/20  |
| Episodes      | 12700  |
| Timesteps     | 635000 |
| TimeCost(sec) | 87.13  |
| Pi_q_loss     | 5.27   |
| Pi_l2_loss    | 0.044  |
| Q_loss        | 0.029  |
| Success       | 0.07   |
+---------------+--------+
2021-12-15 04:21:21 her-mep
+---------------+--------+
| Epoch         | 12/20  |
| Cycle         | 14/20  |
| Episodes      | 12750  |
| Timesteps     | 637500 |
| TimeCost(sec) | 81.386 |
| Pi_q_loss     | 3.576  |
| Pi_l2_loss    | 0.069  |
| Q_loss        | 0.002  |
| Success       | 0.07   |
+---------------+--------+
2021-12-15 04:22:49 her-mep
+---------------+--------+
| Epoch         | 12/20  |
| Cycle         | 15/20  |
| Episodes      | 12800  |
| Timesteps     | 640000 |
| TimeCost(sec) | 88.161 |
| Pi_q_loss     | 5.443  |
| Pi_l2_loss    | 0.04   |
| Q_loss        | 0.03   |
| Success       | 0.05   |
+---------------+--------+
2021-12-15 04:24:09 her-mep
+---------------+--------+
| Epoch         | 12/20  |
| Cycle         | 16/20  |
| Episodes      | 12850  |
| Timesteps     | 642500 |
| TimeCost(sec) | 80.145 |
| Pi_q_loss     | 6.0    |
| Pi_l2_loss    | 0.004  |
| Q_loss        | 0.0    |
| Success       | 0.05   |
+---------------+--------+
2021-12-15 04:25:32 her-mep
+---------------+--------+
| Epoch         | 12/20  |
| Cycle         | 17/20  |
| Episodes      | 12900  |
| Timesteps     | 645000 |
| TimeCost(sec) | 81.99  |
| Pi_q_loss     | 5.285  |
| Pi_l2_loss    | 0.044  |
| Q_loss        | 0.004  |
| Success       | 0.04   |
+---------------+--------+
2021-12-15 04:26:52 her-mep
+---------------+--------+
| Epoch         | 12/20  |
| Cycle         | 18/20  |
| Episodes      | 12950  |
| Timesteps     | 647500 |
| TimeCost(sec) | 80.685 |
| Pi_q_loss     | 2.966  |
| Pi_l2_loss    | 0.124  |
| Q_loss        | 0.004  |
| Success       | 0.03   |
+---------------+--------+
2021-12-15 04:28:15 her-mep
+---------------+--------+
| Epoch         | 12/20  |
| Cycle         | 19/20  |
| Episodes      | 13000  |
| Timesteps     | 650000 |
| TimeCost(sec) | 82.063 |
| Pi_q_loss     | 5.758  |
| Pi_l2_loss    | 0.065  |
| Q_loss        | 0.002  |
| Success       | 0.06   |
+---------------+--------+
Saved periodic policy to log/her-mep-ddpg-FetchPush-v1-normal-14-12-2021_22-36-33/!
2021-12-15 04:29:42 her-mep
+---------------+--------+
| Epoch         | 13/20  |
| Cycle         | 0/20   |
| Episodes      | 13050  |
| Timesteps     | 652500 |
| TimeCost(sec) | 86.986 |
| Pi_q_loss     | 5.015  |
| Pi_l2_loss    | 0.054  |
| Q_loss        | 0.023  |
| Success       | 0.1    |
+---------------+--------+
2021-12-15 04:31:01 her-mep
+---------------+--------+
| Epoch         | 13/20  |
| Cycle         | 1/20   |
| Episodes      | 13100  |
| Timesteps     | 655000 |
| TimeCost(sec) | 79.289 |
| Pi_q_loss     | 6.973  |
| Pi_l2_loss    | 0.052  |
| Q_loss        | 0.001  |
| Success       | 0.09   |
+---------------+--------+
2021-12-15 04:32:22 her-mep
+---------------+--------+
| Epoch         | 13/20  |
| Cycle         | 2/20   |
| Episodes      | 13150  |
| Timesteps     | 657500 |
| TimeCost(sec) | 80.577 |
| Pi_q_loss     | 4.173  |
| Pi_l2_loss    | 0.075  |
| Q_loss        | 0.006  |
| Success       | 0.06   |
+---------------+--------+
2021-12-15 04:33:49 her-mep
+---------------+--------+
| Epoch         | 13/20  |
| Cycle         | 3/20   |
| Episodes      | 13200  |
| Timesteps     | 660000 |
| TimeCost(sec) | 86.799 |
| Pi_q_loss     | 4.616  |
| Pi_l2_loss    | 0.041  |
| Q_loss        | 0.014  |
| Success       | 0.09   |
+---------------+--------+
2021-12-15 04:35:10 her-mep
+---------------+--------+
| Epoch         | 13/20  |
| Cycle         | 4/20   |
| Episodes      | 13250  |
| Timesteps     | 662500 |
| TimeCost(sec) | 80.89  |
| Pi_q_loss     | 6.436  |
| Pi_l2_loss    | 0.053  |
| Q_loss        | 0.001  |
| Success       | 0.04   |
+---------------+--------+
2021-12-15 04:36:38 her-mep
+---------------+--------+
| Epoch         | 13/20  |
| Cycle         | 5/20   |
| Episodes      | 13300  |
| Timesteps     | 665000 |
| TimeCost(sec) | 87.621 |
| Pi_q_loss     | 4.746  |
| Pi_l2_loss    | 0.049  |
| Q_loss        | 0.035  |
| Success       | 0.08   |
+---------------+--------+
2021-12-15 04:38:02 her-mep
+---------------+--------+
| Epoch         | 13/20  |
| Cycle         | 6/20   |
| Episodes      | 13350  |
| Timesteps     | 667500 |
| TimeCost(sec) | 83.696 |
| Pi_q_loss     | 1.303  |
| Pi_l2_loss    | 0.12   |
| Q_loss        | 0.001  |
| Success       | 0.1    |
+---------------+--------+
2021-12-15 04:39:29 her-mep
+---------------+--------+
| Epoch         | 13/20  |
| Cycle         | 7/20   |
| Episodes      | 13400  |
| Timesteps     | 670000 |
| TimeCost(sec) | 87.39  |
| Pi_q_loss     | 4.79   |
| Pi_l2_loss    | 0.053  |
| Q_loss        | 0.051  |
| Success       | 0.08   |
+---------------+--------+
2021-12-15 04:40:51 her-mep
+---------------+--------+
| Epoch         | 13/20  |
| Cycle         | 8/20   |
| Episodes      | 13450  |
| Timesteps     | 672500 |
| TimeCost(sec) | 81.498 |
| Pi_q_loss     | 0.579  |
| Pi_l2_loss    | 0.012  |
| Q_loss        | 0.001  |
| Success       | 0.07   |
+---------------+--------+
2021-12-15 04:42:15 her-mep
+---------------+--------+
| Epoch         | 13/20  |
| Cycle         | 9/20   |
| Episodes      | 13500  |
| Timesteps     | 675000 |
| TimeCost(sec) | 83.355 |
| Pi_q_loss     | 5.432  |
| Pi_l2_loss    | 0.081  |
| Q_loss        | 0.02   |
| Success       | 0.05   |
+---------------+--------+
2021-12-15 04:43:36 her-mep
+---------------+--------+
| Epoch         | 13/20  |
| Cycle         | 10/20  |
| Episodes      | 13550  |
| Timesteps     | 677500 |
| TimeCost(sec) | 81.748 |
| Pi_q_loss     | 5.861  |
| Pi_l2_loss    | 0.048  |
| Q_loss        | 0.003  |
| Success       | 0.03   |
+---------------+--------+
2021-12-15 04:45:02 her-mep
+---------------+--------+
| Epoch         | 13/20  |
| Cycle         | 11/20  |
| Episodes      | 13600  |
| Timesteps     | 680000 |
| TimeCost(sec) | 85.449 |
| Pi_q_loss     | 4.93   |
| Pi_l2_loss    | 0.049  |
| Q_loss        | 0.045  |
| Success       | 0.09   |
+---------------+--------+
2021-12-15 04:46:22 her-mep
+---------------+--------+
| Epoch         | 13/20  |
| Cycle         | 12/20  |
| Episodes      | 13650  |
| Timesteps     | 682500 |
| TimeCost(sec) | 79.687 |
| Pi_q_loss     | 1.848  |
| Pi_l2_loss    | 0.099  |
| Q_loss        | 0.001  |
| Success       | 0.04   |
+---------------+--------+
2021-12-15 04:47:46 her-mep
+---------------+--------+
| Epoch         | 13/20  |
| Cycle         | 13/20  |
| Episodes      | 13700  |
| Timesteps     | 685000 |
| TimeCost(sec) | 83.579 |
| Pi_q_loss     | 4.593  |
| Pi_l2_loss    | 0.034  |
| Q_loss        | 0.014  |
| Success       | 0.06   |
+---------------+--------+
2021-12-15 04:49:07 her-mep
+---------------+--------+
| Epoch         | 13/20  |
| Cycle         | 14/20  |
| Episodes      | 13750  |
| Timesteps     | 687500 |
| TimeCost(sec) | 81.075 |
| Pi_q_loss     | 6.853  |
| Pi_l2_loss    | 0.008  |
| Q_loss        | 0.003  |
| Success       | 0.06   |
+---------------+--------+
2021-12-15 04:50:37 her-mep
+---------------+--------+
| Epoch         | 13/20  |
| Cycle         | 15/20  |
| Episodes      | 13800  |
| Timesteps     | 690000 |
| TimeCost(sec) | 89.539 |
| Pi_q_loss     | 5.027  |
| Pi_l2_loss    | 0.002  |
| Q_loss        | 0.001  |
| Success       | 0.05   |
+---------------+--------+
2021-12-15 04:52:00 her-mep
+---------------+--------+
| Epoch         | 13/20  |
| Cycle         | 16/20  |
| Episodes      | 13850  |
| Timesteps     | 692500 |
| TimeCost(sec) | 83.256 |
| Pi_q_loss     | 1.935  |
| Pi_l2_loss    | 0.066  |
| Q_loss        | 0.025  |
| Success       | 0.07   |
+---------------+--------+
2021-12-15 04:53:21 her-mep
+---------------+--------+
| Epoch         | 13/20  |
| Cycle         | 17/20  |
| Episodes      | 13900  |
| Timesteps     | 695000 |
| TimeCost(sec) | 80.803 |
| Pi_q_loss     | 3.68   |
| Pi_l2_loss    | 0.134  |
| Q_loss        | 0.002  |
| Success       | 0.08   |
+---------------+--------+
2021-12-15 04:54:49 her-mep
+---------------+--------+
| Epoch         | 13/20  |
| Cycle         | 18/20  |
| Episodes      | 13950  |
| Timesteps     | 697500 |
| TimeCost(sec) | 88.017 |
| Pi_q_loss     | 4.354  |
| Pi_l2_loss    | 0.036  |
| Q_loss        | 0.016  |
| Success       | 0.02   |
+---------------+--------+
2021-12-15 04:56:10 her-mep
+---------------+--------+
| Epoch         | 13/20  |
| Cycle         | 19/20  |
| Episodes      | 14000  |
| Timesteps     | 700000 |
| TimeCost(sec) | 80.829 |
| Pi_q_loss     | 3.791  |
| Pi_l2_loss    | 0.039  |
| Q_loss        | 0.003  |
| Success       | 0.05   |
+---------------+--------+
Saved periodic policy to log/her-mep-ddpg-FetchPush-v1-normal-14-12-2021_22-36-33/!
2021-12-15 04:57:34 her-mep
+---------------+--------+
| Epoch         | 14/20  |
| Cycle         | 0/20   |
| Episodes      | 14050  |
| Timesteps     | 702500 |
| TimeCost(sec) | 83.223 |
| Pi_q_loss     | 4.705  |
| Pi_l2_loss    | 0.034  |
| Q_loss        | 0.001  |
| Success       | 0.08   |
+---------------+--------+
2021-12-15 04:58:56 her-mep
+---------------+--------+
| Epoch         | 14/20  |
| Cycle         | 1/20   |
| Episodes      | 14100  |
| Timesteps     | 705000 |
| TimeCost(sec) | 82.339 |
| Pi_q_loss     | 4.759  |
| Pi_l2_loss    | 0.028  |
| Q_loss        | 0.0    |
| Success       | 0.08   |
+---------------+--------+
2021-12-15 05:00:21 her-mep
+---------------+--------+
| Epoch         | 14/20  |
| Cycle         | 2/20   |
| Episodes      | 14150  |
| Timesteps     | 707500 |
| TimeCost(sec) | 84.818 |
| Pi_q_loss     | 6.15   |
| Pi_l2_loss    | 0.005  |
| Q_loss        | 0.002  |
| Success       | 0.08   |
+---------------+--------+
2021-12-15 05:01:49 her-mep
+---------------+--------+
| Epoch         | 14/20  |
| Cycle         | 3/20   |
| Episodes      | 14200  |
| Timesteps     | 710000 |
| TimeCost(sec) | 88.049 |
| Pi_q_loss     | 5.215  |
| Pi_l2_loss    | 0.024  |
| Q_loss        | 0.012  |
| Success       | 0.09   |
+---------------+--------+
2021-12-15 05:03:15 her-mep
+---------------+--------+
| Epoch         | 14/20  |
| Cycle         | 4/20   |
| Episodes      | 14250  |
| Timesteps     | 712500 |
| TimeCost(sec) | 85.235 |
| Pi_q_loss     | 5.819  |
| Pi_l2_loss    | 0.028  |
| Q_loss        | 0.003  |
| Success       | 0.09   |
+---------------+--------+
2021-12-15 05:04:39 her-mep
+---------------+--------+
| Epoch         | 14/20  |
| Cycle         | 5/20   |
| Episodes      | 14300  |
| Timesteps     | 715000 |
| TimeCost(sec) | 83.955 |
| Pi_q_loss     | 5.393  |
| Pi_l2_loss    | 0.014  |
| Q_loss        | 0.001  |
| Success       | 0.1    |
+---------------+--------+
2021-12-15 05:06:08 her-mep
+---------------+--------+
| Epoch         | 14/20  |
| Cycle         | 6/20   |
| Episodes      | 14350  |
| Timesteps     | 717500 |
| TimeCost(sec) | 88.596 |
| Pi_q_loss     | 5.461  |
| Pi_l2_loss    | 0.039  |
| Q_loss        | 0.015  |
| Success       | 0.05   |
+---------------+--------+
2021-12-15 05:07:29 her-mep
+---------------+--------+
| Epoch         | 14/20  |
| Cycle         | 7/20   |
| Episodes      | 14400  |
| Timesteps     | 720000 |
| TimeCost(sec) | 80.999 |
| Pi_q_loss     | 4.402  |
| Pi_l2_loss    | 0.045  |
| Q_loss        | 0.002  |
| Success       | 0.02   |
+---------------+--------+
2021-12-15 05:08:53 her-mep
+---------------+--------+
| Epoch         | 14/20  |
| Cycle         | 8/20   |
| Episodes      | 14450  |
| Timesteps     | 722500 |
| TimeCost(sec) | 84.358 |
| Pi_q_loss     | 6.967  |
| Pi_l2_loss    | 0.035  |
| Q_loss        | 0.033  |
| Success       | 0.04   |
+---------------+--------+
2021-12-15 05:10:20 her-mep
+---------------+--------+
| Epoch         | 14/20  |
| Cycle         | 9/20   |
| Episodes      | 14500  |
| Timesteps     | 725000 |
| TimeCost(sec) | 86.335 |
| Pi_q_loss     | 5.282  |
| Pi_l2_loss    | 0.047  |
| Q_loss        | 0.02   |
| Success       | 0.06   |
+---------------+--------+
