tag: her-mep
alg: ddpg
learn: normal
env: FetchPush-v1
goal: custom
init_offset: 1.0
graph: False
show_goals: 0
play_path: None
play_epoch: latest
stop_hgg_threshold: 2
n_x: 31
n_y: 31
n_z: 11
temp: 0.01
gamma: 0.98
clip_return: True
eps_act: 0.3
std_act: 0.2
pi_lr: 0.001
q_lr: 0.001
act_l2: 1.0
polyak: 0.95
epoches: 20
cycles: 20
episodes: 50
timesteps: 50
train_batches: 20
buffer_size: 10000
buffer_type: mep
batch_size: 256
warmup: 10000
her: future
her_ratio: 0.8
pool_rule: full
hgg_c: 3.0
hgg_L: 5.0
hgg_pool_size: 1000
save_acc: True
rank_method: dense
num_vertices: [31, 31, 11]
goal_based: True
clip_return_l: -49.99999999999996
clip_return_r: 0.0
*** network initialization complete ***
*** tester initialization complete ***
2021-12-14 17:19:28 her-mep
+---------------+--------+
| Epoch         | 0/20   |
| Cycle         | 0/20   |
| Episodes      | 50     |
| Timesteps     | 2500   |
| TimeCost(sec) | 23.795 |
| Pi_q_loss     |        |
| Pi_l2_loss    |        |
| Q_loss        |        |
| Success       | 0.09   |
+---------------+--------+
Saved as best policy to log/her-mep-ddpg-FetchPush-v1-normal-14-12-2021_17-18-11/!
2021-12-14 17:19:53 her-mep
+---------------+--------+
| Epoch         | 0/20   |
| Cycle         | 1/20   |
| Episodes      | 100    |
| Timesteps     | 5000   |
| TimeCost(sec) | 24.195 |
| Pi_q_loss     |        |
| Pi_l2_loss    |        |
| Q_loss        |        |
| Success       | 0.08   |
+---------------+--------+
2021-12-14 17:20:18 her-mep
+---------------+--------+
| Epoch         | 0/20   |
| Cycle         | 2/20   |
| Episodes      | 150    |
| Timesteps     | 7500   |
| TimeCost(sec) | 24.395 |
| Pi_q_loss     |        |
| Pi_l2_loss    |        |
| Q_loss        |        |
| Success       | 0.06   |
+---------------+--------+
2021-12-14 17:20:41 her-mep
+---------------+--------+
| Epoch         | 0/20   |
| Cycle         | 3/20   |
| Episodes      | 200    |
| Timesteps     | 10000  |
| TimeCost(sec) | 23.449 |
| Pi_q_loss     | 0.238  |
| Pi_l2_loss    | 0.011  |
| Q_loss        | 0.117  |
| Success       | 0.05   |
+---------------+--------+
2021-12-14 17:22:09 her-mep
+---------------+--------+
| Epoch         | 0/20   |
| Cycle         | 4/20   |
| Episodes      | 250    |
| Timesteps     | 12500  |
| TimeCost(sec) | 87.488 |
| Pi_q_loss     | 0.421  |
| Pi_l2_loss    | 0.004  |
| Q_loss        | 0.009  |
| Success       | 0.1    |
+---------------+--------+
Saved as best policy to log/her-mep-ddpg-FetchPush-v1-normal-14-12-2021_17-18-11/!
2021-12-14 17:23:32 her-mep
+---------------+--------+
| Epoch         | 0/20   |
| Cycle         | 5/20   |
| Episodes      | 300    |
| Timesteps     | 15000  |
| TimeCost(sec) | 82.688 |
| Pi_q_loss     | 0.767  |
| Pi_l2_loss    | 0.003  |
| Q_loss        | 0.0    |
| Success       | 0.1    |
+---------------+--------+
2021-12-14 17:24:59 her-mep
+---------------+--------+
| Epoch         | 0/20   |
| Cycle         | 6/20   |
| Episodes      | 350    |
| Timesteps     | 17500  |
| TimeCost(sec) | 87.249 |
| Pi_q_loss     | 0.743  |
| Pi_l2_loss    | 0.003  |
| Q_loss        | 0.001  |
| Success       | 0.07   |
+---------------+--------+
2021-12-14 17:26:28 her-mep
+---------------+--------+
| Epoch         | 0/20   |
| Cycle         | 7/20   |
| Episodes      | 400    |
| Timesteps     | 20000  |
| TimeCost(sec) | 88.466 |
| Pi_q_loss     | 1.167  |
| Pi_l2_loss    | 0.005  |
| Q_loss        | 0.009  |
| Success       | 0.06   |
+---------------+--------+
2021-12-14 17:27:51 her-mep
+---------------+--------+
| Epoch         | 0/20   |
| Cycle         | 8/20   |
| Episodes      | 450    |
| Timesteps     | 22500  |
| TimeCost(sec) | 83.238 |
| Pi_q_loss     | 1.814  |
| Pi_l2_loss    | 0.002  |
| Q_loss        | 0.001  |
| Success       | 0.07   |
+---------------+--------+
2021-12-14 17:29:18 her-mep
+---------------+--------+
| Epoch         | 0/20   |
| Cycle         | 9/20   |
| Episodes      | 500    |
| Timesteps     | 25000  |
| TimeCost(sec) | 86.057 |
| Pi_q_loss     | 2.248  |
| Pi_l2_loss    | 0.003  |
| Q_loss        | 0.002  |
| Success       | 0.07   |
+---------------+--------+
2021-12-14 17:30:42 her-mep
+---------------+--------+
| Epoch         | 0/20   |
| Cycle         | 10/20  |
| Episodes      | 550    |
| Timesteps     | 27500  |
| TimeCost(sec) | 83.859 |
| Pi_q_loss     | 2.022  |
| Pi_l2_loss    | 0.007  |
| Q_loss        | 0.002  |
| Success       | 0.11   |
+---------------+--------+
Saved as best policy to log/her-mep-ddpg-FetchPush-v1-normal-14-12-2021_17-18-11/!
2021-12-14 17:32:10 her-mep
+---------------+--------+
| Epoch         | 0/20   |
| Cycle         | 11/20  |
| Episodes      | 600    |
| Timesteps     | 30000  |
| TimeCost(sec) | 88.168 |
| Pi_q_loss     | 2.487  |
| Pi_l2_loss    | 0.022  |
| Q_loss        | 0.004  |
| Success       | 0.09   |
+---------------+--------+
2021-12-14 17:33:35 her-mep
+---------------+-------+
| Epoch         | 0/20  |
| Cycle         | 12/20 |
| Episodes      | 650   |
| Timesteps     | 32500 |
| TimeCost(sec) | 85.18 |
| Pi_q_loss     | 2.096 |
| Pi_l2_loss    | 0.01  |
| Q_loss        | 0.002 |
| Success       | 0.09  |
+---------------+-------+
2021-12-14 17:35:00 her-mep
+---------------+--------+
| Epoch         | 0/20   |
| Cycle         | 13/20  |
| Episodes      | 700    |
| Timesteps     | 35000  |
| TimeCost(sec) | 84.842 |
| Pi_q_loss     | 3.901  |
| Pi_l2_loss    | 0.019  |
| Q_loss        | 0.018  |
| Success       | 0.06   |
+---------------+--------+
2021-12-14 17:36:26 her-mep
+---------------+--------+
| Epoch         | 0/20   |
| Cycle         | 14/20  |
| Episodes      | 750    |
| Timesteps     | 37500  |
| TimeCost(sec) | 85.535 |
| Pi_q_loss     | 2.096  |
| Pi_l2_loss    | 0.021  |
| Q_loss        | 0.003  |
| Success       | 0.05   |
+---------------+--------+
2021-12-14 17:38:00 her-mep
+---------------+--------+
| Epoch         | 0/20   |
| Cycle         | 15/20  |
| Episodes      | 800    |
| Timesteps     | 40000  |
| TimeCost(sec) | 93.172 |
| Pi_q_loss     | 2.762  |
| Pi_l2_loss    | 0.022  |
| Q_loss        | 0.033  |
| Success       | 0.11   |
+---------------+--------+
2021-12-14 17:39:23 her-mep
+---------------+--------+
| Epoch         | 0/20   |
| Cycle         | 16/20  |
| Episodes      | 850    |
| Timesteps     | 42500  |
| TimeCost(sec) | 83.178 |
| Pi_q_loss     | 2.313  |
| Pi_l2_loss    | 0.051  |
| Q_loss        | 0.0    |
| Success       | 0.05   |
+---------------+--------+
2021-12-14 17:40:56 her-mep
+---------------+--------+
| Epoch         | 0/20   |
| Cycle         | 17/20  |
| Episodes      | 900    |
| Timesteps     | 45000  |
| TimeCost(sec) | 92.863 |
| Pi_q_loss     | 2.933  |
| Pi_l2_loss    | 0.024  |
| Q_loss        | 0.024  |
| Success       | 0.1    |
+---------------+--------+
2021-12-14 17:42:21 her-mep
+---------------+--------+
| Epoch         | 0/20   |
| Cycle         | 18/20  |
| Episodes      | 950    |
| Timesteps     | 47500  |
| TimeCost(sec) | 84.311 |
| Pi_q_loss     | 3.308  |
| Pi_l2_loss    | 0.005  |
| Q_loss        | 0.0    |
| Success       | 0.05   |
+---------------+--------+
2021-12-14 17:43:52 her-mep
+---------------+--------+
| Epoch         | 0/20   |
| Cycle         | 19/20  |
| Episodes      | 1000   |
| Timesteps     | 50000  |
| TimeCost(sec) | 91.105 |
| Pi_q_loss     | 3.21   |
| Pi_l2_loss    | 0.022  |
| Q_loss        | 0.001  |
| Success       | 0.07   |
+---------------+--------+
Saved periodic policy to log/her-mep-ddpg-FetchPush-v1-normal-14-12-2021_17-18-11/!
2021-12-14 17:45:24 her-mep
+---------------+--------+
| Epoch         | 1/20   |
| Cycle         | 0/20   |
| Episodes      | 1050   |
| Timesteps     | 52500  |
| TimeCost(sec) | 92.091 |
| Pi_q_loss     | 3.62   |
| Pi_l2_loss    | 0.021  |
| Q_loss        | 0.003  |
| Success       | 0.08   |
+---------------+--------+
2021-12-14 17:46:55 her-mep
+---------------+--------+
| Epoch         | 1/20   |
| Cycle         | 1/20   |
| Episodes      | 1100   |
| Timesteps     | 55000  |
| TimeCost(sec) | 90.462 |
| Pi_q_loss     | 3.46   |
| Pi_l2_loss    | 0.04   |
| Q_loss        | 0.008  |
| Success       | 0.11   |
+---------------+--------+
2021-12-14 17:48:24 her-mep
+---------------+-------+
| Epoch         | 1/20  |
| Cycle         | 2/20  |
| Episodes      | 1150  |
| Timesteps     | 57500 |
| TimeCost(sec) | 89.27 |
| Pi_q_loss     | 4.304 |
| Pi_l2_loss    | 0.034 |
| Q_loss        | 0.006 |
| Success       | 0.06  |
+---------------+-------+
2021-12-14 17:49:49 her-mep
+---------------+--------+
| Epoch         | 1/20   |
| Cycle         | 3/20   |
| Episodes      | 1200   |
| Timesteps     | 60000  |
| TimeCost(sec) | 83.885 |
| Pi_q_loss     | 5.155  |
| Pi_l2_loss    | 0.01   |
| Q_loss        | 0.001  |
| Success       | 0.12   |
+---------------+--------+
Saved as best policy to log/her-mep-ddpg-FetchPush-v1-normal-14-12-2021_17-18-11/!
2021-12-14 17:51:14 her-mep
+---------------+--------+
| Epoch         | 1/20   |
| Cycle         | 4/20   |
| Episodes      | 1250   |
| Timesteps     | 62500  |
| TimeCost(sec) | 85.606 |
| Pi_q_loss     | 3.555  |
| Pi_l2_loss    | 0.07   |
| Q_loss        | 0.007  |
| Success       | 0.05   |
+---------------+--------+
2021-12-14 17:52:38 her-mep
+---------------+--------+
| Epoch         | 1/20   |
| Cycle         | 5/20   |
| Episodes      | 1300   |
| Timesteps     | 65000  |
| TimeCost(sec) | 83.176 |
| Pi_q_loss     | 4.352  |
| Pi_l2_loss    | 0.062  |
| Q_loss        | 0.002  |
| Success       | 0.07   |
+---------------+--------+
2021-12-14 17:54:11 her-mep
+---------------+--------+
| Epoch         | 1/20   |
| Cycle         | 6/20   |
| Episodes      | 1350   |
| Timesteps     | 67500  |
| TimeCost(sec) | 93.036 |
| Pi_q_loss     | 4.179  |
| Pi_l2_loss    | 0.065  |
| Q_loss        | 0.067  |
| Success       | 0.07   |
+---------------+--------+
2021-12-14 17:55:36 her-mep
+---------------+--------+
| Epoch         | 1/20   |
| Cycle         | 7/20   |
| Episodes      | 1400   |
| Timesteps     | 70000  |
| TimeCost(sec) | 84.767 |
| Pi_q_loss     | 2.092  |
| Pi_l2_loss    | 0.099  |
| Q_loss        | 0.001  |
| Success       | 0.07   |
+---------------+--------+
2021-12-14 17:57:02 her-mep
+---------------+--------+
| Epoch         | 1/20   |
| Cycle         | 8/20   |
| Episodes      | 1450   |
| Timesteps     | 72500  |
| TimeCost(sec) | 85.972 |
| Pi_q_loss     | 4.462  |
| Pi_l2_loss    | 0.047  |
| Q_loss        | 0.002  |
| Success       | 0.06   |
+---------------+--------+
2021-12-14 17:58:38 her-mep
+---------------+--------+
| Epoch         | 1/20   |
| Cycle         | 9/20   |
| Episodes      | 1500   |
| Timesteps     | 75000  |
| TimeCost(sec) | 95.617 |
| Pi_q_loss     | 3.961  |
| Pi_l2_loss    | 0.075  |
| Q_loss        | 0.02   |
| Success       | 0.05   |
+---------------+--------+
2021-12-14 18:00:03 her-mep
+---------------+--------+
| Epoch         | 1/20   |
| Cycle         | 10/20  |
| Episodes      | 1550   |
| Timesteps     | 77500  |
| TimeCost(sec) | 84.698 |
| Pi_q_loss     | 6.004  |
| Pi_l2_loss    | 0.041  |
| Q_loss        | 0.002  |
| Success       | 0.08   |
+---------------+--------+
2021-12-14 18:01:33 her-mep
+---------------+--------+
| Epoch         | 1/20   |
| Cycle         | 11/20  |
| Episodes      | 1600   |
| Timesteps     | 80000  |
| TimeCost(sec) | 89.623 |
| Pi_q_loss     | 4.286  |
| Pi_l2_loss    | 0.069  |
| Q_loss        | 0.001  |
| Success       | 0.04   |
+---------------+--------+
2021-12-14 18:03:08 her-mep
+---------------+-------+
| Epoch         | 1/20  |
| Cycle         | 12/20 |
| Episodes      | 1650  |
| Timesteps     | 82500 |
| TimeCost(sec) | 95.45 |
| Pi_q_loss     | 3.102 |
| Pi_l2_loss    | 0.088 |
| Q_loss        | 0.02  |
| Success       | 0.1   |
+---------------+-------+
2021-12-14 18:04:35 her-mep
+---------------+-------+
| Epoch         | 1/20  |
| Cycle         | 13/20 |
| Episodes      | 1700  |
| Timesteps     | 85000 |
| TimeCost(sec) | 86.22 |
| Pi_q_loss     | 3.711 |
| Pi_l2_loss    | 0.09  |
| Q_loss        | 0.004 |
| Success       | 0.04  |
+---------------+-------+
2021-12-14 18:06:04 her-mep
+---------------+--------+
| Epoch         | 1/20   |
| Cycle         | 14/20  |
| Episodes      | 1750   |
| Timesteps     | 87500  |
| TimeCost(sec) | 88.988 |
| Pi_q_loss     | 3.269  |
| Pi_l2_loss    | 0.105  |
| Q_loss        | 0.002  |
| Success       | 0.1    |
+---------------+--------+
2021-12-14 18:07:38 her-mep
+---------------+--------+
| Epoch         | 1/20   |
| Cycle         | 15/20  |
| Episodes      | 1800   |
| Timesteps     | 90000  |
| TimeCost(sec) | 93.775 |
| Pi_q_loss     | 2.715  |
| Pi_l2_loss    | 0.066  |
| Q_loss        | 0.011  |
| Success       | 0.09   |
+---------------+--------+
2021-12-14 18:09:01 her-mep
+---------------+--------+
| Epoch         | 1/20   |
| Cycle         | 16/20  |
| Episodes      | 1850   |
| Timesteps     | 92500  |
| TimeCost(sec) | 83.164 |
| Pi_q_loss     | 2.314  |
| Pi_l2_loss    | 0.032  |
| Q_loss        | 0.0    |
| Success       | 0.09   |
+---------------+--------+
2021-12-14 18:10:26 her-mep
+---------------+--------+
| Epoch         | 1/20   |
| Cycle         | 17/20  |
| Episodes      | 1900   |
| Timesteps     | 95000  |
| TimeCost(sec) | 84.984 |
| Pi_q_loss     | 2.298  |
| Pi_l2_loss    | 0.086  |
| Q_loss        | 0.002  |
| Success       | 0.02   |
+---------------+--------+
2021-12-14 18:11:59 her-mep
+---------------+--------+
| Epoch         | 1/20   |
| Cycle         | 18/20  |
| Episodes      | 1950   |
| Timesteps     | 97500  |
| TimeCost(sec) | 92.023 |
| Pi_q_loss     | 2.857  |
| Pi_l2_loss    | 0.041  |
| Q_loss        | 0.011  |
| Success       | 0.08   |
+---------------+--------+
2021-12-14 18:13:24 her-mep
+---------------+--------+
| Epoch         | 1/20   |
| Cycle         | 19/20  |
| Episodes      | 2000   |
| Timesteps     | 100000 |
| TimeCost(sec) | 84.915 |
| Pi_q_loss     | 3.833  |
| Pi_l2_loss    | 0.027  |
| Q_loss        | 0.002  |
| Success       | 0.09   |
+---------------+--------+
Saved periodic policy to log/her-mep-ddpg-FetchPush-v1-normal-14-12-2021_17-18-11/!
2021-12-14 18:14:49 her-mep
+---------------+--------+
| Epoch         | 2/20   |
| Cycle         | 0/20   |
| Episodes      | 2050   |
| Timesteps     | 102500 |
| TimeCost(sec) | 84.776 |
| Pi_q_loss     | 1.37   |
| Pi_l2_loss    | 0.016  |
| Q_loss        | 0.0    |
| Success       | 0.07   |
+---------------+--------+
2021-12-14 18:16:23 her-mep
+---------------+--------+
| Epoch         | 2/20   |
| Cycle         | 1/20   |
| Episodes      | 2100   |
| Timesteps     | 105000 |
| TimeCost(sec) | 94.091 |
| Pi_q_loss     | 3.42   |
| Pi_l2_loss    | 0.03   |
| Q_loss        | 0.029  |
| Success       | 0.09   |
+---------------+--------+
2021-12-14 18:17:50 her-mep
+---------------+--------+
| Epoch         | 2/20   |
| Cycle         | 2/20   |
| Episodes      | 2150   |
| Timesteps     | 107500 |
| TimeCost(sec) | 86.405 |
| Pi_q_loss     | 4.045  |
| Pi_l2_loss    | 0.028  |
| Q_loss        | 0.0    |
| Success       | 0.03   |
+---------------+--------+
2021-12-14 18:19:17 her-mep
+---------------+--------+
| Epoch         | 2/20   |
| Cycle         | 3/20   |
| Episodes      | 2200   |
| Timesteps     | 110000 |
| TimeCost(sec) | 86.778 |
| Pi_q_loss     | 4.454  |
| Pi_l2_loss    | 0.008  |
| Q_loss        | 0.001  |
| Success       | 0.11   |
+---------------+--------+
2021-12-14 18:20:43 her-mep
+---------------+--------+
| Epoch         | 2/20   |
| Cycle         | 4/20   |
| Episodes      | 2250   |
| Timesteps     | 112500 |
| TimeCost(sec) | 86.589 |
| Pi_q_loss     | 3.596  |
| Pi_l2_loss    | 0.025  |
| Q_loss        | 0.002  |
| Success       | 0.07   |
+---------------+--------+
2021-12-14 18:22:08 her-mep
+---------------+--------+
| Epoch         | 2/20   |
| Cycle         | 5/20   |
| Episodes      | 2300   |
| Timesteps     | 115000 |
| TimeCost(sec) | 84.608 |
| Pi_q_loss     | 3.071  |
| Pi_l2_loss    | 0.036  |
| Q_loss        | 0.007  |
| Success       | 0.04   |
+---------------+--------+
2021-12-14 18:23:39 her-mep
+---------------+--------+
| Epoch         | 2/20   |
| Cycle         | 6/20   |
| Episodes      | 2350   |
| Timesteps     | 117500 |
| TimeCost(sec) | 90.771 |
| Pi_q_loss     | 3.28   |
| Pi_l2_loss    | 0.044  |
| Q_loss        | 0.003  |
| Success       | 0.08   |
+---------------+--------+
2021-12-14 18:25:12 her-mep
+---------------+--------+
| Epoch         | 2/20   |
| Cycle         | 7/20   |
| Episodes      | 2400   |
| Timesteps     | 120000 |
| TimeCost(sec) | 92.282 |
| Pi_q_loss     | 3.215  |
| Pi_l2_loss    | 0.047  |
| Q_loss        | 0.006  |
| Success       | 0.06   |
+---------------+--------+
2021-12-14 18:26:42 her-mep
+---------------+--------+
| Epoch         | 2/20   |
| Cycle         | 8/20   |
| Episodes      | 2450   |
| Timesteps     | 122500 |
| TimeCost(sec) | 90.078 |
| Pi_q_loss     | 3.56   |
| Pi_l2_loss    | 0.036  |
| Q_loss        | 0.006  |
| Success       | 0.05   |
+---------------+--------+
2021-12-14 18:28:07 her-mep
+---------------+--------+
| Epoch         | 2/20   |
| Cycle         | 9/20   |
| Episodes      | 2500   |
| Timesteps     | 125000 |
| TimeCost(sec) | 85.208 |
| Pi_q_loss     | 3.807  |
| Pi_l2_loss    | 0.032  |
| Q_loss        | 0.001  |
| Success       | 0.04   |
+---------------+--------+
2021-12-14 18:29:41 her-mep
+---------------+--------+
| Epoch         | 2/20   |
| Cycle         | 10/20  |
| Episodes      | 2550   |
| Timesteps     | 127500 |
| TimeCost(sec) | 93.038 |
| Pi_q_loss     | 3.65   |
| Pi_l2_loss    | 0.033  |
| Q_loss        | 0.028  |
| Success       | 0.07   |
+---------------+--------+
2021-12-14 18:31:07 her-mep
+---------------+--------+
| Epoch         | 2/20   |
| Cycle         | 11/20  |
| Episodes      | 2600   |
| Timesteps     | 130000 |
| TimeCost(sec) | 85.963 |
| Pi_q_loss     | 3.91   |
| Pi_l2_loss    | 0.01   |
| Q_loss        | 0.008  |
| Success       | 0.11   |
+---------------+--------+
2021-12-14 18:32:35 her-mep
+---------------+--------+
| Epoch         | 2/20   |
| Cycle         | 12/20  |
| Episodes      | 2650   |
| Timesteps     | 132500 |
| TimeCost(sec) | 88.17  |
| Pi_q_loss     | 2.97   |
| Pi_l2_loss    | 0.038  |
| Q_loss        | 0.001  |
| Success       | 0.07   |
+---------------+--------+
2021-12-14 18:34:09 her-mep
+---------------+--------+
| Epoch         | 2/20   |
| Cycle         | 13/20  |
| Episodes      | 2700   |
| Timesteps     | 135000 |
| TimeCost(sec) | 93.804 |
| Pi_q_loss     | 4.062  |
| Pi_l2_loss    | 0.042  |
| Q_loss        | 0.026  |
| Success       | 0.05   |
+---------------+--------+
2021-12-14 18:35:34 her-mep
+---------------+--------+
| Epoch         | 2/20   |
| Cycle         | 14/20  |
| Episodes      | 2750   |
| Timesteps     | 137500 |
| TimeCost(sec) | 84.99  |
| Pi_q_loss     | 4.386  |
| Pi_l2_loss    | 0.016  |
| Q_loss        | 0.0    |
| Success       | 0.07   |
+---------------+--------+
2021-12-14 18:37:02 her-mep
+---------------+--------+
| Epoch         | 2/20   |
| Cycle         | 15/20  |
| Episodes      | 2800   |
| Timesteps     | 140000 |
| TimeCost(sec) | 87.203 |
| Pi_q_loss     | 5.543  |
| Pi_l2_loss    | 0.068  |
| Q_loss        | 0.017  |
| Success       | 0.04   |
+---------------+--------+
2021-12-14 18:38:28 her-mep
+---------------+--------+
| Epoch         | 2/20   |
| Cycle         | 16/20  |
| Episodes      | 2850   |
| Timesteps     | 142500 |
| TimeCost(sec) | 86.069 |
| Pi_q_loss     | 6.428  |
| Pi_l2_loss    | 0.12   |
| Q_loss        | 0.002  |
| Success       | 0.04   |
+---------------+--------+
2021-12-14 18:39:52 her-mep
+---------------+--------+
| Epoch         | 2/20   |
| Cycle         | 17/20  |
| Episodes      | 2900   |
| Timesteps     | 145000 |
| TimeCost(sec) | 83.99  |
| Pi_q_loss     | 4.584  |
| Pi_l2_loss    | 0.142  |
| Q_loss        | 0.021  |
| Success       | 0.06   |
+---------------+--------+
2021-12-14 18:41:19 her-mep
+---------------+--------+
| Epoch         | 2/20   |
| Cycle         | 18/20  |
| Episodes      | 2950   |
| Timesteps     | 147500 |
| TimeCost(sec) | 86.569 |
| Pi_q_loss     | 2.1    |
| Pi_l2_loss    | 0.071  |
| Q_loss        | 0.006  |
| Success       | 0.1    |
+---------------+--------+
2021-12-14 18:42:46 her-mep
+---------------+--------+
| Epoch         | 2/20   |
| Cycle         | 19/20  |
| Episodes      | 3000   |
| Timesteps     | 150000 |
| TimeCost(sec) | 86.739 |
| Pi_q_loss     | 2.769  |
| Pi_l2_loss    | 0.088  |
| Q_loss        | 0.003  |
| Success       | 0.03   |
+---------------+--------+
Saved periodic policy to log/her-mep-ddpg-FetchPush-v1-normal-14-12-2021_17-18-11/!
2021-12-14 18:44:17 her-mep
+---------------+--------+
| Epoch         | 3/20   |
| Cycle         | 0/20   |
| Episodes      | 3050   |
| Timesteps     | 152500 |
| TimeCost(sec) | 91.399 |
| Pi_q_loss     | 3.485  |
| Pi_l2_loss    | 0.066  |
| Q_loss        | 0.022  |
| Success       | 0.05   |
+---------------+--------+
2021-12-14 18:45:41 her-mep
+---------------+--------+
| Epoch         | 3/20   |
| Cycle         | 1/20   |
| Episodes      | 3100   |
| Timesteps     | 155000 |
| TimeCost(sec) | 83.613 |
| Pi_q_loss     | 1.733  |
| Pi_l2_loss    | 0.088  |
| Q_loss        | 0.001  |
| Success       | 0.09   |
+---------------+--------+
2021-12-14 18:47:09 her-mep
+---------------+--------+
| Epoch         | 3/20   |
| Cycle         | 2/20   |
| Episodes      | 3150   |
| Timesteps     | 157500 |
| TimeCost(sec) | 88.117 |
| Pi_q_loss     | 2.682  |
| Pi_l2_loss    | 0.062  |
| Q_loss        | 0.002  |
| Success       | 0.04   |
+---------------+--------+
2021-12-14 18:48:38 her-mep
+---------------+--------+
| Epoch         | 3/20   |
| Cycle         | 3/20   |
| Episodes      | 3200   |
| Timesteps     | 160000 |
| TimeCost(sec) | 88.465 |
| Pi_q_loss     | 2.85   |
| Pi_l2_loss    | 0.081  |
| Q_loss        | 0.01   |
| Success       | 0.06   |
+---------------+--------+
2021-12-14 18:50:01 her-mep
+---------------+--------+
| Epoch         | 3/20   |
| Cycle         | 4/20   |
| Episodes      | 3250   |
| Timesteps     | 162500 |
| TimeCost(sec) | 82.744 |
| Pi_q_loss     | 1.648  |
| Pi_l2_loss    | 0.092  |
| Q_loss        | 0.001  |
| Success       | 0.05   |
+---------------+--------+
2021-12-14 18:51:26 her-mep
+---------------+--------+
| Epoch         | 3/20   |
| Cycle         | 5/20   |
| Episodes      | 3300   |
| Timesteps     | 165000 |
| TimeCost(sec) | 84.598 |
| Pi_q_loss     | 2.758  |
| Pi_l2_loss    | 0.073  |
| Q_loss        | 0.004  |
| Success       | 0.09   |
+---------------+--------+
2021-12-14 18:52:48 her-mep
+---------------+--------+
| Epoch         | 3/20   |
| Cycle         | 6/20   |
| Episodes      | 3350   |
| Timesteps     | 167500 |
| TimeCost(sec) | 82.118 |
| Pi_q_loss     | 3.101  |
| Pi_l2_loss    | 0.066  |
| Q_loss        | 0.0    |
| Success       | 0.11   |
+---------------+--------+
2021-12-14 18:54:13 her-mep
+---------------+--------+
| Epoch         | 3/20   |
| Cycle         | 7/20   |
| Episodes      | 3400   |
| Timesteps     | 170000 |
| TimeCost(sec) | 84.861 |
| Pi_q_loss     | 3.698  |
| Pi_l2_loss    | 0.06   |
| Q_loss        | 0.006  |
| Success       | 0.1    |
+---------------+--------+
2021-12-14 18:55:36 her-mep
+---------------+--------+
| Epoch         | 3/20   |
| Cycle         | 8/20   |
| Episodes      | 3450   |
| Timesteps     | 172500 |
| TimeCost(sec) | 83.017 |
| Pi_q_loss     | 5.354  |
| Pi_l2_loss    | 0.095  |
| Q_loss        | 0.005  |
| Success       | 0.04   |
+---------------+--------+
2021-12-14 18:57:02 her-mep
+---------------+--------+
| Epoch         | 3/20   |
| Cycle         | 9/20   |
| Episodes      | 3500   |
| Timesteps     | 175000 |
| TimeCost(sec) | 85.501 |
| Pi_q_loss     | 1.56   |
| Pi_l2_loss    | 0.058  |
| Q_loss        | 0.002  |
| Success       | 0.06   |
+---------------+--------+
2021-12-14 18:58:26 her-mep
+---------------+--------+
| Epoch         | 3/20   |
| Cycle         | 10/20  |
| Episodes      | 3550   |
| Timesteps     | 177500 |
| TimeCost(sec) | 83.656 |
| Pi_q_loss     | 2.003  |
| Pi_l2_loss    | 0.095  |
| Q_loss        | 0.001  |
| Success       | 0.04   |
+---------------+--------+
2021-12-14 18:59:50 her-mep
+---------------+--------+
| Epoch         | 3/20   |
| Cycle         | 11/20  |
| Episodes      | 3600   |
| Timesteps     | 180000 |
| TimeCost(sec) | 84.18  |
| Pi_q_loss     | 0.768  |
| Pi_l2_loss    | 0.072  |
| Q_loss        | 0.003  |
| Success       | 0.11   |
+---------------+--------+
2021-12-14 19:01:14 her-mep
+---------------+--------+
| Epoch         | 3/20   |
| Cycle         | 12/20  |
| Episodes      | 3650   |
| Timesteps     | 182500 |
| TimeCost(sec) | 83.734 |
| Pi_q_loss     | 1.497  |
| Pi_l2_loss    | 0.04   |
| Q_loss        | 0.001  |
| Success       | 0.05   |
+---------------+--------+
2021-12-14 19:02:38 her-mep
+---------------+--------+
| Epoch         | 3/20   |
| Cycle         | 13/20  |
| Episodes      | 3700   |
| Timesteps     | 185000 |
| TimeCost(sec) | 83.551 |
| Pi_q_loss     | 1.582  |
| Pi_l2_loss    | 0.049  |
| Q_loss        | 0.001  |
| Success       | 0.08   |
+---------------+--------+
2021-12-14 19:04:04 her-mep
+---------------+--------+
| Epoch         | 3/20   |
| Cycle         | 14/20  |
| Episodes      | 3750   |
| Timesteps     | 187500 |
| TimeCost(sec) | 85.706 |
| Pi_q_loss     | 2.471  |
| Pi_l2_loss    | 0.066  |
| Q_loss        | 0.005  |
| Success       | 0.05   |
+---------------+--------+
2021-12-14 19:05:28 her-mep
+---------------+--------+
| Epoch         | 3/20   |
| Cycle         | 15/20  |
| Episodes      | 3800   |
| Timesteps     | 190000 |
| TimeCost(sec) | 84.122 |
| Pi_q_loss     | 1.112  |
| Pi_l2_loss    | 0.119  |
| Q_loss        | 0.001  |
| Success       | 0.02   |
+---------------+--------+
2021-12-14 19:06:56 her-mep
+---------------+--------+
| Epoch         | 3/20   |
| Cycle         | 16/20  |
| Episodes      | 3850   |
| Timesteps     | 192500 |
| TimeCost(sec) | 87.655 |
| Pi_q_loss     | 2.568  |
| Pi_l2_loss    | 0.054  |
| Q_loss        | 0.009  |
| Success       | 0.09   |
+---------------+--------+
2021-12-14 19:08:18 her-mep
+---------------+--------+
| Epoch         | 3/20   |
| Cycle         | 17/20  |
| Episodes      | 3900   |
| Timesteps     | 195000 |
| TimeCost(sec) | 82.072 |
| Pi_q_loss     | 1.478  |
| Pi_l2_loss    | 0.073  |
| Q_loss        | 0.001  |
| Success       | 0.08   |
+---------------+--------+
2021-12-14 19:09:43 her-mep
+---------------+--------+
| Epoch         | 3/20   |
| Cycle         | 18/20  |
| Episodes      | 3950   |
| Timesteps     | 197500 |
| TimeCost(sec) | 84.825 |
| Pi_q_loss     | 2.214  |
| Pi_l2_loss    | 0.049  |
| Q_loss        | 0.003  |
| Success       | 0.04   |
+---------------+--------+
2021-12-14 19:11:07 her-mep
+---------------+--------+
| Epoch         | 3/20   |
| Cycle         | 19/20  |
| Episodes      | 4000   |
| Timesteps     | 200000 |
| TimeCost(sec) | 83.643 |
| Pi_q_loss     | 4.308  |
| Pi_l2_loss    | 0.07   |
| Q_loss        | 0.013  |
| Success       | 0.08   |
+---------------+--------+
Saved periodic policy to log/her-mep-ddpg-FetchPush-v1-normal-14-12-2021_17-18-11/!
2021-12-14 19:12:32 her-mep
+---------------+--------+
| Epoch         | 4/20   |
| Cycle         | 0/20   |
| Episodes      | 4050   |
| Timesteps     | 202500 |
| TimeCost(sec) | 84.284 |
| Pi_q_loss     | 0.192  |
| Pi_l2_loss    | 0.002  |
| Q_loss        | 0.0    |
| Success       | 0.04   |
+---------------+--------+
2021-12-14 19:14:04 her-mep
+---------------+--------+
| Epoch         | 4/20   |
| Cycle         | 1/20   |
| Episodes      | 4100   |
| Timesteps     | 205000 |
| TimeCost(sec) | 91.946 |
| Pi_q_loss     | 3.041  |
| Pi_l2_loss    | 0.048  |
| Q_loss        | 0.002  |
| Success       | 0.03   |
+---------------+--------+
2021-12-14 19:15:31 her-mep
+---------------+--------+
| Epoch         | 4/20   |
| Cycle         | 2/20   |
| Episodes      | 4150   |
| Timesteps     | 207500 |
| TimeCost(sec) | 86.746 |
| Pi_q_loss     | 2.704  |
| Pi_l2_loss    | 0.068  |
| Q_loss        | 0.014  |
| Success       | 0.04   |
+---------------+--------+
2021-12-14 19:16:53 her-mep
+---------------+--------+
| Epoch         | 4/20   |
| Cycle         | 3/20   |
| Episodes      | 4200   |
| Timesteps     | 210000 |
| TimeCost(sec) | 82.521 |
| Pi_q_loss     | 4.041  |
| Pi_l2_loss    | 0.024  |
| Q_loss        | 0.0    |
| Success       | 0.06   |
+---------------+--------+
2021-12-14 19:18:18 her-mep
+---------------+--------+
| Epoch         | 4/20   |
| Cycle         | 4/20   |
| Episodes      | 4250   |
| Timesteps     | 212500 |
| TimeCost(sec) | 84.795 |
| Pi_q_loss     | 2.163  |
| Pi_l2_loss    | 0.043  |
| Q_loss        | 0.003  |
| Success       | 0.06   |
+---------------+--------+
2021-12-14 19:19:45 her-mep
+---------------+--------+
| Epoch         | 4/20   |
| Cycle         | 5/20   |
| Episodes      | 4300   |
| Timesteps     | 215000 |
| TimeCost(sec) | 86.563 |
| Pi_q_loss     | 3.002  |
| Pi_l2_loss    | 0.042  |
| Q_loss        | 0.002  |
| Success       | 0.12   |
+---------------+--------+
2021-12-14 19:21:13 her-mep
+---------------+--------+
| Epoch         | 4/20   |
| Cycle         | 6/20   |
| Episodes      | 4350   |
| Timesteps     | 217500 |
| TimeCost(sec) | 87.413 |
| Pi_q_loss     | 3.531  |
| Pi_l2_loss    | 0.052  |
| Q_loss        | 0.005  |
| Success       | 0.06   |
+---------------+--------+
2021-12-14 19:22:38 her-mep
+---------------+--------+
| Epoch         | 4/20   |
| Cycle         | 7/20   |
| Episodes      | 4400   |
| Timesteps     | 220000 |
| TimeCost(sec) | 85.72  |
| Pi_q_loss     | 3.636  |
| Pi_l2_loss    | 0.049  |
| Q_loss        | 0.001  |
| Success       | 0.08   |
+---------------+--------+
2021-12-14 19:24:15 her-mep
+---------------+--------+
| Epoch         | 4/20   |
| Cycle         | 8/20   |
| Episodes      | 4450   |
| Timesteps     | 222500 |
| TimeCost(sec) | 96.093 |
| Pi_q_loss     | 3.208  |
| Pi_l2_loss    | 0.055  |
| Q_loss        | 0.035  |
| Success       | 0.06   |
+---------------+--------+
2021-12-14 19:25:38 her-mep
+---------------+--------+
| Epoch         | 4/20   |
| Cycle         | 9/20   |
| Episodes      | 4500   |
| Timesteps     | 225000 |
| TimeCost(sec) | 83.351 |
| Pi_q_loss     | 4.483  |
| Pi_l2_loss    | 0.125  |
| Q_loss        | 0.002  |
| Success       | 0.04   |
+---------------+--------+
2021-12-14 19:27:02 her-mep
+---------------+--------+
| Epoch         | 4/20   |
| Cycle         | 10/20  |
| Episodes      | 4550   |
| Timesteps     | 227500 |
| TimeCost(sec) | 83.835 |
| Pi_q_loss     | 2.234  |
| Pi_l2_loss    | 0.11   |
| Q_loss        | 0.002  |
| Success       | 0.12   |
+---------------+--------+
2021-12-14 19:28:33 her-mep
+---------------+--------+
| Epoch         | 4/20   |
| Cycle         | 11/20  |
| Episodes      | 4600   |
| Timesteps     | 230000 |
| TimeCost(sec) | 90.553 |
| Pi_q_loss     | 3.192  |
| Pi_l2_loss    | 0.063  |
| Q_loss        | 0.017  |
| Success       | 0.08   |
+---------------+--------+
2021-12-14 19:29:57 her-mep
+---------------+--------+
| Epoch         | 4/20   |
| Cycle         | 12/20  |
| Episodes      | 4650   |
| Timesteps     | 232500 |
| TimeCost(sec) | 83.741 |
| Pi_q_loss     | 4.583  |
| Pi_l2_loss    | 0.004  |
| Q_loss        | 0.0    |
| Success       | 0.03   |
+---------------+--------+
2021-12-14 19:31:22 her-mep
+---------------+--------+
| Epoch         | 4/20   |
| Cycle         | 13/20  |
| Episodes      | 4700   |
| Timesteps     | 235000 |
| TimeCost(sec) | 85.239 |
| Pi_q_loss     | 2.913  |
| Pi_l2_loss    | 0.081  |
| Q_loss        | 0.001  |
| Success       | 0.06   |
+---------------+--------+
2021-12-14 19:32:53 her-mep
+---------------+--------+
| Epoch         | 4/20   |
| Cycle         | 14/20  |
| Episodes      | 4750   |
| Timesteps     | 237500 |
| TimeCost(sec) | 90.02  |
| Pi_q_loss     | 3.413  |
| Pi_l2_loss    | 0.051  |
| Q_loss        | 0.017  |
| Success       | 0.02   |
+---------------+--------+
2021-12-14 19:34:16 her-mep
+---------------+--------+
| Epoch         | 4/20   |
| Cycle         | 15/20  |
| Episodes      | 4800   |
| Timesteps     | 240000 |
| TimeCost(sec) | 83.173 |
| Pi_q_loss     | 3.235  |
| Pi_l2_loss    | 0.039  |
| Q_loss        | 0.0    |
| Success       | 0.05   |
+---------------+--------+
2021-12-14 19:35:47 her-mep
+---------------+--------+
| Epoch         | 4/20   |
| Cycle         | 16/20  |
| Episodes      | 4850   |
| Timesteps     | 242500 |
| TimeCost(sec) | 90.66  |
| Pi_q_loss     | 3.269  |
| Pi_l2_loss    | 0.033  |
| Q_loss        | 0.015  |
| Success       | 0.04   |
+---------------+--------+
2021-12-14 19:37:10 her-mep
+---------------+--------+
| Epoch         | 4/20   |
| Cycle         | 17/20  |
| Episodes      | 4900   |
| Timesteps     | 245000 |
| TimeCost(sec) | 83.074 |
| Pi_q_loss     | 4.671  |
| Pi_l2_loss    | 0.024  |
| Q_loss        | 0.002  |
| Success       | 0.1    |
+---------------+--------+
2021-12-14 19:38:34 her-mep
+---------------+--------+
| Epoch         | 4/20   |
| Cycle         | 18/20  |
| Episodes      | 4950   |
| Timesteps     | 247500 |
| TimeCost(sec) | 83.593 |
| Pi_q_loss     | 3.041  |
| Pi_l2_loss    | 0.051  |
| Q_loss        | 0.001  |
| Success       | 0.1    |
+---------------+--------+
2021-12-14 19:40:00 her-mep
+---------------+--------+
| Epoch         | 4/20   |
| Cycle         | 19/20  |
| Episodes      | 5000   |
| Timesteps     | 250000 |
| TimeCost(sec) | 86.274 |
| Pi_q_loss     | 2.69   |
| Pi_l2_loss    | 0.017  |
| Q_loss        | 0.001  |
| Success       | 0.05   |
+---------------+--------+
Saved periodic policy to log/her-mep-ddpg-FetchPush-v1-normal-14-12-2021_17-18-11/!
2021-12-14 19:41:24 her-mep
+---------------+--------+
| Epoch         | 5/20   |
| Cycle         | 0/20   |
| Episodes      | 5050   |
| Timesteps     | 252500 |
| TimeCost(sec) | 83.136 |
| Pi_q_loss     | 4.755  |
| Pi_l2_loss    | 0.004  |
| Q_loss        | 0.001  |
| Success       | 0.08   |
+---------------+--------+
2021-12-14 19:42:47 her-mep
+---------------+--------+
| Epoch         | 5/20   |
| Cycle         | 1/20   |
| Episodes      | 5100   |
| Timesteps     | 255000 |
| TimeCost(sec) | 83.227 |
| Pi_q_loss     | 4.683  |
| Pi_l2_loss    | 0.014  |
| Q_loss        | 0.001  |
| Success       | 0.04   |
+---------------+--------+
2021-12-14 19:44:17 her-mep
+---------------+--------+
| Epoch         | 5/20   |
| Cycle         | 2/20   |
| Episodes      | 5150   |
| Timesteps     | 257500 |
| TimeCost(sec) | 89.918 |
| Pi_q_loss     | 3.937  |
| Pi_l2_loss    | 0.029  |
| Q_loss        | 0.027  |
| Success       | 0.07   |
+---------------+--------+
2021-12-14 19:45:40 her-mep
+---------------+--------+
| Epoch         | 5/20   |
| Cycle         | 3/20   |
| Episodes      | 5200   |
| Timesteps     | 260000 |
| TimeCost(sec) | 83.096 |
| Pi_q_loss     | 4.885  |
| Pi_l2_loss    | 0.024  |
| Q_loss        | 0.0    |
| Success       | 0.07   |
+---------------+--------+
2021-12-14 19:47:07 her-mep
+---------------+--------+
| Epoch         | 5/20   |
| Cycle         | 4/20   |
| Episodes      | 5250   |
| Timesteps     | 262500 |
| TimeCost(sec) | 86.657 |
| Pi_q_loss     | 4.38   |
| Pi_l2_loss    | 0.03   |
| Q_loss        | 0.001  |
| Success       | 0.05   |
+---------------+--------+
2021-12-14 19:48:37 her-mep
+---------------+--------+
| Epoch         | 5/20   |
| Cycle         | 5/20   |
| Episodes      | 5300   |
| Timesteps     | 265000 |
| TimeCost(sec) | 89.595 |
| Pi_q_loss     | 4.285  |
| Pi_l2_loss    | 0.016  |
| Q_loss        | 0.007  |
| Success       | 0.1    |
+---------------+--------+
2021-12-14 19:49:59 her-mep
+---------------+--------+
| Epoch         | 5/20   |
| Cycle         | 6/20   |
| Episodes      | 5350   |
| Timesteps     | 267500 |
| TimeCost(sec) | 81.958 |
| Pi_q_loss     | 3.853  |
| Pi_l2_loss    | 0.073  |
| Q_loss        | 0.002  |
| Success       | 0.07   |
+---------------+--------+
2021-12-14 19:51:23 her-mep
+---------------+--------+
| Epoch         | 5/20   |
| Cycle         | 7/20   |
| Episodes      | 5400   |
| Timesteps     | 270000 |
| TimeCost(sec) | 83.928 |
| Pi_q_loss     | 4.561  |
| Pi_l2_loss    | 0.025  |
| Q_loss        | 0.001  |
| Success       | 0.1    |
+---------------+--------+
2021-12-14 19:52:49 her-mep
+---------------+--------+
| Epoch         | 5/20   |
| Cycle         | 8/20   |
| Episodes      | 5450   |
| Timesteps     | 272500 |
| TimeCost(sec) | 85.28  |
| Pi_q_loss     | 5.745  |
| Pi_l2_loss    | 0.01   |
| Q_loss        | 0.001  |
| Success       | 0.13   |
+---------------+--------+
Saved as best policy to log/her-mep-ddpg-FetchPush-v1-normal-14-12-2021_17-18-11/!
2021-12-14 19:54:19 her-mep
+---------------+--------+
| Epoch         | 5/20   |
| Cycle         | 9/20   |
| Episodes      | 5500   |
| Timesteps     | 275000 |
| TimeCost(sec) | 90.128 |
| Pi_q_loss     | 4.667  |
| Pi_l2_loss    | 0.023  |
| Q_loss        | 0.025  |
| Success       | 0.11   |
+---------------+--------+
2021-12-14 19:55:42 her-mep
+---------------+--------+
| Epoch         | 5/20   |
| Cycle         | 10/20  |
| Episodes      | 5550   |
| Timesteps     | 277500 |
| TimeCost(sec) | 82.496 |
| Pi_q_loss     | 5.853  |
| Pi_l2_loss    | 0.003  |
| Q_loss        | 0.001  |
| Success       | 0.09   |
+---------------+--------+
2021-12-14 19:57:08 her-mep
+---------------+--------+
| Epoch         | 5/20   |
| Cycle         | 11/20  |
| Episodes      | 5600   |
| Timesteps     | 280000 |
| TimeCost(sec) | 86.038 |
| Pi_q_loss     | 5.187  |
| Pi_l2_loss    | 0.029  |
| Q_loss        | 0.002  |
| Success       | 0.06   |
+---------------+--------+
2021-12-14 19:58:40 her-mep
+---------------+--------+
| Epoch         | 5/20   |
| Cycle         | 12/20  |
| Episodes      | 5650   |
| Timesteps     | 282500 |
| TimeCost(sec) | 91.552 |
| Pi_q_loss     | 4.702  |
| Pi_l2_loss    | 0.022  |
| Q_loss        | 0.004  |
| Success       | 0.12   |
+---------------+--------+
2021-12-14 20:00:09 her-mep
+---------------+--------+
| Epoch         | 5/20   |
| Cycle         | 13/20  |
| Episodes      | 5700   |
| Timesteps     | 285000 |
| TimeCost(sec) | 89.312 |
| Pi_q_loss     | 5.112  |
| Pi_l2_loss    | 0.063  |
| Q_loss        | 0.008  |
| Success       | 0.08   |
+---------------+--------+
2021-12-14 20:01:35 her-mep
+---------------+--------+
| Epoch         | 5/20   |
| Cycle         | 14/20  |
| Episodes      | 5750   |
| Timesteps     | 287500 |
| TimeCost(sec) | 85.526 |
| Pi_q_loss     | 4.924  |
| Pi_l2_loss    | 0.069  |
| Q_loss        | 0.001  |
| Success       | 0.07   |
+---------------+--------+
2021-12-14 20:03:00 her-mep
+---------------+--------+
| Epoch         | 5/20   |
| Cycle         | 15/20  |
| Episodes      | 5800   |
| Timesteps     | 290000 |
| TimeCost(sec) | 84.512 |
| Pi_q_loss     | 4.945  |
| Pi_l2_loss    | 0.073  |
| Q_loss        | 0.002  |
| Success       | 0.07   |
+---------------+--------+
2021-12-14 20:04:35 her-mep
+---------------+--------+
| Epoch         | 5/20   |
| Cycle         | 16/20  |
| Episodes      | 5850   |
| Timesteps     | 292500 |
| TimeCost(sec) | 95.477 |
| Pi_q_loss     | 5.087  |
| Pi_l2_loss    | 0.043  |
| Q_loss        | 0.035  |
| Success       | 0.08   |
+---------------+--------+
2021-12-14 20:05:59 her-mep
+---------------+--------+
| Epoch         | 5/20   |
| Cycle         | 17/20  |
| Episodes      | 5900   |
| Timesteps     | 295000 |
| TimeCost(sec) | 83.473 |
| Pi_q_loss     | 6.573  |
| Pi_l2_loss    | 0.004  |
| Q_loss        | 0.0    |
| Success       | 0.07   |
+---------------+--------+
2021-12-14 20:07:25 her-mep
+---------------+--------+
| Epoch         | 5/20   |
| Cycle         | 18/20  |
| Episodes      | 5950   |
| Timesteps     | 297500 |
| TimeCost(sec) | 85.413 |
| Pi_q_loss     | 6.57   |
| Pi_l2_loss    | 0.101  |
| Q_loss        | 0.041  |
| Success       | 0.05   |
+---------------+--------+
2021-12-14 20:08:51 her-mep
+---------------+--------+
| Epoch         | 5/20   |
| Cycle         | 19/20  |
| Episodes      | 6000   |
| Timesteps     | 300000 |
| TimeCost(sec) | 85.883 |
| Pi_q_loss     | 4.91   |
| Pi_l2_loss    | 0.053  |
| Q_loss        | 0.003  |
| Success       | 0.04   |
+---------------+--------+
Saved periodic policy to log/her-mep-ddpg-FetchPush-v1-normal-14-12-2021_17-18-11/!
2021-12-14 20:10:17 her-mep
+---------------+--------+
| Epoch         | 6/20   |
| Cycle         | 0/20   |
| Episodes      | 6050   |
| Timesteps     | 302500 |
| TimeCost(sec) | 85.702 |
| Pi_q_loss     | 4.565  |
| Pi_l2_loss    | 0.068  |
| Q_loss        | 0.005  |
| Success       | 0.07   |
+---------------+--------+
2021-12-14 20:11:46 her-mep
+---------------+--------+
| Epoch         | 6/20   |
| Cycle         | 1/20   |
| Episodes      | 6100   |
| Timesteps     | 305000 |
| TimeCost(sec) | 89.079 |
| Pi_q_loss     | 2.992  |
| Pi_l2_loss    | 0.073  |
| Q_loss        | 0.007  |
| Success       | 0.04   |
+---------------+--------+
2021-12-14 20:13:11 her-mep
+---------------+--------+
| Epoch         | 6/20   |
| Cycle         | 2/20   |
| Episodes      | 6150   |
| Timesteps     | 307500 |
| TimeCost(sec) | 84.337 |
| Pi_q_loss     | 2.178  |
| Pi_l2_loss    | 0.109  |
| Q_loss        | 0.004  |
| Success       | 0.06   |
+---------------+--------+
2021-12-14 20:14:43 her-mep
+---------------+--------+
| Epoch         | 6/20   |
| Cycle         | 3/20   |
| Episodes      | 6200   |
| Timesteps     | 310000 |
| TimeCost(sec) | 91.632 |
| Pi_q_loss     | 3.952  |
| Pi_l2_loss    | 0.103  |
| Q_loss        | 0.057  |
| Success       | 0.03   |
+---------------+--------+
2021-12-14 20:16:07 her-mep
+---------------+--------+
| Epoch         | 6/20   |
| Cycle         | 4/20   |
| Episodes      | 6250   |
| Timesteps     | 312500 |
| TimeCost(sec) | 83.83  |
| Pi_q_loss     | 2.428  |
| Pi_l2_loss    | 0.064  |
| Q_loss        | 0.001  |
| Success       | 0.08   |
+---------------+--------+
2021-12-14 20:17:35 her-mep
+---------------+--------+
| Epoch         | 6/20   |
| Cycle         | 5/20   |
| Episodes      | 6300   |
| Timesteps     | 315000 |
| TimeCost(sec) | 88.073 |
| Pi_q_loss     | 1.892  |
| Pi_l2_loss    | 0.075  |
| Q_loss        | 0.002  |
| Success       | 0.07   |
+---------------+--------+
2021-12-14 20:19:01 her-mep
+---------------+--------+
| Epoch         | 6/20   |
| Cycle         | 6/20   |
| Episodes      | 6350   |
| Timesteps     | 317500 |
| TimeCost(sec) | 86.126 |
| Pi_q_loss     | 4.585  |
| Pi_l2_loss    | 0.148  |
| Q_loss        | 0.009  |
| Success       | 0.04   |
+---------------+--------+
2021-12-14 20:20:29 her-mep
+---------------+--------+
| Epoch         | 6/20   |
| Cycle         | 7/20   |
| Episodes      | 6400   |
| Timesteps     | 320000 |
| TimeCost(sec) | 88.229 |
| Pi_q_loss     | 3.896  |
| Pi_l2_loss    | 0.08   |
| Q_loss        | 0.004  |
| Success       | 0.04   |
+---------------+--------+
2021-12-14 20:22:00 her-mep
+---------------+--------+
| Epoch         | 6/20   |
| Cycle         | 8/20   |
| Episodes      | 6450   |
| Timesteps     | 322500 |
| TimeCost(sec) | 90.787 |
| Pi_q_loss     | 2.888  |
| Pi_l2_loss    | 0.099  |
| Q_loss        | 0.019  |
| Success       | 0.09   |
+---------------+--------+
2021-12-14 20:23:24 her-mep
+---------------+--------+
| Epoch         | 6/20   |
| Cycle         | 9/20   |
| Episodes      | 6500   |
| Timesteps     | 325000 |
| TimeCost(sec) | 83.724 |
| Pi_q_loss     | 3.334  |
| Pi_l2_loss    | 0.107  |
| Q_loss        | 0.001  |
| Success       | 0.08   |
+---------------+--------+
2021-12-14 20:24:51 her-mep
+---------------+--------+
| Epoch         | 6/20   |
| Cycle         | 10/20  |
| Episodes      | 6550   |
| Timesteps     | 327500 |
| TimeCost(sec) | 86.305 |
| Pi_q_loss     | 3.147  |
| Pi_l2_loss    | 0.052  |
| Q_loss        | 0.002  |
| Success       | 0.04   |
+---------------+--------+
2021-12-14 20:26:22 her-mep
+---------------+--------+
| Epoch         | 6/20   |
| Cycle         | 11/20  |
| Episodes      | 6600   |
| Timesteps     | 330000 |
| TimeCost(sec) | 90.757 |
| Pi_q_loss     | 2.899  |
| Pi_l2_loss    | 0.065  |
| Q_loss        | 0.028  |
| Success       | 0.06   |
+---------------+--------+
2021-12-14 20:27:48 her-mep
+---------------+--------+
| Epoch         | 6/20   |
| Cycle         | 12/20  |
| Episodes      | 6650   |
| Timesteps     | 332500 |
| TimeCost(sec) | 85.895 |
| Pi_q_loss     | 2.563  |
| Pi_l2_loss    | 0.02   |
| Q_loss        | 0.0    |
| Success       | 0.07   |
+---------------+--------+
2021-12-14 20:29:21 her-mep
+---------------+--------+
| Epoch         | 6/20   |
| Cycle         | 13/20  |
| Episodes      | 6700   |
| Timesteps     | 335000 |
| TimeCost(sec) | 92.82  |
| Pi_q_loss     | 2.652  |
| Pi_l2_loss    | 0.052  |
| Q_loss        | 0.009  |
| Success       | 0.08   |
+---------------+--------+
2021-12-14 20:30:45 her-mep
+---------------+--------+
| Epoch         | 6/20   |
| Cycle         | 14/20  |
| Episodes      | 6750   |
| Timesteps     | 337500 |
| TimeCost(sec) | 84.089 |
| Pi_q_loss     | 1.735  |
| Pi_l2_loss    | 0.039  |
| Q_loss        | 0.0    |
| Success       | 0.08   |
+---------------+--------+
2021-12-14 20:32:11 her-mep
+---------------+--------+
| Epoch         | 6/20   |
| Cycle         | 15/20  |
| Episodes      | 6800   |
| Timesteps     | 340000 |
| TimeCost(sec) | 86.236 |
| Pi_q_loss     | 3.184  |
| Pi_l2_loss    | 0.059  |
| Q_loss        | 0.002  |
| Success       | 0.06   |
+---------------+--------+
2021-12-14 20:33:35 her-mep
+---------------+--------+
| Epoch         | 6/20   |
| Cycle         | 16/20  |
| Episodes      | 6850   |
| Timesteps     | 342500 |
| TimeCost(sec) | 82.95  |
| Pi_q_loss     | 4.938  |
| Pi_l2_loss    | 0.017  |
| Q_loss        | 0.003  |
| Success       | 0.1    |
+---------------+--------+
2021-12-14 20:35:01 her-mep
+---------------+--------+
| Epoch         | 6/20   |
| Cycle         | 17/20  |
| Episodes      | 6900   |
| Timesteps     | 345000 |
| TimeCost(sec) | 85.732 |
| Pi_q_loss     | 3.862  |
| Pi_l2_loss    | 0.043  |
| Q_loss        | 0.004  |
| Success       | 0.07   |
+---------------+--------+
2021-12-14 20:36:28 her-mep
+---------------+--------+
| Epoch         | 6/20   |
| Cycle         | 18/20  |
| Episodes      | 6950   |
| Timesteps     | 347500 |
| TimeCost(sec) | 87.364 |
| Pi_q_loss     | 1.439  |
| Pi_l2_loss    | 0.1    |
| Q_loss        | 0.004  |
| Success       | 0.06   |
+---------------+--------+
2021-12-14 20:37:54 her-mep
+---------------+--------+
| Epoch         | 6/20   |
| Cycle         | 19/20  |
| Episodes      | 7000   |
| Timesteps     | 350000 |
| TimeCost(sec) | 85.956 |
| Pi_q_loss     | 2.765  |
| Pi_l2_loss    | 0.065  |
| Q_loss        | 0.003  |
| Success       | 0.11   |
+---------------+--------+
Saved periodic policy to log/her-mep-ddpg-FetchPush-v1-normal-14-12-2021_17-18-11/!
2021-12-14 20:39:26 her-mep
+---------------+--------+
| Epoch         | 7/20   |
| Cycle         | 0/20   |
| Episodes      | 7050   |
| Timesteps     | 352500 |
| TimeCost(sec) | 91.495 |
| Pi_q_loss     | 2.76   |
| Pi_l2_loss    | 0.051  |
| Q_loss        | 0.023  |
| Success       | 0.1    |
+---------------+--------+
2021-12-14 20:40:51 her-mep
+---------------+--------+
| Epoch         | 7/20   |
| Cycle         | 1/20   |
| Episodes      | 7100   |
| Timesteps     | 355000 |
| TimeCost(sec) | 84.42  |
| Pi_q_loss     | 3.378  |
| Pi_l2_loss    | 0.024  |
| Q_loss        | 0.0    |
| Success       | 0.09   |
+---------------+--------+
2021-12-14 20:42:17 her-mep
+---------------+--------+
| Epoch         | 7/20   |
| Cycle         | 2/20   |
| Episodes      | 7150   |
| Timesteps     | 357500 |
| TimeCost(sec) | 86.471 |
| Pi_q_loss     | 3.001  |
| Pi_l2_loss    | 0.045  |
| Q_loss        | 0.001  |
| Success       | 0.07   |
+---------------+--------+
2021-12-14 20:43:49 her-mep
+---------------+--------+
| Epoch         | 7/20   |
| Cycle         | 3/20   |
| Episodes      | 7200   |
| Timesteps     | 360000 |
| TimeCost(sec) | 91.244 |
| Pi_q_loss     | 3.385  |
| Pi_l2_loss    | 0.048  |
| Q_loss        | 0.015  |
| Success       | 0.08   |
+---------------+--------+
2021-12-14 20:45:15 her-mep
+---------------+--------+
| Epoch         | 7/20   |
| Cycle         | 4/20   |
| Episodes      | 7250   |
| Timesteps     | 362500 |
| TimeCost(sec) | 85.873 |
| Pi_q_loss     | 3.585  |
| Pi_l2_loss    | 0.023  |
| Q_loss        | 0.001  |
| Success       | 0.06   |
+---------------+--------+
2021-12-14 20:46:47 her-mep
+---------------+--------+
| Epoch         | 7/20   |
| Cycle         | 5/20   |
| Episodes      | 7300   |
| Timesteps     | 365000 |
| TimeCost(sec) | 92.375 |
| Pi_q_loss     | 3.319  |
| Pi_l2_loss    | 0.041  |
| Q_loss        | 0.015  |
| Success       | 0.08   |
+---------------+--------+
2021-12-14 20:48:11 her-mep
+---------------+--------+
| Epoch         | 7/20   |
| Cycle         | 6/20   |
| Episodes      | 7350   |
| Timesteps     | 367500 |
| TimeCost(sec) | 83.378 |
| Pi_q_loss     | 2.902  |
| Pi_l2_loss    | 0.024  |
| Q_loss        | 0.0    |
| Success       | 0.07   |
+---------------+--------+
2021-12-14 20:49:40 her-mep
+---------------+--------+
| Epoch         | 7/20   |
| Cycle         | 7/20   |
| Episodes      | 7400   |
| Timesteps     | 370000 |
| TimeCost(sec) | 88.59  |
| Pi_q_loss     | 4.147  |
| Pi_l2_loss    | 0.024  |
| Q_loss        | 0.002  |
| Success       | 0.13   |
+---------------+--------+
2021-12-14 20:51:03 her-mep
+---------------+--------+
| Epoch         | 7/20   |
| Cycle         | 8/20   |
| Episodes      | 7450   |
| Timesteps     | 372500 |
| TimeCost(sec) | 83.591 |
| Pi_q_loss     | 2.504  |
| Pi_l2_loss    | 0.051  |
| Q_loss        | 0.001  |
| Success       | 0.08   |
+---------------+--------+
2021-12-14 20:52:30 her-mep
+---------------+--------+
| Epoch         | 7/20   |
| Cycle         | 9/20   |
| Episodes      | 7500   |
| Timesteps     | 375000 |
| TimeCost(sec) | 86.88  |
| Pi_q_loss     | 2.754  |
| Pi_l2_loss    | 0.067  |
| Q_loss        | 0.005  |
| Success       | 0.04   |
+---------------+--------+
2021-12-14 20:53:57 her-mep
+---------------+--------+
| Epoch         | 7/20   |
| Cycle         | 10/20  |
| Episodes      | 7550   |
| Timesteps     | 377500 |
| TimeCost(sec) | 86.219 |
| Pi_q_loss     | 6.019  |
| Pi_l2_loss    | 0.065  |
| Q_loss        | 0.012  |
| Success       | 0.08   |
+---------------+--------+
2021-12-14 20:55:21 her-mep
+---------------+--------+
| Epoch         | 7/20   |
| Cycle         | 11/20  |
| Episodes      | 7600   |
| Timesteps     | 380000 |
| TimeCost(sec) | 83.849 |
| Pi_q_loss     | 3.669  |
| Pi_l2_loss    | 0.009  |
| Q_loss        | 0.001  |
| Success       | 0.08   |
+---------------+--------+
2021-12-14 20:56:50 her-mep
+---------------+--------+
| Epoch         | 7/20   |
| Cycle         | 12/20  |
| Episodes      | 7650   |
| Timesteps     | 382500 |
| TimeCost(sec) | 89.014 |
| Pi_q_loss     | 4.192  |
| Pi_l2_loss    | 0.059  |
| Q_loss        | 0.01   |
| Success       | 0.09   |
+---------------+--------+
2021-12-14 20:58:15 her-mep
+---------------+--------+
| Epoch         | 7/20   |
| Cycle         | 13/20  |
| Episodes      | 7700   |
| Timesteps     | 385000 |
| TimeCost(sec) | 85.127 |
| Pi_q_loss     | 2.551  |
| Pi_l2_loss    | 0.1    |
| Q_loss        | 0.003  |
| Success       | 0.08   |
+---------------+--------+
2021-12-14 20:59:45 her-mep
+---------------+--------+
| Epoch         | 7/20   |
| Cycle         | 14/20  |
| Episodes      | 7750   |
| Timesteps     | 387500 |
| TimeCost(sec) | 89.044 |
| Pi_q_loss     | 3.707  |
| Pi_l2_loss    | 0.045  |
| Q_loss        | 0.02   |
| Success       | 0.06   |
+---------------+--------+
2021-12-14 21:01:07 her-mep
+---------------+--------+
| Epoch         | 7/20   |
| Cycle         | 15/20  |
| Episodes      | 7800   |
| Timesteps     | 390000 |
| TimeCost(sec) | 81.777 |
| Pi_q_loss     | 3.732  |
| Pi_l2_loss    | 0.018  |
| Q_loss        | 0.0    |
| Success       | 0.06   |
+---------------+--------+
2021-12-14 21:02:36 her-mep
+---------------+--------+
| Epoch         | 7/20   |
| Cycle         | 16/20  |
| Episodes      | 7850   |
| Timesteps     | 392500 |
| TimeCost(sec) | 89.45  |
| Pi_q_loss     | 3.691  |
| Pi_l2_loss    | 0.075  |
| Q_loss        | 0.006  |
| Success       | 0.11   |
+---------------+--------+
2021-12-14 21:04:00 her-mep
+---------------+--------+
| Epoch         | 7/20   |
| Cycle         | 17/20  |
| Episodes      | 7900   |
| Timesteps     | 395000 |
| TimeCost(sec) | 83.622 |
| Pi_q_loss     | 3.726  |
| Pi_l2_loss    | 0.065  |
| Q_loss        | 0.004  |
| Success       | 0.07   |
+---------------+--------+
2021-12-14 21:05:25 her-mep
+---------------+--------+
| Epoch         | 7/20   |
| Cycle         | 18/20  |
| Episodes      | 7950   |
| Timesteps     | 397500 |
| TimeCost(sec) | 85.024 |
| Pi_q_loss     | 2.897  |
| Pi_l2_loss    | 0.081  |
| Q_loss        | 0.003  |
| Success       | 0.09   |
+---------------+--------+
2021-12-14 21:06:56 her-mep
+---------------+--------+
| Epoch         | 7/20   |
| Cycle         | 19/20  |
| Episodes      | 8000   |
| Timesteps     | 400000 |
| TimeCost(sec) | 90.904 |
| Pi_q_loss     | 3.483  |
| Pi_l2_loss    | 0.051  |
| Q_loss        | 0.015  |
| Success       | 0.02   |
+---------------+--------+
Saved periodic policy to log/her-mep-ddpg-FetchPush-v1-normal-14-12-2021_17-18-11/!
2021-12-14 21:08:19 her-mep
+---------------+--------+
| Epoch         | 8/20   |
| Cycle         | 0/20   |
| Episodes      | 8050   |
| Timesteps     | 402500 |
| TimeCost(sec) | 82.601 |
| Pi_q_loss     | 3.538  |
| Pi_l2_loss    | 0.074  |
| Q_loss        | 0.0    |
| Success       | 0.06   |
+---------------+--------+
2021-12-14 21:09:43 her-mep
+---------------+--------+
| Epoch         | 8/20   |
| Cycle         | 1/20   |
| Episodes      | 8100   |
| Timesteps     | 405000 |
| TimeCost(sec) | 83.346 |
| Pi_q_loss     | 4.043  |
| Pi_l2_loss    | 0.07   |
| Q_loss        | 0.002  |
| Success       | 0.11   |
+---------------+--------+
2021-12-14 21:11:13 her-mep
+---------------+--------+
| Epoch         | 8/20   |
| Cycle         | 2/20   |
| Episodes      | 8150   |
| Timesteps     | 407500 |
| TimeCost(sec) | 90.423 |
| Pi_q_loss     | 3.708  |
| Pi_l2_loss    | 0.055  |
| Q_loss        | 0.023  |
| Success       | 0.09   |
+---------------+--------+
2021-12-14 21:12:37 her-mep
+---------------+--------+
| Epoch         | 8/20   |
| Cycle         | 3/20   |
| Episodes      | 8200   |
| Timesteps     | 410000 |
| TimeCost(sec) | 83.512 |
| Pi_q_loss     | 2.818  |
| Pi_l2_loss    | 0.099  |
| Q_loss        | 0.009  |
| Success       | 0.09   |
+---------------+--------+
2021-12-14 21:14:03 her-mep
+---------------+--------+
| Epoch         | 8/20   |
| Cycle         | 4/20   |
| Episodes      | 8250   |
| Timesteps     | 412500 |
| TimeCost(sec) | 86.059 |
| Pi_q_loss     | 4.609  |
| Pi_l2_loss    | 0.056  |
| Q_loss        | 0.002  |
| Success       | 0.07   |
+---------------+--------+
2021-12-14 21:15:32 her-mep
+---------------+--------+
| Epoch         | 8/20   |
| Cycle         | 5/20   |
| Episodes      | 8300   |
| Timesteps     | 415000 |
| TimeCost(sec) | 88.556 |
| Pi_q_loss     | 4.514  |
| Pi_l2_loss    | 0.093  |
| Q_loss        | 0.055  |
| Success       | 0.04   |
+---------------+--------+
2021-12-14 21:16:57 her-mep
+---------------+--------+
| Epoch         | 8/20   |
| Cycle         | 6/20   |
| Episodes      | 8350   |
| Timesteps     | 417500 |
| TimeCost(sec) | 84.418 |
| Pi_q_loss     | 5.404  |
| Pi_l2_loss    | 0.044  |
| Q_loss        | 0.0    |
| Success       | 0.06   |
+---------------+--------+
2021-12-14 21:18:22 her-mep
+---------------+--------+
| Epoch         | 8/20   |
| Cycle         | 7/20   |
| Episodes      | 8400   |
| Timesteps     | 420000 |
| TimeCost(sec) | 85.277 |
| Pi_q_loss     | 2.92   |
| Pi_l2_loss    | 0.041  |
| Q_loss        | 0.004  |
| Success       | 0.07   |
+---------------+--------+
2021-12-14 21:19:47 her-mep
+---------------+--------+
| Epoch         | 8/20   |
| Cycle         | 8/20   |
| Episodes      | 8450   |
| Timesteps     | 422500 |
| TimeCost(sec) | 85.049 |
| Pi_q_loss     | 3.235  |
| Pi_l2_loss    | 0.077  |
| Q_loss        | 0.005  |
| Success       | 0.05   |
+---------------+--------+
2021-12-14 21:21:18 her-mep
+---------------+--------+
| Epoch         | 8/20   |
| Cycle         | 9/20   |
| Episodes      | 8500   |
| Timesteps     | 425000 |
| TimeCost(sec) | 90.279 |
| Pi_q_loss     | 3.518  |
| Pi_l2_loss    | 0.059  |
| Q_loss        | 0.042  |
| Success       | 0.08   |
+---------------+--------+
2021-12-14 21:22:43 her-mep
+---------------+--------+
| Epoch         | 8/20   |
| Cycle         | 10/20  |
| Episodes      | 8550   |
| Timesteps     | 427500 |
| TimeCost(sec) | 85.389 |
| Pi_q_loss     | 3.045  |
| Pi_l2_loss    | 0.074  |
| Q_loss        | 0.002  |
| Success       | 0.07   |
+---------------+--------+
2021-12-14 21:24:16 her-mep
+---------------+--------+
| Epoch         | 8/20   |
| Cycle         | 11/20  |
| Episodes      | 8600   |
| Timesteps     | 430000 |
| TimeCost(sec) | 92.116 |
| Pi_q_loss     | 3.336  |
| Pi_l2_loss    | 0.058  |
| Q_loss        | 0.033  |
| Success       | 0.06   |
+---------------+--------+
2021-12-14 21:25:42 her-mep
+---------------+--------+
| Epoch         | 8/20   |
| Cycle         | 12/20  |
| Episodes      | 8650   |
| Timesteps     | 432500 |
| TimeCost(sec) | 86.137 |
| Pi_q_loss     | 3.139  |
| Pi_l2_loss    | 0.008  |
| Q_loss        | 0.0    |
| Success       | 0.04   |
+---------------+--------+
2021-12-14 21:27:11 her-mep
+---------------+--------+
| Epoch         | 8/20   |
| Cycle         | 13/20  |
| Episodes      | 8700   |
| Timesteps     | 435000 |
| TimeCost(sec) | 89.051 |
| Pi_q_loss     | 3.532  |
| Pi_l2_loss    | 0.049  |
| Q_loss        | 0.016  |
| Success       | 0.09   |
+---------------+--------+
2021-12-14 21:28:37 her-mep
+---------------+--------+
| Epoch         | 8/20   |
| Cycle         | 14/20  |
| Episodes      | 8750   |
| Timesteps     | 437500 |
| TimeCost(sec) | 85.61  |
| Pi_q_loss     | 3.942  |
| Pi_l2_loss    | 0.031  |
| Q_loss        | 0.001  |
| Success       | 0.07   |
+---------------+--------+
2021-12-14 21:30:04 her-mep
+---------------+--------+
| Epoch         | 8/20   |
| Cycle         | 15/20  |
| Episodes      | 8800   |
| Timesteps     | 440000 |
| TimeCost(sec) | 86.596 |
| Pi_q_loss     | 0.113  |
| Pi_l2_loss    | 0.001  |
| Q_loss        | 0.0    |
| Success       | 0.06   |
+---------------+--------+
2021-12-14 21:31:29 her-mep
+---------------+--------+
| Epoch         | 8/20   |
| Cycle         | 16/20  |
| Episodes      | 8850   |
| Timesteps     | 442500 |
| TimeCost(sec) | 85.109 |
| Pi_q_loss     | 2.086  |
| Pi_l2_loss    | 0.068  |
| Q_loss        | 0.003  |
| Success       | 0.1    |
+---------------+--------+
2021-12-14 21:32:53 her-mep
+---------------+--------+
| Epoch         | 8/20   |
| Cycle         | 17/20  |
| Episodes      | 8900   |
| Timesteps     | 445000 |
| TimeCost(sec) | 83.689 |
| Pi_q_loss     | 3.507  |
| Pi_l2_loss    | 0.083  |
| Q_loss        | 0.004  |
| Success       | 0.05   |
+---------------+--------+
2021-12-14 21:34:21 her-mep
+---------------+--------+
| Epoch         | 8/20   |
| Cycle         | 18/20  |
| Episodes      | 8950   |
| Timesteps     | 447500 |
| TimeCost(sec) | 87.989 |
| Pi_q_loss     | 3.323  |
| Pi_l2_loss    | 0.089  |
| Q_loss        | 0.014  |
| Success       | 0.09   |
+---------------+--------+
2021-12-14 21:35:45 her-mep
+---------------+--------+
| Epoch         | 8/20   |
| Cycle         | 19/20  |
| Episodes      | 9000   |
| Timesteps     | 450000 |
| TimeCost(sec) | 84.218 |
| Pi_q_loss     | 2.96   |
| Pi_l2_loss    | 0.001  |
| Q_loss        | 0.002  |
| Success       | 0.05   |
+---------------+--------+
Saved periodic policy to log/her-mep-ddpg-FetchPush-v1-normal-14-12-2021_17-18-11/!
2021-12-14 21:37:12 her-mep
+---------------+--------+
| Epoch         | 9/20   |
| Cycle         | 0/20   |
| Episodes      | 9050   |
| Timesteps     | 452500 |
| TimeCost(sec) | 85.875 |
| Pi_q_loss     | 4.4    |
| Pi_l2_loss    | 0.061  |
| Q_loss        | 0.002  |
| Success       | 0.09   |
+---------------+--------+
2021-12-14 21:38:44 her-mep
+---------------+--------+
| Epoch         | 9/20   |
| Cycle         | 1/20   |
| Episodes      | 9100   |
| Timesteps     | 455000 |
| TimeCost(sec) | 91.768 |
| Pi_q_loss     | 3.456  |
| Pi_l2_loss    | 0.046  |
| Q_loss        | 0.012  |
| Success       | 0.09   |
+---------------+--------+
2021-12-14 21:40:10 her-mep
+---------------+--------+
| Epoch         | 9/20   |
| Cycle         | 2/20   |
| Episodes      | 9150   |
| Timesteps     | 457500 |
| TimeCost(sec) | 85.741 |
| Pi_q_loss     | 3.79   |
| Pi_l2_loss    | 0.006  |
| Q_loss        | 0.001  |
| Success       | 0.08   |
+---------------+--------+
2021-12-14 21:41:36 her-mep
+---------------+--------+
| Epoch         | 9/20   |
| Cycle         | 3/20   |
| Episodes      | 9200   |
| Timesteps     | 460000 |
| TimeCost(sec) | 85.718 |
| Pi_q_loss     | 2.849  |
| Pi_l2_loss    | 0.036  |
| Q_loss        | 0.001  |
| Success       | 0.12   |
+---------------+--------+
2021-12-14 21:43:07 her-mep
+---------------+--------+
| Epoch         | 9/20   |
| Cycle         | 4/20   |
| Episodes      | 9250   |
| Timesteps     | 462500 |
| TimeCost(sec) | 91.001 |
| Pi_q_loss     | 3.858  |
| Pi_l2_loss    | 0.054  |
| Q_loss        | 0.016  |
| Success       | 0.08   |
+---------------+--------+
2021-12-14 21:44:31 her-mep
+---------------+--------+
| Epoch         | 9/20   |
| Cycle         | 5/20   |
| Episodes      | 9300   |
| Timesteps     | 465000 |
| TimeCost(sec) | 84.563 |
| Pi_q_loss     | 6.743  |
| Pi_l2_loss    | 0.006  |
| Q_loss        | 0.004  |
| Success       | 0.07   |
+---------------+--------+
2021-12-14 21:45:56 her-mep
+---------------+--------+
| Epoch         | 9/20   |
| Cycle         | 6/20   |
| Episodes      | 9350   |
| Timesteps     | 467500 |
| TimeCost(sec) | 84.227 |
| Pi_q_loss     | 5.007  |
| Pi_l2_loss    | 0.036  |
| Q_loss        | 0.001  |
| Success       | 0.12   |
+---------------+--------+
2021-12-14 21:47:21 her-mep
+---------------+--------+
| Epoch         | 9/20   |
| Cycle         | 7/20   |
| Episodes      | 9400   |
| Timesteps     | 470000 |
| TimeCost(sec) | 84.475 |
| Pi_q_loss     | 3.999  |
| Pi_l2_loss    | 0.05   |
| Q_loss        | 0.06   |
| Success       | 0.03   |
+---------------+--------+
2021-12-14 21:48:44 her-mep
+---------------+--------+
| Epoch         | 9/20   |
| Cycle         | 8/20   |
| Episodes      | 9450   |
| Timesteps     | 472500 |
| TimeCost(sec) | 82.973 |
| Pi_q_loss     | 4.033  |
| Pi_l2_loss    | 0.088  |
| Q_loss        | 0.006  |
| Success       | 0.05   |
+---------------+--------+
2021-12-14 21:50:12 her-mep
+---------------+--------+
| Epoch         | 9/20   |
| Cycle         | 9/20   |
| Episodes      | 9500   |
| Timesteps     | 475000 |
| TimeCost(sec) | 87.762 |
| Pi_q_loss     | 2.827  |
| Pi_l2_loss    | 0.07   |
| Q_loss        | 0.008  |
| Success       | 0.05   |
+---------------+--------+
2021-12-14 21:51:38 her-mep
+---------------+--------+
| Epoch         | 9/20   |
| Cycle         | 10/20  |
| Episodes      | 9550   |
| Timesteps     | 477500 |
| TimeCost(sec) | 86.185 |
| Pi_q_loss     | 1.956  |
| Pi_l2_loss    | 0.058  |
| Q_loss        | 0.008  |
| Success       | 0.07   |
+---------------+--------+
2021-12-14 21:53:04 her-mep
+---------------+--------+
| Epoch         | 9/20   |
| Cycle         | 11/20  |
| Episodes      | 9600   |
| Timesteps     | 480000 |
| TimeCost(sec) | 85.885 |
| Pi_q_loss     | 2.276  |
| Pi_l2_loss    | 0.064  |
| Q_loss        | 0.003  |
| Success       | 0.12   |
+---------------+--------+
2021-12-14 21:54:29 her-mep
+---------------+--------+
| Epoch         | 9/20   |
| Cycle         | 12/20  |
| Episodes      | 9650   |
| Timesteps     | 482500 |
| TimeCost(sec) | 85.102 |
| Pi_q_loss     | 2.962  |
| Pi_l2_loss    | 0.085  |
| Q_loss        | 0.001  |
| Success       | 0.08   |
+---------------+--------+
2021-12-14 21:55:56 her-mep
+---------------+--------+
| Epoch         | 9/20   |
| Cycle         | 13/20  |
| Episodes      | 9700   |
| Timesteps     | 485000 |
| TimeCost(sec) | 86.343 |
| Pi_q_loss     | 3.351  |
| Pi_l2_loss    | 0.066  |
| Q_loss        | 0.004  |
| Success       | 0.06   |
+---------------+--------+
2021-12-14 21:57:28 her-mep
+---------------+--------+
| Epoch         | 9/20   |
| Cycle         | 14/20  |
| Episodes      | 9750   |
| Timesteps     | 487500 |
| TimeCost(sec) | 92.002 |
| Pi_q_loss     | 3.274  |
| Pi_l2_loss    | 0.053  |
| Q_loss        | 0.016  |
| Success       | 0.1    |
+---------------+--------+
2021-12-14 21:58:53 her-mep
+---------------+--------+
| Epoch         | 9/20   |
| Cycle         | 15/20  |
| Episodes      | 9800   |
| Timesteps     | 490000 |
| TimeCost(sec) | 85.225 |
| Pi_q_loss     | 3.968  |
| Pi_l2_loss    | 0.005  |
| Q_loss        | 0.0    |
| Success       | 0.07   |
+---------------+--------+
2021-12-14 22:00:19 her-mep
+---------------+--------+
| Epoch         | 9/20   |
| Cycle         | 16/20  |
| Episodes      | 9850   |
| Timesteps     | 492500 |
| TimeCost(sec) | 85.506 |
| Pi_q_loss     | 2.667  |
| Pi_l2_loss    | 0.032  |
| Q_loss        | 0.001  |
| Success       | 0.04   |
+---------------+--------+
2021-12-14 22:01:54 her-mep
+---------------+--------+
| Epoch         | 9/20   |
| Cycle         | 17/20  |
| Episodes      | 9900   |
| Timesteps     | 495000 |
| TimeCost(sec) | 94.469 |
| Pi_q_loss     | 3.52   |
| Pi_l2_loss    | 0.046  |
| Q_loss        | 0.033  |
| Success       | 0.11   |
+---------------+--------+
2021-12-14 22:03:19 her-mep
+---------------+--------+
| Epoch         | 9/20   |
| Cycle         | 18/20  |
| Episodes      | 9950   |
| Timesteps     | 497500 |
| TimeCost(sec) | 85.218 |
| Pi_q_loss     | 3.838  |
| Pi_l2_loss    | 0.059  |
| Q_loss        | 0.003  |
| Success       | 0.07   |
+---------------+--------+
2021-12-14 22:04:52 her-mep
+---------------+--------+
| Epoch         | 9/20   |
| Cycle         | 19/20  |
| Episodes      | 10000  |
| Timesteps     | 500000 |
| TimeCost(sec) | 92.37  |
| Pi_q_loss     | 3.769  |
| Pi_l2_loss    | 0.038  |
| Q_loss        | 0.034  |
| Success       | 0.08   |
+---------------+--------+
Saved periodic policy to log/her-mep-ddpg-FetchPush-v1-normal-14-12-2021_17-18-11/!
2021-12-14 22:06:20 her-mep
+---------------+--------+
| Epoch         | 10/20  |
| Cycle         | 0/20   |
| Episodes      | 10050  |
| Timesteps     | 502500 |
| TimeCost(sec) | 88.232 |
| Pi_q_loss     | 2.636  |
| Pi_l2_loss    | 0.06   |
| Q_loss        | 0.011  |
| Success       | 0.07   |
+---------------+--------+
