tag: mep-temp-1
alg: ddpg
learn: hgg
env: FetchPush-v1
goal: custom
init_offset: 1.0
graph: False
show_goals: 0
play_path: None
play_epoch: latest
stop_hgg_threshold: 2
n_x: 31
n_y: 31
n_z: 11
temp: 1.0
gamma: 0.98
clip_return: True
eps_act: 0.3
std_act: 0.2
pi_lr: 0.001
q_lr: 0.001
act_l2: 1.0
polyak: 0.95
epoches: 20
cycles: 20
episodes: 50
timesteps: 50
train_batches: 20
buffer_size: 10000
buffer_type: mep
batch_size: 256
warmup: 10000
her: future
her_ratio: 0.8
pool_rule: full
hgg_c: 3.0
hgg_L: 5.0
hgg_pool_size: 1000
save_acc: True
rank_method: dense
num_vertices: [31, 31, 11]
goal_based: True
clip_return_l: -49.99999999999996
clip_return_r: 0.0
*** network initialization complete ***
*** tester initialization complete ***
2021-12-14 17:16:18 mep-temp-1
+---------------+--------+
| Epoch         | 0/20   |
| Cycle         | 0/20   |
| Episodes      | 50     |
| Timesteps     | 2500   |
| TimeCost(sec) | 23.401 |
| Pi_q_loss     |        |
| Pi_l2_loss    |        |
| Q_loss        |        |
| Success       | 0.05   |
+---------------+--------+
Saved as best policy to log/mep-temp-1-ddpg-FetchPush-v1-hgg-14-12-2021_17-14-38/!
Average inside: 0.86
2021-12-14 17:16:47 mep-temp-1
+---------------+--------+
| Epoch         | 0/20   |
| Cycle         | 1/20   |
| Episodes      | 100    |
| Timesteps     | 5000   |
| TimeCost(sec) | 28.036 |
| Pi_q_loss     |        |
| Pi_l2_loss    |        |
| Q_loss        |        |
| Success       | 0.06   |
+---------------+--------+
Saved as best policy to log/mep-temp-1-ddpg-FetchPush-v1-hgg-14-12-2021_17-14-38/!
Average inside: 0.86
2021-12-14 17:17:15 mep-temp-1
+---------------+--------+
| Epoch         | 0/20   |
| Cycle         | 2/20   |
| Episodes      | 150    |
| Timesteps     | 7500   |
| TimeCost(sec) | 28.159 |
| Pi_q_loss     |        |
| Pi_l2_loss    |        |
| Q_loss        |        |
| Success       | 0.03   |
+---------------+--------+
Average inside: 0.9
2021-12-14 17:17:43 mep-temp-1
+---------------+--------+
| Epoch         | 0/20   |
| Cycle         | 3/20   |
| Episodes      | 200    |
| Timesteps     | 10000  |
| TimeCost(sec) | 27.605 |
| Pi_q_loss     | 0.172  |
| Pi_l2_loss    | 0.007  |
| Q_loss        | 0.166  |
| Success       | 0.05   |
+---------------+--------+
Average inside: 0.88
2021-12-14 17:19:15 mep-temp-1
+---------------+--------+
| Epoch         | 0/20   |
| Cycle         | 4/20   |
| Episodes      | 250    |
| Timesteps     | 12500  |
| TimeCost(sec) | 91.657 |
| Pi_q_loss     | 0.312  |
| Pi_l2_loss    | 0.001  |
| Q_loss        | 0.015  |
| Success       | 0.06   |
+---------------+--------+
Average inside: 0.8
2021-12-14 17:20:49 mep-temp-1
+---------------+--------+
| Epoch         | 0/20   |
| Cycle         | 5/20   |
| Episodes      | 300    |
| Timesteps     | 15000  |
| TimeCost(sec) | 94.116 |
| Pi_q_loss     | 0.629  |
| Pi_l2_loss    | 0.003  |
| Q_loss        | 0.011  |
| Success       | 0.05   |
+---------------+--------+
Average inside: 0.78
2021-12-14 17:22:23 mep-temp-1
+---------------+--------+
| Epoch         | 0/20   |
| Cycle         | 6/20   |
| Episodes      | 350    |
| Timesteps     | 17500  |
| TimeCost(sec) | 94.148 |
| Pi_q_loss     | 0.928  |
| Pi_l2_loss    | 0.009  |
| Q_loss        | 0.019  |
| Success       | 0.07   |
+---------------+--------+
Saved as best policy to log/mep-temp-1-ddpg-FetchPush-v1-hgg-14-12-2021_17-14-38/!
Average inside: 0.8
2021-12-14 17:23:57 mep-temp-1
+---------------+--------+
| Epoch         | 0/20   |
| Cycle         | 7/20   |
| Episodes      | 400    |
| Timesteps     | 20000  |
| TimeCost(sec) | 93.632 |
| Pi_q_loss     | 1.274  |
| Pi_l2_loss    | 0.016  |
| Q_loss        | 0.023  |
| Success       | 0.03   |
+---------------+--------+
Average inside: 0.88
2021-12-14 17:25:30 mep-temp-1
+---------------+--------+
| Epoch         | 0/20   |
| Cycle         | 8/20   |
| Episodes      | 450    |
| Timesteps     | 22500  |
| TimeCost(sec) | 92.486 |
| Pi_q_loss     | 1.516  |
| Pi_l2_loss    | 0.02   |
| Q_loss        | 0.02   |
| Success       | 0.04   |
+---------------+--------+
Average inside: 0.94
2021-12-14 17:27:03 mep-temp-1
+---------------+-------+
| Epoch         | 0/20  |
| Cycle         | 9/20  |
| Episodes      | 500   |
| Timesteps     | 25000 |
| TimeCost(sec) | 92.61 |
| Pi_q_loss     | 1.734 |
| Pi_l2_loss    | 0.027 |
| Q_loss        | 0.019 |
| Success       | 0.12  |
+---------------+-------+
Saved as best policy to log/mep-temp-1-ddpg-FetchPush-v1-hgg-14-12-2021_17-14-38/!
Average inside: 0.86
2021-12-14 17:28:36 mep-temp-1
+---------------+--------+
| Epoch         | 0/20   |
| Cycle         | 10/20  |
| Episodes      | 550    |
| Timesteps     | 27500  |
| TimeCost(sec) | 93.364 |
| Pi_q_loss     | 1.878  |
| Pi_l2_loss    | 0.026  |
| Q_loss        | 0.032  |
| Success       | 0.02   |
+---------------+--------+
Average inside: 0.76
2021-12-14 17:30:13 mep-temp-1
+---------------+--------+
| Epoch         | 0/20   |
| Cycle         | 11/20  |
| Episodes      | 600    |
| Timesteps     | 30000  |
| TimeCost(sec) | 96.485 |
| Pi_q_loss     | 2.101  |
| Pi_l2_loss    | 0.033  |
| Q_loss        | 0.033  |
| Success       | 0.06   |
+---------------+--------+
Average inside: 0.8
2021-12-14 17:31:48 mep-temp-1
+---------------+--------+
| Epoch         | 0/20   |
| Cycle         | 12/20  |
| Episodes      | 650    |
| Timesteps     | 32500  |
| TimeCost(sec) | 95.057 |
| Pi_q_loss     | 2.238  |
| Pi_l2_loss    | 0.035  |
| Q_loss        | 0.029  |
| Success       | 0.1    |
+---------------+--------+
Average inside: 0.8
2021-12-14 17:33:22 mep-temp-1
+---------------+--------+
| Epoch         | 0/20   |
| Cycle         | 13/20  |
| Episodes      | 700    |
| Timesteps     | 35000  |
| TimeCost(sec) | 93.977 |
| Pi_q_loss     | 2.125  |
| Pi_l2_loss    | 0.039  |
| Q_loss        | 0.052  |
| Success       | 0.09   |
+---------------+--------+
Average inside: 0.68
2021-12-14 17:34:58 mep-temp-1
+---------------+--------+
| Epoch         | 0/20   |
| Cycle         | 14/20  |
| Episodes      | 750    |
| Timesteps     | 37500  |
| TimeCost(sec) | 95.711 |
| Pi_q_loss     | 2.145  |
| Pi_l2_loss    | 0.044  |
| Q_loss        | 0.04   |
| Success       | 0.11   |
+---------------+--------+
Average inside: 0.78
2021-12-14 17:36:36 mep-temp-1
+---------------+--------+
| Epoch         | 0/20   |
| Cycle         | 15/20  |
| Episodes      | 800    |
| Timesteps     | 40000  |
| TimeCost(sec) | 97.497 |
| Pi_q_loss     | 2.064  |
| Pi_l2_loss    | 0.047  |
| Q_loss        | 0.049  |
| Success       | 0.03   |
+---------------+--------+
Average inside: 0.76
2021-12-14 17:38:13 mep-temp-1
+---------------+--------+
| Epoch         | 0/20   |
| Cycle         | 16/20  |
| Episodes      | 850    |
| Timesteps     | 42500  |
| TimeCost(sec) | 97.393 |
| Pi_q_loss     | 2.151  |
| Pi_l2_loss    | 0.049  |
| Q_loss        | 0.038  |
| Success       | 0.07   |
+---------------+--------+
Average inside: 0.8
2021-12-14 17:39:52 mep-temp-1
+---------------+--------+
| Epoch         | 0/20   |
| Cycle         | 17/20  |
| Episodes      | 900    |
| Timesteps     | 45000  |
| TimeCost(sec) | 98.423 |
| Pi_q_loss     | 2.132  |
| Pi_l2_loss    | 0.048  |
| Q_loss        | 0.035  |
| Success       | 0.08   |
+---------------+--------+
Average inside: 0.84
2021-12-14 17:41:29 mep-temp-1
+---------------+--------+
| Epoch         | 0/20   |
| Cycle         | 18/20  |
| Episodes      | 950    |
| Timesteps     | 47500  |
| TimeCost(sec) | 96.608 |
| Pi_q_loss     | 2.125  |
| Pi_l2_loss    | 0.046  |
| Q_loss        | 0.034  |
| Success       | 0.04   |
+---------------+--------+
Average inside: 0.84
2021-12-14 17:43:05 mep-temp-1
+---------------+--------+
| Epoch         | 0/20   |
| Cycle         | 19/20  |
| Episodes      | 1000   |
| Timesteps     | 50000  |
| TimeCost(sec) | 96.169 |
| Pi_q_loss     | 2.287  |
| Pi_l2_loss    | 0.052  |
| Q_loss        | 0.029  |
| Success       | 0.06   |
+---------------+--------+
Saved periodic policy to log/mep-temp-1-ddpg-FetchPush-v1-hgg-14-12-2021_17-14-38/!
Average inside: 0.78
2021-12-14 17:44:41 mep-temp-1
+---------------+--------+
| Epoch         | 1/20   |
| Cycle         | 0/20   |
| Episodes      | 1050   |
| Timesteps     | 52500  |
| TimeCost(sec) | 95.444 |
| Pi_q_loss     | 2.266  |
| Pi_l2_loss    | 0.048  |
| Q_loss        | 0.033  |
| Success       | 0.09   |
+---------------+--------+
Average inside: 0.8
2021-12-14 17:46:17 mep-temp-1
+---------------+--------+
| Epoch         | 1/20   |
| Cycle         | 1/20   |
| Episodes      | 1100   |
| Timesteps     | 55000  |
| TimeCost(sec) | 95.902 |
| Pi_q_loss     | 2.203  |
| Pi_l2_loss    | 0.044  |
| Q_loss        | 0.031  |
| Success       | 0.11   |
+---------------+--------+
Average inside: 0.72
2021-12-14 17:47:53 mep-temp-1
+---------------+--------+
| Epoch         | 1/20   |
| Cycle         | 2/20   |
| Episodes      | 1150   |
| Timesteps     | 57500  |
| TimeCost(sec) | 96.194 |
| Pi_q_loss     | 2.403  |
| Pi_l2_loss    | 0.048  |
| Q_loss        | 0.041  |
| Success       | 0.07   |
+---------------+--------+
Average inside: 0.9
2021-12-14 17:49:30 mep-temp-1
+---------------+--------+
| Epoch         | 1/20   |
| Cycle         | 3/20   |
| Episodes      | 1200   |
| Timesteps     | 60000  |
| TimeCost(sec) | 96.274 |
| Pi_q_loss     | 2.286  |
| Pi_l2_loss    | 0.039  |
| Q_loss        | 0.05   |
| Success       | 0.06   |
+---------------+--------+
Average inside: 0.78
2021-12-14 17:51:08 mep-temp-1
+---------------+--------+
| Epoch         | 1/20   |
| Cycle         | 4/20   |
| Episodes      | 1250   |
| Timesteps     | 62500  |
| TimeCost(sec) | 97.493 |
| Pi_q_loss     | 2.379  |
| Pi_l2_loss    | 0.041  |
| Q_loss        | 0.03   |
| Success       | 0.04   |
+---------------+--------+
Average inside: 0.82
2021-12-14 17:52:44 mep-temp-1
+---------------+--------+
| Epoch         | 1/20   |
| Cycle         | 5/20   |
| Episodes      | 1300   |
| Timesteps     | 65000  |
| TimeCost(sec) | 96.451 |
| Pi_q_loss     | 2.287  |
| Pi_l2_loss    | 0.039  |
| Q_loss        | 0.037  |
| Success       | 0.11   |
+---------------+--------+
Average inside: 0.92
2021-12-14 17:54:21 mep-temp-1
+---------------+--------+
| Epoch         | 1/20   |
| Cycle         | 6/20   |
| Episodes      | 1350   |
| Timesteps     | 67500  |
| TimeCost(sec) | 96.385 |
| Pi_q_loss     | 2.65   |
| Pi_l2_loss    | 0.043  |
| Q_loss        | 0.025  |
| Success       | 0.07   |
+---------------+--------+
Average inside: 0.84
2021-12-14 17:55:58 mep-temp-1
+---------------+--------+
| Epoch         | 1/20   |
| Cycle         | 7/20   |
| Episodes      | 1400   |
| Timesteps     | 70000  |
| TimeCost(sec) | 96.909 |
| Pi_q_loss     | 2.782  |
| Pi_l2_loss    | 0.045  |
| Q_loss        | 0.034  |
| Success       | 0.08   |
+---------------+--------+
Average inside: 0.82
2021-12-14 17:57:36 mep-temp-1
+---------------+--------+
| Epoch         | 1/20   |
| Cycle         | 8/20   |
| Episodes      | 1450   |
| Timesteps     | 72500  |
| TimeCost(sec) | 98.081 |
| Pi_q_loss     | 2.781  |
| Pi_l2_loss    | 0.045  |
| Q_loss        | 0.033  |
| Success       | 0.08   |
+---------------+--------+
Average inside: 0.84
2021-12-14 17:59:13 mep-temp-1
+---------------+--------+
| Epoch         | 1/20   |
| Cycle         | 9/20   |
| Episodes      | 1500   |
| Timesteps     | 75000  |
| TimeCost(sec) | 96.365 |
| Pi_q_loss     | 2.902  |
| Pi_l2_loss    | 0.051  |
| Q_loss        | 0.043  |
| Success       | 0.1    |
+---------------+--------+
Average inside: 0.78
2021-12-14 18:00:49 mep-temp-1
+---------------+--------+
| Epoch         | 1/20   |
| Cycle         | 10/20  |
| Episodes      | 1550   |
| Timesteps     | 77500  |
| TimeCost(sec) | 96.089 |
| Pi_q_loss     | 3.005  |
| Pi_l2_loss    | 0.046  |
| Q_loss        | 0.045  |
| Success       | 0.09   |
+---------------+--------+
Average inside: 0.74
2021-12-14 18:02:26 mep-temp-1
+---------------+--------+
| Epoch         | 1/20   |
| Cycle         | 11/20  |
| Episodes      | 1600   |
| Timesteps     | 80000  |
| TimeCost(sec) | 96.885 |
| Pi_q_loss     | 2.898  |
| Pi_l2_loss    | 0.054  |
| Q_loss        | 0.026  |
| Success       | 0.09   |
+---------------+--------+
Average inside: 0.78
2021-12-14 18:04:01 mep-temp-1
+---------------+--------+
| Epoch         | 1/20   |
| Cycle         | 12/20  |
| Episodes      | 1650   |
| Timesteps     | 82500  |
| TimeCost(sec) | 95.147 |
| Pi_q_loss     | 2.586  |
| Pi_l2_loss    | 0.053  |
| Q_loss        | 0.032  |
| Success       | 0.05   |
+---------------+--------+
Average inside: 0.8
2021-12-14 18:05:37 mep-temp-1
+---------------+--------+
| Epoch         | 1/20   |
| Cycle         | 13/20  |
| Episodes      | 1700   |
| Timesteps     | 85000  |
| TimeCost(sec) | 95.733 |
| Pi_q_loss     | 2.984  |
| Pi_l2_loss    | 0.048  |
| Q_loss        | 0.027  |
| Success       | 0.05   |
+---------------+--------+
Average inside: 0.7
2021-12-14 18:07:15 mep-temp-1
+---------------+--------+
| Epoch         | 1/20   |
| Cycle         | 14/20  |
| Episodes      | 1750   |
| Timesteps     | 87500  |
| TimeCost(sec) | 97.232 |
| Pi_q_loss     | 2.679  |
| Pi_l2_loss    | 0.051  |
| Q_loss        | 0.033  |
| Success       | 0.11   |
+---------------+--------+
Average inside: 0.82
2021-12-14 18:08:50 mep-temp-1
+---------------+--------+
| Epoch         | 1/20   |
| Cycle         | 15/20  |
| Episodes      | 1800   |
| Timesteps     | 90000  |
| TimeCost(sec) | 94.972 |
| Pi_q_loss     | 2.804  |
| Pi_l2_loss    | 0.049  |
| Q_loss        | 0.024  |
| Success       | 0.05   |
+---------------+--------+
Average inside: 0.7
2021-12-14 18:10:24 mep-temp-1
+---------------+-------+
| Epoch         | 1/20  |
| Cycle         | 16/20 |
| Episodes      | 1850  |
| Timesteps     | 92500 |
| TimeCost(sec) | 94.28 |
| Pi_q_loss     | 2.954 |
| Pi_l2_loss    | 0.053 |
| Q_loss        | 0.038 |
| Success       | 0.06  |
+---------------+-------+
Average inside: 0.9
2021-12-14 18:12:01 mep-temp-1
+---------------+--------+
| Epoch         | 1/20   |
| Cycle         | 17/20  |
| Episodes      | 1900   |
| Timesteps     | 95000  |
| TimeCost(sec) | 96.384 |
| Pi_q_loss     | 2.853  |
| Pi_l2_loss    | 0.046  |
| Q_loss        | 0.032  |
| Success       | 0.06   |
+---------------+--------+
Average inside: 0.86
2021-12-14 18:13:36 mep-temp-1
+---------------+--------+
| Epoch         | 1/20   |
| Cycle         | 18/20  |
| Episodes      | 1950   |
| Timesteps     | 97500  |
| TimeCost(sec) | 94.975 |
| Pi_q_loss     | 2.902  |
| Pi_l2_loss    | 0.046  |
| Q_loss        | 0.033  |
| Success       | 0.09   |
+---------------+--------+
Average inside: 0.82
2021-12-14 18:15:12 mep-temp-1
+---------------+--------+
| Epoch         | 1/20   |
| Cycle         | 19/20  |
| Episodes      | 2000   |
| Timesteps     | 100000 |
| TimeCost(sec) | 96.09  |
| Pi_q_loss     | 2.644  |
| Pi_l2_loss    | 0.057  |
| Q_loss        | 0.033  |
| Success       | 0.07   |
+---------------+--------+
Saved periodic policy to log/mep-temp-1-ddpg-FetchPush-v1-hgg-14-12-2021_17-14-38/!
Average inside: 0.82
2021-12-14 18:16:50 mep-temp-1
+---------------+--------+
| Epoch         | 2/20   |
| Cycle         | 0/20   |
| Episodes      | 2050   |
| Timesteps     | 102500 |
| TimeCost(sec) | 97.159 |
| Pi_q_loss     | 2.561  |
| Pi_l2_loss    | 0.042  |
| Q_loss        | 0.046  |
| Success       | 0.11   |
+---------------+--------+
Average inside: 0.8
2021-12-14 18:18:27 mep-temp-1
+---------------+--------+
| Epoch         | 2/20   |
| Cycle         | 1/20   |
| Episodes      | 2100   |
| Timesteps     | 105000 |
| TimeCost(sec) | 97.506 |
| Pi_q_loss     | 2.941  |
| Pi_l2_loss    | 0.045  |
| Q_loss        | 0.022  |
| Success       | 0.05   |
+---------------+--------+
Average inside: 0.72
2021-12-14 18:20:05 mep-temp-1
+---------------+--------+
| Epoch         | 2/20   |
| Cycle         | 2/20   |
| Episodes      | 2150   |
| Timesteps     | 107500 |
| TimeCost(sec) | 97.864 |
| Pi_q_loss     | 3.155  |
| Pi_l2_loss    | 0.044  |
| Q_loss        | 0.03   |
| Success       | 0.09   |
+---------------+--------+
Average inside: 0.94
2021-12-14 18:21:44 mep-temp-1
+---------------+--------+
| Epoch         | 2/20   |
| Cycle         | 3/20   |
| Episodes      | 2200   |
| Timesteps     | 110000 |
| TimeCost(sec) | 97.962 |
| Pi_q_loss     | 2.799  |
| Pi_l2_loss    | 0.042  |
| Q_loss        | 0.026  |
| Success       | 0.05   |
+---------------+--------+
Average inside: 0.68
2021-12-14 18:23:21 mep-temp-1
+---------------+--------+
| Epoch         | 2/20   |
| Cycle         | 4/20   |
| Episodes      | 2250   |
| Timesteps     | 112500 |
| TimeCost(sec) | 97.372 |
| Pi_q_loss     | 3.113  |
| Pi_l2_loss    | 0.046  |
| Q_loss        | 0.027  |
| Success       | 0.11   |
+---------------+--------+
Average inside: 0.76
2021-12-14 18:24:58 mep-temp-1
+---------------+--------+
| Epoch         | 2/20   |
| Cycle         | 5/20   |
| Episodes      | 2300   |
| Timesteps     | 115000 |
| TimeCost(sec) | 96.521 |
| Pi_q_loss     | 3.135  |
| Pi_l2_loss    | 0.053  |
| Q_loss        | 0.036  |
| Success       | 0.08   |
+---------------+--------+
Average inside: 0.78
2021-12-14 18:26:32 mep-temp-1
+---------------+--------+
| Epoch         | 2/20   |
| Cycle         | 6/20   |
| Episodes      | 2350   |
| Timesteps     | 117500 |
| TimeCost(sec) | 94.53  |
| Pi_q_loss     | 3.109  |
| Pi_l2_loss    | 0.048  |
| Q_loss        | 0.028  |
| Success       | 0.06   |
+---------------+--------+
Average inside: 0.76
2021-12-14 18:28:08 mep-temp-1
+---------------+--------+
| Epoch         | 2/20   |
| Cycle         | 7/20   |
| Episodes      | 2400   |
| Timesteps     | 120000 |
| TimeCost(sec) | 95.177 |
| Pi_q_loss     | 3.256  |
| Pi_l2_loss    | 0.047  |
| Q_loss        | 0.026  |
| Success       | 0.12   |
+---------------+--------+
Average inside: 0.78
2021-12-14 18:29:43 mep-temp-1
+---------------+--------+
| Epoch         | 2/20   |
| Cycle         | 8/20   |
| Episodes      | 2450   |
| Timesteps     | 122500 |
| TimeCost(sec) | 94.838 |
| Pi_q_loss     | 3.024  |
| Pi_l2_loss    | 0.051  |
| Q_loss        | 0.03   |
| Success       | 0.03   |
+---------------+--------+
Average inside: 0.9
2021-12-14 18:31:19 mep-temp-1
+---------------+--------+
| Epoch         | 2/20   |
| Cycle         | 9/20   |
| Episodes      | 2500   |
| Timesteps     | 125000 |
| TimeCost(sec) | 96.173 |
| Pi_q_loss     | 3.076  |
| Pi_l2_loss    | 0.048  |
| Q_loss        | 0.028  |
| Success       | 0.09   |
+---------------+--------+
Average inside: 0.88
2021-12-14 18:32:53 mep-temp-1
+---------------+--------+
| Epoch         | 2/20   |
| Cycle         | 10/20  |
| Episodes      | 2550   |
| Timesteps     | 127500 |
| TimeCost(sec) | 94.091 |
| Pi_q_loss     | 3.07   |
| Pi_l2_loss    | 0.047  |
| Q_loss        | 0.024  |
| Success       | 0.11   |
+---------------+--------+
Average inside: 0.76
2021-12-14 18:34:29 mep-temp-1
+---------------+--------+
| Epoch         | 2/20   |
| Cycle         | 11/20  |
| Episodes      | 2600   |
| Timesteps     | 130000 |
| TimeCost(sec) | 95.704 |
| Pi_q_loss     | 3.335  |
| Pi_l2_loss    | 0.051  |
| Q_loss        | 0.028  |
| Success       | 0.06   |
+---------------+--------+
Average inside: 0.84
2021-12-14 18:36:05 mep-temp-1
+---------------+--------+
| Epoch         | 2/20   |
| Cycle         | 12/20  |
| Episodes      | 2650   |
| Timesteps     | 132500 |
| TimeCost(sec) | 95.336 |
| Pi_q_loss     | 3.122  |
| Pi_l2_loss    | 0.046  |
| Q_loss        | 0.023  |
| Success       | 0.07   |
+---------------+--------+
Average inside: 0.8
2021-12-14 18:37:41 mep-temp-1
+---------------+--------+
| Epoch         | 2/20   |
| Cycle         | 13/20  |
| Episodes      | 2700   |
| Timesteps     | 135000 |
| TimeCost(sec) | 95.695 |
| Pi_q_loss     | 3.161  |
| Pi_l2_loss    | 0.047  |
| Q_loss        | 0.029  |
| Success       | 0.12   |
+---------------+--------+
Average inside: 0.9
2021-12-14 18:39:17 mep-temp-1
+---------------+--------+
| Epoch         | 2/20   |
| Cycle         | 14/20  |
| Episodes      | 2750   |
| Timesteps     | 137500 |
| TimeCost(sec) | 96.11  |
| Pi_q_loss     | 3.41   |
| Pi_l2_loss    | 0.049  |
| Q_loss        | 0.024  |
| Success       | 0.04   |
+---------------+--------+
Average inside: 0.8
2021-12-14 18:40:53 mep-temp-1
+---------------+--------+
| Epoch         | 2/20   |
| Cycle         | 15/20  |
| Episodes      | 2800   |
| Timesteps     | 140000 |
| TimeCost(sec) | 96.366 |
| Pi_q_loss     | 3.27   |
| Pi_l2_loss    | 0.047  |
| Q_loss        | 0.023  |
| Success       | 0.06   |
+---------------+--------+
Average inside: 0.82
2021-12-14 18:42:30 mep-temp-1
+---------------+--------+
| Epoch         | 2/20   |
| Cycle         | 16/20  |
| Episodes      | 2850   |
| Timesteps     | 142500 |
| TimeCost(sec) | 96.851 |
| Pi_q_loss     | 3.157  |
| Pi_l2_loss    | 0.046  |
| Q_loss        | 0.035  |
| Success       | 0.04   |
+---------------+--------+
Average inside: 0.78
2021-12-14 18:44:05 mep-temp-1
+---------------+--------+
| Epoch         | 2/20   |
| Cycle         | 17/20  |
| Episodes      | 2900   |
| Timesteps     | 145000 |
| TimeCost(sec) | 94.712 |
| Pi_q_loss     | 3.599  |
| Pi_l2_loss    | 0.041  |
| Q_loss        | 0.021  |
| Success       | 0.07   |
+---------------+--------+
Average inside: 0.68
2021-12-14 18:45:40 mep-temp-1
+---------------+--------+
| Epoch         | 2/20   |
| Cycle         | 18/20  |
| Episodes      | 2950   |
| Timesteps     | 147500 |
| TimeCost(sec) | 94.663 |
| Pi_q_loss     | 3.373  |
| Pi_l2_loss    | 0.049  |
| Q_loss        | 0.032  |
| Success       | 0.05   |
+---------------+--------+
Average inside: 0.78
2021-12-14 18:47:16 mep-temp-1
+---------------+--------+
| Epoch         | 2/20   |
| Cycle         | 19/20  |
| Episodes      | 3000   |
| Timesteps     | 150000 |
| TimeCost(sec) | 95.461 |
| Pi_q_loss     | 3.536  |
| Pi_l2_loss    | 0.045  |
| Q_loss        | 0.021  |
| Success       | 0.03   |
+---------------+--------+
Saved periodic policy to log/mep-temp-1-ddpg-FetchPush-v1-hgg-14-12-2021_17-14-38/!
Average inside: 0.78
2021-12-14 18:48:54 mep-temp-1
+---------------+--------+
| Epoch         | 3/20   |
| Cycle         | 0/20   |
| Episodes      | 3050   |
| Timesteps     | 152500 |
| TimeCost(sec) | 97.422 |
| Pi_q_loss     | 3.234  |
| Pi_l2_loss    | 0.054  |
| Q_loss        | 0.024  |
| Success       | 0.04   |
+---------------+--------+
Average inside: 0.78
2021-12-14 18:50:30 mep-temp-1
+---------------+--------+
| Epoch         | 3/20   |
| Cycle         | 1/20   |
| Episodes      | 3100   |
| Timesteps     | 155000 |
| TimeCost(sec) | 96.2   |
| Pi_q_loss     | 3.293  |
| Pi_l2_loss    | 0.047  |
| Q_loss        | 0.028  |
| Success       | 0.05   |
+---------------+--------+
Average inside: 0.9
2021-12-14 18:52:05 mep-temp-1
+---------------+--------+
| Epoch         | 3/20   |
| Cycle         | 2/20   |
| Episodes      | 3150   |
| Timesteps     | 157500 |
| TimeCost(sec) | 94.994 |
| Pi_q_loss     | 3.495  |
| Pi_l2_loss    | 0.052  |
| Q_loss        | 0.031  |
| Success       | 0.1    |
+---------------+--------+
Average inside: 0.74
2021-12-14 18:53:40 mep-temp-1
+---------------+--------+
| Epoch         | 3/20   |
| Cycle         | 3/20   |
| Episodes      | 3200   |
| Timesteps     | 160000 |
| TimeCost(sec) | 95.206 |
| Pi_q_loss     | 3.037  |
| Pi_l2_loss    | 0.045  |
| Q_loss        | 0.021  |
| Success       | 0.08   |
+---------------+--------+
Average inside: 0.74
2021-12-14 18:55:17 mep-temp-1
+---------------+--------+
| Epoch         | 3/20   |
| Cycle         | 4/20   |
| Episodes      | 3250   |
| Timesteps     | 162500 |
| TimeCost(sec) | 96.12  |
| Pi_q_loss     | 3.328  |
| Pi_l2_loss    | 0.05   |
| Q_loss        | 0.029  |
| Success       | 0.08   |
+---------------+--------+
Average inside: 0.76
2021-12-14 18:56:53 mep-temp-1
+---------------+--------+
| Epoch         | 3/20   |
| Cycle         | 5/20   |
| Episodes      | 3300   |
| Timesteps     | 165000 |
| TimeCost(sec) | 96.265 |
| Pi_q_loss     | 3.342  |
| Pi_l2_loss    | 0.05   |
| Q_loss        | 0.027  |
| Success       | 0.06   |
+---------------+--------+
Average inside: 0.92
2021-12-14 18:58:28 mep-temp-1
+---------------+--------+
| Epoch         | 3/20   |
| Cycle         | 6/20   |
| Episodes      | 3350   |
| Timesteps     | 167500 |
| TimeCost(sec) | 95.058 |
| Pi_q_loss     | 2.989  |
| Pi_l2_loss    | 0.055  |
| Q_loss        | 0.034  |
| Success       | 0.07   |
+---------------+--------+
Average inside: 0.7
2021-12-14 19:00:03 mep-temp-1
+---------------+--------+
| Epoch         | 3/20   |
| Cycle         | 7/20   |
| Episodes      | 3400   |
| Timesteps     | 170000 |
| TimeCost(sec) | 94.696 |
| Pi_q_loss     | 3.126  |
| Pi_l2_loss    | 0.053  |
| Q_loss        | 0.023  |
| Success       | 0.09   |
+---------------+--------+
Average inside: 0.72
2021-12-14 19:01:42 mep-temp-1
+---------------+--------+
| Epoch         | 3/20   |
| Cycle         | 8/20   |
| Episodes      | 3450   |
| Timesteps     | 172500 |
| TimeCost(sec) | 98.152 |
| Pi_q_loss     | 3.88   |
| Pi_l2_loss    | 0.051  |
| Q_loss        | 0.03   |
| Success       | 0.1    |
+---------------+--------+
Average inside: 0.88
2021-12-14 19:03:18 mep-temp-1
+---------------+--------+
| Epoch         | 3/20   |
| Cycle         | 9/20   |
| Episodes      | 3500   |
| Timesteps     | 175000 |
| TimeCost(sec) | 96.713 |
| Pi_q_loss     | 2.772  |
| Pi_l2_loss    | 0.056  |
| Q_loss        | 0.051  |
| Success       | 0.04   |
+---------------+--------+
Average inside: 0.78
2021-12-14 19:04:55 mep-temp-1
+---------------+--------+
| Epoch         | 3/20   |
| Cycle         | 10/20  |
| Episodes      | 3550   |
| Timesteps     | 177500 |
| TimeCost(sec) | 96.004 |
| Pi_q_loss     | 3.127  |
| Pi_l2_loss    | 0.054  |
| Q_loss        | 0.022  |
| Success       | 0.03   |
+---------------+--------+
Average inside: 0.8
2021-12-14 19:06:32 mep-temp-1
+---------------+--------+
| Epoch         | 3/20   |
| Cycle         | 11/20  |
| Episodes      | 3600   |
| Timesteps     | 180000 |
| TimeCost(sec) | 97.518 |
| Pi_q_loss     | 2.766  |
| Pi_l2_loss    | 0.054  |
| Q_loss        | 0.019  |
| Success       | 0.12   |
+---------------+--------+
Average inside: 0.88
2021-12-14 19:08:08 mep-temp-1
+---------------+--------+
| Epoch         | 3/20   |
| Cycle         | 12/20  |
| Episodes      | 3650   |
| Timesteps     | 182500 |
| TimeCost(sec) | 95.961 |
| Pi_q_loss     | 2.73   |
| Pi_l2_loss    | 0.047  |
| Q_loss        | 0.03   |
| Success       | 0.08   |
+---------------+--------+
Average inside: 0.84
2021-12-14 19:09:44 mep-temp-1
+---------------+--------+
| Epoch         | 3/20   |
| Cycle         | 13/20  |
| Episodes      | 3700   |
| Timesteps     | 185000 |
| TimeCost(sec) | 95.495 |
| Pi_q_loss     | 2.382  |
| Pi_l2_loss    | 0.049  |
| Q_loss        | 0.023  |
| Success       | 0.07   |
+---------------+--------+
Average inside: 0.88
2021-12-14 19:11:21 mep-temp-1
+---------------+--------+
| Epoch         | 3/20   |
| Cycle         | 14/20  |
| Episodes      | 3750   |
| Timesteps     | 187500 |
| TimeCost(sec) | 96.619 |
| Pi_q_loss     | 2.764  |
| Pi_l2_loss    | 0.054  |
| Q_loss        | 0.036  |
| Success       | 0.11   |
+---------------+--------+
Average inside: 0.8
2021-12-14 19:12:56 mep-temp-1
+---------------+--------+
| Epoch         | 3/20   |
| Cycle         | 15/20  |
| Episodes      | 3800   |
| Timesteps     | 190000 |
| TimeCost(sec) | 95.392 |
| Pi_q_loss     | 2.913  |
| Pi_l2_loss    | 0.053  |
| Q_loss        | 0.028  |
| Success       | 0.09   |
+---------------+--------+
Average inside: 0.78
2021-12-14 19:14:32 mep-temp-1
+---------------+--------+
| Epoch         | 3/20   |
| Cycle         | 16/20  |
| Episodes      | 3850   |
| Timesteps     | 192500 |
| TimeCost(sec) | 95.803 |
| Pi_q_loss     | 2.765  |
| Pi_l2_loss    | 0.055  |
| Q_loss        | 0.028  |
| Success       | 0.06   |
+---------------+--------+
Average inside: 0.82
2021-12-14 19:16:08 mep-temp-1
+---------------+--------+
| Epoch         | 3/20   |
| Cycle         | 17/20  |
| Episodes      | 3900   |
| Timesteps     | 195000 |
| TimeCost(sec) | 95.06  |
| Pi_q_loss     | 2.502  |
| Pi_l2_loss    | 0.049  |
| Q_loss        | 0.027  |
| Success       | 0.04   |
+---------------+--------+
Average inside: 0.72
2021-12-14 19:17:44 mep-temp-1
+---------------+--------+
| Epoch         | 3/20   |
| Cycle         | 18/20  |
| Episodes      | 3950   |
| Timesteps     | 197500 |
| TimeCost(sec) | 96.288 |
| Pi_q_loss     | 2.83   |
| Pi_l2_loss    | 0.054  |
| Q_loss        | 0.032  |
| Success       | 0.05   |
+---------------+--------+
Average inside: 0.84
2021-12-14 19:19:20 mep-temp-1
+---------------+--------+
| Epoch         | 3/20   |
| Cycle         | 19/20  |
| Episodes      | 4000   |
| Timesteps     | 200000 |
| TimeCost(sec) | 95.526 |
| Pi_q_loss     | 2.986  |
| Pi_l2_loss    | 0.053  |
| Q_loss        | 0.028  |
| Success       | 0.09   |
+---------------+--------+
Saved periodic policy to log/mep-temp-1-ddpg-FetchPush-v1-hgg-14-12-2021_17-14-38/!
Average inside: 0.82
2021-12-14 19:20:56 mep-temp-1
+---------------+--------+
| Epoch         | 4/20   |
| Cycle         | 0/20   |
| Episodes      | 4050   |
| Timesteps     | 202500 |
| TimeCost(sec) | 95.886 |
| Pi_q_loss     | 2.844  |
| Pi_l2_loss    | 0.055  |
| Q_loss        | 0.032  |
| Success       | 0.05   |
+---------------+--------+
Average inside: 0.9
2021-12-14 19:22:31 mep-temp-1
+---------------+--------+
| Epoch         | 4/20   |
| Cycle         | 1/20   |
| Episodes      | 4100   |
| Timesteps     | 205000 |
| TimeCost(sec) | 95.243 |
| Pi_q_loss     | 2.849  |
| Pi_l2_loss    | 0.059  |
| Q_loss        | 0.042  |
| Success       | 0.11   |
+---------------+--------+
Average inside: 0.66
2021-12-14 19:24:06 mep-temp-1
+---------------+--------+
| Epoch         | 4/20   |
| Cycle         | 2/20   |
| Episodes      | 4150   |
| Timesteps     | 207500 |
| TimeCost(sec) | 94.835 |
| Pi_q_loss     | 2.563  |
| Pi_l2_loss    | 0.06   |
| Q_loss        | 0.032  |
| Success       | 0.11   |
+---------------+--------+
Average inside: 0.78
2021-12-14 19:25:43 mep-temp-1
+---------------+--------+
| Epoch         | 4/20   |
| Cycle         | 3/20   |
| Episodes      | 4200   |
| Timesteps     | 210000 |
| TimeCost(sec) | 96.792 |
| Pi_q_loss     | 2.685  |
| Pi_l2_loss    | 0.058  |
| Q_loss        | 0.022  |
| Success       | 0.08   |
+---------------+--------+
Average inside: 0.84
2021-12-14 19:27:19 mep-temp-1
+---------------+--------+
| Epoch         | 4/20   |
| Cycle         | 4/20   |
| Episodes      | 4250   |
| Timesteps     | 212500 |
| TimeCost(sec) | 95.663 |
| Pi_q_loss     | 2.588  |
| Pi_l2_loss    | 0.053  |
| Q_loss        | 0.022  |
| Success       | 0.08   |
+---------------+--------+
Average inside: 0.84
2021-12-14 19:28:54 mep-temp-1
+---------------+--------+
| Epoch         | 4/20   |
| Cycle         | 5/20   |
| Episodes      | 4300   |
| Timesteps     | 215000 |
| TimeCost(sec) | 94.242 |
| Pi_q_loss     | 2.432  |
| Pi_l2_loss    | 0.052  |
| Q_loss        | 0.024  |
| Success       | 0.08   |
+---------------+--------+
Average inside: 0.82
2021-12-14 19:30:28 mep-temp-1
+---------------+--------+
| Epoch         | 4/20   |
| Cycle         | 6/20   |
| Episodes      | 4350   |
| Timesteps     | 217500 |
| TimeCost(sec) | 94.743 |
| Pi_q_loss     | 2.647  |
| Pi_l2_loss    | 0.054  |
| Q_loss        | 0.021  |
| Success       | 0.06   |
+---------------+--------+
Average inside: 0.6
2021-12-14 19:32:07 mep-temp-1
+---------------+--------+
| Epoch         | 4/20   |
| Cycle         | 7/20   |
| Episodes      | 4400   |
| Timesteps     | 220000 |
| TimeCost(sec) | 98.361 |
| Pi_q_loss     | 2.645  |
| Pi_l2_loss    | 0.055  |
| Q_loss        | 0.021  |
| Success       | 0.06   |
+---------------+--------+
Average inside: 0.84
2021-12-14 19:33:44 mep-temp-1
+---------------+--------+
| Epoch         | 4/20   |
| Cycle         | 8/20   |
| Episodes      | 4450   |
| Timesteps     | 222500 |
| TimeCost(sec) | 96.873 |
| Pi_q_loss     | 2.606  |
| Pi_l2_loss    | 0.053  |
| Q_loss        | 0.024  |
| Success       | 0.08   |
+---------------+--------+
Average inside: 0.86
2021-12-14 19:35:21 mep-temp-1
+---------------+--------+
| Epoch         | 4/20   |
| Cycle         | 9/20   |
| Episodes      | 4500   |
| Timesteps     | 225000 |
| TimeCost(sec) | 97.143 |
| Pi_q_loss     | 2.807  |
| Pi_l2_loss    | 0.053  |
| Q_loss        | 0.024  |
| Success       | 0.09   |
+---------------+--------+
Average inside: 0.84
2021-12-14 19:36:58 mep-temp-1
+---------------+--------+
| Epoch         | 4/20   |
| Cycle         | 10/20  |
| Episodes      | 4550   |
| Timesteps     | 227500 |
| TimeCost(sec) | 96.468 |
| Pi_q_loss     | 2.563  |
| Pi_l2_loss    | 0.049  |
| Q_loss        | 0.022  |
| Success       | 0.07   |
+---------------+--------+
Average inside: 0.72
2021-12-14 19:38:32 mep-temp-1
+---------------+--------+
| Epoch         | 4/20   |
| Cycle         | 11/20  |
| Episodes      | 4600   |
| Timesteps     | 230000 |
| TimeCost(sec) | 94.234 |
| Pi_q_loss     | 2.539  |
| Pi_l2_loss    | 0.049  |
| Q_loss        | 0.015  |
| Success       | 0.05   |
+---------------+--------+
Average inside: 0.82
2021-12-14 19:40:07 mep-temp-1
+---------------+--------+
| Epoch         | 4/20   |
| Cycle         | 12/20  |
| Episodes      | 4650   |
| Timesteps     | 232500 |
| TimeCost(sec) | 94.572 |
| Pi_q_loss     | 2.789  |
| Pi_l2_loss    | 0.052  |
| Q_loss        | 0.024  |
| Success       | 0.1    |
+---------------+--------+
Average inside: 0.96
2021-12-14 19:41:43 mep-temp-1
+---------------+--------+
| Epoch         | 4/20   |
| Cycle         | 13/20  |
| Episodes      | 4700   |
| Timesteps     | 235000 |
| TimeCost(sec) | 95.356 |
| Pi_q_loss     | 2.692  |
| Pi_l2_loss    | 0.054  |
| Q_loss        | 0.047  |
| Success       | 0.04   |
+---------------+--------+
Average inside: 0.8
2021-12-14 19:43:17 mep-temp-1
+---------------+--------+
| Epoch         | 4/20   |
| Cycle         | 14/20  |
| Episodes      | 4750   |
| Timesteps     | 237500 |
| TimeCost(sec) | 94.55  |
| Pi_q_loss     | 2.636  |
| Pi_l2_loss    | 0.051  |
| Q_loss        | 0.015  |
| Success       | 0.06   |
+---------------+--------+
Average inside: 0.62
2021-12-14 19:44:52 mep-temp-1
+---------------+--------+
| Epoch         | 4/20   |
| Cycle         | 15/20  |
| Episodes      | 4800   |
| Timesteps     | 240000 |
| TimeCost(sec) | 94.62  |
| Pi_q_loss     | 3.002  |
| Pi_l2_loss    | 0.05   |
| Q_loss        | 0.017  |
| Success       | 0.08   |
+---------------+--------+
Average inside: 0.74
2021-12-14 19:46:28 mep-temp-1
+---------------+--------+
| Epoch         | 4/20   |
| Cycle         | 16/20  |
| Episodes      | 4850   |
| Timesteps     | 242500 |
| TimeCost(sec) | 95.337 |
| Pi_q_loss     | 2.675  |
| Pi_l2_loss    | 0.057  |
| Q_loss        | 0.024  |
| Success       | 0.08   |
+---------------+--------+
Average inside: 0.8
2021-12-14 19:48:03 mep-temp-1
+---------------+--------+
| Epoch         | 4/20   |
| Cycle         | 17/20  |
| Episodes      | 4900   |
| Timesteps     | 245000 |
| TimeCost(sec) | 95.225 |
| Pi_q_loss     | 2.734  |
| Pi_l2_loss    | 0.055  |
| Q_loss        | 0.02   |
| Success       | 0.03   |
+---------------+--------+
Average inside: 0.7
2021-12-14 19:49:39 mep-temp-1
+---------------+--------+
| Epoch         | 4/20   |
| Cycle         | 18/20  |
| Episodes      | 4950   |
| Timesteps     | 247500 |
| TimeCost(sec) | 95.342 |
| Pi_q_loss     | 2.803  |
| Pi_l2_loss    | 0.05   |
| Q_loss        | 0.022  |
| Success       | 0.05   |
+---------------+--------+
Average inside: 0.84
2021-12-14 19:51:12 mep-temp-1
+---------------+--------+
| Epoch         | 4/20   |
| Cycle         | 19/20  |
| Episodes      | 5000   |
| Timesteps     | 250000 |
| TimeCost(sec) | 93.063 |
| Pi_q_loss     | 2.6    |
| Pi_l2_loss    | 0.048  |
| Q_loss        | 0.023  |
| Success       | 0.04   |
+---------------+--------+
Saved periodic policy to log/mep-temp-1-ddpg-FetchPush-v1-hgg-14-12-2021_17-14-38/!
Average inside: 0.8
2021-12-14 19:52:48 mep-temp-1
+---------------+--------+
| Epoch         | 5/20   |
| Cycle         | 0/20   |
| Episodes      | 5050   |
| Timesteps     | 252500 |
| TimeCost(sec) | 96.277 |
| Pi_q_loss     | 2.826  |
| Pi_l2_loss    | 0.052  |
| Q_loss        | 0.022  |
| Success       | 0.05   |
+---------------+--------+
Average inside: 0.78
2021-12-14 19:54:24 mep-temp-1
+---------------+--------+
| Epoch         | 5/20   |
| Cycle         | 1/20   |
| Episodes      | 5100   |
| Timesteps     | 255000 |
| TimeCost(sec) | 95.541 |
| Pi_q_loss     | 2.605  |
| Pi_l2_loss    | 0.056  |
| Q_loss        | 0.02   |
| Success       | 0.06   |
+---------------+--------+
Average inside: 0.76
2021-12-14 19:56:00 mep-temp-1
+---------------+--------+
| Epoch         | 5/20   |
| Cycle         | 2/20   |
| Episodes      | 5150   |
| Timesteps     | 257500 |
| TimeCost(sec) | 95.5   |
| Pi_q_loss     | 2.691  |
| Pi_l2_loss    | 0.05   |
| Q_loss        | 0.022  |
| Success       | 0.02   |
+---------------+--------+
Average inside: 0.82
2021-12-14 19:57:35 mep-temp-1
+---------------+--------+
| Epoch         | 5/20   |
| Cycle         | 3/20   |
| Episodes      | 5200   |
| Timesteps     | 260000 |
| TimeCost(sec) | 95.061 |
| Pi_q_loss     | 2.58   |
| Pi_l2_loss    | 0.051  |
| Q_loss        | 0.023  |
| Success       | 0.05   |
+---------------+--------+
Average inside: 0.82
2021-12-14 19:59:10 mep-temp-1
+---------------+--------+
| Epoch         | 5/20   |
| Cycle         | 4/20   |
| Episodes      | 5250   |
| Timesteps     | 262500 |
| TimeCost(sec) | 95.012 |
| Pi_q_loss     | 2.714  |
| Pi_l2_loss    | 0.052  |
| Q_loss        | 0.022  |
| Success       | 0.08   |
+---------------+--------+
Average inside: 0.88
2021-12-14 20:00:48 mep-temp-1
+---------------+--------+
| Epoch         | 5/20   |
| Cycle         | 5/20   |
| Episodes      | 5300   |
| Timesteps     | 265000 |
| TimeCost(sec) | 97.234 |
| Pi_q_loss     | 2.683  |
| Pi_l2_loss    | 0.055  |
| Q_loss        | 0.022  |
| Success       | 0.09   |
+---------------+--------+
Average inside: 0.84
2021-12-14 20:02:24 mep-temp-1
+---------------+--------+
| Epoch         | 5/20   |
| Cycle         | 6/20   |
| Episodes      | 5350   |
| Timesteps     | 267500 |
| TimeCost(sec) | 95.665 |
| Pi_q_loss     | 2.562  |
| Pi_l2_loss    | 0.05   |
| Q_loss        | 0.021  |
| Success       | 0.06   |
+---------------+--------+
Average inside: 0.76
2021-12-14 20:04:00 mep-temp-1
+---------------+--------+
| Epoch         | 5/20   |
| Cycle         | 7/20   |
| Episodes      | 5400   |
| Timesteps     | 270000 |
| TimeCost(sec) | 96.613 |
| Pi_q_loss     | 2.714  |
| Pi_l2_loss    | 0.057  |
| Q_loss        | 0.022  |
| Success       | 0.11   |
+---------------+--------+
Average inside: 0.8
2021-12-14 20:05:37 mep-temp-1
+---------------+--------+
| Epoch         | 5/20   |
| Cycle         | 8/20   |
| Episodes      | 5450   |
| Timesteps     | 272500 |
| TimeCost(sec) | 96.12  |
| Pi_q_loss     | 2.46   |
| Pi_l2_loss    | 0.055  |
| Q_loss        | 0.06   |
| Success       | 0.06   |
+---------------+--------+
Average inside: 0.66
2021-12-14 20:07:12 mep-temp-1
+---------------+--------+
| Epoch         | 5/20   |
| Cycle         | 9/20   |
| Episodes      | 5500   |
| Timesteps     | 275000 |
| TimeCost(sec) | 95.362 |
| Pi_q_loss     | 2.593  |
| Pi_l2_loss    | 0.06   |
| Q_loss        | 0.018  |
| Success       | 0.07   |
+---------------+--------+
Average inside: 0.84
2021-12-14 20:08:47 mep-temp-1
+---------------+--------+
| Epoch         | 5/20   |
| Cycle         | 10/20  |
| Episodes      | 5550   |
| Timesteps     | 277500 |
| TimeCost(sec) | 94.618 |
| Pi_q_loss     | 2.511  |
| Pi_l2_loss    | 0.061  |
| Q_loss        | 0.023  |
| Success       | 0.06   |
+---------------+--------+
Average inside: 0.74
2021-12-14 20:10:24 mep-temp-1
+---------------+--------+
| Epoch         | 5/20   |
| Cycle         | 11/20  |
| Episodes      | 5600   |
| Timesteps     | 280000 |
| TimeCost(sec) | 96.812 |
| Pi_q_loss     | 2.58   |
| Pi_l2_loss    | 0.06   |
| Q_loss        | 0.021  |
| Success       | 0.07   |
+---------------+--------+
Average inside: 0.86
2021-12-14 20:11:59 mep-temp-1
+---------------+--------+
| Epoch         | 5/20   |
| Cycle         | 12/20  |
| Episodes      | 5650   |
| Timesteps     | 282500 |
| TimeCost(sec) | 94.484 |
| Pi_q_loss     | 2.369  |
| Pi_l2_loss    | 0.058  |
| Q_loss        | 0.022  |
| Success       | 0.07   |
+---------------+--------+
Average inside: 0.7
2021-12-14 20:13:33 mep-temp-1
+---------------+--------+
| Epoch         | 5/20   |
| Cycle         | 13/20  |
| Episodes      | 5700   |
| Timesteps     | 285000 |
| TimeCost(sec) | 94.784 |
| Pi_q_loss     | 2.562  |
| Pi_l2_loss    | 0.057  |
| Q_loss        | 0.024  |
| Success       | 0.09   |
+---------------+--------+
Average inside: 0.84
2021-12-14 20:15:08 mep-temp-1
+---------------+--------+
| Epoch         | 5/20   |
| Cycle         | 14/20  |
| Episodes      | 5750   |
| Timesteps     | 287500 |
| TimeCost(sec) | 94.487 |
| Pi_q_loss     | 2.57   |
| Pi_l2_loss    | 0.051  |
| Q_loss        | 0.039  |
| Success       | 0.08   |
+---------------+--------+
Average inside: 0.86
2021-12-14 20:16:46 mep-temp-1
+---------------+--------+
| Epoch         | 5/20   |
| Cycle         | 15/20  |
| Episodes      | 5800   |
| Timesteps     | 290000 |
| TimeCost(sec) | 97.317 |
| Pi_q_loss     | 2.257  |
| Pi_l2_loss    | 0.046  |
| Q_loss        | 0.014  |
| Success       | 0.07   |
+---------------+--------+
Average inside: 0.88
2021-12-14 20:18:24 mep-temp-1
+---------------+--------+
| Epoch         | 5/20   |
| Cycle         | 16/20  |
| Episodes      | 5850   |
| Timesteps     | 292500 |
| TimeCost(sec) | 98.184 |
| Pi_q_loss     | 2.537  |
| Pi_l2_loss    | 0.056  |
| Q_loss        | 0.019  |
| Success       | 0.09   |
+---------------+--------+
Average inside: 0.84
2021-12-14 20:20:01 mep-temp-1
+---------------+--------+
| Epoch         | 5/20   |
| Cycle         | 17/20  |
| Episodes      | 5900   |
| Timesteps     | 295000 |
| TimeCost(sec) | 96.739 |
| Pi_q_loss     | 2.589  |
| Pi_l2_loss    | 0.055  |
| Q_loss        | 0.026  |
| Success       | 0.12   |
+---------------+--------+
Average inside: 0.9
2021-12-14 20:21:40 mep-temp-1
+---------------+--------+
| Epoch         | 5/20   |
| Cycle         | 18/20  |
| Episodes      | 5950   |
| Timesteps     | 297500 |
| TimeCost(sec) | 98.545 |
| Pi_q_loss     | 2.352  |
| Pi_l2_loss    | 0.053  |
| Q_loss        | 0.02   |
| Success       | 0.07   |
+---------------+--------+
Average inside: 0.88
2021-12-14 20:23:15 mep-temp-1
+---------------+--------+
| Epoch         | 5/20   |
| Cycle         | 19/20  |
| Episodes      | 6000   |
| Timesteps     | 300000 |
| TimeCost(sec) | 95.686 |
| Pi_q_loss     | 2.438  |
| Pi_l2_loss    | 0.052  |
| Q_loss        | 0.066  |
| Success       | 0.05   |
+---------------+--------+
Saved periodic policy to log/mep-temp-1-ddpg-FetchPush-v1-hgg-14-12-2021_17-14-38/!
Average inside: 0.74
2021-12-14 20:24:52 mep-temp-1
+---------------+--------+
| Epoch         | 6/20   |
| Cycle         | 0/20   |
| Episodes      | 6050   |
| Timesteps     | 302500 |
| TimeCost(sec) | 96.043 |
| Pi_q_loss     | 2.297  |
| Pi_l2_loss    | 0.048  |
| Q_loss        | 0.013  |
| Success       | 0.03   |
+---------------+--------+
Average inside: 0.68
2021-12-14 20:26:30 mep-temp-1
+---------------+--------+
| Epoch         | 6/20   |
| Cycle         | 1/20   |
| Episodes      | 6100   |
| Timesteps     | 305000 |
| TimeCost(sec) | 97.63  |
| Pi_q_loss     | 2.467  |
| Pi_l2_loss    | 0.056  |
| Q_loss        | 0.016  |
| Success       | 0.04   |
+---------------+--------+
Average inside: 0.82
2021-12-14 20:28:06 mep-temp-1
+---------------+--------+
| Epoch         | 6/20   |
| Cycle         | 2/20   |
| Episodes      | 6150   |
| Timesteps     | 307500 |
| TimeCost(sec) | 95.802 |
| Pi_q_loss     | 2.443  |
| Pi_l2_loss    | 0.049  |
| Q_loss        | 0.017  |
| Success       | 0.08   |
+---------------+--------+
Average inside: 0.86
2021-12-14 20:29:42 mep-temp-1
+---------------+--------+
| Epoch         | 6/20   |
| Cycle         | 3/20   |
| Episodes      | 6200   |
| Timesteps     | 310000 |
| TimeCost(sec) | 96.245 |
| Pi_q_loss     | 2.701  |
| Pi_l2_loss    | 0.048  |
| Q_loss        | 0.017  |
| Success       | 0.09   |
+---------------+--------+
Average inside: 0.72
2021-12-14 20:31:20 mep-temp-1
+---------------+--------+
| Epoch         | 6/20   |
| Cycle         | 4/20   |
| Episodes      | 6250   |
| Timesteps     | 312500 |
| TimeCost(sec) | 97.361 |
| Pi_q_loss     | 2.489  |
| Pi_l2_loss    | 0.049  |
| Q_loss        | 0.024  |
| Success       | 0.04   |
+---------------+--------+
Average inside: 0.78
2021-12-14 20:32:55 mep-temp-1
+---------------+--------+
| Epoch         | 6/20   |
| Cycle         | 5/20   |
| Episodes      | 6300   |
| Timesteps     | 315000 |
| TimeCost(sec) | 95.758 |
| Pi_q_loss     | 2.714  |
| Pi_l2_loss    | 0.052  |
| Q_loss        | 0.02   |
| Success       | 0.07   |
+---------------+--------+
Average inside: 0.84
2021-12-14 20:34:31 mep-temp-1
+---------------+--------+
| Epoch         | 6/20   |
| Cycle         | 6/20   |
| Episodes      | 6350   |
| Timesteps     | 317500 |
| TimeCost(sec) | 95.392 |
| Pi_q_loss     | 2.402  |
| Pi_l2_loss    | 0.05   |
| Q_loss        | 0.018  |
| Success       | 0.02   |
+---------------+--------+
Average inside: 0.76
2021-12-14 20:36:08 mep-temp-1
+---------------+--------+
| Epoch         | 6/20   |
| Cycle         | 7/20   |
| Episodes      | 6400   |
| Timesteps     | 320000 |
| TimeCost(sec) | 96.667 |
| Pi_q_loss     | 2.909  |
| Pi_l2_loss    | 0.049  |
| Q_loss        | 0.044  |
| Success       | 0.07   |
+---------------+--------+
Average inside: 0.82
2021-12-14 20:37:44 mep-temp-1
+---------------+--------+
| Epoch         | 6/20   |
| Cycle         | 8/20   |
| Episodes      | 6450   |
| Timesteps     | 322500 |
| TimeCost(sec) | 96.168 |
| Pi_q_loss     | 2.716  |
| Pi_l2_loss    | 0.049  |
| Q_loss        | 0.018  |
| Success       | 0.08   |
+---------------+--------+
Average inside: 0.86
2021-12-14 20:39:22 mep-temp-1
+---------------+--------+
| Epoch         | 6/20   |
| Cycle         | 9/20   |
| Episodes      | 6500   |
| Timesteps     | 325000 |
| TimeCost(sec) | 98.125 |
| Pi_q_loss     | 2.829  |
| Pi_l2_loss    | 0.049  |
| Q_loss        | 0.019  |
| Success       | 0.08   |
+---------------+--------+
Average inside: 0.9
2021-12-14 20:41:01 mep-temp-1
+---------------+--------+
| Epoch         | 6/20   |
| Cycle         | 10/20  |
| Episodes      | 6550   |
| Timesteps     | 327500 |
| TimeCost(sec) | 98.188 |
| Pi_q_loss     | 2.712  |
| Pi_l2_loss    | 0.05   |
| Q_loss        | 0.026  |
| Success       | 0.03   |
+---------------+--------+
Average inside: 0.76
2021-12-14 20:42:41 mep-temp-1
+---------------+---------+
| Epoch         | 6/20    |
| Cycle         | 11/20   |
| Episodes      | 6600    |
| Timesteps     | 330000  |
| TimeCost(sec) | 100.119 |
| Pi_q_loss     | 2.811   |
| Pi_l2_loss    | 0.051   |
| Q_loss        | 0.021   |
| Success       | 0.09    |
+---------------+---------+
Average inside: 0.9
2021-12-14 20:44:22 mep-temp-1
+---------------+---------+
| Epoch         | 6/20    |
| Cycle         | 12/20   |
| Episodes      | 6650    |
| Timesteps     | 332500  |
| TimeCost(sec) | 100.449 |
| Pi_q_loss     | 2.656   |
| Pi_l2_loss    | 0.048   |
| Q_loss        | 0.02    |
| Success       | 0.07    |
+---------------+---------+
Average inside: 0.72
2021-12-14 20:46:04 mep-temp-1
+---------------+---------+
| Epoch         | 6/20    |
| Cycle         | 13/20   |
| Episodes      | 6700    |
| Timesteps     | 335000  |
| TimeCost(sec) | 101.511 |
| Pi_q_loss     | 2.764   |
| Pi_l2_loss    | 0.059   |
| Q_loss        | 0.023   |
| Success       | 0.04    |
+---------------+---------+
Average inside: 0.9
2021-12-14 20:47:44 mep-temp-1
+---------------+---------+
| Epoch         | 6/20    |
| Cycle         | 14/20   |
| Episodes      | 6750    |
| Timesteps     | 337500  |
| TimeCost(sec) | 100.107 |
| Pi_q_loss     | 2.874   |
| Pi_l2_loss    | 0.059   |
| Q_loss        | 0.028   |
| Success       | 0.1     |
+---------------+---------+
Average inside: 0.86
2021-12-14 20:49:24 mep-temp-1
+---------------+--------+
| Epoch         | 6/20   |
| Cycle         | 15/20  |
| Episodes      | 6800   |
| Timesteps     | 340000 |
| TimeCost(sec) | 99.876 |
| Pi_q_loss     | 2.542  |
| Pi_l2_loss    | 0.053  |
| Q_loss        | 0.022  |
| Success       | 0.08   |
+---------------+--------+
Average inside: 0.82
2021-12-14 20:51:04 mep-temp-1
+---------------+--------+
| Epoch         | 6/20   |
| Cycle         | 16/20  |
| Episodes      | 6850   |
| Timesteps     | 342500 |
| TimeCost(sec) | 99.556 |
| Pi_q_loss     | 2.475  |
| Pi_l2_loss    | 0.058  |
| Q_loss        | 0.024  |
| Success       | 0.04   |
+---------------+--------+
Average inside: 0.8
2021-12-14 20:52:42 mep-temp-1
+---------------+--------+
| Epoch         | 6/20   |
| Cycle         | 17/20  |
| Episodes      | 6900   |
| Timesteps     | 345000 |
| TimeCost(sec) | 98.045 |
| Pi_q_loss     | 2.633  |
| Pi_l2_loss    | 0.057  |
| Q_loss        | 0.023  |
| Success       | 0.04   |
+---------------+--------+
Average inside: 0.86
2021-12-14 20:54:19 mep-temp-1
+---------------+--------+
| Epoch         | 6/20   |
| Cycle         | 18/20  |
| Episodes      | 6950   |
| Timesteps     | 347500 |
| TimeCost(sec) | 96.562 |
| Pi_q_loss     | 2.808  |
| Pi_l2_loss    | 0.054  |
| Q_loss        | 0.02   |
| Success       | 0.11   |
+---------------+--------+
Average inside: 0.7
2021-12-14 20:55:55 mep-temp-1
+---------------+--------+
| Epoch         | 6/20   |
| Cycle         | 19/20  |
| Episodes      | 7000   |
| Timesteps     | 350000 |
| TimeCost(sec) | 96.249 |
| Pi_q_loss     | 2.727  |
| Pi_l2_loss    | 0.053  |
| Q_loss        | 0.031  |
| Success       | 0.08   |
+---------------+--------+
Saved periodic policy to log/mep-temp-1-ddpg-FetchPush-v1-hgg-14-12-2021_17-14-38/!
Average inside: 0.7
2021-12-14 20:57:34 mep-temp-1
+---------------+--------+
| Epoch         | 7/20   |
| Cycle         | 0/20   |
| Episodes      | 7050   |
| Timesteps     | 352500 |
| TimeCost(sec) | 99.02  |
| Pi_q_loss     | 2.656  |
| Pi_l2_loss    | 0.047  |
| Q_loss        | 0.023  |
| Success       | 0.11   |
+---------------+--------+
Average inside: 0.78
2021-12-14 20:59:09 mep-temp-1
+---------------+--------+
| Epoch         | 7/20   |
| Cycle         | 1/20   |
| Episodes      | 7100   |
| Timesteps     | 355000 |
| TimeCost(sec) | 94.946 |
| Pi_q_loss     | 2.78   |
| Pi_l2_loss    | 0.05   |
| Q_loss        | 0.019  |
| Success       | 0.1    |
+---------------+--------+
Average inside: 0.8
2021-12-14 21:00:45 mep-temp-1
+---------------+--------+
| Epoch         | 7/20   |
| Cycle         | 2/20   |
| Episodes      | 7150   |
| Timesteps     | 357500 |
| TimeCost(sec) | 95.1   |
| Pi_q_loss     | 2.447  |
| Pi_l2_loss    | 0.053  |
| Q_loss        | 0.024  |
| Success       | 0.08   |
+---------------+--------+
Average inside: 0.78
2021-12-14 21:02:21 mep-temp-1
+---------------+--------+
| Epoch         | 7/20   |
| Cycle         | 3/20   |
| Episodes      | 7200   |
| Timesteps     | 360000 |
| TimeCost(sec) | 96.108 |
| Pi_q_loss     | 2.55   |
| Pi_l2_loss    | 0.056  |
| Q_loss        | 0.02   |
| Success       | 0.11   |
+---------------+--------+
Average inside: 0.86
2021-12-14 21:03:56 mep-temp-1
+---------------+--------+
| Epoch         | 7/20   |
| Cycle         | 4/20   |
| Episodes      | 7250   |
| Timesteps     | 362500 |
| TimeCost(sec) | 95.357 |
| Pi_q_loss     | 2.745  |
| Pi_l2_loss    | 0.051  |
| Q_loss        | 0.024  |
| Success       | 0.07   |
+---------------+--------+
Average inside: 0.78
2021-12-14 21:05:33 mep-temp-1
+---------------+--------+
| Epoch         | 7/20   |
| Cycle         | 5/20   |
| Episodes      | 7300   |
| Timesteps     | 365000 |
| TimeCost(sec) | 96.892 |
| Pi_q_loss     | 2.558  |
| Pi_l2_loss    | 0.056  |
| Q_loss        | 0.031  |
| Success       | 0.05   |
+---------------+--------+
Average inside: 0.76
2021-12-14 21:07:09 mep-temp-1
+---------------+--------+
| Epoch         | 7/20   |
| Cycle         | 6/20   |
| Episodes      | 7350   |
| Timesteps     | 367500 |
| TimeCost(sec) | 95.088 |
| Pi_q_loss     | 2.632  |
| Pi_l2_loss    | 0.051  |
| Q_loss        | 0.016  |
| Success       | 0.07   |
+---------------+--------+
Average inside: 0.84
2021-12-14 21:08:44 mep-temp-1
+---------------+--------+
| Epoch         | 7/20   |
| Cycle         | 7/20   |
| Episodes      | 7400   |
| Timesteps     | 370000 |
| TimeCost(sec) | 94.817 |
| Pi_q_loss     | 2.795  |
| Pi_l2_loss    | 0.052  |
| Q_loss        | 0.024  |
| Success       | 0.03   |
+---------------+--------+
Average inside: 0.86
2021-12-14 21:10:20 mep-temp-1
+---------------+--------+
| Epoch         | 7/20   |
| Cycle         | 8/20   |
| Episodes      | 7450   |
| Timesteps     | 372500 |
| TimeCost(sec) | 96.397 |
| Pi_q_loss     | 2.677  |
| Pi_l2_loss    | 0.05   |
| Q_loss        | 0.022  |
| Success       | 0.1    |
+---------------+--------+
Average inside: 0.78
2021-12-14 21:11:58 mep-temp-1
+---------------+--------+
| Epoch         | 7/20   |
| Cycle         | 9/20   |
| Episodes      | 7500   |
| Timesteps     | 375000 |
| TimeCost(sec) | 97.38  |
| Pi_q_loss     | 2.55   |
| Pi_l2_loss    | 0.054  |
| Q_loss        | 0.024  |
| Success       | 0.11   |
+---------------+--------+
Average inside: 0.88
2021-12-14 21:13:37 mep-temp-1
+---------------+--------+
| Epoch         | 7/20   |
| Cycle         | 10/20  |
| Episodes      | 7550   |
| Timesteps     | 377500 |
| TimeCost(sec) | 98.58  |
| Pi_q_loss     | 2.664  |
| Pi_l2_loss    | 0.048  |
| Q_loss        | 0.021  |
| Success       | 0.08   |
+---------------+--------+
Average inside: 0.72
2021-12-14 21:15:14 mep-temp-1
+---------------+--------+
| Epoch         | 7/20   |
| Cycle         | 11/20  |
| Episodes      | 7600   |
| Timesteps     | 380000 |
| TimeCost(sec) | 96.883 |
| Pi_q_loss     | 2.529  |
| Pi_l2_loss    | 0.046  |
| Q_loss        | 0.022  |
| Success       | 0.08   |
+---------------+--------+
Average inside: 0.74
2021-12-14 21:16:51 mep-temp-1
+---------------+--------+
| Epoch         | 7/20   |
| Cycle         | 12/20  |
| Episodes      | 7650   |
| Timesteps     | 382500 |
| TimeCost(sec) | 96.672 |
| Pi_q_loss     | 2.658  |
| Pi_l2_loss    | 0.047  |
| Q_loss        | 0.022  |
| Success       | 0.07   |
+---------------+--------+
Average inside: 0.78
2021-12-14 21:18:28 mep-temp-1
+---------------+--------+
| Epoch         | 7/20   |
| Cycle         | 13/20  |
| Episodes      | 7700   |
| Timesteps     | 385000 |
| TimeCost(sec) | 97.599 |
| Pi_q_loss     | 2.715  |
| Pi_l2_loss    | 0.046  |
| Q_loss        | 0.074  |
| Success       | 0.05   |
+---------------+--------+
Average inside: 0.84
2021-12-14 21:20:08 mep-temp-1
+---------------+--------+
| Epoch         | 7/20   |
| Cycle         | 14/20  |
| Episodes      | 7750   |
| Timesteps     | 387500 |
| TimeCost(sec) | 99.309 |
| Pi_q_loss     | 2.786  |
| Pi_l2_loss    | 0.045  |
| Q_loss        | 0.016  |
| Success       | 0.1    |
+---------------+--------+
Average inside: 0.84
2021-12-14 21:21:45 mep-temp-1
+---------------+--------+
| Epoch         | 7/20   |
| Cycle         | 15/20  |
| Episodes      | 7800   |
| Timesteps     | 390000 |
| TimeCost(sec) | 97.203 |
| Pi_q_loss     | 3.176  |
| Pi_l2_loss    | 0.044  |
| Q_loss        | 0.017  |
| Success       | 0.11   |
+---------------+--------+
Average inside: 0.8
2021-12-14 21:23:21 mep-temp-1
+---------------+--------+
| Epoch         | 7/20   |
| Cycle         | 16/20  |
| Episodes      | 7850   |
| Timesteps     | 392500 |
| TimeCost(sec) | 95.334 |
| Pi_q_loss     | 2.839  |
| Pi_l2_loss    | 0.045  |
| Q_loss        | 0.021  |
| Success       | 0.1    |
+---------------+--------+
Average inside: 0.74
2021-12-14 21:24:55 mep-temp-1
+---------------+--------+
| Epoch         | 7/20   |
| Cycle         | 17/20  |
| Episodes      | 7900   |
| Timesteps     | 395000 |
| TimeCost(sec) | 94.454 |
| Pi_q_loss     | 3.067  |
| Pi_l2_loss    | 0.045  |
| Q_loss        | 0.021  |
| Success       | 0.08   |
+---------------+--------+
Average inside: 0.76
2021-12-14 21:26:31 mep-temp-1
+---------------+--------+
| Epoch         | 7/20   |
| Cycle         | 18/20  |
| Episodes      | 7950   |
| Timesteps     | 397500 |
| TimeCost(sec) | 95.307 |
| Pi_q_loss     | 2.975  |
| Pi_l2_loss    | 0.047  |
| Q_loss        | 0.021  |
| Success       | 0.11   |
+---------------+--------+
Average inside: 0.82
2021-12-14 21:28:08 mep-temp-1
+---------------+--------+
| Epoch         | 7/20   |
| Cycle         | 19/20  |
| Episodes      | 8000   |
| Timesteps     | 400000 |
| TimeCost(sec) | 96.981 |
| Pi_q_loss     | 2.905  |
| Pi_l2_loss    | 0.042  |
| Q_loss        | 0.035  |
| Success       | 0.1    |
+---------------+--------+
Saved periodic policy to log/mep-temp-1-ddpg-FetchPush-v1-hgg-14-12-2021_17-14-38/!
Average inside: 0.84
2021-12-14 21:29:47 mep-temp-1
+---------------+--------+
| Epoch         | 8/20   |
| Cycle         | 0/20   |
| Episodes      | 8050   |
| Timesteps     | 402500 |
| TimeCost(sec) | 98.324 |
| Pi_q_loss     | 3.221  |
| Pi_l2_loss    | 0.048  |
| Q_loss        | 0.019  |
| Success       | 0.06   |
+---------------+--------+
Average inside: 0.74
2021-12-14 21:31:24 mep-temp-1
+---------------+--------+
| Epoch         | 8/20   |
| Cycle         | 1/20   |
| Episodes      | 8100   |
| Timesteps     | 405000 |
| TimeCost(sec) | 96.974 |
| Pi_q_loss     | 3.132  |
| Pi_l2_loss    | 0.055  |
| Q_loss        | 0.024  |
| Success       | 0.08   |
+---------------+--------+
Average inside: 0.9
2021-12-14 21:32:59 mep-temp-1
+---------------+--------+
| Epoch         | 8/20   |
| Cycle         | 2/20   |
| Episodes      | 8150   |
| Timesteps     | 407500 |
| TimeCost(sec) | 95.137 |
| Pi_q_loss     | 2.959  |
| Pi_l2_loss    | 0.05   |
| Q_loss        | 0.023  |
| Success       | 0.05   |
+---------------+--------+
Average inside: 0.78
2021-12-14 21:34:34 mep-temp-1
+---------------+--------+
| Epoch         | 8/20   |
| Cycle         | 3/20   |
| Episodes      | 8200   |
| Timesteps     | 410000 |
| TimeCost(sec) | 94.674 |
| Pi_q_loss     | 3.094  |
| Pi_l2_loss    | 0.046  |
| Q_loss        | 0.023  |
| Success       | 0.09   |
+---------------+--------+
Average inside: 0.8
2021-12-14 21:36:09 mep-temp-1
+---------------+--------+
| Epoch         | 8/20   |
| Cycle         | 4/20   |
| Episodes      | 8250   |
| Timesteps     | 412500 |
| TimeCost(sec) | 95.122 |
| Pi_q_loss     | 3.151  |
| Pi_l2_loss    | 0.047  |
| Q_loss        | 0.018  |
| Success       | 0.06   |
+---------------+--------+
Average inside: 0.68
2021-12-14 21:37:44 mep-temp-1
+---------------+--------+
| Epoch         | 8/20   |
| Cycle         | 5/20   |
| Episodes      | 8300   |
| Timesteps     | 415000 |
| TimeCost(sec) | 95.082 |
| Pi_q_loss     | 3.314  |
| Pi_l2_loss    | 0.043  |
| Q_loss        | 0.036  |
| Success       | 0.06   |
+---------------+--------+
Average inside: 0.78
2021-12-14 21:39:20 mep-temp-1
+---------------+--------+
| Epoch         | 8/20   |
| Cycle         | 6/20   |
| Episodes      | 8350   |
| Timesteps     | 417500 |
| TimeCost(sec) | 95.326 |
| Pi_q_loss     | 3.204  |
| Pi_l2_loss    | 0.041  |
| Q_loss        | 0.033  |
| Success       | 0.07   |
+---------------+--------+
Average inside: 0.82
2021-12-14 21:40:57 mep-temp-1
+---------------+--------+
| Epoch         | 8/20   |
| Cycle         | 7/20   |
| Episodes      | 8400   |
| Timesteps     | 420000 |
| TimeCost(sec) | 96.668 |
| Pi_q_loss     | 3.095  |
| Pi_l2_loss    | 0.045  |
| Q_loss        | 0.02   |
| Success       | 0.06   |
+---------------+--------+
Average inside: 0.78
2021-12-14 21:42:32 mep-temp-1
+---------------+--------+
| Epoch         | 8/20   |
| Cycle         | 8/20   |
| Episodes      | 8450   |
| Timesteps     | 422500 |
| TimeCost(sec) | 95.268 |
| Pi_q_loss     | 3.423  |
| Pi_l2_loss    | 0.044  |
| Q_loss        | 0.019  |
| Success       | 0.1    |
+---------------+--------+
Average inside: 0.84
2021-12-14 21:44:07 mep-temp-1
+---------------+--------+
| Epoch         | 8/20   |
| Cycle         | 9/20   |
| Episodes      | 8500   |
| Timesteps     | 425000 |
| TimeCost(sec) | 95.157 |
| Pi_q_loss     | 3.126  |
| Pi_l2_loss    | 0.037  |
| Q_loss        | 0.022  |
| Success       | 0.05   |
+---------------+--------+
Average inside: 0.72
2021-12-14 21:45:42 mep-temp-1
+---------------+--------+
| Epoch         | 8/20   |
| Cycle         | 10/20  |
| Episodes      | 8550   |
| Timesteps     | 427500 |
| TimeCost(sec) | 94.115 |
| Pi_q_loss     | 3.413  |
| Pi_l2_loss    | 0.044  |
| Q_loss        | 0.023  |
| Success       | 0.12   |
+---------------+--------+
Average inside: 0.82
2021-12-14 21:47:16 mep-temp-1
+---------------+--------+
| Epoch         | 8/20   |
| Cycle         | 11/20  |
| Episodes      | 8600   |
| Timesteps     | 430000 |
| TimeCost(sec) | 94.125 |
| Pi_q_loss     | 3.147  |
| Pi_l2_loss    | 0.041  |
| Q_loss        | 0.019  |
| Success       | 0.07   |
+---------------+--------+
Average inside: 0.74
2021-12-14 21:48:50 mep-temp-1
+---------------+--------+
| Epoch         | 8/20   |
| Cycle         | 12/20  |
| Episodes      | 8650   |
| Timesteps     | 432500 |
| TimeCost(sec) | 93.754 |
| Pi_q_loss     | 3.422  |
| Pi_l2_loss    | 0.046  |
| Q_loss        | 0.028  |
| Success       | 0.1    |
+---------------+--------+
Average inside: 0.84
2021-12-14 21:50:25 mep-temp-1
+---------------+--------+
| Epoch         | 8/20   |
| Cycle         | 13/20  |
| Episodes      | 8700   |
| Timesteps     | 435000 |
| TimeCost(sec) | 94.625 |
| Pi_q_loss     | 3.341  |
| Pi_l2_loss    | 0.047  |
| Q_loss        | 0.021  |
| Success       | 0.06   |
+---------------+--------+
Average inside: 0.78
2021-12-14 21:51:59 mep-temp-1
+---------------+--------+
| Epoch         | 8/20   |
| Cycle         | 14/20  |
| Episodes      | 8750   |
| Timesteps     | 437500 |
| TimeCost(sec) | 94.339 |
| Pi_q_loss     | 3.502  |
| Pi_l2_loss    | 0.051  |
| Q_loss        | 0.026  |
| Success       | 0.05   |
+---------------+--------+
Average inside: 0.82
2021-12-14 21:53:35 mep-temp-1
+---------------+--------+
| Epoch         | 8/20   |
| Cycle         | 15/20  |
| Episodes      | 8800   |
| Timesteps     | 440000 |
| TimeCost(sec) | 95.835 |
| Pi_q_loss     | 3.503  |
| Pi_l2_loss    | 0.052  |
| Q_loss        | 0.026  |
| Success       | 0.11   |
+---------------+--------+
Average inside: 0.84
2021-12-14 21:55:11 mep-temp-1
+---------------+--------+
| Epoch         | 8/20   |
| Cycle         | 16/20  |
| Episodes      | 8850   |
| Timesteps     | 442500 |
| TimeCost(sec) | 96.026 |
| Pi_q_loss     | 3.287  |
| Pi_l2_loss    | 0.049  |
| Q_loss        | 0.023  |
| Success       | 0.09   |
+---------------+--------+
Average inside: 0.86
2021-12-14 21:56:48 mep-temp-1
+---------------+--------+
| Epoch         | 8/20   |
| Cycle         | 17/20  |
| Episodes      | 8900   |
| Timesteps     | 445000 |
| TimeCost(sec) | 96.06  |
| Pi_q_loss     | 3.301  |
| Pi_l2_loss    | 0.051  |
| Q_loss        | 0.029  |
| Success       | 0.02   |
+---------------+--------+
Average inside: 0.74
2021-12-14 21:58:23 mep-temp-1
+---------------+--------+
| Epoch         | 8/20   |
| Cycle         | 18/20  |
| Episodes      | 8950   |
| Timesteps     | 447500 |
| TimeCost(sec) | 95.06  |
| Pi_q_loss     | 2.905  |
| Pi_l2_loss    | 0.054  |
| Q_loss        | 0.023  |
| Success       | 0.05   |
+---------------+--------+
Average inside: 0.72
2021-12-14 21:59:58 mep-temp-1
+---------------+--------+
| Epoch         | 8/20   |
| Cycle         | 19/20  |
| Episodes      | 9000   |
| Timesteps     | 450000 |
| TimeCost(sec) | 94.898 |
| Pi_q_loss     | 3.106  |
| Pi_l2_loss    | 0.054  |
| Q_loss        | 0.067  |
| Success       | 0.04   |
+---------------+--------+
Saved periodic policy to log/mep-temp-1-ddpg-FetchPush-v1-hgg-14-12-2021_17-14-38/!
Average inside: 0.8
2021-12-14 22:01:35 mep-temp-1
+---------------+--------+
| Epoch         | 9/20   |
| Cycle         | 0/20   |
| Episodes      | 9050   |
| Timesteps     | 452500 |
| TimeCost(sec) | 96.415 |
| Pi_q_loss     | 3.253  |
| Pi_l2_loss    | 0.054  |
| Q_loss        | 0.019  |
| Success       | 0.06   |
+---------------+--------+
Average inside: 0.82
2021-12-14 22:03:10 mep-temp-1
+---------------+--------+
| Epoch         | 9/20   |
| Cycle         | 1/20   |
| Episodes      | 9100   |
| Timesteps     | 455000 |
| TimeCost(sec) | 95.534 |
| Pi_q_loss     | 3.114  |
| Pi_l2_loss    | 0.053  |
| Q_loss        | 0.022  |
| Success       | 0.07   |
+---------------+--------+
Average inside: 0.8
2021-12-14 22:04:45 mep-temp-1
+---------------+--------+
| Epoch         | 9/20   |
| Cycle         | 2/20   |
| Episodes      | 9150   |
| Timesteps     | 457500 |
| TimeCost(sec) | 94.747 |
| Pi_q_loss     | 2.929  |
| Pi_l2_loss    | 0.05   |
| Q_loss        | 0.026  |
| Success       | 0.04   |
+---------------+--------+
Average inside: 0.86
2021-12-14 22:06:22 mep-temp-1
+---------------+--------+
| Epoch         | 9/20   |
| Cycle         | 3/20   |
| Episodes      | 9200   |
| Timesteps     | 460000 |
| TimeCost(sec) | 96.444 |
| Pi_q_loss     | 3.274  |
| Pi_l2_loss    | 0.061  |
| Q_loss        | 0.028  |
| Success       | 0.04   |
+---------------+--------+
Average inside: 0.92
2021-12-14 22:07:59 mep-temp-1
+---------------+--------+
| Epoch         | 9/20   |
| Cycle         | 4/20   |
| Episodes      | 9250   |
| Timesteps     | 462500 |
| TimeCost(sec) | 96.822 |
| Pi_q_loss     | 3.073  |
| Pi_l2_loss    | 0.057  |
| Q_loss        | 0.024  |
| Success       | 0.04   |
+---------------+--------+
Average inside: 0.66
2021-12-14 22:09:38 mep-temp-1
+---------------+--------+
| Epoch         | 9/20   |
| Cycle         | 5/20   |
| Episodes      | 9300   |
| Timesteps     | 465000 |
| TimeCost(sec) | 99.007 |
| Pi_q_loss     | 3.035  |
| Pi_l2_loss    | 0.056  |
| Q_loss        | 0.028  |
| Success       | 0.07   |
+---------------+--------+
Average inside: 0.7
2021-12-14 22:11:14 mep-temp-1
+---------------+--------+
| Epoch         | 9/20   |
| Cycle         | 6/20   |
| Episodes      | 9350   |
| Timesteps     | 467500 |
| TimeCost(sec) | 95.714 |
| Pi_q_loss     | 3.129  |
| Pi_l2_loss    | 0.053  |
| Q_loss        | 0.021  |
| Success       | 0.04   |
+---------------+--------+
Average inside: 0.78
2021-12-14 22:12:51 mep-temp-1
+---------------+--------+
| Epoch         | 9/20   |
| Cycle         | 7/20   |
| Episodes      | 9400   |
| Timesteps     | 470000 |
| TimeCost(sec) | 96.652 |
| Pi_q_loss     | 2.935  |
| Pi_l2_loss    | 0.051  |
| Q_loss        | 0.039  |
| Success       | 0.11   |
+---------------+--------+
Average inside: 0.92
2021-12-14 22:14:27 mep-temp-1
+---------------+--------+
| Epoch         | 9/20   |
| Cycle         | 8/20   |
| Episodes      | 9450   |
| Timesteps     | 472500 |
| TimeCost(sec) | 96.032 |
| Pi_q_loss     | 2.954  |
| Pi_l2_loss    | 0.049  |
| Q_loss        | 0.018  |
| Success       | 0.03   |
+---------------+--------+
Average inside: 0.68
2021-12-14 22:16:04 mep-temp-1
+---------------+--------+
| Epoch         | 9/20   |
| Cycle         | 9/20   |
| Episodes      | 9500   |
| Timesteps     | 475000 |
| TimeCost(sec) | 96.796 |
| Pi_q_loss     | 3.106  |
| Pi_l2_loss    | 0.05   |
| Q_loss        | 0.024  |
| Success       | 0.15   |
+---------------+--------+
Saved as best policy to log/mep-temp-1-ddpg-FetchPush-v1-hgg-14-12-2021_17-14-38/!
Average inside: 0.78
2021-12-14 22:17:43 mep-temp-1
+---------------+--------+
| Epoch         | 9/20   |
| Cycle         | 10/20  |
| Episodes      | 9550   |
| Timesteps     | 477500 |
| TimeCost(sec) | 98.761 |
| Pi_q_loss     | 3.112  |
| Pi_l2_loss    | 0.045  |
| Q_loss        | 0.023  |
| Success       | 0.11   |
+---------------+--------+
Average inside: 0.82
2021-12-14 22:19:21 mep-temp-1
+---------------+--------+
| Epoch         | 9/20   |
| Cycle         | 11/20  |
| Episodes      | 9600   |
| Timesteps     | 480000 |
| TimeCost(sec) | 97.8   |
| Pi_q_loss     | 3.065  |
| Pi_l2_loss    | 0.048  |
| Q_loss        | 0.024  |
| Success       | 0.07   |
+---------------+--------+
Average inside: 0.92
2021-12-14 22:20:59 mep-temp-1
+---------------+--------+
| Epoch         | 9/20   |
| Cycle         | 12/20  |
| Episodes      | 9650   |
| Timesteps     | 482500 |
| TimeCost(sec) | 97.347 |
| Pi_q_loss     | 3.075  |
| Pi_l2_loss    | 0.05   |
| Q_loss        | 0.027  |
| Success       | 0.05   |
+---------------+--------+
Average inside: 0.7
2021-12-14 22:22:38 mep-temp-1
+---------------+--------+
| Epoch         | 9/20   |
| Cycle         | 13/20  |
| Episodes      | 9700   |
| Timesteps     | 485000 |
| TimeCost(sec) | 99.065 |
| Pi_q_loss     | 2.759  |
| Pi_l2_loss    | 0.047  |
| Q_loss        | 0.023  |
| Success       | 0.09   |
+---------------+--------+
Average inside: 0.76
2021-12-14 22:24:15 mep-temp-1
+---------------+--------+
| Epoch         | 9/20   |
| Cycle         | 14/20  |
| Episodes      | 9750   |
| Timesteps     | 487500 |
| TimeCost(sec) | 96.583 |
| Pi_q_loss     | 3.489  |
| Pi_l2_loss    | 0.053  |
| Q_loss        | 0.024  |
| Success       | 0.09   |
+---------------+--------+
Average inside: 0.74
2021-12-14 22:25:50 mep-temp-1
+---------------+--------+
| Epoch         | 9/20   |
| Cycle         | 15/20  |
| Episodes      | 9800   |
| Timesteps     | 490000 |
| TimeCost(sec) | 95.667 |
| Pi_q_loss     | 2.919  |
| Pi_l2_loss    | 0.052  |
| Q_loss        | 0.024  |
| Success       | 0.08   |
+---------------+--------+
Average inside: 0.88
2021-12-14 22:27:25 mep-temp-1
+---------------+--------+
| Epoch         | 9/20   |
| Cycle         | 16/20  |
| Episodes      | 9850   |
| Timesteps     | 492500 |
| TimeCost(sec) | 94.373 |
| Pi_q_loss     | 2.923  |
| Pi_l2_loss    | 0.049  |
| Q_loss        | 0.058  |
| Success       | 0.06   |
+---------------+--------+
Average inside: 0.76
2021-12-14 22:28:59 mep-temp-1
+---------------+--------+
| Epoch         | 9/20   |
| Cycle         | 17/20  |
| Episodes      | 9900   |
| Timesteps     | 495000 |
| TimeCost(sec) | 93.671 |
| Pi_q_loss     | 3.063  |
| Pi_l2_loss    | 0.047  |
| Q_loss        | 0.021  |
| Success       | 0.09   |
+---------------+--------+
Average inside: 0.94
2021-12-14 22:30:34 mep-temp-1
+---------------+--------+
| Epoch         | 9/20   |
| Cycle         | 18/20  |
| Episodes      | 9950   |
| Timesteps     | 497500 |
| TimeCost(sec) | 94.965 |
| Pi_q_loss     | 3.046  |
| Pi_l2_loss    | 0.052  |
| Q_loss        | 0.023  |
| Success       | 0.08   |
+---------------+--------+
Average inside: 0.8
2021-12-14 22:32:07 mep-temp-1
+---------------+--------+
| Epoch         | 9/20   |
| Cycle         | 19/20  |
| Episodes      | 10000  |
| Timesteps     | 500000 |
| TimeCost(sec) | 93.101 |
| Pi_q_loss     | 3.345  |
| Pi_l2_loss    | 0.05   |
| Q_loss        | 0.018  |
| Success       | 0.07   |
+---------------+--------+
Saved periodic policy to log/mep-temp-1-ddpg-FetchPush-v1-hgg-14-12-2021_17-14-38/!
Average inside: 0.7
2021-12-14 22:33:42 mep-temp-1
+---------------+--------+
| Epoch         | 10/20  |
| Cycle         | 0/20   |
| Episodes      | 10050  |
| Timesteps     | 502500 |
| TimeCost(sec) | 94.719 |
| Pi_q_loss     | 2.558  |
| Pi_l2_loss    | 0.046  |
| Q_loss        | 0.049  |
| Success       | 0.1    |
+---------------+--------+
Average inside: 0.84
2021-12-14 22:35:18 mep-temp-1
+---------------+--------+
| Epoch         | 10/20  |
| Cycle         | 1/20   |
| Episodes      | 10100  |
| Timesteps     | 505000 |
| TimeCost(sec) | 95.1   |
| Pi_q_loss     | 2.332  |
| Pi_l2_loss    | 0.049  |
| Q_loss        | 0.093  |
| Success       | 0.14   |
+---------------+--------+
Average inside: 0.82
2021-12-14 22:36:53 mep-temp-1
+---------------+--------+
| Epoch         | 10/20  |
| Cycle         | 2/20   |
| Episodes      | 10150  |
| Timesteps     | 507500 |
| TimeCost(sec) | 95.104 |
| Pi_q_loss     | 2.206  |
| Pi_l2_loss    | 0.051  |
| Q_loss        | 0.107  |
| Success       | 0.01   |
+---------------+--------+
Average inside: 0.76
2021-12-14 22:38:27 mep-temp-1
+---------------+--------+
| Epoch         | 10/20  |
| Cycle         | 3/20   |
| Episodes      | 10200  |
| Timesteps     | 510000 |
| TimeCost(sec) | 94.242 |
| Pi_q_loss     | 2.159  |
| Pi_l2_loss    | 0.044  |
| Q_loss        | 0.113  |
| Success       | 0.06   |
+---------------+--------+
Average inside: 0.8
2021-12-14 22:40:03 mep-temp-1
+---------------+--------+
| Epoch         | 10/20  |
| Cycle         | 4/20   |
| Episodes      | 10250  |
| Timesteps     | 512500 |
| TimeCost(sec) | 95.413 |
| Pi_q_loss     | 2.238  |
| Pi_l2_loss    | 0.042  |
| Q_loss        | 0.143  |
| Success       | 0.09   |
+---------------+--------+
Average inside: 0.84
2021-12-14 22:41:38 mep-temp-1
+---------------+--------+
| Epoch         | 10/20  |
| Cycle         | 5/20   |
| Episodes      | 10300  |
| Timesteps     | 515000 |
| TimeCost(sec) | 95.442 |
| Pi_q_loss     | 2.353  |
| Pi_l2_loss    | 0.04   |
| Q_loss        | 0.13   |
| Success       | 0.07   |
+---------------+--------+
Average inside: 0.78
2021-12-14 22:43:14 mep-temp-1
+---------------+--------+
| Epoch         | 10/20  |
| Cycle         | 6/20   |
| Episodes      | 10350  |
| Timesteps     | 517500 |
| TimeCost(sec) | 95.388 |
| Pi_q_loss     | 2.565  |
| Pi_l2_loss    | 0.046  |
| Q_loss        | 0.097  |
| Success       | 0.03   |
+---------------+--------+
Average inside: 0.88
2021-12-14 22:44:49 mep-temp-1
+---------------+--------+
| Epoch         | 10/20  |
| Cycle         | 7/20   |
| Episodes      | 10400  |
| Timesteps     | 520000 |
| TimeCost(sec) | 95.096 |
| Pi_q_loss     | 2.517  |
| Pi_l2_loss    | 0.049  |
| Q_loss        | 0.115  |
| Success       | 0.11   |
+---------------+--------+
Average inside: 0.78
2021-12-14 22:46:26 mep-temp-1
+---------------+--------+
| Epoch         | 10/20  |
| Cycle         | 8/20   |
| Episodes      | 10450  |
| Timesteps     | 522500 |
| TimeCost(sec) | 96.135 |
| Pi_q_loss     | 2.514  |
| Pi_l2_loss    | 0.056  |
| Q_loss        | 0.141  |
| Success       | 0.09   |
+---------------+--------+
Average inside: 0.9
2021-12-14 22:48:01 mep-temp-1
+---------------+--------+
| Epoch         | 10/20  |
| Cycle         | 9/20   |
| Episodes      | 10500  |
| Timesteps     | 525000 |
| TimeCost(sec) | 95.266 |
| Pi_q_loss     | 2.373  |
| Pi_l2_loss    | 0.059  |
| Q_loss        | 0.081  |
| Success       | 0.06   |
+---------------+--------+
Average inside: 0.78
2021-12-14 22:49:37 mep-temp-1
+---------------+--------+
| Epoch         | 10/20  |
| Cycle         | 10/20  |
| Episodes      | 10550  |
| Timesteps     | 527500 |
| TimeCost(sec) | 95.455 |
| Pi_q_loss     | 2.346  |
| Pi_l2_loss    | 0.057  |
| Q_loss        | 0.082  |
| Success       | 0.06   |
+---------------+--------+
Average inside: 0.86
2021-12-14 22:51:13 mep-temp-1
+---------------+--------+
| Epoch         | 10/20  |
| Cycle         | 11/20  |
| Episodes      | 10600  |
| Timesteps     | 530000 |
| TimeCost(sec) | 95.82  |
| Pi_q_loss     | 2.271  |
| Pi_l2_loss    | 0.06   |
| Q_loss        | 0.062  |
| Success       | 0.06   |
+---------------+--------+
Average inside: 0.88
2021-12-14 22:52:48 mep-temp-1
+---------------+--------+
| Epoch         | 10/20  |
| Cycle         | 12/20  |
| Episodes      | 10650  |
| Timesteps     | 532500 |
| TimeCost(sec) | 95.455 |
| Pi_q_loss     | 2.183  |
| Pi_l2_loss    | 0.063  |
| Q_loss        | 0.069  |
| Success       | 0.09   |
+---------------+--------+
Average inside: 0.6
2021-12-14 22:54:23 mep-temp-1
+---------------+--------+
| Epoch         | 10/20  |
| Cycle         | 13/20  |
| Episodes      | 10700  |
| Timesteps     | 535000 |
| TimeCost(sec) | 94.586 |
| Pi_q_loss     | 2.045  |
| Pi_l2_loss    | 0.061  |
| Q_loss        | 0.059  |
| Success       | 0.1    |
+---------------+--------+
Average inside: 0.82
2021-12-14 22:55:59 mep-temp-1
+---------------+--------+
| Epoch         | 10/20  |
| Cycle         | 14/20  |
| Episodes      | 10750  |
| Timesteps     | 537500 |
| TimeCost(sec) | 95.857 |
| Pi_q_loss     | 2.271  |
| Pi_l2_loss    | 0.069  |
| Q_loss        | 0.056  |
| Success       | 0.08   |
+---------------+--------+
Average inside: 0.92
2021-12-14 22:57:34 mep-temp-1
+---------------+--------+
| Epoch         | 10/20  |
| Cycle         | 15/20  |
| Episodes      | 10800  |
| Timesteps     | 540000 |
| TimeCost(sec) | 94.767 |
| Pi_q_loss     | 1.893  |
| Pi_l2_loss    | 0.062  |
| Q_loss        | 0.049  |
| Success       | 0.11   |
+---------------+--------+
Average inside: 0.84
2021-12-14 22:59:09 mep-temp-1
+---------------+--------+
| Epoch         | 10/20  |
| Cycle         | 16/20  |
| Episodes      | 10850  |
| Timesteps     | 542500 |
| TimeCost(sec) | 94.343 |
| Pi_q_loss     | 2.071  |
| Pi_l2_loss    | 0.063  |
| Q_loss        | 0.05   |
| Success       | 0.12   |
+---------------+--------+
Average inside: 0.78
2021-12-14 23:00:45 mep-temp-1
+---------------+--------+
| Epoch         | 10/20  |
| Cycle         | 17/20  |
| Episodes      | 10900  |
| Timesteps     | 545000 |
| TimeCost(sec) | 96.0   |
| Pi_q_loss     | 1.952  |
| Pi_l2_loss    | 0.065  |
| Q_loss        | 0.051  |
| Success       | 0.07   |
+---------------+--------+
Average inside: 0.86
2021-12-14 23:02:22 mep-temp-1
+---------------+--------+
| Epoch         | 10/20  |
| Cycle         | 18/20  |
| Episodes      | 10950  |
| Timesteps     | 547500 |
| TimeCost(sec) | 97.154 |
| Pi_q_loss     | 1.771  |
| Pi_l2_loss    | 0.064  |
| Q_loss        | 0.06   |
| Success       | 0.08   |
+---------------+--------+
Average inside: 0.76
2021-12-14 23:03:57 mep-temp-1
+---------------+--------+
| Epoch         | 10/20  |
| Cycle         | 19/20  |
| Episodes      | 11000  |
| Timesteps     | 550000 |
| TimeCost(sec) | 95.284 |
| Pi_q_loss     | 1.831  |
| Pi_l2_loss    | 0.059  |
| Q_loss        | 0.057  |
| Success       | 0.09   |
+---------------+--------+
Saved periodic policy to log/mep-temp-1-ddpg-FetchPush-v1-hgg-14-12-2021_17-14-38/!
Average inside: 0.88
2021-12-14 23:05:35 mep-temp-1
+---------------+--------+
| Epoch         | 11/20  |
| Cycle         | 0/20   |
| Episodes      | 11050  |
| Timesteps     | 552500 |
| TimeCost(sec) | 96.943 |
| Pi_q_loss     | 1.846  |
| Pi_l2_loss    | 0.065  |
| Q_loss        | 0.052  |
| Success       | 0.11   |
+---------------+--------+
Average inside: 0.62
2021-12-14 23:07:12 mep-temp-1
+---------------+--------+
| Epoch         | 11/20  |
| Cycle         | 1/20   |
| Episodes      | 11100  |
| Timesteps     | 555000 |
| TimeCost(sec) | 97.429 |
| Pi_q_loss     | 1.919  |
| Pi_l2_loss    | 0.064  |
| Q_loss        | 0.071  |
| Success       | 0.06   |
+---------------+--------+
Average inside: 0.84
2021-12-14 23:08:49 mep-temp-1
+---------------+--------+
| Epoch         | 11/20  |
| Cycle         | 2/20   |
| Episodes      | 11150  |
| Timesteps     | 557500 |
| TimeCost(sec) | 96.396 |
| Pi_q_loss     | 1.703  |
| Pi_l2_loss    | 0.061  |
| Q_loss        | 0.044  |
| Success       | 0.08   |
+---------------+--------+
Average inside: 0.84
2021-12-14 23:10:27 mep-temp-1
+---------------+--------+
| Epoch         | 11/20  |
| Cycle         | 3/20   |
| Episodes      | 11200  |
| Timesteps     | 560000 |
| TimeCost(sec) | 97.875 |
| Pi_q_loss     | 1.777  |
| Pi_l2_loss    | 0.061  |
| Q_loss        | 0.048  |
| Success       | 0.1    |
+---------------+--------+
Average inside: 0.76
2021-12-14 23:12:06 mep-temp-1
+---------------+--------+
| Epoch         | 11/20  |
| Cycle         | 4/20   |
| Episodes      | 11250  |
| Timesteps     | 562500 |
| TimeCost(sec) | 98.87  |
| Pi_q_loss     | 1.716  |
| Pi_l2_loss    | 0.071  |
| Q_loss        | 0.046  |
| Success       | 0.01   |
+---------------+--------+
Average inside: 0.84
2021-12-14 23:13:43 mep-temp-1
+---------------+--------+
| Epoch         | 11/20  |
| Cycle         | 5/20   |
| Episodes      | 11300  |
| Timesteps     | 565000 |
| TimeCost(sec) | 96.494 |
| Pi_q_loss     | 1.726  |
| Pi_l2_loss    | 0.062  |
| Q_loss        | 0.052  |
| Success       | 0.07   |
+---------------+--------+
Average inside: 0.78
2021-12-14 23:15:18 mep-temp-1
+---------------+--------+
| Epoch         | 11/20  |
| Cycle         | 6/20   |
| Episodes      | 11350  |
| Timesteps     | 567500 |
| TimeCost(sec) | 95.603 |
| Pi_q_loss     | 1.72   |
| Pi_l2_loss    | 0.065  |
| Q_loss        | 0.044  |
| Success       | 0.06   |
+---------------+--------+
Average inside: 0.78
2021-12-14 23:16:54 mep-temp-1
+---------------+--------+
| Epoch         | 11/20  |
| Cycle         | 7/20   |
| Episodes      | 11400  |
| Timesteps     | 570000 |
| TimeCost(sec) | 95.074 |
| Pi_q_loss     | 1.526  |
| Pi_l2_loss    | 0.061  |
| Q_loss        | 0.041  |
| Success       | 0.11   |
+---------------+--------+
Average inside: 0.84
2021-12-14 23:18:30 mep-temp-1
+---------------+--------+
| Epoch         | 11/20  |
| Cycle         | 8/20   |
| Episodes      | 11450  |
| Timesteps     | 572500 |
| TimeCost(sec) | 96.081 |
| Pi_q_loss     | 1.578  |
| Pi_l2_loss    | 0.067  |
| Q_loss        | 0.036  |
| Success       | 0.05   |
+---------------+--------+
Average inside: 0.84
2021-12-14 23:20:06 mep-temp-1
+---------------+--------+
| Epoch         | 11/20  |
| Cycle         | 9/20   |
| Episodes      | 11500  |
| Timesteps     | 575000 |
| TimeCost(sec) | 95.742 |
| Pi_q_loss     | 1.398  |
| Pi_l2_loss    | 0.062  |
| Q_loss        | 0.035  |
| Success       | 0.09   |
+---------------+--------+
Average inside: 0.82
2021-12-14 23:21:43 mep-temp-1
+---------------+--------+
| Epoch         | 11/20  |
| Cycle         | 10/20  |
| Episodes      | 11550  |
| Timesteps     | 577500 |
| TimeCost(sec) | 97.082 |
| Pi_q_loss     | 1.396  |
| Pi_l2_loss    | 0.062  |
| Q_loss        | 0.038  |
| Success       | 0.09   |
+---------------+--------+
Average inside: 0.8
2021-12-14 23:23:19 mep-temp-1
+---------------+--------+
| Epoch         | 11/20  |
| Cycle         | 11/20  |
| Episodes      | 11600  |
| Timesteps     | 580000 |
| TimeCost(sec) | 96.199 |
| Pi_q_loss     | 1.463  |
| Pi_l2_loss    | 0.064  |
| Q_loss        | 0.047  |
| Success       | 0.08   |
+---------------+--------+
Average inside: 0.6
2021-12-14 23:24:55 mep-temp-1
+---------------+--------+
| Epoch         | 11/20  |
| Cycle         | 12/20  |
| Episodes      | 11650  |
| Timesteps     | 582500 |
| TimeCost(sec) | 95.754 |
| Pi_q_loss     | 1.55   |
| Pi_l2_loss    | 0.063  |
| Q_loss        | 0.036  |
| Success       | 0.05   |
+---------------+--------+
Average inside: 0.7
2021-12-14 23:26:32 mep-temp-1
+---------------+--------+
| Epoch         | 11/20  |
| Cycle         | 13/20  |
| Episodes      | 11700  |
| Timesteps     | 585000 |
| TimeCost(sec) | 96.199 |
| Pi_q_loss     | 1.382  |
| Pi_l2_loss    | 0.054  |
| Q_loss        | 0.035  |
| Success       | 0.08   |
+---------------+--------+
Average inside: 0.78
2021-12-14 23:28:08 mep-temp-1
+---------------+--------+
| Epoch         | 11/20  |
| Cycle         | 14/20  |
| Episodes      | 11750  |
| Timesteps     | 587500 |
| TimeCost(sec) | 96.167 |
| Pi_q_loss     | 1.418  |
| Pi_l2_loss    | 0.055  |
| Q_loss        | 0.032  |
| Success       | 0.11   |
+---------------+--------+
Average inside: 0.84
2021-12-14 23:29:44 mep-temp-1
+---------------+--------+
| Epoch         | 11/20  |
| Cycle         | 15/20  |
| Episodes      | 11800  |
| Timesteps     | 590000 |
| TimeCost(sec) | 95.701 |
| Pi_q_loss     | 1.605  |
| Pi_l2_loss    | 0.056  |
| Q_loss        | 0.037  |
| Success       | 0.08   |
+---------------+--------+
Average inside: 0.84
2021-12-14 23:31:19 mep-temp-1
+---------------+--------+
| Epoch         | 11/20  |
| Cycle         | 16/20  |
| Episodes      | 11850  |
| Timesteps     | 592500 |
| TimeCost(sec) | 95.216 |
| Pi_q_loss     | 1.656  |
| Pi_l2_loss    | 0.054  |
| Q_loss        | 0.037  |
| Success       | 0.07   |
+---------------+--------+
Average inside: 0.74
2021-12-14 23:32:54 mep-temp-1
+---------------+--------+
| Epoch         | 11/20  |
| Cycle         | 17/20  |
| Episodes      | 11900  |
| Timesteps     | 595000 |
| TimeCost(sec) | 94.716 |
| Pi_q_loss     | 1.702  |
| Pi_l2_loss    | 0.059  |
| Q_loss        | 0.034  |
| Success       | 0.11   |
+---------------+--------+
Average inside: 0.86
2021-12-14 23:34:31 mep-temp-1
+---------------+--------+
| Epoch         | 11/20  |
| Cycle         | 18/20  |
| Episodes      | 11950  |
| Timesteps     | 597500 |
| TimeCost(sec) | 96.393 |
| Pi_q_loss     | 1.635  |
| Pi_l2_loss    | 0.057  |
| Q_loss        | 0.033  |
| Success       | 0.07   |
+---------------+--------+
Average inside: 0.74
2021-12-14 23:36:05 mep-temp-1
+---------------+--------+
| Epoch         | 11/20  |
| Cycle         | 19/20  |
| Episodes      | 12000  |
| Timesteps     | 600000 |
| TimeCost(sec) | 94.192 |
| Pi_q_loss     | 1.622  |
| Pi_l2_loss    | 0.065  |
| Q_loss        | 0.035  |
| Success       | 0.09   |
+---------------+--------+
Saved periodic policy to log/mep-temp-1-ddpg-FetchPush-v1-hgg-14-12-2021_17-14-38/!
Average inside: 0.84
2021-12-14 23:37:41 mep-temp-1
+---------------+--------+
| Epoch         | 12/20  |
| Cycle         | 0/20   |
| Episodes      | 12050  |
| Timesteps     | 602500 |
| TimeCost(sec) | 95.119 |
| Pi_q_loss     | 1.733  |
| Pi_l2_loss    | 0.066  |
| Q_loss        | 0.038  |
| Success       | 0.08   |
+---------------+--------+
Average inside: 0.84
2021-12-14 23:39:16 mep-temp-1
+---------------+--------+
| Epoch         | 12/20  |
| Cycle         | 1/20   |
| Episodes      | 12100  |
| Timesteps     | 605000 |
| TimeCost(sec) | 94.803 |
| Pi_q_loss     | 1.677  |
| Pi_l2_loss    | 0.067  |
| Q_loss        | 0.036  |
| Success       | 0.1    |
+---------------+--------+
Average inside: 0.76
2021-12-14 23:40:49 mep-temp-1
+---------------+--------+
| Epoch         | 12/20  |
| Cycle         | 2/20   |
| Episodes      | 12150  |
| Timesteps     | 607500 |
| TimeCost(sec) | 93.387 |
| Pi_q_loss     | 1.597  |
| Pi_l2_loss    | 0.064  |
| Q_loss        | 0.034  |
| Success       | 0.07   |
+---------------+--------+
Average inside: 0.84
2021-12-14 23:42:24 mep-temp-1
+---------------+--------+
| Epoch         | 12/20  |
| Cycle         | 3/20   |
| Episodes      | 12200  |
| Timesteps     | 610000 |
| TimeCost(sec) | 94.318 |
| Pi_q_loss     | 1.563  |
| Pi_l2_loss    | 0.067  |
| Q_loss        | 0.034  |
| Success       | 0.07   |
+---------------+--------+
Average inside: 0.8
2021-12-14 23:43:57 mep-temp-1
+---------------+--------+
| Epoch         | 12/20  |
| Cycle         | 4/20   |
| Episodes      | 12250  |
| Timesteps     | 612500 |
| TimeCost(sec) | 93.599 |
| Pi_q_loss     | 1.668  |
| Pi_l2_loss    | 0.068  |
| Q_loss        | 0.035  |
| Success       | 0.14   |
+---------------+--------+
Average inside: 0.72
2021-12-14 23:45:31 mep-temp-1
+---------------+--------+
| Epoch         | 12/20  |
| Cycle         | 5/20   |
| Episodes      | 12300  |
| Timesteps     | 615000 |
| TimeCost(sec) | 93.714 |
| Pi_q_loss     | 1.663  |
| Pi_l2_loss    | 0.067  |
| Q_loss        | 0.034  |
| Success       | 0.06   |
+---------------+--------+
