tag: mep
alg: ddpg
learn: hgg
env: FetchPush-v1
goal: custom
init_offset: 1.0
graph: False
show_goals: 0
play_path: None
play_epoch: latest
stop_hgg_threshold: 2
n_x: 31
n_y: 31
n_z: 11
gamma: 0.98
clip_return: True
eps_act: 0.3
std_act: 0.2
pi_lr: 0.001
q_lr: 0.001
act_l2: 1.0
polyak: 0.95
epoches: 20
cycles: 20
episodes: 50
timesteps: 50
train_batches: 20
buffer_size: 10000
buffer_type: mep
batch_size: 256
warmup: 10000
her: future
her_ratio: 0.8
pool_rule: full
hgg_c: 3.0
hgg_L: 5.0
hgg_pool_size: 1000
save_acc: True
rank_method: dense
num_vertices: [31, 31, 11]
goal_based: True
clip_return_l: -49.99999999999996
clip_return_r: 0.0
*** network initialization complete ***
*** tester initialization complete ***
2021-12-14 04:22:22 mep
+---------------+--------+
| Epoch         | 0/20   |
| Cycle         | 0/20   |
| Episodes      | 50     |
| Timesteps     | 2500   |
| TimeCost(sec) | 21.538 |
| Pi_q_loss     |        |
| Pi_l2_loss    |        |
| Q_loss        |        |
| Success       | 0.05   |
+---------------+--------+
Saved as best policy to log/mep-ddpg-FetchPush-v1-hgg-14-12-2021_04-20-57/!
Average inside: 0.88
2021-12-14 04:22:49 mep
+---------------+--------+
| Epoch         | 0/20   |
| Cycle         | 1/20   |
| Episodes      | 100    |
| Timesteps     | 5000   |
| TimeCost(sec) | 26.689 |
| Pi_q_loss     |        |
| Pi_l2_loss    |        |
| Q_loss        |        |
| Success       | 0.08   |
+---------------+--------+
Saved as best policy to log/mep-ddpg-FetchPush-v1-hgg-14-12-2021_04-20-57/!
Average inside: 0.86
2021-12-14 04:23:15 mep
+---------------+--------+
| Epoch         | 0/20   |
| Cycle         | 2/20   |
| Episodes      | 150    |
| Timesteps     | 7500   |
| TimeCost(sec) | 26.357 |
| Pi_q_loss     |        |
| Pi_l2_loss    |        |
| Q_loss        |        |
| Success       | 0.07   |
+---------------+--------+
Average inside: 0.84
2021-12-14 04:23:44 mep
+---------------+--------+
| Epoch         | 0/20   |
| Cycle         | 3/20   |
| Episodes      | 200    |
| Timesteps     | 10000  |
| TimeCost(sec) | 28.812 |
| Pi_q_loss     | 0.174  |
| Pi_l2_loss    | 0.009  |
| Q_loss        | 0.045  |
| Success       | 0.06   |
+---------------+--------+
Average inside: 0.86
2021-12-14 04:25:10 mep
+---------------+--------+
| Epoch         | 0/20   |
| Cycle         | 4/20   |
| Episodes      | 250    |
| Timesteps     | 12500  |
| TimeCost(sec) | 85.276 |
| Pi_q_loss     | 0.224  |
| Pi_l2_loss    | 0.017  |
| Q_loss        | 0.007  |
| Success       | 0.09   |
+---------------+--------+
Saved as best policy to log/mep-ddpg-FetchPush-v1-hgg-14-12-2021_04-20-57/!
Average inside: 0.82
2021-12-14 04:26:43 mep
+---------------+--------+
| Epoch         | 0/20   |
| Cycle         | 5/20   |
| Episodes      | 300    |
| Timesteps     | 15000  |
| TimeCost(sec) | 93.344 |
| Pi_q_loss     | 0.542  |
| Pi_l2_loss    | 0.012  |
| Q_loss        | 0.003  |
| Success       | 0.04   |
+---------------+--------+
Average inside: 0.72
2021-12-14 04:28:19 mep
+---------------+--------+
| Epoch         | 0/20   |
| Cycle         | 6/20   |
| Episodes      | 350    |
| Timesteps     | 17500  |
| TimeCost(sec) | 96.056 |
| Pi_q_loss     | 0.788  |
| Pi_l2_loss    | 0.017  |
| Q_loss        | 0.01   |
| Success       | 0.05   |
+---------------+--------+
Average inside: 0.84
2021-12-14 04:29:47 mep
+---------------+--------+
| Epoch         | 0/20   |
| Cycle         | 7/20   |
| Episodes      | 400    |
| Timesteps     | 20000  |
| TimeCost(sec) | 87.332 |
| Pi_q_loss     | 1.379  |
| Pi_l2_loss    | 0.018  |
| Q_loss        | 0.001  |
| Success       | 0.07   |
+---------------+--------+
Average inside: 0.78
2021-12-14 04:31:18 mep
+---------------+--------+
| Epoch         | 0/20   |
| Cycle         | 8/20   |
| Episodes      | 450    |
| Timesteps     | 22500  |
| TimeCost(sec) | 90.588 |
| Pi_q_loss     | 0.886  |
| Pi_l2_loss    | 0.011  |
| Q_loss        | 0.001  |
| Success       | 0.09   |
+---------------+--------+
Average inside: 0.86
2021-12-14 04:32:51 mep
+---------------+--------+
| Epoch         | 0/20   |
| Cycle         | 9/20   |
| Episodes      | 500    |
| Timesteps     | 25000  |
| TimeCost(sec) | 93.168 |
| Pi_q_loss     | 1.277  |
| Pi_l2_loss    | 0.022  |
| Q_loss        | 0.009  |
| Success       | 0.09   |
+---------------+--------+
Average inside: 0.78
2021-12-14 04:34:18 mep
+---------------+--------+
| Epoch         | 0/20   |
| Cycle         | 10/20  |
| Episodes      | 550    |
| Timesteps     | 27500  |
| TimeCost(sec) | 87.293 |
| Pi_q_loss     | 1.759  |
| Pi_l2_loss    | 0.013  |
| Q_loss        | 0.003  |
| Success       | 0.09   |
+---------------+--------+
Average inside: 0.74
2021-12-14 04:35:46 mep
+---------------+--------+
| Epoch         | 0/20   |
| Cycle         | 11/20  |
| Episodes      | 600    |
| Timesteps     | 30000  |
| TimeCost(sec) | 87.619 |
| Pi_q_loss     | 1.588  |
| Pi_l2_loss    | 0.062  |
| Q_loss        | 0.006  |
| Success       | 0.1    |
+---------------+--------+
Saved as best policy to log/mep-ddpg-FetchPush-v1-hgg-14-12-2021_04-20-57/!
Average inside: 0.88
2021-12-14 04:37:15 mep
+---------------+--------+
| Epoch         | 0/20   |
| Cycle         | 12/20  |
| Episodes      | 650    |
| Timesteps     | 32500  |
| TimeCost(sec) | 88.334 |
| Pi_q_loss     | 3.148  |
| Pi_l2_loss    | 0.008  |
| Q_loss        | 0.003  |
| Success       | 0.06   |
+---------------+--------+
Average inside: 0.78
2021-12-14 04:38:47 mep
+---------------+--------+
| Epoch         | 0/20   |
| Cycle         | 13/20  |
| Episodes      | 700    |
| Timesteps     | 35000  |
| TimeCost(sec) | 91.659 |
| Pi_q_loss     | 1.938  |
| Pi_l2_loss    | 0.07   |
| Q_loss        | 0.009  |
| Success       | 0.05   |
+---------------+--------+
Average inside: 0.92
2021-12-14 04:40:20 mep
+---------------+--------+
| Epoch         | 0/20   |
| Cycle         | 14/20  |
| Episodes      | 750    |
| Timesteps     | 37500  |
| TimeCost(sec) | 92.912 |
| Pi_q_loss     | 1.81   |
| Pi_l2_loss    | 0.046  |
| Q_loss        | 0.003  |
| Success       | 0.05   |
+---------------+--------+
Average inside: 0.84
2021-12-14 04:41:53 mep
+---------------+--------+
| Epoch         | 0/20   |
| Cycle         | 15/20  |
| Episodes      | 800    |
| Timesteps     | 40000  |
| TimeCost(sec) | 93.118 |
| Pi_q_loss     | 1.855  |
| Pi_l2_loss    | 0.053  |
| Q_loss        | 0.015  |
| Success       | 0.05   |
+---------------+--------+
Average inside: 0.94
2021-12-14 04:43:20 mep
+---------------+--------+
| Epoch         | 0/20   |
| Cycle         | 16/20  |
| Episodes      | 850    |
| Timesteps     | 42500  |
| TimeCost(sec) | 86.474 |
| Pi_q_loss     | 0.181  |
| Pi_l2_loss    | 0.002  |
| Q_loss        | 0.0    |
| Success       | 0.06   |
+---------------+--------+
Average inside: 0.84
2021-12-14 04:44:51 mep
+---------------+--------+
| Epoch         | 0/20   |
| Cycle         | 17/20  |
| Episodes      | 900    |
| Timesteps     | 45000  |
| TimeCost(sec) | 91.503 |
| Pi_q_loss     | 1.612  |
| Pi_l2_loss    | 0.038  |
| Q_loss        | 0.004  |
| Success       | 0.04   |
+---------------+--------+
Average inside: 0.76
2021-12-14 04:46:19 mep
+---------------+--------+
| Epoch         | 0/20   |
| Cycle         | 18/20  |
| Episodes      | 950    |
| Timesteps     | 47500  |
| TimeCost(sec) | 87.317 |
| Pi_q_loss     | 3.623  |
| Pi_l2_loss    | 0.015  |
| Q_loss        | 0.004  |
| Success       | 0.06   |
+---------------+--------+
Average inside: 0.82
2021-12-14 04:47:47 mep
+---------------+--------+
| Epoch         | 0/20   |
| Cycle         | 19/20  |
| Episodes      | 1000   |
| Timesteps     | 50000  |
| TimeCost(sec) | 87.544 |
| Pi_q_loss     | 1.837  |
| Pi_l2_loss    | 0.025  |
| Q_loss        | 0.003  |
| Success       | 0.02   |
+---------------+--------+
Saved periodic policy to log/mep-ddpg-FetchPush-v1-hgg-14-12-2021_04-20-57/!
Average inside: 0.9
2021-12-14 04:49:19 mep
+---------------+--------+
| Epoch         | 1/20   |
| Cycle         | 0/20   |
| Episodes      | 1050   |
| Timesteps     | 52500  |
| TimeCost(sec) | 91.935 |
| Pi_q_loss     | 2.477  |
| Pi_l2_loss    | 0.042  |
| Q_loss        | 0.032  |
| Success       | 0.08   |
+---------------+--------+
Average inside: 0.8
2021-12-14 04:50:44 mep
+---------------+--------+
| Epoch         | 1/20   |
| Cycle         | 1/20   |
| Episodes      | 1100   |
| Timesteps     | 55000  |
| TimeCost(sec) | 85.484 |
| Pi_q_loss     | 2.515  |
| Pi_l2_loss    | 0.134  |
| Q_loss        | 0.004  |
| Success       | 0.05   |
+---------------+--------+
Average inside: 0.8
2021-12-14 04:52:15 mep
+---------------+--------+
| Epoch         | 1/20   |
| Cycle         | 2/20   |
| Episodes      | 1150   |
| Timesteps     | 57500  |
| TimeCost(sec) | 90.844 |
| Pi_q_loss     | 1.089  |
| Pi_l2_loss    | 0.049  |
| Q_loss        | 0.003  |
| Success       | 0.08   |
+---------------+--------+
Average inside: 0.76
2021-12-14 04:53:48 mep
+---------------+--------+
| Epoch         | 1/20   |
| Cycle         | 3/20   |
| Episodes      | 1200   |
| Timesteps     | 60000  |
| TimeCost(sec) | 92.809 |
| Pi_q_loss     | 2.174  |
| Pi_l2_loss    | 0.055  |
| Q_loss        | 0.026  |
| Success       | 0.1    |
+---------------+--------+
Average inside: 0.8
2021-12-14 04:55:15 mep
+---------------+--------+
| Epoch         | 1/20   |
| Cycle         | 4/20   |
| Episodes      | 1250   |
| Timesteps     | 62500  |
| TimeCost(sec) | 86.187 |
| Pi_q_loss     | 2.484  |
| Pi_l2_loss    | 0.088  |
| Q_loss        | 0.001  |
| Success       | 0.06   |
+---------------+--------+
Average inside: 0.68
2021-12-14 04:56:44 mep
+---------------+--------+
| Epoch         | 1/20   |
| Cycle         | 5/20   |
| Episodes      | 1300   |
| Timesteps     | 65000  |
| TimeCost(sec) | 89.246 |
| Pi_q_loss     | 1.781  |
| Pi_l2_loss    | 0.09   |
| Q_loss        | 0.007  |
| Success       | 0.12   |
+---------------+--------+
Saved as best policy to log/mep-ddpg-FetchPush-v1-hgg-14-12-2021_04-20-57/!
Average inside: 0.8
2021-12-14 04:58:11 mep
+---------------+--------+
| Epoch         | 1/20   |
| Cycle         | 6/20   |
| Episodes      | 1350   |
| Timesteps     | 67500  |
| TimeCost(sec) | 87.043 |
| Pi_q_loss     | 3.661  |
| Pi_l2_loss    | 0.039  |
| Q_loss        | 0.002  |
| Success       | 0.1    |
+---------------+--------+
Average inside: 0.84
2021-12-14 04:59:41 mep
+---------------+--------+
| Epoch         | 1/20   |
| Cycle         | 7/20   |
| Episodes      | 1400   |
| Timesteps     | 70000  |
| TimeCost(sec) | 89.873 |
| Pi_q_loss     | 2.304  |
| Pi_l2_loss    | 0.027  |
| Q_loss        | 0.002  |
| Success       | 0.09   |
+---------------+--------+
Average inside: 0.88
2021-12-14 05:01:15 mep
+---------------+--------+
| Epoch         | 1/20   |
| Cycle         | 8/20   |
| Episodes      | 1450   |
| Timesteps     | 72500  |
| TimeCost(sec) | 93.642 |
| Pi_q_loss     | 1.851  |
| Pi_l2_loss    | 0.065  |
| Q_loss        | 0.021  |
| Success       | 0.1    |
+---------------+--------+
Average inside: 0.74
2021-12-14 05:02:43 mep
+---------------+--------+
| Epoch         | 1/20   |
| Cycle         | 9/20   |
| Episodes      | 1500   |
| Timesteps     | 75000  |
| TimeCost(sec) | 87.377 |
| Pi_q_loss     | 2.564  |
| Pi_l2_loss    | 0.051  |
| Q_loss        | 0.001  |
| Success       | 0.03   |
+---------------+--------+
Average inside: 0.8
2021-12-14 05:04:15 mep
+---------------+--------+
| Epoch         | 1/20   |
| Cycle         | 10/20  |
| Episodes      | 1550   |
| Timesteps     | 77500  |
| TimeCost(sec) | 91.719 |
| Pi_q_loss     | 2.225  |
| Pi_l2_loss    | 0.035  |
| Q_loss        | 0.003  |
| Success       | 0.07   |
+---------------+--------+
Average inside: 0.78
2021-12-14 05:05:42 mep
+---------------+--------+
| Epoch         | 1/20   |
| Cycle         | 11/20  |
| Episodes      | 1600   |
| Timesteps     | 80000  |
| TimeCost(sec) | 87.063 |
| Pi_q_loss     | 0.853  |
| Pi_l2_loss    | 0.158  |
| Q_loss        | 0.008  |
| Success       | 0.07   |
+---------------+--------+
Average inside: 0.78
2021-12-14 05:07:16 mep
+---------------+-------+
| Epoch         | 1/20  |
| Cycle         | 12/20 |
| Episodes      | 1650  |
| Timesteps     | 82500 |
| TimeCost(sec) | 93.73 |
| Pi_q_loss     | 1.65  |
| Pi_l2_loss    | 0.035 |
| Q_loss        | 0.004 |
| Success       | 0.11  |
+---------------+-------+
Average inside: 0.9
2021-12-14 05:08:43 mep
+---------------+--------+
| Epoch         | 1/20   |
| Cycle         | 13/20  |
| Episodes      | 1700   |
| Timesteps     | 85000  |
| TimeCost(sec) | 87.078 |
| Pi_q_loss     | 1.616  |
| Pi_l2_loss    | 0.096  |
| Q_loss        | 0.0    |
| Success       | 0.04   |
+---------------+--------+
Average inside: 0.92
2021-12-14 05:10:11 mep
+---------------+--------+
| Epoch         | 1/20   |
| Cycle         | 14/20  |
| Episodes      | 1750   |
| Timesteps     | 87500  |
| TimeCost(sec) | 87.875 |
| Pi_q_loss     | 1.911  |
| Pi_l2_loss    | 0.029  |
| Q_loss        | 0.004  |
| Success       | 0.1    |
+---------------+--------+
Average inside: 0.86
2021-12-14 05:11:44 mep
+---------------+--------+
| Epoch         | 1/20   |
| Cycle         | 15/20  |
| Episodes      | 1800   |
| Timesteps     | 90000  |
| TimeCost(sec) | 92.623 |
| Pi_q_loss     | 2.128  |
| Pi_l2_loss    | 0.061  |
| Q_loss        | 0.027  |
| Success       | 0.08   |
+---------------+--------+
Average inside: 0.68
2021-12-14 05:13:10 mep
+---------------+-------+
| Epoch         | 1/20  |
| Cycle         | 16/20 |
| Episodes      | 1850  |
| Timesteps     | 92500 |
| TimeCost(sec) | 86.51 |
| Pi_q_loss     | 1.7   |
| Pi_l2_loss    | 0.074 |
| Q_loss        | 0.0   |
| Success       | 0.09  |
+---------------+-------+
Average inside: 0.82
2021-12-14 05:14:40 mep
+---------------+--------+
| Epoch         | 1/20   |
| Cycle         | 17/20  |
| Episodes      | 1900   |
| Timesteps     | 95000  |
| TimeCost(sec) | 89.269 |
| Pi_q_loss     | 1.437  |
| Pi_l2_loss    | 0.056  |
| Q_loss        | 0.002  |
| Success       | 0.08   |
+---------------+--------+
Average inside: 0.72
2021-12-14 05:16:14 mep
+---------------+--------+
| Epoch         | 1/20   |
| Cycle         | 18/20  |
| Episodes      | 1950   |
| Timesteps     | 97500  |
| TimeCost(sec) | 93.783 |
| Pi_q_loss     | 1.837  |
| Pi_l2_loss    | 0.053  |
| Q_loss        | 0.015  |
| Success       | 0.05   |
+---------------+--------+
Average inside: 0.8
2021-12-14 05:17:40 mep
+---------------+--------+
| Epoch         | 1/20   |
| Cycle         | 19/20  |
| Episodes      | 2000   |
| Timesteps     | 100000 |
| TimeCost(sec) | 86.309 |
| Pi_q_loss     | 1.423  |
| Pi_l2_loss    | 0.016  |
| Q_loss        | 0.001  |
| Success       | 0.07   |
+---------------+--------+
Saved periodic policy to log/mep-ddpg-FetchPush-v1-hgg-14-12-2021_04-20-57/!
Average inside: 0.78
2021-12-14 05:19:18 mep
+---------------+--------+
| Epoch         | 2/20   |
| Cycle         | 0/20   |
| Episodes      | 2050   |
| Timesteps     | 102500 |
| TimeCost(sec) | 97.463 |
| Pi_q_loss     | 2.229  |
| Pi_l2_loss    | 0.04   |
| Q_loss        | 0.042  |
| Success       | 0.09   |
+---------------+--------+
Average inside: 0.72
2021-12-14 05:20:44 mep
+---------------+--------+
| Epoch         | 2/20   |
| Cycle         | 1/20   |
| Episodes      | 2100   |
| Timesteps     | 105000 |
| TimeCost(sec) | 86.108 |
| Pi_q_loss     | 3.997  |
| Pi_l2_loss    | 0.009  |
| Q_loss        | 0.001  |
| Success       | 0.08   |
+---------------+--------+
Average inside: 0.86
2021-12-14 05:22:17 mep
+---------------+--------+
| Epoch         | 2/20   |
| Cycle         | 2/20   |
| Episodes      | 2150   |
| Timesteps     | 107500 |
| TimeCost(sec) | 92.857 |
| Pi_q_loss     | 2.215  |
| Pi_l2_loss    | 0.057  |
| Q_loss        | 0.012  |
| Success       | 0.05   |
+---------------+--------+
Average inside: 0.78
2021-12-14 05:23:43 mep
+---------------+--------+
| Epoch         | 2/20   |
| Cycle         | 3/20   |
| Episodes      | 2200   |
| Timesteps     | 110000 |
| TimeCost(sec) | 85.405 |
| Pi_q_loss     | 0.271  |
| Pi_l2_loss    | 0.03   |
| Q_loss        | 0.001  |
| Success       | 0.04   |
+---------------+--------+
Average inside: 0.76
2021-12-14 05:25:11 mep
+---------------+--------+
| Epoch         | 2/20   |
| Cycle         | 4/20   |
| Episodes      | 2250   |
| Timesteps     | 112500 |
| TimeCost(sec) | 88.203 |
| Pi_q_loss     | 1.871  |
| Pi_l2_loss    | 0.054  |
| Q_loss        | 0.002  |
| Success       | 0.03   |
+---------------+--------+
Average inside: 0.78
2021-12-14 05:26:43 mep
+---------------+--------+
| Epoch         | 2/20   |
| Cycle         | 5/20   |
| Episodes      | 2300   |
| Timesteps     | 115000 |
| TimeCost(sec) | 91.914 |
| Pi_q_loss     | 1.907  |
| Pi_l2_loss    | 0.059  |
| Q_loss        | 0.027  |
| Success       | 0.01   |
+---------------+--------+
Average inside: 0.82
2021-12-14 05:28:10 mep
+---------------+--------+
| Epoch         | 2/20   |
| Cycle         | 6/20   |
| Episodes      | 2350   |
| Timesteps     | 117500 |
| TimeCost(sec) | 86.446 |
| Pi_q_loss     | 0.477  |
| Pi_l2_loss    | 0.024  |
| Q_loss        | 0.001  |
| Success       | 0.1    |
+---------------+--------+
Average inside: 0.9
2021-12-14 05:29:39 mep
+---------------+--------+
| Epoch         | 2/20   |
| Cycle         | 7/20   |
| Episodes      | 2400   |
| Timesteps     | 120000 |
| TimeCost(sec) | 89.361 |
| Pi_q_loss     | 2.578  |
| Pi_l2_loss    | 0.074  |
| Q_loss        | 0.008  |
| Success       | 0.05   |
+---------------+--------+
Average inside: 0.76
2021-12-14 05:31:11 mep
+---------------+--------+
| Epoch         | 2/20   |
| Cycle         | 8/20   |
| Episodes      | 2450   |
| Timesteps     | 122500 |
| TimeCost(sec) | 91.611 |
| Pi_q_loss     | 1.808  |
| Pi_l2_loss    | 0.053  |
| Q_loss        | 0.013  |
| Success       | 0.05   |
+---------------+--------+
Average inside: 0.8
2021-12-14 05:32:38 mep
+---------------+--------+
| Epoch         | 2/20   |
| Cycle         | 9/20   |
| Episodes      | 2500   |
| Timesteps     | 125000 |
| TimeCost(sec) | 86.176 |
| Pi_q_loss     | 0.544  |
| Pi_l2_loss    | 0.02   |
| Q_loss        | 0.003  |
| Success       | 0.08   |
+---------------+--------+
Average inside: 0.74
2021-12-14 05:34:06 mep
+---------------+--------+
| Epoch         | 2/20   |
| Cycle         | 10/20  |
| Episodes      | 2550   |
| Timesteps     | 127500 |
| TimeCost(sec) | 88.6   |
| Pi_q_loss     | 1.868  |
| Pi_l2_loss    | 0.032  |
| Q_loss        | 0.001  |
| Success       | 0.09   |
+---------------+--------+
Average inside: 0.78
2021-12-14 05:35:42 mep
+---------------+--------+
| Epoch         | 2/20   |
| Cycle         | 11/20  |
| Episodes      | 2600   |
| Timesteps     | 130000 |
| TimeCost(sec) | 95.515 |
| Pi_q_loss     | 2.062  |
| Pi_l2_loss    | 0.059  |
| Q_loss        | 0.024  |
| Success       | 0.07   |
+---------------+--------+
Average inside: 0.76
2021-12-14 05:37:10 mep
+---------------+--------+
| Epoch         | 2/20   |
| Cycle         | 12/20  |
| Episodes      | 2650   |
| Timesteps     | 132500 |
| TimeCost(sec) | 87.493 |
| Pi_q_loss     | 0.137  |
| Pi_l2_loss    | 0.001  |
| Q_loss        | 0.0    |
| Success       | 0.07   |
+---------------+--------+
Average inside: 0.84
2021-12-14 05:38:42 mep
+---------------+--------+
| Epoch         | 2/20   |
| Cycle         | 13/20  |
| Episodes      | 2700   |
| Timesteps     | 135000 |
| TimeCost(sec) | 91.821 |
| Pi_q_loss     | 0.949  |
| Pi_l2_loss    | 0.045  |
| Q_loss        | 0.003  |
| Success       | 0.01   |
+---------------+--------+
Average inside: 0.8
2021-12-14 05:40:12 mep
+---------------+--------+
| Epoch         | 2/20   |
| Cycle         | 14/20  |
| Episodes      | 2750   |
| Timesteps     | 137500 |
| TimeCost(sec) | 89.905 |
| Pi_q_loss     | 1.65   |
| Pi_l2_loss    | 0.085  |
| Q_loss        | 0.004  |
| Success       | 0.08   |
+---------------+--------+
Average inside: 0.84
2021-12-14 05:41:40 mep
+---------------+--------+
| Epoch         | 2/20   |
| Cycle         | 15/20  |
| Episodes      | 2800   |
| Timesteps     | 140000 |
| TimeCost(sec) | 88.407 |
| Pi_q_loss     | 0.424  |
| Pi_l2_loss    | 0.001  |
| Q_loss        | 0.0    |
| Success       | 0.1    |
+---------------+--------+
Average inside: 0.86
2021-12-14 05:43:15 mep
+---------------+--------+
| Epoch         | 2/20   |
| Cycle         | 16/20  |
| Episodes      | 2850   |
| Timesteps     | 142500 |
| TimeCost(sec) | 94.546 |
| Pi_q_loss     | 1.885  |
| Pi_l2_loss    | 0.037  |
| Q_loss        | 0.01   |
| Success       | 0.07   |
+---------------+--------+
Average inside: 0.88
2021-12-14 05:44:43 mep
+---------------+--------+
| Epoch         | 2/20   |
| Cycle         | 17/20  |
| Episodes      | 2900   |
| Timesteps     | 145000 |
| TimeCost(sec) | 88.244 |
| Pi_q_loss     | 0.769  |
| Pi_l2_loss    | 0.039  |
| Q_loss        | 0.001  |
| Success       | 0.03   |
+---------------+--------+
Average inside: 0.86
2021-12-14 05:46:20 mep
+---------------+--------+
| Epoch         | 2/20   |
| Cycle         | 18/20  |
| Episodes      | 2950   |
| Timesteps     | 147500 |
| TimeCost(sec) | 96.227 |
| Pi_q_loss     | 1.704  |
| Pi_l2_loss    | 0.045  |
| Q_loss        | 0.022  |
| Success       | 0.06   |
+---------------+--------+
Average inside: 0.84
2021-12-14 05:47:46 mep
+---------------+--------+
| Epoch         | 2/20   |
| Cycle         | 19/20  |
| Episodes      | 3000   |
| Timesteps     | 150000 |
| TimeCost(sec) | 85.892 |
| Pi_q_loss     | 3.02   |
| Pi_l2_loss    | 0.004  |
| Q_loss        | 0.0    |
| Success       | 0.08   |
+---------------+--------+
Saved periodic policy to log/mep-ddpg-FetchPush-v1-hgg-14-12-2021_04-20-57/!
Average inside: 0.86
2021-12-14 05:49:13 mep
+---------------+--------+
| Epoch         | 3/20   |
| Cycle         | 0/20   |
| Episodes      | 3050   |
| Timesteps     | 152500 |
| TimeCost(sec) | 87.172 |
| Pi_q_loss     | 3.337  |
| Pi_l2_loss    | 0.026  |
| Q_loss        | 0.001  |
| Success       | 0.08   |
+---------------+--------+
Average inside: 0.72
2021-12-14 05:50:48 mep
+---------------+--------+
| Epoch         | 3/20   |
| Cycle         | 1/20   |
| Episodes      | 3100   |
| Timesteps     | 155000 |
| TimeCost(sec) | 94.376 |
| Pi_q_loss     | 1.79   |
| Pi_l2_loss    | 0.049  |
| Q_loss        | 0.032  |
| Success       | 0.06   |
+---------------+--------+
Average inside: 0.84
2021-12-14 05:52:15 mep
+---------------+--------+
| Epoch         | 3/20   |
| Cycle         | 2/20   |
| Episodes      | 3150   |
| Timesteps     | 157500 |
| TimeCost(sec) | 87.289 |
| Pi_q_loss     | 3.753  |
| Pi_l2_loss    | 0.002  |
| Q_loss        | 0.001  |
| Success       | 0.07   |
+---------------+--------+
Average inside: 0.8
2021-12-14 05:53:46 mep
+---------------+--------+
| Epoch         | 3/20   |
| Cycle         | 3/20   |
| Episodes      | 3200   |
| Timesteps     | 160000 |
| TimeCost(sec) | 90.187 |
| Pi_q_loss     | 2.05   |
| Pi_l2_loss    | 0.042  |
| Q_loss        | 0.002  |
| Success       | 0.1    |
+---------------+--------+
Average inside: 0.8
2021-12-14 05:55:19 mep
+---------------+--------+
| Epoch         | 3/20   |
| Cycle         | 4/20   |
| Episodes      | 3250   |
| Timesteps     | 162500 |
| TimeCost(sec) | 93.006 |
| Pi_q_loss     | 2.31   |
| Pi_l2_loss    | 0.055  |
| Q_loss        | 0.015  |
| Success       | 0.08   |
+---------------+--------+
Average inside: 0.84
2021-12-14 05:56:48 mep
+---------------+--------+
| Epoch         | 3/20   |
| Cycle         | 5/20   |
| Episodes      | 3300   |
| Timesteps     | 165000 |
| TimeCost(sec) | 89.012 |
| Pi_q_loss     | 2.238  |
| Pi_l2_loss    | 0.029  |
| Q_loss        | 0.001  |
| Success       | 0.07   |
+---------------+--------+
Average inside: 0.82
2021-12-14 05:58:23 mep
+---------------+--------+
| Epoch         | 3/20   |
| Cycle         | 6/20   |
| Episodes      | 3350   |
| Timesteps     | 167500 |
| TimeCost(sec) | 95.339 |
| Pi_q_loss     | 2.458  |
| Pi_l2_loss    | 0.051  |
| Q_loss        | 0.047  |
| Success       | 0.08   |
+---------------+--------+
Average inside: 0.76
2021-12-14 05:59:52 mep
+---------------+--------+
| Epoch         | 3/20   |
| Cycle         | 7/20   |
| Episodes      | 3400   |
| Timesteps     | 170000 |
| TimeCost(sec) | 88.083 |
| Pi_q_loss     | 3.429  |
| Pi_l2_loss    | 0.052  |
| Q_loss        | 0.0    |
| Success       | 0.05   |
+---------------+--------+
Average inside: 0.8
2021-12-14 06:01:23 mep
+---------------+--------+
| Epoch         | 3/20   |
| Cycle         | 8/20   |
| Episodes      | 3450   |
| Timesteps     | 172500 |
| TimeCost(sec) | 91.3   |
| Pi_q_loss     | 3.108  |
| Pi_l2_loss    | 0.057  |
| Q_loss        | 0.01   |
| Success       | 0.11   |
+---------------+--------+
Average inside: 0.88
2021-12-14 06:02:52 mep
+---------------+--------+
| Epoch         | 3/20   |
| Cycle         | 9/20   |
| Episodes      | 3500   |
| Timesteps     | 175000 |
| TimeCost(sec) | 88.643 |
| Pi_q_loss     | 1.82   |
| Pi_l2_loss    | 0.059  |
| Q_loss        | 0.002  |
| Success       | 0.06   |
+---------------+--------+
Average inside: 0.82
2021-12-14 06:04:24 mep
+---------------+--------+
| Epoch         | 3/20   |
| Cycle         | 10/20  |
| Episodes      | 3550   |
| Timesteps     | 177500 |
| TimeCost(sec) | 91.706 |
| Pi_q_loss     | 2.093  |
| Pi_l2_loss    | 0.037  |
| Q_loss        | 0.004  |
| Success       | 0.07   |
+---------------+--------+
Average inside: 0.84
2021-12-14 06:05:52 mep
+---------------+--------+
| Epoch         | 3/20   |
| Cycle         | 11/20  |
| Episodes      | 3600   |
| Timesteps     | 180000 |
| TimeCost(sec) | 88.203 |
| Pi_q_loss     | 1.905  |
| Pi_l2_loss    | 0.081  |
| Q_loss        | 0.001  |
| Success       | 0.06   |
+---------------+--------+
Average inside: 0.86
2021-12-14 06:07:24 mep
+---------------+--------+
| Epoch         | 3/20   |
| Cycle         | 12/20  |
| Episodes      | 3650   |
| Timesteps     | 182500 |
| TimeCost(sec) | 91.543 |
| Pi_q_loss     | 1.767  |
| Pi_l2_loss    | 0.091  |
| Q_loss        | 0.003  |
| Success       | 0.1    |
+---------------+--------+
Average inside: 0.8
2021-12-14 06:08:58 mep
+---------------+--------+
| Epoch         | 3/20   |
| Cycle         | 13/20  |
| Episodes      | 3700   |
| Timesteps     | 185000 |
| TimeCost(sec) | 93.976 |
| Pi_q_loss     | 2.514  |
| Pi_l2_loss    | 0.038  |
| Q_loss        | 0.015  |
| Success       | 0.07   |
+---------------+--------+
Average inside: 0.9
2021-12-14 06:10:26 mep
+---------------+--------+
| Epoch         | 3/20   |
| Cycle         | 14/20  |
| Episodes      | 3750   |
| Timesteps     | 187500 |
| TimeCost(sec) | 87.861 |
| Pi_q_loss     | 1.451  |
| Pi_l2_loss    | 0.018  |
| Q_loss        | 0.0    |
| Success       | 0.05   |
+---------------+--------+
Average inside: 0.76
2021-12-14 06:12:02 mep
+---------------+--------+
| Epoch         | 3/20   |
| Cycle         | 15/20  |
| Episodes      | 3800   |
| Timesteps     | 190000 |
| TimeCost(sec) | 96.042 |
| Pi_q_loss     | 2.389  |
| Pi_l2_loss    | 0.041  |
| Q_loss        | 0.03   |
| Success       | 0.05   |
+---------------+--------+
Average inside: 0.88
2021-12-14 06:13:29 mep
+---------------+--------+
| Epoch         | 3/20   |
| Cycle         | 16/20  |
| Episodes      | 3850   |
| Timesteps     | 192500 |
| TimeCost(sec) | 86.475 |
| Pi_q_loss     | 3.954  |
| Pi_l2_loss    | 0.021  |
| Q_loss        | 0.001  |
| Success       | 0.06   |
+---------------+--------+
Average inside: 0.82
2021-12-14 06:14:56 mep
+---------------+--------+
| Epoch         | 3/20   |
| Cycle         | 17/20  |
| Episodes      | 3900   |
| Timesteps     | 195000 |
| TimeCost(sec) | 87.381 |
| Pi_q_loss     | 3.076  |
| Pi_l2_loss    | 0.024  |
| Q_loss        | 0.001  |
| Success       | 0.06   |
+---------------+--------+
Average inside: 0.82
2021-12-14 06:16:29 mep
+---------------+--------+
| Epoch         | 3/20   |
| Cycle         | 18/20  |
| Episodes      | 3950   |
| Timesteps     | 197500 |
| TimeCost(sec) | 92.787 |
| Pi_q_loss     | 2.363  |
| Pi_l2_loss    | 0.044  |
| Q_loss        | 0.033  |
| Success       | 0.07   |
+---------------+--------+
Average inside: 0.78
2021-12-14 06:17:56 mep
+---------------+--------+
| Epoch         | 3/20   |
| Cycle         | 19/20  |
| Episodes      | 4000   |
| Timesteps     | 200000 |
| TimeCost(sec) | 86.624 |
| Pi_q_loss     | 2.56   |
| Pi_l2_loss    | 0.044  |
| Q_loss        | 0.001  |
| Success       | 0.1    |
+---------------+--------+
Saved periodic policy to log/mep-ddpg-FetchPush-v1-hgg-14-12-2021_04-20-57/!
Average inside: 0.78
2021-12-14 06:19:34 mep
+---------------+--------+
| Epoch         | 4/20   |
| Cycle         | 0/20   |
| Episodes      | 4050   |
| Timesteps     | 202500 |
| TimeCost(sec) | 97.648 |
| Pi_q_loss     | 2.879  |
| Pi_l2_loss    | 0.044  |
| Q_loss        | 0.051  |
| Success       | 0.04   |
+---------------+--------+
Average inside: 0.76
2021-12-14 06:21:00 mep
+---------------+--------+
| Epoch         | 4/20   |
| Cycle         | 1/20   |
| Episodes      | 4100   |
| Timesteps     | 205000 |
| TimeCost(sec) | 85.527 |
| Pi_q_loss     | 1.252  |
| Pi_l2_loss    | 0.041  |
| Q_loss        | 0.0    |
| Success       | 0.07   |
+---------------+--------+
Average inside: 0.72
2021-12-14 06:22:27 mep
+---------------+--------+
| Epoch         | 4/20   |
| Cycle         | 2/20   |
| Episodes      | 4150   |
| Timesteps     | 207500 |
| TimeCost(sec) | 87.253 |
| Pi_q_loss     | 2.848  |
| Pi_l2_loss    | 0.038  |
| Q_loss        | 0.001  |
| Success       | 0.06   |
+---------------+--------+
Average inside: 0.86
2021-12-14 06:24:01 mep
+---------------+--------+
| Epoch         | 4/20   |
| Cycle         | 3/20   |
| Episodes      | 4200   |
| Timesteps     | 210000 |
| TimeCost(sec) | 93.608 |
| Pi_q_loss     | 2.932  |
| Pi_l2_loss    | 0.059  |
| Q_loss        | 0.051  |
| Success       | 0.1    |
+---------------+--------+
Average inside: 0.72
2021-12-14 06:25:29 mep
+---------------+--------+
| Epoch         | 4/20   |
| Cycle         | 4/20   |
| Episodes      | 4250   |
| Timesteps     | 212500 |
| TimeCost(sec) | 87.456 |
| Pi_q_loss     | 1.207  |
| Pi_l2_loss    | 0.048  |
| Q_loss        | 0.0    |
| Success       | 0.07   |
+---------------+--------+
Average inside: 0.82
2021-12-14 06:27:03 mep
+---------------+--------+
| Epoch         | 4/20   |
| Cycle         | 5/20   |
| Episodes      | 4300   |
| Timesteps     | 215000 |
| TimeCost(sec) | 93.925 |
| Pi_q_loss     | 2.646  |
| Pi_l2_loss    | 0.051  |
| Q_loss        | 0.046  |
| Success       | 0.07   |
+---------------+--------+
Average inside: 0.84
2021-12-14 06:28:29 mep
+---------------+--------+
| Epoch         | 4/20   |
| Cycle         | 6/20   |
| Episodes      | 4350   |
| Timesteps     | 217500 |
| TimeCost(sec) | 85.782 |
| Pi_q_loss     | 5.897  |
| Pi_l2_loss    | 0.03   |
| Q_loss        | 0.003  |
| Success       | 0.06   |
+---------------+--------+
Average inside: 0.9
2021-12-14 06:29:58 mep
+---------------+--------+
| Epoch         | 4/20   |
| Cycle         | 7/20   |
| Episodes      | 4400   |
| Timesteps     | 220000 |
| TimeCost(sec) | 88.784 |
| Pi_q_loss     | 3.142  |
| Pi_l2_loss    | 0.071  |
| Q_loss        | 0.003  |
| Success       | 0.09   |
+---------------+--------+
Average inside: 0.8
2021-12-14 06:31:28 mep
+---------------+--------+
| Epoch         | 4/20   |
| Cycle         | 8/20   |
| Episodes      | 4450   |
| Timesteps     | 222500 |
| TimeCost(sec) | 90.066 |
| Pi_q_loss     | 1.237  |
| Pi_l2_loss    | 0.013  |
| Q_loss        | 0.001  |
| Success       | 0.12   |
+---------------+--------+
Average inside: 0.66
2021-12-14 06:32:58 mep
+---------------+--------+
| Epoch         | 4/20   |
| Cycle         | 9/20   |
| Episodes      | 4500   |
| Timesteps     | 225000 |
| TimeCost(sec) | 89.517 |
| Pi_q_loss     | 2.729  |
| Pi_l2_loss    | 0.081  |
| Q_loss        | 0.01   |
| Success       | 0.12   |
+---------------+--------+
Average inside: 0.78
2021-12-14 06:34:28 mep
+---------------+--------+
| Epoch         | 4/20   |
| Cycle         | 10/20  |
| Episodes      | 4550   |
| Timesteps     | 227500 |
| TimeCost(sec) | 90.341 |
| Pi_q_loss     | 1.666  |
| Pi_l2_loss    | 0.06   |
| Q_loss        | 0.003  |
| Success       | 0.1    |
+---------------+--------+
Average inside: 0.82
2021-12-14 06:35:56 mep
+---------------+--------+
| Epoch         | 4/20   |
| Cycle         | 11/20  |
| Episodes      | 4600   |
| Timesteps     | 230000 |
| TimeCost(sec) | 87.406 |
| Pi_q_loss     | 1.192  |
| Pi_l2_loss    | 0.122  |
| Q_loss        | 0.011  |
| Success       | 0.1    |
+---------------+--------+
Average inside: 0.92
2021-12-14 06:37:23 mep
+---------------+--------+
| Epoch         | 4/20   |
| Cycle         | 12/20  |
| Episodes      | 4650   |
| Timesteps     | 232500 |
| TimeCost(sec) | 86.731 |
| Pi_q_loss     | 4.417  |
| Pi_l2_loss    | 0.04   |
| Q_loss        | 0.008  |
| Success       | 0.06   |
+---------------+--------+
Average inside: 0.76
2021-12-14 06:38:50 mep
+---------------+--------+
| Epoch         | 4/20   |
| Cycle         | 13/20  |
| Episodes      | 4700   |
| Timesteps     | 235000 |
| TimeCost(sec) | 86.831 |
| Pi_q_loss     | 3.024  |
| Pi_l2_loss    | 0.055  |
| Q_loss        | 0.007  |
| Success       | 0.08   |
+---------------+--------+
Average inside: 0.8
2021-12-14 06:40:18 mep
+---------------+--------+
| Epoch         | 4/20   |
| Cycle         | 14/20  |
| Episodes      | 4750   |
| Timesteps     | 237500 |
| TimeCost(sec) | 88.097 |
| Pi_q_loss     | 1.96   |
| Pi_l2_loss    | 0.059  |
| Q_loss        | 0.004  |
| Success       | 0.05   |
+---------------+--------+
Average inside: 0.84
2021-12-14 06:41:47 mep
+---------------+--------+
| Epoch         | 4/20   |
| Cycle         | 15/20  |
| Episodes      | 4800   |
| Timesteps     | 240000 |
| TimeCost(sec) | 88.929 |
| Pi_q_loss     | 1.824  |
| Pi_l2_loss    | 0.056  |
| Q_loss        | 0.002  |
| Success       | 0.07   |
+---------------+--------+
Average inside: 0.8
2021-12-14 06:43:23 mep
+---------------+--------+
| Epoch         | 4/20   |
| Cycle         | 16/20  |
| Episodes      | 4850   |
| Timesteps     | 242500 |
| TimeCost(sec) | 96.166 |
| Pi_q_loss     | 2.739  |
| Pi_l2_loss    | 0.048  |
| Q_loss        | 0.035  |
| Success       | 0.05   |
+---------------+--------+
Average inside: 0.78
2021-12-14 06:44:51 mep
+---------------+--------+
| Epoch         | 4/20   |
| Cycle         | 17/20  |
| Episodes      | 4900   |
| Timesteps     | 245000 |
| TimeCost(sec) | 87.223 |
| Pi_q_loss     | 3.835  |
| Pi_l2_loss    | 0.111  |
| Q_loss        | 0.002  |
| Success       | 0.09   |
+---------------+--------+
Average inside: 0.66
2021-12-14 06:46:18 mep
+---------------+--------+
| Epoch         | 4/20   |
| Cycle         | 18/20  |
| Episodes      | 4950   |
| Timesteps     | 247500 |
| TimeCost(sec) | 87.327 |
| Pi_q_loss     | 1.416  |
| Pi_l2_loss    | 0.04   |
| Q_loss        | 0.002  |
| Success       | 0.02   |
+---------------+--------+
Average inside: 0.76
2021-12-14 06:47:47 mep
+---------------+--------+
| Epoch         | 4/20   |
| Cycle         | 19/20  |
| Episodes      | 5000   |
| Timesteps     | 250000 |
| TimeCost(sec) | 88.469 |
| Pi_q_loss     | 3.076  |
| Pi_l2_loss    | 0.003  |
| Q_loss        | 0.002  |
| Success       | 0.07   |
+---------------+--------+
Saved periodic policy to log/mep-ddpg-FetchPush-v1-hgg-14-12-2021_04-20-57/!
Average inside: 0.76
2021-12-14 06:49:20 mep
+---------------+--------+
| Epoch         | 5/20   |
| Cycle         | 0/20   |
| Episodes      | 5050   |
| Timesteps     | 252500 |
| TimeCost(sec) | 93.41  |
| Pi_q_loss     | 2.714  |
| Pi_l2_loss    | 0.029  |
| Q_loss        | 0.019  |
| Success       | 0.05   |
+---------------+--------+
Average inside: 0.72
2021-12-14 06:50:47 mep
+---------------+--------+
| Epoch         | 5/20   |
| Cycle         | 1/20   |
| Episodes      | 5100   |
| Timesteps     | 255000 |
| TimeCost(sec) | 85.976 |
| Pi_q_loss     | 4.918  |
| Pi_l2_loss    | 0.006  |
| Q_loss        | 0.001  |
| Success       | 0.06   |
+---------------+--------+
Average inside: 0.78
2021-12-14 06:52:21 mep
+---------------+--------+
| Epoch         | 5/20   |
| Cycle         | 2/20   |
| Episodes      | 5150   |
| Timesteps     | 257500 |
| TimeCost(sec) | 94.439 |
| Pi_q_loss     | 3.297  |
| Pi_l2_loss    | 0.039  |
| Q_loss        | 0.019  |
| Success       | 0.07   |
+---------------+--------+
Average inside: 0.78
2021-12-14 06:53:47 mep
+---------------+--------+
| Epoch         | 5/20   |
| Cycle         | 3/20   |
| Episodes      | 5200   |
| Timesteps     | 260000 |
| TimeCost(sec) | 85.794 |
| Pi_q_loss     | 3.875  |
| Pi_l2_loss    | 0.053  |
| Q_loss        | 0.002  |
| Success       | 0.09   |
+---------------+--------+
Average inside: 0.8
2021-12-14 06:55:12 mep
+---------------+--------+
| Epoch         | 5/20   |
| Cycle         | 4/20   |
| Episodes      | 5250   |
| Timesteps     | 262500 |
| TimeCost(sec) | 85.076 |
| Pi_q_loss     | 1.236  |
| Pi_l2_loss    | 0.031  |
| Q_loss        | 0.001  |
| Success       | 0.04   |
+---------------+--------+
Average inside: 0.78
2021-12-14 06:56:45 mep
+---------------+--------+
| Epoch         | 5/20   |
| Cycle         | 5/20   |
| Episodes      | 5300   |
| Timesteps     | 265000 |
| TimeCost(sec) | 92.191 |
| Pi_q_loss     | 3.991  |
| Pi_l2_loss    | 0.019  |
| Q_loss        | 0.03   |
| Success       | 0.05   |
+---------------+--------+
Average inside: 0.8
2021-12-14 06:58:13 mep
+---------------+--------+
| Epoch         | 5/20   |
| Cycle         | 6/20   |
| Episodes      | 5350   |
| Timesteps     | 267500 |
| TimeCost(sec) | 87.848 |
| Pi_q_loss     | 1.197  |
| Pi_l2_loss    | 0.064  |
| Q_loss        | 0.001  |
| Success       | 0.13   |
+---------------+--------+
Saved as best policy to log/mep-ddpg-FetchPush-v1-hgg-14-12-2021_04-20-57/!
Average inside: 0.84
2021-12-14 06:59:46 mep
+---------------+--------+
| Epoch         | 5/20   |
| Cycle         | 7/20   |
| Episodes      | 5400   |
| Timesteps     | 270000 |
| TimeCost(sec) | 93.312 |
| Pi_q_loss     | 3.266  |
| Pi_l2_loss    | 0.043  |
| Q_loss        | 0.031  |
| Success       | 0.08   |
+---------------+--------+
Average inside: 0.76
2021-12-14 07:01:13 mep
+---------------+--------+
| Epoch         | 5/20   |
| Cycle         | 8/20   |
| Episodes      | 5450   |
| Timesteps     | 272500 |
| TimeCost(sec) | 86.249 |
| Pi_q_loss     | 0.025  |
| Pi_l2_loss    | 0.003  |
| Q_loss        | 0.0    |
| Success       | 0.05   |
+---------------+--------+
Average inside: 0.82
2021-12-14 07:02:39 mep
+---------------+--------+
| Epoch         | 5/20   |
| Cycle         | 9/20   |
| Episodes      | 5500   |
| Timesteps     | 275000 |
| TimeCost(sec) | 85.547 |
| Pi_q_loss     | 2.777  |
| Pi_l2_loss    | 0.042  |
| Q_loss        | 0.001  |
| Success       | 0.08   |
+---------------+--------+
Average inside: 0.7
2021-12-14 07:04:16 mep
+---------------+--------+
| Epoch         | 5/20   |
| Cycle         | 10/20  |
| Episodes      | 5550   |
| Timesteps     | 277500 |
| TimeCost(sec) | 97.389 |
| Pi_q_loss     | 2.878  |
| Pi_l2_loss    | 0.046  |
| Q_loss        | 0.047  |
| Success       | 0.07   |
+---------------+--------+
Average inside: 0.76
2021-12-14 07:05:43 mep
+---------------+--------+
| Epoch         | 5/20   |
| Cycle         | 11/20  |
| Episodes      | 5600   |
| Timesteps     | 280000 |
| TimeCost(sec) | 86.316 |
| Pi_q_loss     | 0.588  |
| Pi_l2_loss    | 0.012  |
| Q_loss        | 0.0    |
| Success       | 0.07   |
+---------------+--------+
Average inside: 0.8
2021-12-14 07:07:09 mep
+---------------+--------+
| Epoch         | 5/20   |
| Cycle         | 12/20  |
| Episodes      | 5650   |
| Timesteps     | 282500 |
| TimeCost(sec) | 86.137 |
| Pi_q_loss     | 4.0    |
| Pi_l2_loss    | 0.034  |
| Q_loss        | 0.001  |
| Success       | 0.07   |
+---------------+--------+
Average inside: 0.64
2021-12-14 07:08:44 mep
+---------------+--------+
| Epoch         | 5/20   |
| Cycle         | 13/20  |
| Episodes      | 5700   |
| Timesteps     | 285000 |
| TimeCost(sec) | 95.227 |
| Pi_q_loss     | 2.844  |
| Pi_l2_loss    | 0.064  |
| Q_loss        | 0.049  |
| Success       | 0.07   |
+---------------+--------+
Average inside: 0.8
2021-12-14 07:10:10 mep
+---------------+--------+
| Epoch         | 5/20   |
| Cycle         | 14/20  |
| Episodes      | 5750   |
| Timesteps     | 287500 |
| TimeCost(sec) | 85.959 |
| Pi_q_loss     | 3.427  |
| Pi_l2_loss    | 0.089  |
| Q_loss        | 0.005  |
| Success       | 0.04   |
+---------------+--------+
Average inside: 0.86
2021-12-14 07:11:39 mep
+---------------+--------+
| Epoch         | 5/20   |
| Cycle         | 15/20  |
| Episodes      | 5800   |
| Timesteps     | 290000 |
| TimeCost(sec) | 88.4   |
| Pi_q_loss     | 2.573  |
| Pi_l2_loss    | 0.044  |
| Q_loss        | 0.004  |
| Success       | 0.11   |
+---------------+--------+
Average inside: 0.78
2021-12-14 07:13:07 mep
+---------------+--------+
| Epoch         | 5/20   |
| Cycle         | 16/20  |
| Episodes      | 5850   |
| Timesteps     | 292500 |
| TimeCost(sec) | 87.801 |
| Pi_q_loss     | 5.839  |
| Pi_l2_loss    | 0.012  |
| Q_loss        | 0.017  |
| Success       | 0.04   |
+---------------+--------+
Average inside: 0.8
2021-12-14 07:14:37 mep
+---------------+--------+
| Epoch         | 5/20   |
| Cycle         | 17/20  |
| Episodes      | 5900   |
| Timesteps     | 295000 |
| TimeCost(sec) | 89.478 |
| Pi_q_loss     | 3.044  |
| Pi_l2_loss    | 0.025  |
| Q_loss        | 0.003  |
| Success       | 0.08   |
+---------------+--------+
Average inside: 0.82
2021-12-14 07:16:01 mep
+---------------+--------+
| Epoch         | 5/20   |
| Cycle         | 18/20  |
| Episodes      | 5950   |
| Timesteps     | 297500 |
| TimeCost(sec) | 84.458 |
| Pi_q_loss     | 2.488  |
| Pi_l2_loss    | 0.037  |
| Q_loss        | 0.002  |
| Success       | 0.04   |
+---------------+--------+
Average inside: 0.66
2021-12-14 07:17:34 mep
+---------------+--------+
| Epoch         | 5/20   |
| Cycle         | 19/20  |
| Episodes      | 6000   |
| Timesteps     | 300000 |
| TimeCost(sec) | 92.921 |
| Pi_q_loss     | 3.141  |
| Pi_l2_loss    | 0.042  |
| Q_loss        | 0.054  |
| Success       | 0.07   |
+---------------+--------+
Saved periodic policy to log/mep-ddpg-FetchPush-v1-hgg-14-12-2021_04-20-57/!
Average inside: 0.7
2021-12-14 07:19:00 mep
+---------------+--------+
| Epoch         | 6/20   |
| Cycle         | 0/20   |
| Episodes      | 6050   |
| Timesteps     | 302500 |
| TimeCost(sec) | 85.325 |
| Pi_q_loss     | 1.547  |
| Pi_l2_loss    | 0.009  |
| Q_loss        | 0.001  |
| Success       | 0.05   |
+---------------+--------+
Average inside: 0.88
2021-12-14 07:20:27 mep
+---------------+--------+
| Epoch         | 6/20   |
| Cycle         | 1/20   |
| Episodes      | 6100   |
| Timesteps     | 305000 |
| TimeCost(sec) | 86.681 |
| Pi_q_loss     | 1.979  |
| Pi_l2_loss    | 0.021  |
| Q_loss        | 0.001  |
| Success       | 0.08   |
+---------------+--------+
Average inside: 0.88
2021-12-14 07:22:03 mep
+---------------+--------+
| Epoch         | 6/20   |
| Cycle         | 2/20   |
| Episodes      | 6150   |
| Timesteps     | 307500 |
| TimeCost(sec) | 95.699 |
| Pi_q_loss     | 3.107  |
| Pi_l2_loss    | 0.054  |
| Q_loss        | 0.068  |
| Success       | 0.09   |
+---------------+--------+
Average inside: 0.78
2021-12-14 07:23:30 mep
+---------------+--------+
| Epoch         | 6/20   |
| Cycle         | 3/20   |
| Episodes      | 6200   |
| Timesteps     | 310000 |
| TimeCost(sec) | 86.973 |
| Pi_q_loss     | 0.047  |
| Pi_l2_loss    | 0.0    |
| Q_loss        | 0.0    |
| Success       | 0.04   |
+---------------+--------+
Average inside: 0.7
2021-12-14 07:25:00 mep
+---------------+--------+
| Epoch         | 6/20   |
| Cycle         | 4/20   |
| Episodes      | 6250   |
| Timesteps     | 312500 |
| TimeCost(sec) | 89.87  |
| Pi_q_loss     | 4.249  |
| Pi_l2_loss    | 0.044  |
| Q_loss        | 0.009  |
| Success       | 0.1    |
+---------------+--------+
Average inside: 0.84
2021-12-14 07:26:33 mep
+---------------+--------+
| Epoch         | 6/20   |
| Cycle         | 5/20   |
| Episodes      | 6300   |
| Timesteps     | 315000 |
| TimeCost(sec) | 92.622 |
| Pi_q_loss     | 2.817  |
| Pi_l2_loss    | 0.033  |
| Q_loss        | 0.023  |
| Success       | 0.03   |
+---------------+--------+
Average inside: 0.78
2021-12-14 07:27:59 mep
+---------------+--------+
| Epoch         | 6/20   |
| Cycle         | 6/20   |
| Episodes      | 6350   |
| Timesteps     | 317500 |
| TimeCost(sec) | 86.123 |
| Pi_q_loss     | 3.674  |
| Pi_l2_loss    | 0.037  |
| Q_loss        | 0.0    |
| Success       | 0.07   |
+---------------+--------+
Average inside: 0.86
2021-12-14 07:29:29 mep
+---------------+--------+
| Epoch         | 6/20   |
| Cycle         | 7/20   |
| Episodes      | 6400   |
| Timesteps     | 320000 |
| TimeCost(sec) | 89.724 |
| Pi_q_loss     | 2.885  |
| Pi_l2_loss    | 0.029  |
| Q_loss        | 0.004  |
| Success       | 0.07   |
+---------------+--------+
Average inside: 0.78
2021-12-14 07:30:56 mep
+---------------+--------+
| Epoch         | 6/20   |
| Cycle         | 8/20   |
| Episodes      | 6450   |
| Timesteps     | 322500 |
| TimeCost(sec) | 86.552 |
| Pi_q_loss     | 6.341  |
| Pi_l2_loss    | 0.023  |
| Q_loss        | 0.006  |
| Success       | 0.05   |
+---------------+--------+
Average inside: 0.9
2021-12-14 07:32:26 mep
+---------------+--------+
| Epoch         | 6/20   |
| Cycle         | 9/20   |
| Episodes      | 6500   |
| Timesteps     | 325000 |
| TimeCost(sec) | 90.381 |
| Pi_q_loss     | 4.449  |
| Pi_l2_loss    | 0.014  |
| Q_loss        | 0.003  |
| Success       | 0.06   |
+---------------+--------+
Average inside: 0.86
2021-12-14 07:34:00 mep
+---------------+--------+
| Epoch         | 6/20   |
| Cycle         | 10/20  |
| Episodes      | 6550   |
| Timesteps     | 327500 |
| TimeCost(sec) | 93.741 |
| Pi_q_loss     | 3.619  |
| Pi_l2_loss    | 0.051  |
| Q_loss        | 0.032  |
| Success       | 0.1    |
+---------------+--------+
Average inside: 0.82
2021-12-14 07:35:26 mep
+---------------+--------+
| Epoch         | 6/20   |
| Cycle         | 11/20  |
| Episodes      | 6600   |
| Timesteps     | 330000 |
| TimeCost(sec) | 85.986 |
| Pi_q_loss     | 6.518  |
| Pi_l2_loss    | 0.026  |
| Q_loss        | 0.001  |
| Success       | 0.08   |
+---------------+--------+
Average inside: 0.84
2021-12-14 07:36:54 mep
+---------------+--------+
| Epoch         | 6/20   |
| Cycle         | 12/20  |
| Episodes      | 6650   |
| Timesteps     | 332500 |
| TimeCost(sec) | 87.663 |
| Pi_q_loss     | 4.793  |
| Pi_l2_loss    | 0.011  |
| Q_loss        | 0.002  |
| Success       | 0.09   |
+---------------+--------+
Average inside: 0.8
2021-12-14 07:38:26 mep
+---------------+--------+
| Epoch         | 6/20   |
| Cycle         | 13/20  |
| Episodes      | 6700   |
| Timesteps     | 335000 |
| TimeCost(sec) | 92.029 |
| Pi_q_loss     | 3.939  |
| Pi_l2_loss    | 0.038  |
| Q_loss        | 0.056  |
| Success       | 0.08   |
+---------------+--------+
Average inside: 0.88
2021-12-14 07:39:53 mep
+---------------+--------+
| Epoch         | 6/20   |
| Cycle         | 14/20  |
| Episodes      | 6750   |
| Timesteps     | 337500 |
| TimeCost(sec) | 86.511 |
| Pi_q_loss     | 2.09   |
| Pi_l2_loss    | 0.061  |
| Q_loss        | 0.001  |
| Success       | 0.07   |
+---------------+--------+
Average inside: 0.8
2021-12-14 07:41:22 mep
+---------------+--------+
| Epoch         | 6/20   |
| Cycle         | 15/20  |
| Episodes      | 6800   |
| Timesteps     | 340000 |
| TimeCost(sec) | 88.954 |
| Pi_q_loss     | 4.675  |
| Pi_l2_loss    | 0.088  |
| Q_loss        | 0.007  |
| Success       | 0.03   |
+---------------+--------+
Average inside: 0.84
2021-12-14 07:42:49 mep
+---------------+--------+
| Epoch         | 6/20   |
| Cycle         | 16/20  |
| Episodes      | 6850   |
| Timesteps     | 342500 |
| TimeCost(sec) | 87.188 |
| Pi_q_loss     | 5.893  |
| Pi_l2_loss    | 0.07   |
| Q_loss        | 0.005  |
| Success       | 0.05   |
+---------------+--------+
Average inside: 0.84
2021-12-14 07:44:16 mep
+---------------+--------+
| Epoch         | 6/20   |
| Cycle         | 17/20  |
| Episodes      | 6900   |
| Timesteps     | 345000 |
| TimeCost(sec) | 86.831 |
| Pi_q_loss     | 5.892  |
| Pi_l2_loss    | 0.003  |
| Q_loss        | 0.001  |
| Success       | 0.06   |
+---------------+--------+
Average inside: 0.86
2021-12-14 07:45:49 mep
+---------------+--------+
| Epoch         | 6/20   |
| Cycle         | 18/20  |
| Episodes      | 6950   |
| Timesteps     | 347500 |
| TimeCost(sec) | 92.609 |
| Pi_q_loss     | 3.554  |
| Pi_l2_loss    | 0.048  |
| Q_loss        | 0.065  |
| Success       | 0.05   |
+---------------+--------+
Average inside: 0.84
2021-12-14 07:47:15 mep
+---------------+--------+
| Epoch         | 6/20   |
| Cycle         | 19/20  |
| Episodes      | 7000   |
| Timesteps     | 350000 |
| TimeCost(sec) | 85.763 |
| Pi_q_loss     | 5.16   |
| Pi_l2_loss    | 0.067  |
| Q_loss        | 0.0    |
| Success       | 0.1    |
+---------------+--------+
Saved periodic policy to log/mep-ddpg-FetchPush-v1-hgg-14-12-2021_04-20-57/!
Average inside: 0.84
2021-12-14 07:48:44 mep
+---------------+--------+
| Epoch         | 7/20   |
| Cycle         | 0/20   |
| Episodes      | 7050   |
| Timesteps     | 352500 |
| TimeCost(sec) | 88.349 |
| Pi_q_loss     | 3.312  |
| Pi_l2_loss    | 0.017  |
| Q_loss        | 0.001  |
| Success       | 0.11   |
+---------------+--------+
Average inside: 0.78
2021-12-14 07:50:17 mep
+---------------+--------+
| Epoch         | 7/20   |
| Cycle         | 1/20   |
| Episodes      | 7100   |
| Timesteps     | 355000 |
| TimeCost(sec) | 92.839 |
| Pi_q_loss     | 3.169  |
| Pi_l2_loss    | 0.067  |
| Q_loss        | 0.042  |
| Success       | 0.06   |
+---------------+--------+
Average inside: 0.84
2021-12-14 07:51:43 mep
+---------------+--------+
| Epoch         | 7/20   |
| Cycle         | 2/20   |
| Episodes      | 7150   |
| Timesteps     | 357500 |
| TimeCost(sec) | 86.448 |
| Pi_q_loss     | 0.675  |
| Pi_l2_loss    | 0.029  |
| Q_loss        | 0.0    |
| Success       | 0.07   |
+---------------+--------+
Average inside: 0.88
2021-12-14 07:53:14 mep
+---------------+--------+
| Epoch         | 7/20   |
| Cycle         | 3/20   |
| Episodes      | 7200   |
| Timesteps     | 360000 |
| TimeCost(sec) | 90.434 |
| Pi_q_loss     | 1.816  |
| Pi_l2_loss    | 0.058  |
| Q_loss        | 0.006  |
| Success       | 0.07   |
+---------------+--------+
Average inside: 0.82
2021-12-14 07:54:47 mep
+---------------+--------+
| Epoch         | 7/20   |
| Cycle         | 4/20   |
| Episodes      | 7250   |
| Timesteps     | 362500 |
| TimeCost(sec) | 92.632 |
| Pi_q_loss     | 3.56   |
| Pi_l2_loss    | 0.059  |
| Q_loss        | 0.012  |
| Success       | 0.08   |
+---------------+--------+
Average inside: 0.86
2021-12-14 07:58:16 mep
+---------------+---------+
| Epoch         | 7/20    |
| Cycle         | 5/20    |
| Episodes      | 7300    |
| Timesteps     | 365000  |
| TimeCost(sec) | 208.987 |
| Pi_q_loss     | 5.616   |
| Pi_l2_loss    | 0.021   |
| Q_loss        | 0.001   |
| Success       | 0.07    |
+---------------+---------+
Average inside: 0.82
2021-12-14 07:59:43 mep
+---------------+--------+
| Epoch         | 7/20   |
| Cycle         | 6/20   |
| Episodes      | 7350   |
| Timesteps     | 367500 |
| TimeCost(sec) | 86.783 |
| Pi_q_loss     | 6.044  |
| Pi_l2_loss    | 0.003  |
| Q_loss        | 0.003  |
| Success       | 0.1    |
+---------------+--------+
Average inside: 0.8
2021-12-14 08:01:16 mep
+---------------+--------+
| Epoch         | 7/20   |
| Cycle         | 7/20   |
| Episodes      | 7400   |
| Timesteps     | 370000 |
| TimeCost(sec) | 93.094 |
| Pi_q_loss     | 3.269  |
| Pi_l2_loss    | 0.033  |
| Q_loss        | 0.034  |
| Success       | 0.09   |
+---------------+--------+
Average inside: 0.74
2021-12-14 08:02:42 mep
+---------------+--------+
| Epoch         | 7/20   |
| Cycle         | 8/20   |
| Episodes      | 7450   |
| Timesteps     | 372500 |
| TimeCost(sec) | 85.617 |
| Pi_q_loss     | 2.218  |
| Pi_l2_loss    | 0.215  |
| Q_loss        | 0.01   |
| Success       | 0.07   |
+---------------+--------+
Average inside: 0.84
2021-12-14 08:04:12 mep
+---------------+--------+
| Epoch         | 7/20   |
| Cycle         | 9/20   |
| Episodes      | 7500   |
| Timesteps     | 375000 |
| TimeCost(sec) | 90.182 |
| Pi_q_loss     | 2.503  |
| Pi_l2_loss    | 0.048  |
| Q_loss        | 0.008  |
| Success       | 0.03   |
+---------------+--------+
Average inside: 0.8
2021-12-14 08:05:39 mep
+---------------+--------+
| Epoch         | 7/20   |
| Cycle         | 10/20  |
| Episodes      | 7550   |
| Timesteps     | 377500 |
| TimeCost(sec) | 86.826 |
| Pi_q_loss     | 4.298  |
| Pi_l2_loss    | 0.183  |
| Q_loss        | 0.012  |
| Success       | 0.06   |
+---------------+--------+
Average inside: 0.76
2021-12-14 08:07:08 mep
+---------------+--------+
| Epoch         | 7/20   |
| Cycle         | 11/20  |
| Episodes      | 7600   |
| Timesteps     | 380000 |
| TimeCost(sec) | 88.172 |
| Pi_q_loss     | 0.908  |
| Pi_l2_loss    | 0.049  |
| Q_loss        | 0.011  |
| Success       | 0.04   |
+---------------+--------+
Average inside: 0.72
2021-12-14 08:08:38 mep
+---------------+--------+
| Epoch         | 7/20   |
| Cycle         | 12/20  |
| Episodes      | 7650   |
| Timesteps     | 382500 |
| TimeCost(sec) | 90.48  |
| Pi_q_loss     | 1.273  |
| Pi_l2_loss    | 0.037  |
| Q_loss        | 0.006  |
| Success       | 0.09   |
+---------------+--------+
Average inside: 0.86
2021-12-14 08:10:06 mep
+---------------+--------+
| Epoch         | 7/20   |
| Cycle         | 13/20  |
| Episodes      | 7700   |
| Timesteps     | 385000 |
| TimeCost(sec) | 87.246 |
| Pi_q_loss     | 3.453  |
| Pi_l2_loss    | 0.083  |
| Q_loss        | 0.004  |
| Success       | 0.03   |
+---------------+--------+
Average inside: 0.86
2021-12-14 08:11:33 mep
+---------------+--------+
| Epoch         | 7/20   |
| Cycle         | 14/20  |
| Episodes      | 7750   |
| Timesteps     | 387500 |
| TimeCost(sec) | 87.433 |
| Pi_q_loss     | 0.172  |
| Pi_l2_loss    | 0.005  |
| Q_loss        | 0.001  |
| Success       | 0.04   |
+---------------+--------+
Average inside: 0.64
2021-12-14 08:13:04 mep
+---------------+--------+
| Epoch         | 7/20   |
| Cycle         | 15/20  |
| Episodes      | 7800   |
| Timesteps     | 390000 |
| TimeCost(sec) | 90.74  |
| Pi_q_loss     | 3.392  |
| Pi_l2_loss    | 0.057  |
| Q_loss        | 0.011  |
| Success       | 0.06   |
+---------------+--------+
Average inside: 0.8
2021-12-14 08:14:31 mep
+---------------+--------+
| Epoch         | 7/20   |
| Cycle         | 16/20  |
| Episodes      | 7850   |
| Timesteps     | 392500 |
| TimeCost(sec) | 86.193 |
| Pi_q_loss     | 4.027  |
| Pi_l2_loss    | 0.058  |
| Q_loss        | 0.0    |
| Success       | 0.09   |
+---------------+--------+
Average inside: 0.84
2021-12-14 08:16:02 mep
+---------------+--------+
| Epoch         | 7/20   |
| Cycle         | 17/20  |
| Episodes      | 7900   |
| Timesteps     | 395000 |
| TimeCost(sec) | 91.017 |
| Pi_q_loss     | 2.057  |
| Pi_l2_loss    | 0.053  |
| Q_loss        | 0.002  |
| Success       | 0.12   |
+---------------+--------+
Average inside: 0.76
2021-12-14 08:17:38 mep
+---------------+--------+
| Epoch         | 7/20   |
| Cycle         | 18/20  |
| Episodes      | 7950   |
| Timesteps     | 397500 |
| TimeCost(sec) | 95.845 |
| Pi_q_loss     | 3.471  |
| Pi_l2_loss    | 0.047  |
| Q_loss        | 0.046  |
| Success       | 0.08   |
+---------------+--------+
Average inside: 0.74
2021-12-14 08:19:06 mep
+---------------+--------+
| Epoch         | 7/20   |
| Cycle         | 19/20  |
| Episodes      | 8000   |
| Timesteps     | 400000 |
| TimeCost(sec) | 87.695 |
| Pi_q_loss     | 6.059  |
| Pi_l2_loss    | 0.0    |
| Q_loss        | 0.0    |
| Success       | 0.09   |
+---------------+--------+
Saved periodic policy to log/mep-ddpg-FetchPush-v1-hgg-14-12-2021_04-20-57/!
Average inside: 0.74
2021-12-14 08:20:37 mep
+---------------+--------+
| Epoch         | 8/20   |
| Cycle         | 0/20   |
| Episodes      | 8050   |
| Timesteps     | 402500 |
| TimeCost(sec) | 91.323 |
| Pi_q_loss     | 3.073  |
| Pi_l2_loss    | 0.026  |
| Q_loss        | 0.005  |
| Success       | 0.06   |
+---------------+--------+
Average inside: 0.68
2021-12-14 08:22:05 mep
+---------------+--------+
| Epoch         | 8/20   |
| Cycle         | 1/20   |
| Episodes      | 8100   |
| Timesteps     | 405000 |
| TimeCost(sec) | 88.014 |
| Pi_q_loss     | 0.524  |
| Pi_l2_loss    | 0.01   |
| Q_loss        | 0.002  |
| Success       | 0.05   |
+---------------+--------+
Average inside: 0.68
2021-12-14 08:23:41 mep
+---------------+--------+
| Epoch         | 8/20   |
| Cycle         | 2/20   |
| Episodes      | 8150   |
| Timesteps     | 407500 |
| TimeCost(sec) | 95.629 |
| Pi_q_loss     | 2.462  |
| Pi_l2_loss    | 0.038  |
| Q_loss        | 0.026  |
| Success       | 0.05   |
+---------------+--------+
Average inside: 0.74
2021-12-14 08:25:12 mep
+---------------+--------+
| Epoch         | 8/20   |
| Cycle         | 3/20   |
| Episodes      | 8200   |
| Timesteps     | 410000 |
| TimeCost(sec) | 90.094 |
| Pi_q_loss     | 4.409  |
| Pi_l2_loss    | 0.062  |
| Q_loss        | 0.001  |
| Success       | 0.07   |
+---------------+--------+
Average inside: 0.8
2021-12-14 08:26:43 mep
+---------------+--------+
| Epoch         | 8/20   |
| Cycle         | 4/20   |
| Episodes      | 8250   |
| Timesteps     | 412500 |
| TimeCost(sec) | 91.19  |
| Pi_q_loss     | 2.452  |
| Pi_l2_loss    | 0.038  |
| Q_loss        | 0.003  |
| Success       | 0.08   |
+---------------+--------+
Average inside: 0.82
2021-12-14 08:28:12 mep
+---------------+--------+
| Epoch         | 8/20   |
| Cycle         | 5/20   |
| Episodes      | 8300   |
| Timesteps     | 415000 |
| TimeCost(sec) | 88.902 |
| Pi_q_loss     | 0.06   |
| Pi_l2_loss    | 0.008  |
| Q_loss        | 0.0    |
| Success       | 0.03   |
+---------------+--------+
Average inside: 0.84
2021-12-14 08:29:41 mep
+---------------+--------+
| Epoch         | 8/20   |
| Cycle         | 6/20   |
| Episodes      | 8350   |
| Timesteps     | 417500 |
| TimeCost(sec) | 88.878 |
| Pi_q_loss     | 0.111  |
| Pi_l2_loss    | 0.001  |
| Q_loss        | 0.0    |
| Success       | 0.07   |
+---------------+--------+
Average inside: 0.8
2021-12-14 08:31:15 mep
+---------------+--------+
| Epoch         | 8/20   |
| Cycle         | 7/20   |
| Episodes      | 8400   |
| Timesteps     | 420000 |
| TimeCost(sec) | 94.032 |
| Pi_q_loss     | 3.027  |
| Pi_l2_loss    | 0.056  |
| Q_loss        | 0.052  |
| Success       | 0.04   |
+---------------+--------+
Average inside: 0.7
2021-12-14 08:32:44 mep
+---------------+--------+
| Epoch         | 8/20   |
| Cycle         | 8/20   |
| Episodes      | 8450   |
| Timesteps     | 422500 |
| TimeCost(sec) | 88.633 |
| Pi_q_loss     | 2.005  |
| Pi_l2_loss    | 0.13   |
| Q_loss        | 0.003  |
| Success       | 0.05   |
+---------------+--------+
Average inside: 0.74
2021-12-14 08:34:14 mep
+---------------+--------+
| Epoch         | 8/20   |
| Cycle         | 9/20   |
| Episodes      | 8500   |
| Timesteps     | 425000 |
| TimeCost(sec) | 89.525 |
| Pi_q_loss     | 2.374  |
| Pi_l2_loss    | 0.087  |
| Q_loss        | 0.001  |
| Success       | 0.04   |
+---------------+--------+
Average inside: 0.66
2021-12-14 08:35:45 mep
+---------------+--------+
| Epoch         | 8/20   |
| Cycle         | 10/20  |
| Episodes      | 8550   |
| Timesteps     | 427500 |
| TimeCost(sec) | 91.259 |
| Pi_q_loss     | 2.779  |
| Pi_l2_loss    | 0.065  |
| Q_loss        | 0.057  |
| Success       | 0.06   |
+---------------+--------+
Average inside: 0.76
2021-12-14 08:37:13 mep
+---------------+--------+
| Epoch         | 8/20   |
| Cycle         | 11/20  |
| Episodes      | 8600   |
| Timesteps     | 430000 |
| TimeCost(sec) | 88.229 |
| Pi_q_loss     | 1.679  |
| Pi_l2_loss    | 0.033  |
| Q_loss        | 0.001  |
| Success       | 0.05   |
+---------------+--------+
Average inside: 0.9
2021-12-14 08:38:42 mep
+---------------+--------+
| Epoch         | 8/20   |
| Cycle         | 12/20  |
| Episodes      | 8650   |
| Timesteps     | 432500 |
| TimeCost(sec) | 88.28  |
| Pi_q_loss     | 5.426  |
| Pi_l2_loss    | 0.001  |
| Q_loss        | 0.003  |
| Success       | 0.07   |
+---------------+--------+
Average inside: 0.74
2021-12-14 08:40:11 mep
+---------------+--------+
| Epoch         | 8/20   |
| Cycle         | 13/20  |
| Episodes      | 8700   |
| Timesteps     | 435000 |
| TimeCost(sec) | 88.67  |
| Pi_q_loss     | 3.32   |
| Pi_l2_loss    | 0.083  |
| Q_loss        | 0.005  |
| Success       | 0.08   |
+---------------+--------+
Average inside: 0.7
2021-12-14 08:41:44 mep
+---------------+--------+
| Epoch         | 8/20   |
| Cycle         | 14/20  |
| Episodes      | 8750   |
| Timesteps     | 437500 |
| TimeCost(sec) | 93.186 |
| Pi_q_loss     | 2.94   |
| Pi_l2_loss    | 0.049  |
| Q_loss        | 0.039  |
| Success       | 0.06   |
+---------------+--------+
Average inside: 0.74
2021-12-14 08:43:10 mep
+---------------+--------+
| Epoch         | 8/20   |
| Cycle         | 15/20  |
| Episodes      | 8800   |
| Timesteps     | 440000 |
| TimeCost(sec) | 86.189 |
| Pi_q_loss     | 2.792  |
| Pi_l2_loss    | 0.091  |
| Q_loss        | 0.001  |
| Success       | 0.08   |
+---------------+--------+
Average inside: 0.84
2021-12-14 08:44:46 mep
+---------------+--------+
| Epoch         | 8/20   |
| Cycle         | 16/20  |
| Episodes      | 8850   |
| Timesteps     | 442500 |
| TimeCost(sec) | 95.032 |
| Pi_q_loss     | 2.911  |
| Pi_l2_loss    | 0.059  |
| Q_loss        | 0.068  |
| Success       | 0.07   |
+---------------+--------+
Average inside: 0.82
2021-12-14 08:46:11 mep
+---------------+--------+
| Epoch         | 8/20   |
| Cycle         | 17/20  |
| Episodes      | 8900   |
| Timesteps     | 445000 |
| TimeCost(sec) | 85.643 |
| Pi_q_loss     | 7.514  |
| Pi_l2_loss    | 0.016  |
| Q_loss        | 0.001  |
| Success       | 0.08   |
+---------------+--------+
Average inside: 0.84
2021-12-14 08:47:37 mep
+---------------+--------+
| Epoch         | 8/20   |
| Cycle         | 18/20  |
| Episodes      | 8950   |
| Timesteps     | 447500 |
| TimeCost(sec) | 85.402 |
| Pi_q_loss     | 0.432  |
| Pi_l2_loss    | 0.005  |
| Q_loss        | 0.001  |
| Success       | 0.1    |
+---------------+--------+
Average inside: 0.82
2021-12-14 08:49:05 mep
+---------------+--------+
| Epoch         | 8/20   |
| Cycle         | 19/20  |
| Episodes      | 9000   |
| Timesteps     | 450000 |
| TimeCost(sec) | 87.803 |
| Pi_q_loss     | 1.814  |
| Pi_l2_loss    | 0.037  |
| Q_loss        | 0.004  |
| Success       | 0.03   |
+---------------+--------+
Saved periodic policy to log/mep-ddpg-FetchPush-v1-hgg-14-12-2021_04-20-57/!
Average inside: 0.8
2021-12-14 08:50:31 mep
+---------------+--------+
| Epoch         | 9/20   |
| Cycle         | 0/20   |
| Episodes      | 9050   |
| Timesteps     | 452500 |
| TimeCost(sec) | 86.087 |
| Pi_q_loss     | 0.011  |
| Pi_l2_loss    | 0.0    |
| Q_loss        | 0.0    |
| Success       | 0.05   |
+---------------+--------+
Average inside: 0.72
2021-12-14 08:52:00 mep
+---------------+--------+
| Epoch         | 9/20   |
| Cycle         | 1/20   |
| Episodes      | 9100   |
| Timesteps     | 455000 |
| TimeCost(sec) | 88.378 |
| Pi_q_loss     | 2.87   |
| Pi_l2_loss    | 0.017  |
| Q_loss        | 0.003  |
| Success       | 0.07   |
+---------------+--------+
Average inside: 0.88
2021-12-14 08:53:32 mep
+---------------+--------+
| Epoch         | 9/20   |
| Cycle         | 2/20   |
| Episodes      | 9150   |
| Timesteps     | 457500 |
| TimeCost(sec) | 91.738 |
| Pi_q_loss     | 3.02   |
| Pi_l2_loss    | 0.047  |
| Q_loss        | 0.015  |
| Success       | 0.04   |
+---------------+--------+
Average inside: 0.72
2021-12-14 08:55:01 mep
+---------------+--------+
| Epoch         | 9/20   |
| Cycle         | 3/20   |
| Episodes      | 9200   |
| Timesteps     | 460000 |
| TimeCost(sec) | 89.161 |
| Pi_q_loss     | 2.514  |
| Pi_l2_loss    | 0.091  |
| Q_loss        | 0.018  |
| Success       | 0.06   |
+---------------+--------+
Average inside: 0.78
2021-12-14 08:56:28 mep
+---------------+--------+
| Epoch         | 9/20   |
| Cycle         | 4/20   |
| Episodes      | 9250   |
| Timesteps     | 462500 |
| TimeCost(sec) | 86.352 |
| Pi_q_loss     | 2.419  |
| Pi_l2_loss    | 0.068  |
| Q_loss        | 0.0    |
| Success       | 0.09   |
+---------------+--------+
Average inside: 0.8
2021-12-14 08:57:55 mep
+---------------+--------+
| Epoch         | 9/20   |
| Cycle         | 5/20   |
| Episodes      | 9300   |
| Timesteps     | 465000 |
| TimeCost(sec) | 86.978 |
| Pi_q_loss     | 2.431  |
| Pi_l2_loss    | 0.058  |
| Q_loss        | 0.002  |
| Success       | 0.06   |
+---------------+--------+
Average inside: 0.8
2021-12-14 08:59:28 mep
+---------------+--------+
| Epoch         | 9/20   |
| Cycle         | 6/20   |
| Episodes      | 9350   |
| Timesteps     | 467500 |
| TimeCost(sec) | 92.783 |
| Pi_q_loss     | 2.674  |
| Pi_l2_loss    | 0.058  |
| Q_loss        | 0.048  |
| Success       | 0.13   |
+---------------+--------+
Average inside: 0.78
2021-12-14 09:00:53 mep
+---------------+--------+
| Epoch         | 9/20   |
| Cycle         | 7/20   |
| Episodes      | 9400   |
| Timesteps     | 470000 |
| TimeCost(sec) | 85.028 |
| Pi_q_loss     | 2.407  |
| Pi_l2_loss    | 0.204  |
| Q_loss        | 0.011  |
| Success       | 0.06   |
+---------------+--------+
Average inside: 0.84
2021-12-14 09:02:25 mep
+---------------+--------+
| Epoch         | 9/20   |
| Cycle         | 8/20   |
| Episodes      | 9450   |
| Timesteps     | 472500 |
| TimeCost(sec) | 92.208 |
| Pi_q_loss     | 1.432  |
| Pi_l2_loss    | 0.05   |
| Q_loss        | 0.013  |
| Success       | 0.07   |
+---------------+--------+
Average inside: 0.86
2021-12-14 09:03:53 mep
+---------------+--------+
| Epoch         | 9/20   |
| Cycle         | 9/20   |
| Episodes      | 9500   |
| Timesteps     | 475000 |
| TimeCost(sec) | 87.625 |
| Pi_q_loss     | 2.853  |
| Pi_l2_loss    | 0.015  |
| Q_loss        | 0.002  |
| Success       | 0.07   |
+---------------+--------+
Average inside: 0.76
2021-12-14 09:05:21 mep
+---------------+--------+
| Epoch         | 9/20   |
| Cycle         | 10/20  |
| Episodes      | 9550   |
| Timesteps     | 477500 |
| TimeCost(sec) | 87.214 |
| Pi_q_loss     | 4.981  |
| Pi_l2_loss    | 0.002  |
| Q_loss        | 0.002  |
| Success       | 0.05   |
+---------------+--------+
Average inside: 0.7
2021-12-14 09:06:48 mep
+---------------+--------+
| Epoch         | 9/20   |
| Cycle         | 11/20  |
| Episodes      | 9600   |
| Timesteps     | 480000 |
| TimeCost(sec) | 87.541 |
| Pi_q_loss     | 2.503  |
| Pi_l2_loss    | 0.047  |
| Q_loss        | 0.005  |
| Success       | 0.08   |
+---------------+--------+
Average inside: 0.78
2021-12-14 09:08:16 mep
+---------------+--------+
| Epoch         | 9/20   |
| Cycle         | 12/20  |
| Episodes      | 9650   |
| Timesteps     | 482500 |
| TimeCost(sec) | 87.286 |
| Pi_q_loss     | 0.064  |
| Pi_l2_loss    | 0.0    |
| Q_loss        | 0.0    |
| Success       | 0.02   |
+---------------+--------+
Average inside: 0.8
2021-12-14 09:09:44 mep
+---------------+--------+
| Epoch         | 9/20   |
| Cycle         | 13/20  |
| Episodes      | 9700   |
| Timesteps     | 485000 |
| TimeCost(sec) | 88.017 |
| Pi_q_loss     | 4.762  |
| Pi_l2_loss    | 0.099  |
| Q_loss        | 0.011  |
| Success       | 0.06   |
+---------------+--------+
Average inside: 0.84
2021-12-14 09:11:12 mep
+---------------+--------+
| Epoch         | 9/20   |
| Cycle         | 14/20  |
| Episodes      | 9750   |
| Timesteps     | 487500 |
| TimeCost(sec) | 88.2   |
| Pi_q_loss     | 3.261  |
| Pi_l2_loss    | 0.123  |
| Q_loss        | 0.009  |
| Success       | 0.06   |
+---------------+--------+
Average inside: 0.72
2021-12-14 09:12:40 mep
+---------------+--------+
| Epoch         | 9/20   |
| Cycle         | 15/20  |
| Episodes      | 9800   |
| Timesteps     | 490000 |
| TimeCost(sec) | 87.48  |
| Pi_q_loss     | 0.95   |
| Pi_l2_loss    | 0.058  |
| Q_loss        | 0.001  |
| Success       | 0.11   |
+---------------+--------+
Average inside: 0.64
2021-12-14 09:14:15 mep
+---------------+--------+
| Epoch         | 9/20   |
| Cycle         | 16/20  |
| Episodes      | 9850   |
| Timesteps     | 492500 |
| TimeCost(sec) | 94.508 |
| Pi_q_loss     | 2.243  |
| Pi_l2_loss    | 0.054  |
| Q_loss        | 0.035  |
| Success       | 0.05   |
+---------------+--------+
Average inside: 0.68
2021-12-14 09:15:42 mep
+---------------+--------+
| Epoch         | 9/20   |
| Cycle         | 17/20  |
| Episodes      | 9900   |
| Timesteps     | 495000 |
| TimeCost(sec) | 87.419 |
| Pi_q_loss     | 1.107  |
| Pi_l2_loss    | 0.075  |
| Q_loss        | 0.0    |
| Success       | 0.1    |
+---------------+--------+
Average inside: 0.84
2021-12-14 09:17:11 mep
+---------------+--------+
| Epoch         | 9/20   |
| Cycle         | 18/20  |
| Episodes      | 9950   |
| Timesteps     | 497500 |
| TimeCost(sec) | 88.672 |
| Pi_q_loss     | 2.91   |
| Pi_l2_loss    | 0.073  |
| Q_loss        | 0.003  |
| Success       | 0.12   |
+---------------+--------+
Average inside: 0.76
2021-12-14 09:18:39 mep
+---------------+--------+
| Epoch         | 9/20   |
| Cycle         | 19/20  |
| Episodes      | 10000  |
| Timesteps     | 500000 |
| TimeCost(sec) | 87.786 |
| Pi_q_loss     | 3.187  |
| Pi_l2_loss    | 0.102  |
| Q_loss        | 0.004  |
| Success       | 0.06   |
+---------------+--------+
Saved periodic policy to log/mep-ddpg-FetchPush-v1-hgg-14-12-2021_04-20-57/!
Average inside: 0.8
2021-12-14 09:20:07 mep
+---------------+--------+
| Epoch         | 10/20  |
| Cycle         | 0/20   |
| Episodes      | 10050  |
| Timesteps     | 502500 |
| TimeCost(sec) | 87.52  |
| Pi_q_loss     | 1.344  |
| Pi_l2_loss    | 0.041  |
| Q_loss        | 0.002  |
| Success       | 0.04   |
+---------------+--------+
Average inside: 0.74
2021-12-14 09:21:40 mep
+---------------+--------+
| Epoch         | 10/20  |
| Cycle         | 1/20   |
| Episodes      | 10100  |
| Timesteps     | 505000 |
| TimeCost(sec) | 93.46  |
| Pi_q_loss     | 1.789  |
| Pi_l2_loss    | 0.049  |
| Q_loss        | 0.041  |
| Success       | 0.07   |
+---------------+--------+
Average inside: 0.74
2021-12-14 09:23:07 mep
+---------------+--------+
| Epoch         | 10/20  |
| Cycle         | 2/20   |
| Episodes      | 10150  |
| Timesteps     | 507500 |
| TimeCost(sec) | 86.585 |
| Pi_q_loss     | 0.539  |
| Pi_l2_loss    | 0.006  |
| Q_loss        | 0.002  |
| Success       | 0.15   |
+---------------+--------+
Saved as best policy to log/mep-ddpg-FetchPush-v1-hgg-14-12-2021_04-20-57/!
Average inside: 0.86
2021-12-14 09:24:40 mep
+---------------+--------+
| Epoch         | 10/20  |
| Cycle         | 3/20   |
| Episodes      | 10200  |
| Timesteps     | 510000 |
| TimeCost(sec) | 92.237 |
| Pi_q_loss     | 0.247  |
| Pi_l2_loss    | 0.003  |
| Q_loss        | 0.001  |
| Success       | 0.07   |
+---------------+--------+
Average inside: 0.76
2021-12-14 09:26:13 mep
+---------------+--------+
| Epoch         | 10/20  |
| Cycle         | 4/20   |
| Episodes      | 10250  |
| Timesteps     | 512500 |
| TimeCost(sec) | 92.594 |
| Pi_q_loss     | 2.188  |
| Pi_l2_loss    | 0.032  |
| Q_loss        | 0.018  |
| Success       | 0.11   |
+---------------+--------+
Average inside: 0.76
2021-12-14 09:27:39 mep
+---------------+--------+
| Epoch         | 10/20  |
| Cycle         | 5/20   |
| Episodes      | 10300  |
| Timesteps     | 515000 |
| TimeCost(sec) | 86.053 |
| Pi_q_loss     | 0.212  |
| Pi_l2_loss    | 0.005  |
| Q_loss        | 0.0    |
| Success       | 0.04   |
+---------------+--------+
Average inside: 0.82
2021-12-14 09:29:07 mep
+---------------+--------+
| Epoch         | 10/20  |
| Cycle         | 6/20   |
| Episodes      | 10350  |
| Timesteps     | 517500 |
| TimeCost(sec) | 87.744 |
| Pi_q_loss     | 1.685  |
| Pi_l2_loss    | 0.056  |
| Q_loss        | 0.008  |
| Success       | 0.08   |
+---------------+--------+
Average inside: 0.74
2021-12-14 09:30:35 mep
+---------------+--------+
| Epoch         | 10/20  |
| Cycle         | 7/20   |
| Episodes      | 10400  |
| Timesteps     | 520000 |
| TimeCost(sec) | 87.761 |
| Pi_q_loss     | 0.883  |
| Pi_l2_loss    | 0.04   |
| Q_loss        | 0.011  |
| Success       | 0.07   |
+---------------+--------+
Average inside: 0.7
2021-12-14 09:32:04 mep
+---------------+--------+
| Epoch         | 10/20  |
| Cycle         | 8/20   |
| Episodes      | 10450  |
| Timesteps     | 522500 |
| TimeCost(sec) | 88.777 |
| Pi_q_loss     | 0.028  |
| Pi_l2_loss    | 0.001  |
| Q_loss        | 0.0    |
| Success       | 0.03   |
+---------------+--------+
Average inside: 0.82
2021-12-14 09:33:33 mep
+---------------+--------+
| Epoch         | 10/20  |
| Cycle         | 9/20   |
| Episodes      | 10500  |
| Timesteps     | 525000 |
| TimeCost(sec) | 89.292 |
| Pi_q_loss     | 1.67   |
| Pi_l2_loss    | 0.029  |
| Q_loss        | 0.001  |
| Success       | 0.06   |
+---------------+--------+
Average inside: 0.74
2021-12-14 09:35:06 mep
+---------------+--------+
| Epoch         | 10/20  |
| Cycle         | 10/20  |
| Episodes      | 10550  |
| Timesteps     | 527500 |
| TimeCost(sec) | 92.898 |
| Pi_q_loss     | 1.878  |
| Pi_l2_loss    | 0.029  |
| Q_loss        | 0.027  |
| Success       | 0.07   |
+---------------+--------+
Average inside: 0.86
2021-12-14 09:36:32 mep
+---------------+--------+
| Epoch         | 10/20  |
| Cycle         | 11/20  |
| Episodes      | 10600  |
| Timesteps     | 530000 |
| TimeCost(sec) | 85.214 |
| Pi_q_loss     | 0.099  |
| Pi_l2_loss    | 0.004  |
| Q_loss        | 0.0    |
| Success       | 0.02   |
+---------------+--------+
Average inside: 0.88
2021-12-14 09:38:00 mep
+---------------+--------+
| Epoch         | 10/20  |
| Cycle         | 12/20  |
| Episodes      | 10650  |
| Timesteps     | 532500 |
| TimeCost(sec) | 88.565 |
| Pi_q_loss     | 1.446  |
| Pi_l2_loss    | 0.028  |
| Q_loss        | 0.002  |
| Success       | 0.1    |
+---------------+--------+
Average inside: 0.84
2021-12-14 09:39:31 mep
+---------------+--------+
| Epoch         | 10/20  |
| Cycle         | 13/20  |
| Episodes      | 10700  |
| Timesteps     | 535000 |
| TimeCost(sec) | 90.714 |
| Pi_q_loss     | 1.6    |
| Pi_l2_loss    | 0.031  |
| Q_loss        | 0.005  |
| Success       | 0.05   |
+---------------+--------+
Average inside: 0.64
2021-12-14 09:40:58 mep
+---------------+--------+
| Epoch         | 10/20  |
| Cycle         | 14/20  |
| Episodes      | 10750  |
| Timesteps     | 537500 |
| TimeCost(sec) | 86.303 |
| Pi_q_loss     | 1.863  |
| Pi_l2_loss    | 0.017  |
| Q_loss        | 0.0    |
| Success       | 0.01   |
+---------------+--------+
Average inside: 0.76
2021-12-14 09:42:33 mep
+---------------+--------+
| Epoch         | 10/20  |
| Cycle         | 15/20  |
| Episodes      | 10800  |
| Timesteps     | 540000 |
| TimeCost(sec) | 94.738 |
| Pi_q_loss     | 2.078  |
| Pi_l2_loss    | 0.059  |
| Q_loss        | 0.058  |
| Success       | 0.01   |
+---------------+--------+
Average inside: 0.9
2021-12-14 09:43:57 mep
+---------------+--------+
| Epoch         | 10/20  |
| Cycle         | 16/20  |
| Episodes      | 10850  |
| Timesteps     | 542500 |
| TimeCost(sec) | 84.755 |
| Pi_q_loss     | 4.679  |
| Pi_l2_loss    | 0.013  |
| Q_loss        | 0.001  |
| Success       | 0.04   |
+---------------+--------+
Average inside: 0.74
2021-12-14 09:45:28 mep
+---------------+--------+
| Epoch         | 10/20  |
| Cycle         | 17/20  |
| Episodes      | 10900  |
| Timesteps     | 545000 |
| TimeCost(sec) | 89.943 |
| Pi_q_loss     | 1.259  |
| Pi_l2_loss    | 0.027  |
| Q_loss        | 0.003  |
| Success       | 0.1    |
+---------------+--------+
Average inside: 0.76
2021-12-14 09:46:55 mep
+---------------+--------+
| Epoch         | 10/20  |
| Cycle         | 18/20  |
| Episodes      | 10950  |
| Timesteps     | 547500 |
| TimeCost(sec) | 86.818 |
| Pi_q_loss     | 0.257  |
| Pi_l2_loss    | 0.035  |
| Q_loss        | 0.0    |
| Success       | 0.06   |
+---------------+--------+
Average inside: 0.88
2021-12-14 09:48:24 mep
+---------------+--------+
| Epoch         | 10/20  |
| Cycle         | 19/20  |
| Episodes      | 11000  |
| Timesteps     | 550000 |
| TimeCost(sec) | 88.858 |
| Pi_q_loss     | 1.689  |
| Pi_l2_loss    | 0.07   |
| Q_loss        | 0.006  |
| Success       | 0.07   |
+---------------+--------+
Saved periodic policy to log/mep-ddpg-FetchPush-v1-hgg-14-12-2021_04-20-57/!
Average inside: 0.8
2021-12-14 09:49:50 mep
+---------------+--------+
| Epoch         | 11/20  |
| Cycle         | 0/20   |
| Episodes      | 11050  |
| Timesteps     | 552500 |
| TimeCost(sec) | 85.967 |
| Pi_q_loss     | 0.082  |
| Pi_l2_loss    | 0.006  |
| Q_loss        | 0.0    |
| Success       | 0.02   |
+---------------+--------+
Average inside: 0.76
2021-12-14 09:51:20 mep
+---------------+--------+
| Epoch         | 11/20  |
| Cycle         | 1/20   |
| Episodes      | 11100  |
| Timesteps     | 555000 |
| TimeCost(sec) | 89.637 |
| Pi_q_loss     | 1.596  |
| Pi_l2_loss    | 0.025  |
| Q_loss        | 0.003  |
| Success       | 0.05   |
+---------------+--------+
Average inside: 0.88
2021-12-14 09:52:53 mep
+---------------+--------+
| Epoch         | 11/20  |
| Cycle         | 2/20   |
| Episodes      | 11150  |
| Timesteps     | 557500 |
| TimeCost(sec) | 92.884 |
| Pi_q_loss     | 1.354  |
| Pi_l2_loss    | 0.044  |
| Q_loss        | 0.01   |
| Success       | 0.07   |
+---------------+--------+
Average inside: 0.84
2021-12-14 09:54:19 mep
+---------------+--------+
| Epoch         | 11/20  |
| Cycle         | 3/20   |
| Episodes      | 11200  |
| Timesteps     | 560000 |
| TimeCost(sec) | 86.021 |
| Pi_q_loss     | 2.175  |
| Pi_l2_loss    | 0.022  |
| Q_loss        | 0.001  |
| Success       | 0.07   |
+---------------+--------+
Average inside: 0.8
2021-12-14 09:55:45 mep
+---------------+--------+
| Epoch         | 11/20  |
| Cycle         | 4/20   |
| Episodes      | 11250  |
| Timesteps     | 562500 |
| TimeCost(sec) | 86.2   |
| Pi_q_loss     | 1.586  |
| Pi_l2_loss    | 0.05   |
| Q_loss        | 0.002  |
| Success       | 0.08   |
+---------------+--------+
Average inside: 0.78
2021-12-14 09:57:20 mep
+---------------+--------+
| Epoch         | 11/20  |
| Cycle         | 5/20   |
| Episodes      | 11300  |
| Timesteps     | 565000 |
| TimeCost(sec) | 94.216 |
| Pi_q_loss     | 2.257  |
| Pi_l2_loss    | 0.034  |
| Q_loss        | 0.033  |
| Success       | 0.08   |
+---------------+--------+
Average inside: 0.76
2021-12-14 09:58:46 mep
+---------------+--------+
| Epoch         | 11/20  |
| Cycle         | 6/20   |
| Episodes      | 11350  |
| Timesteps     | 567500 |
| TimeCost(sec) | 86.185 |
| Pi_q_loss     | 1.694  |
| Pi_l2_loss    | 0.029  |
| Q_loss        | 0.001  |
| Success       | 0.04   |
+---------------+--------+
Average inside: 0.78
2021-12-14 10:00:23 mep
+---------------+--------+
| Epoch         | 11/20  |
| Cycle         | 7/20   |
| Episodes      | 11400  |
| Timesteps     | 570000 |
| TimeCost(sec) | 96.965 |
| Pi_q_loss     | 2.334  |
| Pi_l2_loss    | 0.04   |
| Q_loss        | 0.042  |
| Success       | 0.05   |
+---------------+--------+
Average inside: 0.82
2021-12-14 10:01:51 mep
+---------------+--------+
| Epoch         | 11/20  |
| Cycle         | 8/20   |
| Episodes      | 11450  |
| Timesteps     | 572500 |
| TimeCost(sec) | 87.864 |
| Pi_q_loss     | 4.108  |
| Pi_l2_loss    | 0.056  |
| Q_loss        | 0.002  |
| Success       | 0.03   |
+---------------+--------+
Average inside: 0.78
2021-12-14 10:03:19 mep
+---------------+--------+
| Epoch         | 11/20  |
| Cycle         | 9/20   |
| Episodes      | 11500  |
| Timesteps     | 575000 |
| TimeCost(sec) | 87.419 |
| Pi_q_loss     | 0.992  |
| Pi_l2_loss    | 0.008  |
| Q_loss        | 0.001  |
| Success       | 0.05   |
+---------------+--------+
Average inside: 0.78
2021-12-14 10:04:52 mep
+---------------+--------+
| Epoch         | 11/20  |
| Cycle         | 10/20  |
| Episodes      | 11550  |
| Timesteps     | 577500 |
| TimeCost(sec) | 93.047 |
| Pi_q_loss     | 2.43   |
| Pi_l2_loss    | 0.039  |
| Q_loss        | 0.026  |
| Success       | 0.05   |
+---------------+--------+
Average inside: 0.84
2021-12-14 10:06:19 mep
+---------------+--------+
| Epoch         | 11/20  |
| Cycle         | 11/20  |
| Episodes      | 11600  |
| Timesteps     | 580000 |
| TimeCost(sec) | 86.823 |
| Pi_q_loss     | 2.286  |
| Pi_l2_loss    | 0.069  |
| Q_loss        | 0.004  |
| Success       | 0.04   |
+---------------+--------+
Average inside: 0.74
2021-12-14 10:07:54 mep
+---------------+--------+
| Epoch         | 11/20  |
| Cycle         | 12/20  |
| Episodes      | 11650  |
| Timesteps     | 582500 |
| TimeCost(sec) | 94.679 |
| Pi_q_loss     | 2.413  |
| Pi_l2_loss    | 0.004  |
| Q_loss        | 0.001  |
| Success       | 0.05   |
+---------------+--------+
Average inside: 0.72
2021-12-14 10:09:28 mep
+---------------+--------+
| Epoch         | 11/20  |
| Cycle         | 13/20  |
| Episodes      | 11700  |
| Timesteps     | 585000 |
| TimeCost(sec) | 94.349 |
| Pi_q_loss     | 2.216  |
| Pi_l2_loss    | 0.041  |
| Q_loss        | 0.043  |
| Success       | 0.07   |
+---------------+--------+
Average inside: 0.82
2021-12-14 10:10:55 mep
+---------------+--------+
| Epoch         | 11/20  |
| Cycle         | 14/20  |
| Episodes      | 11750  |
| Timesteps     | 587500 |
| TimeCost(sec) | 86.627 |
| Pi_q_loss     | 3.474  |
| Pi_l2_loss    | 0.072  |
| Q_loss        | 0.003  |
| Success       | 0.06   |
+---------------+--------+
