tag: mep-ordinal
alg: ddpg
learn: hgg
env: FetchPush-v1
goal: custom
init_offset: 1.0
graph: False
show_goals: 0
play_path: None
play_epoch: latest
stop_hgg_threshold: 2
n_x: 31
n_y: 31
n_z: 11
temp: 0.01
gamma: 0.98
clip_return: True
eps_act: 0.3
std_act: 0.2
pi_lr: 0.001
q_lr: 0.001
act_l2: 1.0
polyak: 0.95
epoches: 20
cycles: 20
episodes: 50
timesteps: 50
train_batches: 20
buffer_size: 10000
buffer_type: mep
batch_size: 256
warmup: 10000
her: future
her_ratio: 0.8
pool_rule: full
hgg_c: 3.0
hgg_L: 5.0
hgg_pool_size: 1000
save_acc: True
rank_method: ordinal
num_vertices: [31, 31, 11]
goal_based: True
clip_return_l: -49.99999999999996
clip_return_r: 0.0
*** network initialization complete ***
*** tester initialization complete ***
2021-12-14 17:17:42 mep-ordinal
+---------------+--------+
| Epoch         | 0/20   |
| Cycle         | 0/20   |
| Episodes      | 50     |
| Timesteps     | 2500   |
| TimeCost(sec) | 23.893 |
| Pi_q_loss     |        |
| Pi_l2_loss    |        |
| Q_loss        |        |
| Success       | 0.09   |
+---------------+--------+
Saved as best policy to log/mep-ordinal-ddpg-FetchPush-v1-hgg-14-12-2021_17-15-57/!
Average inside: 0.88
2021-12-14 17:18:12 mep-ordinal
+---------------+-------+
| Epoch         | 0/20  |
| Cycle         | 1/20  |
| Episodes      | 100   |
| Timesteps     | 5000  |
| TimeCost(sec) | 29.92 |
| Pi_q_loss     |       |
| Pi_l2_loss    |       |
| Q_loss        |       |
| Success       | 0.06  |
+---------------+-------+
Average inside: 0.82
2021-12-14 17:18:42 mep-ordinal
+---------------+--------+
| Epoch         | 0/20   |
| Cycle         | 2/20   |
| Episodes      | 150    |
| Timesteps     | 7500   |
| TimeCost(sec) | 29.297 |
| Pi_q_loss     |        |
| Pi_l2_loss    |        |
| Q_loss        |        |
| Success       | 0.02   |
+---------------+--------+
Average inside: 0.9
2021-12-14 17:19:10 mep-ordinal
+---------------+--------+
| Epoch         | 0/20   |
| Cycle         | 3/20   |
| Episodes      | 200    |
| Timesteps     | 10000  |
| TimeCost(sec) | 28.378 |
| Pi_q_loss     | 0.265  |
| Pi_l2_loss    | 0.011  |
| Q_loss        | 0.14   |
| Success       | 0.03   |
+---------------+--------+
Average inside: 0.88
2021-12-14 17:20:41 mep-ordinal
+---------------+--------+
| Epoch         | 0/20   |
| Cycle         | 4/20   |
| Episodes      | 250    |
| Timesteps     | 12500  |
| TimeCost(sec) | 91.047 |
| Pi_q_loss     | 0.307  |
| Pi_l2_loss    | 0.011  |
| Q_loss        | 0.008  |
| Success       | 0.03   |
+---------------+--------+
Average inside: 0.66
2021-12-14 17:22:21 mep-ordinal
+---------------+--------+
| Epoch         | 0/20   |
| Cycle         | 5/20   |
| Episodes      | 300    |
| Timesteps     | 15000  |
| TimeCost(sec) | 99.549 |
| Pi_q_loss     | 0.652  |
| Pi_l2_loss    | 0.006  |
| Q_loss        | 0.005  |
| Success       | 0.03   |
+---------------+--------+
Average inside: 0.8
2021-12-14 17:23:57 mep-ordinal
+---------------+--------+
| Epoch         | 0/20   |
| Cycle         | 6/20   |
| Episodes      | 350    |
| Timesteps     | 17500  |
| TimeCost(sec) | 95.435 |
| Pi_q_loss     | 0.749  |
| Pi_l2_loss    | 0.009  |
| Q_loss        | 0.002  |
| Success       | 0.04   |
+---------------+--------+
Average inside: 0.74
2021-12-14 17:25:32 mep-ordinal
+---------------+--------+
| Epoch         | 0/20   |
| Cycle         | 7/20   |
| Episodes      | 400    |
| Timesteps     | 20000  |
| TimeCost(sec) | 95.142 |
| Pi_q_loss     | 1.521  |
| Pi_l2_loss    | 0.023  |
| Q_loss        | 0.015  |
| Success       | 0.11   |
+---------------+--------+
Saved as best policy to log/mep-ordinal-ddpg-FetchPush-v1-hgg-14-12-2021_17-15-57/!
Average inside: 0.86
2021-12-14 17:27:07 mep-ordinal
+---------------+-------+
| Epoch         | 0/20  |
| Cycle         | 8/20  |
| Episodes      | 450   |
| Timesteps     | 22500 |
| TimeCost(sec) | 95.12 |
| Pi_q_loss     | 1.284 |
| Pi_l2_loss    | 0.036 |
| Q_loss        | 0.01  |
| Success       | 0.06  |
+---------------+-------+
Average inside: 0.8
2021-12-14 17:28:43 mep-ordinal
+---------------+--------+
| Epoch         | 0/20   |
| Cycle         | 9/20   |
| Episodes      | 500    |
| Timesteps     | 25000  |
| TimeCost(sec) | 95.735 |
| Pi_q_loss     | 1.472  |
| Pi_l2_loss    | 0.028  |
| Q_loss        | 0.009  |
| Success       | 0.12   |
+---------------+--------+
Saved as best policy to log/mep-ordinal-ddpg-FetchPush-v1-hgg-14-12-2021_17-15-57/!
Average inside: 0.84
2021-12-14 17:30:20 mep-ordinal
+---------------+--------+
| Epoch         | 0/20   |
| Cycle         | 10/20  |
| Episodes      | 550    |
| Timesteps     | 27500  |
| TimeCost(sec) | 96.542 |
| Pi_q_loss     | 0.928  |
| Pi_l2_loss    | 0.022  |
| Q_loss        | 0.008  |
| Success       | 0.08   |
+---------------+--------+
Average inside: 0.78
2021-12-14 17:31:59 mep-ordinal
+---------------+--------+
| Epoch         | 0/20   |
| Cycle         | 11/20  |
| Episodes      | 600    |
| Timesteps     | 30000  |
| TimeCost(sec) | 98.947 |
| Pi_q_loss     | 1.755  |
| Pi_l2_loss    | 0.051  |
| Q_loss        | 0.017  |
| Success       | 0.06   |
+---------------+--------+
Average inside: 0.82
2021-12-14 17:33:34 mep-ordinal
+---------------+--------+
| Epoch         | 0/20   |
| Cycle         | 12/20  |
| Episodes      | 650    |
| Timesteps     | 32500  |
| TimeCost(sec) | 94.306 |
| Pi_q_loss     | 1.93   |
| Pi_l2_loss    | 0.027  |
| Q_loss        | 0.013  |
| Success       | 0.04   |
+---------------+--------+
Average inside: 0.8
2021-12-14 17:35:09 mep-ordinal
+---------------+--------+
| Epoch         | 0/20   |
| Cycle         | 13/20  |
| Episodes      | 700    |
| Timesteps     | 35000  |
| TimeCost(sec) | 94.837 |
| Pi_q_loss     | 1.337  |
| Pi_l2_loss    | 0.057  |
| Q_loss        | 0.011  |
| Success       | 0.06   |
+---------------+--------+
Average inside: 0.8
2021-12-14 17:36:45 mep-ordinal
+---------------+-------+
| Epoch         | 0/20  |
| Cycle         | 14/20 |
| Episodes      | 750   |
| Timesteps     | 37500 |
| TimeCost(sec) | 96.12 |
| Pi_q_loss     | 2.046 |
| Pi_l2_loss    | 0.053 |
| Q_loss        | 0.005 |
| Success       | 0.08  |
+---------------+-------+
Average inside: 0.68
2021-12-14 17:38:22 mep-ordinal
+---------------+--------+
| Epoch         | 0/20   |
| Cycle         | 15/20  |
| Episodes      | 800    |
| Timesteps     | 40000  |
| TimeCost(sec) | 96.235 |
| Pi_q_loss     | 1.787  |
| Pi_l2_loss    | 0.053  |
| Q_loss        | 0.008  |
| Success       | 0.04   |
+---------------+--------+
Average inside: 0.74
2021-12-14 17:39:56 mep-ordinal
+---------------+--------+
| Epoch         | 0/20   |
| Cycle         | 16/20  |
| Episodes      | 850    |
| Timesteps     | 42500  |
| TimeCost(sec) | 93.917 |
| Pi_q_loss     | 2.194  |
| Pi_l2_loss    | 0.041  |
| Q_loss        | 0.008  |
| Success       | 0.11   |
+---------------+--------+
Average inside: 0.74
2021-12-14 17:41:31 mep-ordinal
+---------------+--------+
| Epoch         | 0/20   |
| Cycle         | 17/20  |
| Episodes      | 900    |
| Timesteps     | 45000  |
| TimeCost(sec) | 94.702 |
| Pi_q_loss     | 2.312  |
| Pi_l2_loss    | 0.076  |
| Q_loss        | 0.015  |
| Success       | 0.04   |
+---------------+--------+
Average inside: 0.8
2021-12-14 17:43:11 mep-ordinal
+---------------+--------+
| Epoch         | 0/20   |
| Cycle         | 18/20  |
| Episodes      | 950    |
| Timesteps     | 47500  |
| TimeCost(sec) | 99.943 |
| Pi_q_loss     | 2.234  |
| Pi_l2_loss    | 0.056  |
| Q_loss        | 0.015  |
| Success       | 0.04   |
+---------------+--------+
Average inside: 0.72
2021-12-14 17:44:48 mep-ordinal
+---------------+--------+
| Epoch         | 0/20   |
| Cycle         | 19/20  |
| Episodes      | 1000   |
| Timesteps     | 50000  |
| TimeCost(sec) | 96.806 |
| Pi_q_loss     | 1.715  |
| Pi_l2_loss    | 0.062  |
| Q_loss        | 0.013  |
| Success       | 0.06   |
+---------------+--------+
Saved periodic policy to log/mep-ordinal-ddpg-FetchPush-v1-hgg-14-12-2021_17-15-57/!
Average inside: 0.74
2021-12-14 17:46:25 mep-ordinal
+---------------+--------+
| Epoch         | 1/20   |
| Cycle         | 0/20   |
| Episodes      | 1050   |
| Timesteps     | 52500  |
| TimeCost(sec) | 96.633 |
| Pi_q_loss     | 0.995  |
| Pi_l2_loss    | 0.043  |
| Q_loss        | 0.008  |
| Success       | 0.03   |
+---------------+--------+
Average inside: 0.82
2021-12-14 17:48:02 mep-ordinal
+---------------+--------+
| Epoch         | 1/20   |
| Cycle         | 1/20   |
| Episodes      | 1100   |
| Timesteps     | 55000  |
| TimeCost(sec) | 96.945 |
| Pi_q_loss     | 1.599  |
| Pi_l2_loss    | 0.077  |
| Q_loss        | 0.008  |
| Success       | 0.06   |
+---------------+--------+
Average inside: 0.78
2021-12-14 17:49:40 mep-ordinal
+---------------+--------+
| Epoch         | 1/20   |
| Cycle         | 2/20   |
| Episodes      | 1150   |
| Timesteps     | 57500  |
| TimeCost(sec) | 97.833 |
| Pi_q_loss     | 1.925  |
| Pi_l2_loss    | 0.084  |
| Q_loss        | 0.008  |
| Success       | 0.06   |
+---------------+--------+
Average inside: 0.8
2021-12-14 17:51:16 mep-ordinal
+---------------+--------+
| Epoch         | 1/20   |
| Cycle         | 3/20   |
| Episodes      | 1200   |
| Timesteps     | 60000  |
| TimeCost(sec) | 95.476 |
| Pi_q_loss     | 1.5    |
| Pi_l2_loss    | 0.063  |
| Q_loss        | 0.009  |
| Success       | 0.08   |
+---------------+--------+
Average inside: 0.68
2021-12-14 17:52:55 mep-ordinal
+---------------+--------+
| Epoch         | 1/20   |
| Cycle         | 4/20   |
| Episodes      | 1250   |
| Timesteps     | 62500  |
| TimeCost(sec) | 99.165 |
| Pi_q_loss     | 1.765  |
| Pi_l2_loss    | 0.044  |
| Q_loss        | 0.006  |
| Success       | 0.04   |
+---------------+--------+
Average inside: 0.66
2021-12-14 17:54:29 mep-ordinal
+---------------+--------+
| Epoch         | 1/20   |
| Cycle         | 5/20   |
| Episodes      | 1300   |
| Timesteps     | 65000  |
| TimeCost(sec) | 93.905 |
| Pi_q_loss     | 1.369  |
| Pi_l2_loss    | 0.05   |
| Q_loss        | 0.007  |
| Success       | 0.06   |
+---------------+--------+
Average inside: 0.76
2021-12-14 17:56:04 mep-ordinal
+---------------+--------+
| Epoch         | 1/20   |
| Cycle         | 6/20   |
| Episodes      | 1350   |
| Timesteps     | 67500  |
| TimeCost(sec) | 94.358 |
| Pi_q_loss     | 2.288  |
| Pi_l2_loss    | 0.047  |
| Q_loss        | 0.011  |
| Success       | 0.04   |
+---------------+--------+
Average inside: 0.88
2021-12-14 17:57:37 mep-ordinal
+---------------+--------+
| Epoch         | 1/20   |
| Cycle         | 7/20   |
| Episodes      | 1400   |
| Timesteps     | 70000  |
| TimeCost(sec) | 93.476 |
| Pi_q_loss     | 1.636  |
| Pi_l2_loss    | 0.068  |
| Q_loss        | 0.005  |
| Success       | 0.05   |
+---------------+--------+
Average inside: 0.8
2021-12-14 17:59:10 mep-ordinal
+---------------+--------+
| Epoch         | 1/20   |
| Cycle         | 8/20   |
| Episodes      | 1450   |
| Timesteps     | 72500  |
| TimeCost(sec) | 92.707 |
| Pi_q_loss     | 2.462  |
| Pi_l2_loss    | 0.05   |
| Q_loss        | 0.009  |
| Success       | 0.03   |
+---------------+--------+
Average inside: 0.74
2021-12-14 18:00:44 mep-ordinal
+---------------+-------+
| Epoch         | 1/20  |
| Cycle         | 9/20  |
| Episodes      | 1500  |
| Timesteps     | 75000 |
| TimeCost(sec) | 94.1  |
| Pi_q_loss     | 1.956 |
| Pi_l2_loss    | 0.06  |
| Q_loss        | 0.016 |
| Success       | 0.1   |
+---------------+-------+
Average inside: 0.84
2021-12-14 18:02:19 mep-ordinal
+---------------+--------+
| Epoch         | 1/20   |
| Cycle         | 10/20  |
| Episodes      | 1550   |
| Timesteps     | 77500  |
| TimeCost(sec) | 94.356 |
| Pi_q_loss     | 1.793  |
| Pi_l2_loss    | 0.033  |
| Q_loss        | 0.006  |
| Success       | 0.08   |
+---------------+--------+
Average inside: 0.86
2021-12-14 18:03:55 mep-ordinal
+---------------+--------+
| Epoch         | 1/20   |
| Cycle         | 11/20  |
| Episodes      | 1600   |
| Timesteps     | 80000  |
| TimeCost(sec) | 95.843 |
| Pi_q_loss     | 1.258  |
| Pi_l2_loss    | 0.036  |
| Q_loss        | 0.004  |
| Success       | 0.08   |
+---------------+--------+
Average inside: 0.8
2021-12-14 18:05:31 mep-ordinal
+---------------+--------+
| Epoch         | 1/20   |
| Cycle         | 12/20  |
| Episodes      | 1650   |
| Timesteps     | 82500  |
| TimeCost(sec) | 95.317 |
| Pi_q_loss     | 1.873  |
| Pi_l2_loss    | 0.028  |
| Q_loss        | 0.007  |
| Success       | 0.05   |
+---------------+--------+
Average inside: 0.8
2021-12-14 18:07:05 mep-ordinal
+---------------+--------+
| Epoch         | 1/20   |
| Cycle         | 13/20  |
| Episodes      | 1700   |
| Timesteps     | 85000  |
| TimeCost(sec) | 94.758 |
| Pi_q_loss     | 2.697  |
| Pi_l2_loss    | 0.067  |
| Q_loss        | 0.026  |
| Success       | 0.05   |
+---------------+--------+
Average inside: 0.76
2021-12-14 18:08:40 mep-ordinal
+---------------+--------+
| Epoch         | 1/20   |
| Cycle         | 14/20  |
| Episodes      | 1750   |
| Timesteps     | 87500  |
| TimeCost(sec) | 94.086 |
| Pi_q_loss     | 1.616  |
| Pi_l2_loss    | 0.047  |
| Q_loss        | 0.009  |
| Success       | 0.1    |
+---------------+--------+
Average inside: 0.92
2021-12-14 18:10:15 mep-ordinal
+---------------+-------+
| Epoch         | 1/20  |
| Cycle         | 15/20 |
| Episodes      | 1800  |
| Timesteps     | 90000 |
| TimeCost(sec) | 94.78 |
| Pi_q_loss     | 2.457 |
| Pi_l2_loss    | 0.055 |
| Q_loss        | 0.007 |
| Success       | 0.07  |
+---------------+-------+
Average inside: 0.86
2021-12-14 18:11:49 mep-ordinal
+---------------+-------+
| Epoch         | 1/20  |
| Cycle         | 16/20 |
| Episodes      | 1850  |
| Timesteps     | 92500 |
| TimeCost(sec) | 93.84 |
| Pi_q_loss     | 1.327 |
| Pi_l2_loss    | 0.043 |
| Q_loss        | 0.01  |
| Success       | 0.06  |
+---------------+-------+
Average inside: 0.84
2021-12-14 18:13:23 mep-ordinal
+---------------+--------+
| Epoch         | 1/20   |
| Cycle         | 17/20  |
| Episodes      | 1900   |
| Timesteps     | 95000  |
| TimeCost(sec) | 94.139 |
| Pi_q_loss     | 2.534  |
| Pi_l2_loss    | 0.035  |
| Q_loss        | 0.006  |
| Success       | 0.05   |
+---------------+--------+
Average inside: 0.78
2021-12-14 18:14:58 mep-ordinal
+---------------+--------+
| Epoch         | 1/20   |
| Cycle         | 18/20  |
| Episodes      | 1950   |
| Timesteps     | 97500  |
| TimeCost(sec) | 94.834 |
| Pi_q_loss     | 1.807  |
| Pi_l2_loss    | 0.057  |
| Q_loss        | 0.012  |
| Success       | 0.08   |
+---------------+--------+
Average inside: 0.82
2021-12-14 18:16:34 mep-ordinal
+---------------+--------+
| Epoch         | 1/20   |
| Cycle         | 19/20  |
| Episodes      | 2000   |
| Timesteps     | 100000 |
| TimeCost(sec) | 95.904 |
| Pi_q_loss     | 1.164  |
| Pi_l2_loss    | 0.043  |
| Q_loss        | 0.009  |
| Success       | 0.08   |
+---------------+--------+
Saved periodic policy to log/mep-ordinal-ddpg-FetchPush-v1-hgg-14-12-2021_17-15-57/!
Average inside: 0.8
2021-12-14 18:18:10 mep-ordinal
+---------------+--------+
| Epoch         | 2/20   |
| Cycle         | 0/20   |
| Episodes      | 2050   |
| Timesteps     | 102500 |
| TimeCost(sec) | 95.622 |
| Pi_q_loss     | 1.833  |
| Pi_l2_loss    | 0.061  |
| Q_loss        | 0.007  |
| Success       | 0.06   |
+---------------+--------+
Average inside: 0.76
2021-12-14 18:19:46 mep-ordinal
+---------------+--------+
| Epoch         | 2/20   |
| Cycle         | 1/20   |
| Episodes      | 2100   |
| Timesteps     | 105000 |
| TimeCost(sec) | 95.977 |
| Pi_q_loss     | 1.838  |
| Pi_l2_loss    | 0.06   |
| Q_loss        | 0.009  |
| Success       | 0.06   |
+---------------+--------+
Average inside: 0.8
2021-12-14 18:21:21 mep-ordinal
+---------------+--------+
| Epoch         | 2/20   |
| Cycle         | 2/20   |
| Episodes      | 2150   |
| Timesteps     | 107500 |
| TimeCost(sec) | 94.76  |
| Pi_q_loss     | 2.058  |
| Pi_l2_loss    | 0.051  |
| Q_loss        | 0.006  |
| Success       | 0.08   |
+---------------+--------+
Average inside: 0.8
2021-12-14 18:22:58 mep-ordinal
+---------------+--------+
| Epoch         | 2/20   |
| Cycle         | 3/20   |
| Episodes      | 2200   |
| Timesteps     | 110000 |
| TimeCost(sec) | 96.535 |
| Pi_q_loss     | 2.141  |
| Pi_l2_loss    | 0.051  |
| Q_loss        | 0.006  |
| Success       | 0.04   |
+---------------+--------+
Average inside: 0.84
2021-12-14 18:24:34 mep-ordinal
+---------------+--------+
| Epoch         | 2/20   |
| Cycle         | 4/20   |
| Episodes      | 2250   |
| Timesteps     | 112500 |
| TimeCost(sec) | 96.002 |
| Pi_q_loss     | 1.604  |
| Pi_l2_loss    | 0.047  |
| Q_loss        | 0.005  |
| Success       | 0.08   |
+---------------+--------+
Average inside: 0.78
2021-12-14 18:26:09 mep-ordinal
+---------------+--------+
| Epoch         | 2/20   |
| Cycle         | 5/20   |
| Episodes      | 2300   |
| Timesteps     | 115000 |
| TimeCost(sec) | 95.124 |
| Pi_q_loss     | 1.528  |
| Pi_l2_loss    | 0.067  |
| Q_loss        | 0.008  |
| Success       | 0.04   |
+---------------+--------+
Average inside: 0.7
2021-12-14 18:27:46 mep-ordinal
+---------------+--------+
| Epoch         | 2/20   |
| Cycle         | 6/20   |
| Episodes      | 2350   |
| Timesteps     | 117500 |
| TimeCost(sec) | 96.245 |
| Pi_q_loss     | 2.04   |
| Pi_l2_loss    | 0.078  |
| Q_loss        | 0.011  |
| Success       | 0.06   |
+---------------+--------+
Average inside: 0.88
2021-12-14 18:29:21 mep-ordinal
+---------------+--------+
| Epoch         | 2/20   |
| Cycle         | 7/20   |
| Episodes      | 2400   |
| Timesteps     | 120000 |
| TimeCost(sec) | 95.27  |
| Pi_q_loss     | 2.603  |
| Pi_l2_loss    | 0.076  |
| Q_loss        | 0.01   |
| Success       | 0.06   |
+---------------+--------+
Average inside: 0.74
2021-12-14 18:30:58 mep-ordinal
+---------------+--------+
| Epoch         | 2/20   |
| Cycle         | 8/20   |
| Episodes      | 2450   |
| Timesteps     | 122500 |
| TimeCost(sec) | 96.411 |
| Pi_q_loss     | 1.645  |
| Pi_l2_loss    | 0.048  |
| Q_loss        | 0.01   |
| Success       | 0.11   |
+---------------+--------+
Average inside: 0.76
2021-12-14 18:32:36 mep-ordinal
+---------------+--------+
| Epoch         | 2/20   |
| Cycle         | 9/20   |
| Episodes      | 2500   |
| Timesteps     | 125000 |
| TimeCost(sec) | 98.328 |
| Pi_q_loss     | 1.474  |
| Pi_l2_loss    | 0.041  |
| Q_loss        | 0.005  |
| Success       | 0.08   |
+---------------+--------+
Average inside: 0.9
2021-12-14 18:34:13 mep-ordinal
+---------------+--------+
| Epoch         | 2/20   |
| Cycle         | 10/20  |
| Episodes      | 2550   |
| Timesteps     | 127500 |
| TimeCost(sec) | 96.47  |
| Pi_q_loss     | 2.129  |
| Pi_l2_loss    | 0.036  |
| Q_loss        | 0.005  |
| Success       | 0.12   |
+---------------+--------+
Average inside: 0.78
2021-12-14 18:35:49 mep-ordinal
+---------------+--------+
| Epoch         | 2/20   |
| Cycle         | 11/20  |
| Episodes      | 2600   |
| Timesteps     | 130000 |
| TimeCost(sec) | 95.287 |
| Pi_q_loss     | 2.071  |
| Pi_l2_loss    | 0.046  |
| Q_loss        | 0.009  |
| Success       | 0.1    |
+---------------+--------+
Average inside: 0.86
2021-12-14 18:37:24 mep-ordinal
+---------------+--------+
| Epoch         | 2/20   |
| Cycle         | 12/20  |
| Episodes      | 2650   |
| Timesteps     | 132500 |
| TimeCost(sec) | 95.467 |
| Pi_q_loss     | 2.597  |
| Pi_l2_loss    | 0.056  |
| Q_loss        | 0.007  |
| Success       | 0.04   |
+---------------+--------+
Average inside: 0.82
2021-12-14 18:38:59 mep-ordinal
+---------------+--------+
| Epoch         | 2/20   |
| Cycle         | 13/20  |
| Episodes      | 2700   |
| Timesteps     | 135000 |
| TimeCost(sec) | 94.207 |
| Pi_q_loss     | 1.741  |
| Pi_l2_loss    | 0.036  |
| Q_loss        | 0.004  |
| Success       | 0.07   |
+---------------+--------+
Average inside: 0.78
2021-12-14 18:40:34 mep-ordinal
+---------------+--------+
| Epoch         | 2/20   |
| Cycle         | 14/20  |
| Episodes      | 2750   |
| Timesteps     | 137500 |
| TimeCost(sec) | 95.125 |
| Pi_q_loss     | 2.244  |
| Pi_l2_loss    | 0.059  |
| Q_loss        | 0.015  |
| Success       | 0.09   |
+---------------+--------+
Average inside: 0.82
2021-12-14 18:42:09 mep-ordinal
+---------------+--------+
| Epoch         | 2/20   |
| Cycle         | 15/20  |
| Episodes      | 2800   |
| Timesteps     | 140000 |
| TimeCost(sec) | 94.438 |
| Pi_q_loss     | 1.819  |
| Pi_l2_loss    | 0.032  |
| Q_loss        | 0.004  |
| Success       | 0.04   |
+---------------+--------+
Average inside: 0.74
2021-12-14 18:43:45 mep-ordinal
+---------------+--------+
| Epoch         | 2/20   |
| Cycle         | 16/20  |
| Episodes      | 2850   |
| Timesteps     | 142500 |
| TimeCost(sec) | 96.16  |
| Pi_q_loss     | 1.373  |
| Pi_l2_loss    | 0.04   |
| Q_loss        | 0.009  |
| Success       | 0.04   |
+---------------+--------+
Average inside: 0.76
2021-12-14 18:45:21 mep-ordinal
+---------------+--------+
| Epoch         | 2/20   |
| Cycle         | 17/20  |
| Episodes      | 2900   |
| Timesteps     | 145000 |
| TimeCost(sec) | 95.919 |
| Pi_q_loss     | 2.876  |
| Pi_l2_loss    | 0.053  |
| Q_loss        | 0.015  |
| Success       | 0.07   |
+---------------+--------+
Average inside: 0.7
2021-12-14 18:46:57 mep-ordinal
+---------------+--------+
| Epoch         | 2/20   |
| Cycle         | 18/20  |
| Episodes      | 2950   |
| Timesteps     | 147500 |
| TimeCost(sec) | 96.222 |
| Pi_q_loss     | 2.741  |
| Pi_l2_loss    | 0.082  |
| Q_loss        | 0.014  |
| Success       | 0.03   |
+---------------+--------+
Average inside: 0.84
2021-12-14 18:48:32 mep-ordinal
+---------------+--------+
| Epoch         | 2/20   |
| Cycle         | 19/20  |
| Episodes      | 3000   |
| Timesteps     | 150000 |
| TimeCost(sec) | 94.154 |
| Pi_q_loss     | 2.425  |
| Pi_l2_loss    | 0.057  |
| Q_loss        | 0.007  |
| Success       | 0.11   |
+---------------+--------+
Saved periodic policy to log/mep-ordinal-ddpg-FetchPush-v1-hgg-14-12-2021_17-15-57/!
Average inside: 0.76
2021-12-14 18:50:06 mep-ordinal
+---------------+--------+
| Epoch         | 3/20   |
| Cycle         | 0/20   |
| Episodes      | 3050   |
| Timesteps     | 152500 |
| TimeCost(sec) | 93.849 |
| Pi_q_loss     | 2.595  |
| Pi_l2_loss    | 0.049  |
| Q_loss        | 0.009  |
| Success       | 0.01   |
+---------------+--------+
Average inside: 0.78
2021-12-14 18:51:41 mep-ordinal
+---------------+--------+
| Epoch         | 3/20   |
| Cycle         | 1/20   |
| Episodes      | 3100   |
| Timesteps     | 155000 |
| TimeCost(sec) | 94.959 |
| Pi_q_loss     | 3.052  |
| Pi_l2_loss    | 0.038  |
| Q_loss        | 0.004  |
| Success       | 0.1    |
+---------------+--------+
Average inside: 0.78
2021-12-14 18:53:14 mep-ordinal
+---------------+--------+
| Epoch         | 3/20   |
| Cycle         | 2/20   |
| Episodes      | 3150   |
| Timesteps     | 157500 |
| TimeCost(sec) | 92.451 |
| Pi_q_loss     | 2.582  |
| Pi_l2_loss    | 0.048  |
| Q_loss        | 0.007  |
| Success       | 0.06   |
+---------------+--------+
Average inside: 0.9
2021-12-14 18:54:47 mep-ordinal
+---------------+--------+
| Epoch         | 3/20   |
| Cycle         | 3/20   |
| Episodes      | 3200   |
| Timesteps     | 160000 |
| TimeCost(sec) | 92.67  |
| Pi_q_loss     | 2.042  |
| Pi_l2_loss    | 0.036  |
| Q_loss        | 0.004  |
| Success       | 0.06   |
+---------------+--------+
Average inside: 0.82
2021-12-14 18:56:20 mep-ordinal
+---------------+--------+
| Epoch         | 3/20   |
| Cycle         | 4/20   |
| Episodes      | 3250   |
| Timesteps     | 162500 |
| TimeCost(sec) | 93.55  |
| Pi_q_loss     | 1.703  |
| Pi_l2_loss    | 0.063  |
| Q_loss        | 0.024  |
| Success       | 0.06   |
+---------------+--------+
Average inside: 0.76
2021-12-14 18:57:54 mep-ordinal
+---------------+--------+
| Epoch         | 3/20   |
| Cycle         | 5/20   |
| Episodes      | 3300   |
| Timesteps     | 165000 |
| TimeCost(sec) | 93.199 |
| Pi_q_loss     | 2.214  |
| Pi_l2_loss    | 0.061  |
| Q_loss        | 0.008  |
| Success       | 0.08   |
+---------------+--------+
Average inside: 0.76
2021-12-14 18:59:29 mep-ordinal
+---------------+--------+
| Epoch         | 3/20   |
| Cycle         | 6/20   |
| Episodes      | 3350   |
| Timesteps     | 167500 |
| TimeCost(sec) | 94.996 |
| Pi_q_loss     | 1.621  |
| Pi_l2_loss    | 0.039  |
| Q_loss        | 0.006  |
| Success       | 0.04   |
+---------------+--------+
Average inside: 0.92
2021-12-14 19:01:06 mep-ordinal
+---------------+--------+
| Epoch         | 3/20   |
| Cycle         | 7/20   |
| Episodes      | 3400   |
| Timesteps     | 170000 |
| TimeCost(sec) | 96.763 |
| Pi_q_loss     | 1.785  |
| Pi_l2_loss    | 0.048  |
| Q_loss        | 0.01   |
| Success       | 0.06   |
+---------------+--------+
Average inside: 0.82
2021-12-14 19:02:47 mep-ordinal
+---------------+---------+
| Epoch         | 3/20    |
| Cycle         | 8/20    |
| Episodes      | 3450    |
| Timesteps     | 172500  |
| TimeCost(sec) | 100.463 |
| Pi_q_loss     | 1.561   |
| Pi_l2_loss    | 0.062   |
| Q_loss        | 0.008   |
| Success       | 0.1     |
+---------------+---------+
Average inside: 0.84
2021-12-14 19:04:25 mep-ordinal
+---------------+--------+
| Epoch         | 3/20   |
| Cycle         | 9/20   |
| Episodes      | 3500   |
| Timesteps     | 175000 |
| TimeCost(sec) | 97.925 |
| Pi_q_loss     | 1.755  |
| Pi_l2_loss    | 0.064  |
| Q_loss        | 0.014  |
| Success       | 0.09   |
+---------------+--------+
Average inside: 0.76
2021-12-14 19:06:00 mep-ordinal
+---------------+--------+
| Epoch         | 3/20   |
| Cycle         | 10/20  |
| Episodes      | 3550   |
| Timesteps     | 177500 |
| TimeCost(sec) | 95.458 |
| Pi_q_loss     | 2.454  |
| Pi_l2_loss    | 0.046  |
| Q_loss        | 0.01   |
| Success       | 0.08   |
+---------------+--------+
Average inside: 0.74
2021-12-14 19:07:35 mep-ordinal
+---------------+--------+
| Epoch         | 3/20   |
| Cycle         | 11/20  |
| Episodes      | 3600   |
| Timesteps     | 180000 |
| TimeCost(sec) | 94.671 |
| Pi_q_loss     | 1.745  |
| Pi_l2_loss    | 0.053  |
| Q_loss        | 0.006  |
| Success       | 0.08   |
+---------------+--------+
Average inside: 0.72
2021-12-14 19:09:10 mep-ordinal
+---------------+--------+
| Epoch         | 3/20   |
| Cycle         | 12/20  |
| Episodes      | 3650   |
| Timesteps     | 182500 |
| TimeCost(sec) | 94.758 |
| Pi_q_loss     | 3.78   |
| Pi_l2_loss    | 0.059  |
| Q_loss        | 0.016  |
| Success       | 0.06   |
+---------------+--------+
Average inside: 0.72
2021-12-14 19:10:45 mep-ordinal
+---------------+--------+
| Epoch         | 3/20   |
| Cycle         | 13/20  |
| Episodes      | 3700   |
| Timesteps     | 185000 |
| TimeCost(sec) | 94.243 |
| Pi_q_loss     | 1.58   |
| Pi_l2_loss    | 0.057  |
| Q_loss        | 0.008  |
| Success       | 0.05   |
+---------------+--------+
Average inside: 0.72
2021-12-14 19:12:20 mep-ordinal
+---------------+--------+
| Epoch         | 3/20   |
| Cycle         | 14/20  |
| Episodes      | 3750   |
| Timesteps     | 187500 |
| TimeCost(sec) | 94.876 |
| Pi_q_loss     | 2.658  |
| Pi_l2_loss    | 0.126  |
| Q_loss        | 0.03   |
| Success       | 0.1    |
+---------------+--------+
Average inside: 0.82
2021-12-14 19:13:54 mep-ordinal
+---------------+--------+
| Epoch         | 3/20   |
| Cycle         | 15/20  |
| Episodes      | 3800   |
| Timesteps     | 190000 |
| TimeCost(sec) | 94.348 |
| Pi_q_loss     | 1.671  |
| Pi_l2_loss    | 0.047  |
| Q_loss        | 0.006  |
| Success       | 0.07   |
+---------------+--------+
Average inside: 0.72
2021-12-14 19:15:28 mep-ordinal
+---------------+--------+
| Epoch         | 3/20   |
| Cycle         | 16/20  |
| Episodes      | 3850   |
| Timesteps     | 192500 |
| TimeCost(sec) | 93.259 |
| Pi_q_loss     | 2.15   |
| Pi_l2_loss    | 0.098  |
| Q_loss        | 0.007  |
| Success       | 0.04   |
+---------------+--------+
Average inside: 0.82
2021-12-14 19:17:00 mep-ordinal
+---------------+--------+
| Epoch         | 3/20   |
| Cycle         | 17/20  |
| Episodes      | 3900   |
| Timesteps     | 195000 |
| TimeCost(sec) | 92.557 |
| Pi_q_loss     | 1.21   |
| Pi_l2_loss    | 0.048  |
| Q_loss        | 0.006  |
| Success       | 0.08   |
+---------------+--------+
Average inside: 0.8
2021-12-14 19:18:34 mep-ordinal
+---------------+--------+
| Epoch         | 3/20   |
| Cycle         | 18/20  |
| Episodes      | 3950   |
| Timesteps     | 197500 |
| TimeCost(sec) | 93.975 |
| Pi_q_loss     | 1.717  |
| Pi_l2_loss    | 0.032  |
| Q_loss        | 0.007  |
| Success       | 0.04   |
+---------------+--------+
Average inside: 0.72
2021-12-14 19:20:09 mep-ordinal
+---------------+--------+
| Epoch         | 3/20   |
| Cycle         | 19/20  |
| Episodes      | 4000   |
| Timesteps     | 200000 |
| TimeCost(sec) | 94.574 |
| Pi_q_loss     | 1.155  |
| Pi_l2_loss    | 0.032  |
| Q_loss        | 0.004  |
| Success       | 0.06   |
+---------------+--------+
Saved periodic policy to log/mep-ordinal-ddpg-FetchPush-v1-hgg-14-12-2021_17-15-57/!
Average inside: 0.72
2021-12-14 19:21:44 mep-ordinal
+---------------+--------+
| Epoch         | 4/20   |
| Cycle         | 0/20   |
| Episodes      | 4050   |
| Timesteps     | 202500 |
| TimeCost(sec) | 94.041 |
| Pi_q_loss     | 1.996  |
| Pi_l2_loss    | 0.051  |
| Q_loss        | 0.004  |
| Success       | 0.05   |
+---------------+--------+
Average inside: 0.76
2021-12-14 19:23:18 mep-ordinal
+---------------+--------+
| Epoch         | 4/20   |
| Cycle         | 1/20   |
| Episodes      | 4100   |
| Timesteps     | 205000 |
| TimeCost(sec) | 93.988 |
| Pi_q_loss     | 2.227  |
| Pi_l2_loss    | 0.05   |
| Q_loss        | 0.008  |
| Success       | 0.08   |
+---------------+--------+
Average inside: 0.76
2021-12-14 19:24:51 mep-ordinal
+---------------+--------+
| Epoch         | 4/20   |
| Cycle         | 2/20   |
| Episodes      | 4150   |
| Timesteps     | 207500 |
| TimeCost(sec) | 93.339 |
| Pi_q_loss     | 2.296  |
| Pi_l2_loss    | 0.034  |
| Q_loss        | 0.014  |
| Success       | 0.04   |
+---------------+--------+
Average inside: 0.7
2021-12-14 19:26:25 mep-ordinal
+---------------+--------+
| Epoch         | 4/20   |
| Cycle         | 3/20   |
| Episodes      | 4200   |
| Timesteps     | 210000 |
| TimeCost(sec) | 93.728 |
| Pi_q_loss     | 2.328  |
| Pi_l2_loss    | 0.04   |
| Q_loss        | 0.005  |
| Success       | 0.05   |
+---------------+--------+
Average inside: 0.8
2021-12-14 19:28:00 mep-ordinal
+---------------+--------+
| Epoch         | 4/20   |
| Cycle         | 4/20   |
| Episodes      | 4250   |
| Timesteps     | 212500 |
| TimeCost(sec) | 94.57  |
| Pi_q_loss     | 2.26   |
| Pi_l2_loss    | 0.052  |
| Q_loss        | 0.007  |
| Success       | 0.05   |
+---------------+--------+
Average inside: 0.72
2021-12-14 19:29:34 mep-ordinal
+---------------+--------+
| Epoch         | 4/20   |
| Cycle         | 5/20   |
| Episodes      | 4300   |
| Timesteps     | 215000 |
| TimeCost(sec) | 93.617 |
| Pi_q_loss     | 1.896  |
| Pi_l2_loss    | 0.055  |
| Q_loss        | 0.006  |
| Success       | 0.05   |
+---------------+--------+
Average inside: 0.88
2021-12-14 19:31:07 mep-ordinal
+---------------+--------+
| Epoch         | 4/20   |
| Cycle         | 6/20   |
| Episodes      | 4350   |
| Timesteps     | 217500 |
| TimeCost(sec) | 92.995 |
| Pi_q_loss     | 2.104  |
| Pi_l2_loss    | 0.053  |
| Q_loss        | 0.008  |
| Success       | 0.08   |
+---------------+--------+
Average inside: 0.8
2021-12-14 19:32:40 mep-ordinal
+---------------+--------+
| Epoch         | 4/20   |
| Cycle         | 7/20   |
| Episodes      | 4400   |
| Timesteps     | 220000 |
| TimeCost(sec) | 93.101 |
| Pi_q_loss     | 1.801  |
| Pi_l2_loss    | 0.026  |
| Q_loss        | 0.003  |
| Success       | 0.07   |
+---------------+--------+
Average inside: 0.86
2021-12-14 19:34:13 mep-ordinal
+---------------+--------+
| Epoch         | 4/20   |
| Cycle         | 8/20   |
| Episodes      | 4450   |
| Timesteps     | 222500 |
| TimeCost(sec) | 92.231 |
| Pi_q_loss     | 2.374  |
| Pi_l2_loss    | 0.044  |
| Q_loss        | 0.01   |
| Success       | 0.08   |
+---------------+--------+
Average inside: 0.84
2021-12-14 19:35:47 mep-ordinal
+---------------+--------+
| Epoch         | 4/20   |
| Cycle         | 9/20   |
| Episodes      | 4500   |
| Timesteps     | 225000 |
| TimeCost(sec) | 94.061 |
| Pi_q_loss     | 2.417  |
| Pi_l2_loss    | 0.056  |
| Q_loss        | 0.009  |
| Success       | 0.09   |
+---------------+--------+
Average inside: 0.92
2021-12-14 19:37:19 mep-ordinal
+---------------+--------+
| Epoch         | 4/20   |
| Cycle         | 10/20  |
| Episodes      | 4550   |
| Timesteps     | 227500 |
| TimeCost(sec) | 91.941 |
| Pi_q_loss     | 2.536  |
| Pi_l2_loss    | 0.048  |
| Q_loss        | 0.013  |
| Success       | 0.08   |
+---------------+--------+
Average inside: 0.72
2021-12-14 19:38:52 mep-ordinal
+---------------+--------+
| Epoch         | 4/20   |
| Cycle         | 11/20  |
| Episodes      | 4600   |
| Timesteps     | 230000 |
| TimeCost(sec) | 93.245 |
| Pi_q_loss     | 1.813  |
| Pi_l2_loss    | 0.059  |
| Q_loss        | 0.011  |
| Success       | 0.06   |
+---------------+--------+
Average inside: 0.92
2021-12-14 19:40:25 mep-ordinal
+---------------+--------+
| Epoch         | 4/20   |
| Cycle         | 12/20  |
| Episodes      | 4650   |
| Timesteps     | 232500 |
| TimeCost(sec) | 92.656 |
| Pi_q_loss     | 2.321  |
| Pi_l2_loss    | 0.037  |
| Q_loss        | 0.004  |
| Success       | 0.07   |
+---------------+--------+
Average inside: 0.86
2021-12-14 19:41:59 mep-ordinal
+---------------+--------+
| Epoch         | 4/20   |
| Cycle         | 13/20  |
| Episodes      | 4700   |
| Timesteps     | 235000 |
| TimeCost(sec) | 93.579 |
| Pi_q_loss     | 3.011  |
| Pi_l2_loss    | 0.038  |
| Q_loss        | 0.008  |
| Success       | 0.07   |
+---------------+--------+
Average inside: 0.76
2021-12-14 19:43:31 mep-ordinal
+---------------+--------+
| Epoch         | 4/20   |
| Cycle         | 14/20  |
| Episodes      | 4750   |
| Timesteps     | 237500 |
| TimeCost(sec) | 91.691 |
| Pi_q_loss     | 2.548  |
| Pi_l2_loss    | 0.042  |
| Q_loss        | 0.012  |
| Success       | 0.07   |
+---------------+--------+
Average inside: 0.66
2021-12-14 19:45:03 mep-ordinal
+---------------+--------+
| Epoch         | 4/20   |
| Cycle         | 15/20  |
| Episodes      | 4800   |
| Timesteps     | 240000 |
| TimeCost(sec) | 91.86  |
| Pi_q_loss     | 1.806  |
| Pi_l2_loss    | 0.035  |
| Q_loss        | 0.005  |
| Success       | 0.05   |
+---------------+--------+
Average inside: 0.68
2021-12-14 19:46:36 mep-ordinal
+---------------+--------+
| Epoch         | 4/20   |
| Cycle         | 16/20  |
| Episodes      | 4850   |
| Timesteps     | 242500 |
| TimeCost(sec) | 92.599 |
| Pi_q_loss     | 3.446  |
| Pi_l2_loss    | 0.061  |
| Q_loss        | 0.01   |
| Success       | 0.04   |
+---------------+--------+
Average inside: 0.8
2021-12-14 19:48:08 mep-ordinal
+---------------+--------+
| Epoch         | 4/20   |
| Cycle         | 17/20  |
| Episodes      | 4900   |
| Timesteps     | 245000 |
| TimeCost(sec) | 91.872 |
| Pi_q_loss     | 2.819  |
| Pi_l2_loss    | 0.055  |
| Q_loss        | 0.008  |
| Success       | 0.08   |
+---------------+--------+
Average inside: 0.7
2021-12-14 19:49:40 mep-ordinal
+---------------+--------+
| Epoch         | 4/20   |
| Cycle         | 18/20  |
| Episodes      | 4950   |
| Timesteps     | 247500 |
| TimeCost(sec) | 91.979 |
| Pi_q_loss     | 2.273  |
| Pi_l2_loss    | 0.054  |
| Q_loss        | 0.01   |
| Success       | 0.05   |
+---------------+--------+
Average inside: 0.84
2021-12-14 19:51:13 mep-ordinal
+---------------+--------+
| Epoch         | 4/20   |
| Cycle         | 19/20  |
| Episodes      | 5000   |
| Timesteps     | 250000 |
| TimeCost(sec) | 93.374 |
| Pi_q_loss     | 3.779  |
| Pi_l2_loss    | 0.051  |
| Q_loss        | 0.012  |
| Success       | 0.04   |
+---------------+--------+
Saved periodic policy to log/mep-ordinal-ddpg-FetchPush-v1-hgg-14-12-2021_17-15-57/!
Average inside: 0.74
2021-12-14 19:52:46 mep-ordinal
+---------------+--------+
| Epoch         | 5/20   |
| Cycle         | 0/20   |
| Episodes      | 5050   |
| Timesteps     | 252500 |
| TimeCost(sec) | 92.697 |
| Pi_q_loss     | 2.67   |
| Pi_l2_loss    | 0.075  |
| Q_loss        | 0.009  |
| Success       | 0.08   |
+---------------+--------+
Average inside: 0.74
2021-12-14 19:54:19 mep-ordinal
+---------------+--------+
| Epoch         | 5/20   |
| Cycle         | 1/20   |
| Episodes      | 5100   |
| Timesteps     | 255000 |
| TimeCost(sec) | 92.046 |
| Pi_q_loss     | 1.071  |
| Pi_l2_loss    | 0.039  |
| Q_loss        | 0.006  |
| Success       | 0.06   |
+---------------+--------+
Average inside: 0.88
2021-12-14 19:55:50 mep-ordinal
+---------------+--------+
| Epoch         | 5/20   |
| Cycle         | 2/20   |
| Episodes      | 5150   |
| Timesteps     | 257500 |
| TimeCost(sec) | 91.378 |
| Pi_q_loss     | 2.505  |
| Pi_l2_loss    | 0.084  |
| Q_loss        | 0.013  |
| Success       | 0.06   |
+---------------+--------+
Average inside: 0.82
2021-12-14 19:57:21 mep-ordinal
+---------------+--------+
| Epoch         | 5/20   |
| Cycle         | 3/20   |
| Episodes      | 5200   |
| Timesteps     | 260000 |
| TimeCost(sec) | 90.928 |
| Pi_q_loss     | 1.631  |
| Pi_l2_loss    | 0.072  |
| Q_loss        | 0.011  |
| Success       | 0.06   |
+---------------+--------+
Average inside: 0.68
2021-12-14 19:58:53 mep-ordinal
+---------------+--------+
| Epoch         | 5/20   |
| Cycle         | 4/20   |
| Episodes      | 5250   |
| Timesteps     | 262500 |
| TimeCost(sec) | 91.163 |
| Pi_q_loss     | 2.141  |
| Pi_l2_loss    | 0.052  |
| Q_loss        | 0.008  |
| Success       | 0.04   |
+---------------+--------+
Average inside: 0.76
2021-12-14 20:00:24 mep-ordinal
+---------------+--------+
| Epoch         | 5/20   |
| Cycle         | 5/20   |
| Episodes      | 5300   |
| Timesteps     | 265000 |
| TimeCost(sec) | 91.472 |
| Pi_q_loss     | 1.924  |
| Pi_l2_loss    | 0.092  |
| Q_loss        | 0.011  |
| Success       | 0.1    |
+---------------+--------+
Average inside: 0.76
2021-12-14 20:01:56 mep-ordinal
+---------------+--------+
| Epoch         | 5/20   |
| Cycle         | 6/20   |
| Episodes      | 5350   |
| Timesteps     | 267500 |
| TimeCost(sec) | 91.419 |
| Pi_q_loss     | 1.981  |
| Pi_l2_loss    | 0.056  |
| Q_loss        | 0.007  |
| Success       | 0.05   |
+---------------+--------+
Average inside: 0.72
2021-12-14 20:03:27 mep-ordinal
+---------------+--------+
| Epoch         | 5/20   |
| Cycle         | 7/20   |
| Episodes      | 5400   |
| Timesteps     | 270000 |
| TimeCost(sec) | 90.872 |
| Pi_q_loss     | 2.825  |
| Pi_l2_loss    | 0.051  |
| Q_loss        | 0.02   |
| Success       | 0.05   |
+---------------+--------+
Average inside: 0.84
2021-12-14 20:04:59 mep-ordinal
+---------------+--------+
| Epoch         | 5/20   |
| Cycle         | 8/20   |
| Episodes      | 5450   |
| Timesteps     | 272500 |
| TimeCost(sec) | 91.48  |
| Pi_q_loss     | 2.83   |
| Pi_l2_loss    | 0.044  |
| Q_loss        | 0.014  |
| Success       | 0.1    |
+---------------+--------+
Average inside: 0.78
2021-12-14 20:06:30 mep-ordinal
+---------------+--------+
| Epoch         | 5/20   |
| Cycle         | 9/20   |
| Episodes      | 5500   |
| Timesteps     | 275000 |
| TimeCost(sec) | 91.542 |
| Pi_q_loss     | 2.243  |
| Pi_l2_loss    | 0.038  |
| Q_loss        | 0.01   |
| Success       | 0.1    |
+---------------+--------+
Average inside: 0.64
2021-12-14 20:08:03 mep-ordinal
+---------------+--------+
| Epoch         | 5/20   |
| Cycle         | 10/20  |
| Episodes      | 5550   |
| Timesteps     | 277500 |
| TimeCost(sec) | 92.678 |
| Pi_q_loss     | 3.174  |
| Pi_l2_loss    | 0.07   |
| Q_loss        | 0.008  |
| Success       | 0.09   |
+---------------+--------+
Average inside: 0.78
2021-12-14 20:09:36 mep-ordinal
+---------------+--------+
| Epoch         | 5/20   |
| Cycle         | 11/20  |
| Episodes      | 5600   |
| Timesteps     | 280000 |
| TimeCost(sec) | 92.274 |
| Pi_q_loss     | 2.316  |
| Pi_l2_loss    | 0.056  |
| Q_loss        | 0.016  |
| Success       | 0.01   |
+---------------+--------+
Average inside: 0.72
2021-12-14 20:11:11 mep-ordinal
+---------------+--------+
| Epoch         | 5/20   |
| Cycle         | 12/20  |
| Episodes      | 5650   |
| Timesteps     | 282500 |
| TimeCost(sec) | 95.315 |
| Pi_q_loss     | 2.447  |
| Pi_l2_loss    | 0.105  |
| Q_loss        | 0.011  |
| Success       | 0.06   |
+---------------+--------+
Average inside: 0.7
2021-12-14 20:12:56 mep-ordinal
+---------------+---------+
| Epoch         | 5/20    |
| Cycle         | 13/20   |
| Episodes      | 5700    |
| Timesteps     | 285000  |
| TimeCost(sec) | 104.753 |
| Pi_q_loss     | 2.974   |
| Pi_l2_loss    | 0.082   |
| Q_loss        | 0.022   |
| Success       | 0.08    |
+---------------+---------+
Average inside: 0.82
2021-12-14 20:14:39 mep-ordinal
+---------------+---------+
| Epoch         | 5/20    |
| Cycle         | 14/20   |
| Episodes      | 5750    |
| Timesteps     | 287500  |
| TimeCost(sec) | 102.884 |
| Pi_q_loss     | 2.354   |
| Pi_l2_loss    | 0.043   |
| Q_loss        | 0.008   |
| Success       | 0.03    |
+---------------+---------+
Average inside: 0.8
2021-12-14 20:16:25 mep-ordinal
+---------------+---------+
| Epoch         | 5/20    |
| Cycle         | 15/20   |
| Episodes      | 5800    |
| Timesteps     | 290000  |
| TimeCost(sec) | 105.542 |
| Pi_q_loss     | 1.86    |
| Pi_l2_loss    | 0.057   |
| Q_loss        | 0.009   |
| Success       | 0.04    |
+---------------+---------+
Average inside: 0.62
2021-12-14 20:18:10 mep-ordinal
+---------------+---------+
| Epoch         | 5/20    |
| Cycle         | 16/20   |
| Episodes      | 5850    |
| Timesteps     | 292500  |
| TimeCost(sec) | 104.907 |
| Pi_q_loss     | 1.534   |
| Pi_l2_loss    | 0.044   |
| Q_loss        | 0.007   |
| Success       | 0.07    |
+---------------+---------+
Average inside: 0.76
2021-12-14 20:19:56 mep-ordinal
+---------------+---------+
| Epoch         | 5/20    |
| Cycle         | 17/20   |
| Episodes      | 5900    |
| Timesteps     | 295000  |
| TimeCost(sec) | 105.271 |
| Pi_q_loss     | 2.853   |
| Pi_l2_loss    | 0.058   |
| Q_loss        | 0.021   |
| Success       | 0.03    |
+---------------+---------+
Average inside: 0.8
2021-12-14 20:21:40 mep-ordinal
+---------------+---------+
| Epoch         | 5/20    |
| Cycle         | 18/20   |
| Episodes      | 5950    |
| Timesteps     | 297500  |
| TimeCost(sec) | 103.835 |
| Pi_q_loss     | 1.782   |
| Pi_l2_loss    | 0.046   |
| Q_loss        | 0.01    |
| Success       | 0.04    |
+---------------+---------+
Average inside: 0.82
2021-12-14 20:23:22 mep-ordinal
+---------------+---------+
| Epoch         | 5/20    |
| Cycle         | 19/20   |
| Episodes      | 6000    |
| Timesteps     | 300000  |
| TimeCost(sec) | 102.275 |
| Pi_q_loss     | 3.161   |
| Pi_l2_loss    | 0.049   |
| Q_loss        | 0.009   |
| Success       | 0.08    |
+---------------+---------+
Saved periodic policy to log/mep-ordinal-ddpg-FetchPush-v1-hgg-14-12-2021_17-15-57/!
Average inside: 0.82
2021-12-14 20:25:04 mep-ordinal
+---------------+---------+
| Epoch         | 6/20    |
| Cycle         | 0/20    |
| Episodes      | 6050    |
| Timesteps     | 302500  |
| TimeCost(sec) | 101.363 |
| Pi_q_loss     | 1.718   |
| Pi_l2_loss    | 0.04    |
| Q_loss        | 0.017   |
| Success       | 0.06    |
+---------------+---------+
Average inside: 0.84
2021-12-14 20:26:46 mep-ordinal
+---------------+---------+
| Epoch         | 6/20    |
| Cycle         | 1/20    |
| Episodes      | 6100    |
| Timesteps     | 305000  |
| TimeCost(sec) | 101.696 |
| Pi_q_loss     | 1.684   |
| Pi_l2_loss    | 0.04    |
| Q_loss        | 0.007   |
| Success       | 0.04    |
+---------------+---------+
Average inside: 0.94
2021-12-14 20:28:29 mep-ordinal
+---------------+---------+
| Epoch         | 6/20    |
| Cycle         | 2/20    |
| Episodes      | 6150    |
| Timesteps     | 307500  |
| TimeCost(sec) | 102.555 |
| Pi_q_loss     | 2.041   |
| Pi_l2_loss    | 0.055   |
| Q_loss        | 0.014   |
| Success       | 0.07    |
+---------------+---------+
Average inside: 0.66
2021-12-14 20:30:10 mep-ordinal
+---------------+---------+
| Epoch         | 6/20    |
| Cycle         | 3/20    |
| Episodes      | 6200    |
| Timesteps     | 310000  |
| TimeCost(sec) | 101.348 |
| Pi_q_loss     | 2.65    |
| Pi_l2_loss    | 0.051   |
| Q_loss        | 0.02    |
| Success       | 0.08    |
+---------------+---------+
Average inside: 0.72
2021-12-14 20:31:55 mep-ordinal
+---------------+---------+
| Epoch         | 6/20    |
| Cycle         | 4/20    |
| Episodes      | 6250    |
| Timesteps     | 312500  |
| TimeCost(sec) | 104.359 |
| Pi_q_loss     | 1.941   |
| Pi_l2_loss    | 0.054   |
| Q_loss        | 0.011   |
| Success       | 0.07    |
+---------------+---------+
Average inside: 0.8
2021-12-14 20:33:40 mep-ordinal
+---------------+---------+
| Epoch         | 6/20    |
| Cycle         | 5/20    |
| Episodes      | 6300    |
| Timesteps     | 315000  |
| TimeCost(sec) | 105.054 |
| Pi_q_loss     | 1.638   |
| Pi_l2_loss    | 0.061   |
| Q_loss        | 0.007   |
| Success       | 0.09    |
+---------------+---------+
Average inside: 0.8
2021-12-14 20:35:23 mep-ordinal
+---------------+---------+
| Epoch         | 6/20    |
| Cycle         | 6/20    |
| Episodes      | 6350    |
| Timesteps     | 317500  |
| TimeCost(sec) | 102.559 |
| Pi_q_loss     | 1.898   |
| Pi_l2_loss    | 0.044   |
| Q_loss        | 0.018   |
| Success       | 0.03    |
+---------------+---------+
Average inside: 0.78
2021-12-14 20:37:06 mep-ordinal
+---------------+---------+
| Epoch         | 6/20    |
| Cycle         | 7/20    |
| Episodes      | 6400    |
| Timesteps     | 320000  |
| TimeCost(sec) | 103.139 |
| Pi_q_loss     | 2.12    |
| Pi_l2_loss    | 0.082   |
| Q_loss        | 0.009   |
| Success       | 0.05    |
+---------------+---------+
Average inside: 0.74
2021-12-14 20:38:49 mep-ordinal
+---------------+---------+
| Epoch         | 6/20    |
| Cycle         | 8/20    |
| Episodes      | 6450    |
| Timesteps     | 322500  |
| TimeCost(sec) | 102.691 |
| Pi_q_loss     | 2.066   |
| Pi_l2_loss    | 0.047   |
| Q_loss        | 0.009   |
| Success       | 0.04    |
+---------------+---------+
Average inside: 0.78
2021-12-14 20:40:33 mep-ordinal
+---------------+---------+
| Epoch         | 6/20    |
| Cycle         | 9/20    |
| Episodes      | 6500    |
| Timesteps     | 325000  |
| TimeCost(sec) | 103.725 |
| Pi_q_loss     | 1.343   |
| Pi_l2_loss    | 0.039   |
| Q_loss        | 0.01    |
| Success       | 0.08    |
+---------------+---------+
Average inside: 0.8
2021-12-14 20:42:18 mep-ordinal
+---------------+---------+
| Epoch         | 6/20    |
| Cycle         | 10/20   |
| Episodes      | 6550    |
| Timesteps     | 327500  |
| TimeCost(sec) | 105.003 |
| Pi_q_loss     | 2.481   |
| Pi_l2_loss    | 0.029   |
| Q_loss        | 0.01    |
| Success       | 0.07    |
+---------------+---------+
Average inside: 0.86
2021-12-14 20:44:02 mep-ordinal
+---------------+---------+
| Epoch         | 6/20    |
| Cycle         | 11/20   |
| Episodes      | 6600    |
| Timesteps     | 330000  |
| TimeCost(sec) | 103.224 |
| Pi_q_loss     | 2.049   |
| Pi_l2_loss    | 0.032   |
| Q_loss        | 0.007   |
| Success       | 0.03    |
+---------------+---------+
Average inside: 0.9
2021-12-14 20:45:45 mep-ordinal
+---------------+---------+
| Epoch         | 6/20    |
| Cycle         | 12/20   |
| Episodes      | 6650    |
| Timesteps     | 332500  |
| TimeCost(sec) | 103.516 |
| Pi_q_loss     | 2.814   |
| Pi_l2_loss    | 0.06    |
| Q_loss        | 0.018   |
| Success       | 0.06    |
+---------------+---------+
Average inside: 0.78
2021-12-14 20:47:30 mep-ordinal
+---------------+---------+
| Epoch         | 6/20    |
| Cycle         | 13/20   |
| Episodes      | 6700    |
| Timesteps     | 335000  |
| TimeCost(sec) | 104.226 |
| Pi_q_loss     | 2.347   |
| Pi_l2_loss    | 0.044   |
| Q_loss        | 0.036   |
| Success       | 0.08    |
+---------------+---------+
Average inside: 0.9
2021-12-14 20:49:16 mep-ordinal
+---------------+---------+
| Epoch         | 6/20    |
| Cycle         | 14/20   |
| Episodes      | 6750    |
| Timesteps     | 337500  |
| TimeCost(sec) | 105.461 |
| Pi_q_loss     | 2.6     |
| Pi_l2_loss    | 0.029   |
| Q_loss        | 0.007   |
| Success       | 0.02    |
+---------------+---------+
Average inside: 0.78
2021-12-14 20:50:58 mep-ordinal
+---------------+---------+
| Epoch         | 6/20    |
| Cycle         | 15/20   |
| Episodes      | 6800    |
| Timesteps     | 340000  |
| TimeCost(sec) | 101.864 |
| Pi_q_loss     | 3.445   |
| Pi_l2_loss    | 0.062   |
| Q_loss        | 0.012   |
| Success       | 0.05    |
+---------------+---------+
Average inside: 0.78
2021-12-14 20:52:40 mep-ordinal
+---------------+---------+
| Epoch         | 6/20    |
| Cycle         | 16/20   |
| Episodes      | 6850    |
| Timesteps     | 342500  |
| TimeCost(sec) | 102.145 |
| Pi_q_loss     | 2.878   |
| Pi_l2_loss    | 0.067   |
| Q_loss        | 0.008   |
| Success       | 0.15    |
+---------------+---------+
Saved as best policy to log/mep-ordinal-ddpg-FetchPush-v1-hgg-14-12-2021_17-15-57/!
Average inside: 0.78
2021-12-14 20:54:24 mep-ordinal
+---------------+---------+
| Epoch         | 6/20    |
| Cycle         | 17/20   |
| Episodes      | 6900    |
| Timesteps     | 345000  |
| TimeCost(sec) | 103.478 |
| Pi_q_loss     | 3.473   |
| Pi_l2_loss    | 0.092   |
| Q_loss        | 0.062   |
| Success       | 0.06    |
+---------------+---------+
Average inside: 0.74
2021-12-14 20:56:08 mep-ordinal
+---------------+---------+
| Epoch         | 6/20    |
| Cycle         | 18/20   |
| Episodes      | 6950    |
| Timesteps     | 347500  |
| TimeCost(sec) | 103.841 |
| Pi_q_loss     | 2.643   |
| Pi_l2_loss    | 0.079   |
| Q_loss        | 0.012   |
| Success       | 0.08    |
+---------------+---------+
Average inside: 0.76
2021-12-14 20:57:49 mep-ordinal
+---------------+---------+
| Epoch         | 6/20    |
| Cycle         | 19/20   |
| Episodes      | 7000    |
| Timesteps     | 350000  |
| TimeCost(sec) | 101.335 |
| Pi_q_loss     | 3.061   |
| Pi_l2_loss    | 0.072   |
| Q_loss        | 0.011   |
| Success       | 0.06    |
+---------------+---------+
Saved periodic policy to log/mep-ordinal-ddpg-FetchPush-v1-hgg-14-12-2021_17-15-57/!
Average inside: 0.86
2021-12-14 20:59:30 mep-ordinal
+---------------+---------+
| Epoch         | 7/20    |
| Cycle         | 0/20    |
| Episodes      | 7050    |
| Timesteps     | 352500  |
| TimeCost(sec) | 100.051 |
| Pi_q_loss     | 1.347   |
| Pi_l2_loss    | 0.066   |
| Q_loss        | 0.009   |
| Success       | 0.07    |
+---------------+---------+
Average inside: 0.82
2021-12-14 21:01:11 mep-ordinal
+---------------+---------+
| Epoch         | 7/20    |
| Cycle         | 1/20    |
| Episodes      | 7100    |
| Timesteps     | 355000  |
| TimeCost(sec) | 100.603 |
| Pi_q_loss     | 1.58    |
| Pi_l2_loss    | 0.059   |
| Q_loss        | 0.139   |
| Success       | 0.04    |
+---------------+---------+
Average inside: 0.66
2021-12-14 21:02:49 mep-ordinal
+---------------+--------+
| Epoch         | 7/20   |
| Cycle         | 2/20   |
| Episodes      | 7150   |
| Timesteps     | 357500 |
| TimeCost(sec) | 97.767 |
| Pi_q_loss     | 2.003  |
| Pi_l2_loss    | 0.067  |
| Q_loss        | 0.018  |
| Success       | 0.1    |
+---------------+--------+
Average inside: 0.76
2021-12-14 21:04:26 mep-ordinal
+---------------+--------+
| Epoch         | 7/20   |
| Cycle         | 3/20   |
| Episodes      | 7200   |
| Timesteps     | 360000 |
| TimeCost(sec) | 96.664 |
| Pi_q_loss     | 2.255  |
| Pi_l2_loss    | 0.043  |
| Q_loss        | 0.176  |
| Success       | 0.09   |
+---------------+--------+
Average inside: 0.76
2021-12-14 21:06:03 mep-ordinal
+---------------+--------+
| Epoch         | 7/20   |
| Cycle         | 4/20   |
| Episodes      | 7250   |
| Timesteps     | 362500 |
| TimeCost(sec) | 97.626 |
| Pi_q_loss     | 2.826  |
| Pi_l2_loss    | 0.038  |
| Q_loss        | 0.011  |
| Success       | 0.06   |
+---------------+--------+
Average inside: 0.74
2021-12-14 21:07:41 mep-ordinal
+---------------+--------+
| Epoch         | 7/20   |
| Cycle         | 5/20   |
| Episodes      | 7300   |
| Timesteps     | 365000 |
| TimeCost(sec) | 97.811 |
| Pi_q_loss     | 2.042  |
| Pi_l2_loss    | 0.061  |
| Q_loss        | 0.005  |
| Success       | 0.05   |
+---------------+--------+
Average inside: 0.74
2021-12-14 21:09:21 mep-ordinal
+---------------+--------+
| Epoch         | 7/20   |
| Cycle         | 6/20   |
| Episodes      | 7350   |
| Timesteps     | 367500 |
| TimeCost(sec) | 99.196 |
| Pi_q_loss     | 3.589  |
| Pi_l2_loss    | 0.073  |
| Q_loss        | 0.02   |
| Success       | 0.03   |
+---------------+--------+
Average inside: 0.88
2021-12-14 21:10:58 mep-ordinal
+---------------+--------+
| Epoch         | 7/20   |
| Cycle         | 7/20   |
| Episodes      | 7400   |
| Timesteps     | 370000 |
| TimeCost(sec) | 97.002 |
| Pi_q_loss     | 3.076  |
| Pi_l2_loss    | 0.083  |
| Q_loss        | 0.015  |
| Success       | 0.04   |
+---------------+--------+
Average inside: 0.78
2021-12-14 21:12:36 mep-ordinal
+---------------+--------+
| Epoch         | 7/20   |
| Cycle         | 8/20   |
| Episodes      | 7450   |
| Timesteps     | 372500 |
| TimeCost(sec) | 97.497 |
| Pi_q_loss     | 2.039  |
| Pi_l2_loss    | 0.046  |
| Q_loss        | 0.01   |
| Success       | 0.08   |
+---------------+--------+
Average inside: 0.7
2021-12-14 21:14:14 mep-ordinal
+---------------+--------+
| Epoch         | 7/20   |
| Cycle         | 9/20   |
| Episodes      | 7500   |
| Timesteps     | 375000 |
| TimeCost(sec) | 98.612 |
| Pi_q_loss     | 2.457  |
| Pi_l2_loss    | 0.055  |
| Q_loss        | 0.013  |
| Success       | 0.04   |
+---------------+--------+
Average inside: 0.82
2021-12-14 21:15:47 mep-ordinal
+---------------+--------+
| Epoch         | 7/20   |
| Cycle         | 10/20  |
| Episodes      | 7550   |
| Timesteps     | 377500 |
| TimeCost(sec) | 91.933 |
| Pi_q_loss     | 2.259  |
| Pi_l2_loss    | 0.05   |
| Q_loss        | 0.007  |
| Success       | 0.05   |
+---------------+--------+
Average inside: 0.84
2021-12-14 21:17:18 mep-ordinal
+---------------+--------+
| Epoch         | 7/20   |
| Cycle         | 11/20  |
| Episodes      | 7600   |
| Timesteps     | 380000 |
| TimeCost(sec) | 91.381 |
| Pi_q_loss     | 1.802  |
| Pi_l2_loss    | 0.079  |
| Q_loss        | 0.008  |
| Success       | 0.03   |
+---------------+--------+
Average inside: 0.8
2021-12-14 21:18:49 mep-ordinal
+---------------+--------+
| Epoch         | 7/20   |
| Cycle         | 12/20  |
| Episodes      | 7650   |
| Timesteps     | 382500 |
| TimeCost(sec) | 90.768 |
| Pi_q_loss     | 2.339  |
| Pi_l2_loss    | 0.065  |
| Q_loss        | 0.004  |
| Success       | 0.06   |
+---------------+--------+
Average inside: 0.74
2021-12-14 21:20:25 mep-ordinal
+---------------+--------+
| Epoch         | 7/20   |
| Cycle         | 13/20  |
| Episodes      | 7700   |
| Timesteps     | 385000 |
| TimeCost(sec) | 95.587 |
| Pi_q_loss     | 1.515  |
| Pi_l2_loss    | 0.027  |
| Q_loss        | 0.01   |
| Success       | 0.08   |
+---------------+--------+
Average inside: 0.88
2021-12-14 21:22:01 mep-ordinal
+---------------+--------+
| Epoch         | 7/20   |
| Cycle         | 14/20  |
| Episodes      | 7750   |
| Timesteps     | 387500 |
| TimeCost(sec) | 95.493 |
| Pi_q_loss     | 1.378  |
| Pi_l2_loss    | 0.081  |
| Q_loss        | 0.011  |
| Success       | 0.06   |
+---------------+--------+
Average inside: 0.84
2021-12-14 21:23:36 mep-ordinal
+---------------+--------+
| Epoch         | 7/20   |
| Cycle         | 15/20  |
| Episodes      | 7800   |
| Timesteps     | 390000 |
| TimeCost(sec) | 95.338 |
| Pi_q_loss     | 2.48   |
| Pi_l2_loss    | 0.041  |
| Q_loss        | 0.015  |
| Success       | 0.08   |
+---------------+--------+
Average inside: 0.88
2021-12-14 21:25:08 mep-ordinal
+---------------+--------+
| Epoch         | 7/20   |
| Cycle         | 16/20  |
| Episodes      | 7850   |
| Timesteps     | 392500 |
| TimeCost(sec) | 92.215 |
| Pi_q_loss     | 2.361  |
| Pi_l2_loss    | 0.054  |
| Q_loss        | 0.011  |
| Success       | 0.11   |
+---------------+--------+
Average inside: 0.86
2021-12-14 21:26:48 mep-ordinal
+---------------+--------+
| Epoch         | 7/20   |
| Cycle         | 17/20  |
| Episodes      | 7900   |
| Timesteps     | 395000 |
| TimeCost(sec) | 99.374 |
| Pi_q_loss     | 2.839  |
| Pi_l2_loss    | 0.056  |
| Q_loss        | 0.014  |
| Success       | 0.04   |
+---------------+--------+
Average inside: 0.92
2021-12-14 21:28:24 mep-ordinal
+---------------+--------+
| Epoch         | 7/20   |
| Cycle         | 18/20  |
| Episodes      | 7950   |
| Timesteps     | 397500 |
| TimeCost(sec) | 96.037 |
| Pi_q_loss     | 2.525  |
| Pi_l2_loss    | 0.054  |
| Q_loss        | 0.065  |
| Success       | 0.04   |
+---------------+--------+
Average inside: 0.74
2021-12-14 21:30:00 mep-ordinal
+---------------+--------+
| Epoch         | 7/20   |
| Cycle         | 19/20  |
| Episodes      | 8000   |
| Timesteps     | 400000 |
| TimeCost(sec) | 95.544 |
| Pi_q_loss     | 3.769  |
| Pi_l2_loss    | 0.038  |
| Q_loss        | 0.01   |
| Success       | 0.07   |
+---------------+--------+
Saved periodic policy to log/mep-ordinal-ddpg-FetchPush-v1-hgg-14-12-2021_17-15-57/!
Average inside: 0.76
2021-12-14 21:31:36 mep-ordinal
+---------------+--------+
| Epoch         | 8/20   |
| Cycle         | 0/20   |
| Episodes      | 8050   |
| Timesteps     | 402500 |
| TimeCost(sec) | 95.941 |
| Pi_q_loss     | 1.86   |
| Pi_l2_loss    | 0.027  |
| Q_loss        | 0.012  |
| Success       | 0.05   |
+---------------+--------+
Average inside: 0.84
2021-12-14 21:33:13 mep-ordinal
+---------------+--------+
| Epoch         | 8/20   |
| Cycle         | 1/20   |
| Episodes      | 8100   |
| Timesteps     | 405000 |
| TimeCost(sec) | 96.812 |
| Pi_q_loss     | 3.313  |
| Pi_l2_loss    | 0.067  |
| Q_loss        | 0.014  |
| Success       | 0.09   |
+---------------+--------+
Average inside: 0.86
2021-12-14 21:34:50 mep-ordinal
+---------------+--------+
| Epoch         | 8/20   |
| Cycle         | 2/20   |
| Episodes      | 8150   |
| Timesteps     | 407500 |
| TimeCost(sec) | 96.674 |
| Pi_q_loss     | 2.119  |
| Pi_l2_loss    | 0.062  |
| Q_loss        | 0.024  |
| Success       | 0.07   |
+---------------+--------+
Average inside: 0.7
2021-12-14 21:36:26 mep-ordinal
+---------------+--------+
| Epoch         | 8/20   |
| Cycle         | 3/20   |
| Episodes      | 8200   |
| Timesteps     | 410000 |
| TimeCost(sec) | 95.611 |
| Pi_q_loss     | 2.346  |
| Pi_l2_loss    | 0.06   |
| Q_loss        | 0.036  |
| Success       | 0.1    |
+---------------+--------+
Average inside: 0.76
2021-12-14 21:38:03 mep-ordinal
+---------------+--------+
| Epoch         | 8/20   |
| Cycle         | 4/20   |
| Episodes      | 8250   |
| Timesteps     | 412500 |
| TimeCost(sec) | 97.336 |
| Pi_q_loss     | 3.332  |
| Pi_l2_loss    | 0.046  |
| Q_loss        | 0.014  |
| Success       | 0.04   |
+---------------+--------+
Average inside: 0.74
2021-12-14 21:39:40 mep-ordinal
+---------------+--------+
| Epoch         | 8/20   |
| Cycle         | 5/20   |
| Episodes      | 8300   |
| Timesteps     | 415000 |
| TimeCost(sec) | 96.802 |
| Pi_q_loss     | 2.21   |
| Pi_l2_loss    | 0.054  |
| Q_loss        | 0.013  |
| Success       | 0.04   |
+---------------+--------+
Average inside: 0.94
2021-12-14 21:41:16 mep-ordinal
+---------------+--------+
| Epoch         | 8/20   |
| Cycle         | 6/20   |
| Episodes      | 8350   |
| Timesteps     | 417500 |
| TimeCost(sec) | 95.133 |
| Pi_q_loss     | 1.355  |
| Pi_l2_loss    | 0.043  |
| Q_loss        | 0.008  |
| Success       | 0.11   |
+---------------+--------+
Average inside: 0.72
2021-12-14 21:42:52 mep-ordinal
+---------------+--------+
| Epoch         | 8/20   |
| Cycle         | 7/20   |
| Episodes      | 8400   |
| Timesteps     | 420000 |
| TimeCost(sec) | 96.187 |
| Pi_q_loss     | 2.145  |
| Pi_l2_loss    | 0.037  |
| Q_loss        | 0.006  |
| Success       | 0.05   |
+---------------+--------+
Average inside: 0.74
2021-12-14 21:44:29 mep-ordinal
+---------------+--------+
| Epoch         | 8/20   |
| Cycle         | 8/20   |
| Episodes      | 8450   |
| Timesteps     | 422500 |
| TimeCost(sec) | 96.51  |
| Pi_q_loss     | 2.379  |
| Pi_l2_loss    | 0.053  |
| Q_loss        | 0.019  |
| Success       | 0.06   |
+---------------+--------+
Average inside: 0.78
2021-12-14 21:46:07 mep-ordinal
+---------------+--------+
| Epoch         | 8/20   |
| Cycle         | 9/20   |
| Episodes      | 8500   |
| Timesteps     | 425000 |
| TimeCost(sec) | 98.245 |
| Pi_q_loss     | 2.598  |
| Pi_l2_loss    | 0.031  |
| Q_loss        | 0.007  |
| Success       | 0.03   |
+---------------+--------+
Average inside: 0.68
2021-12-14 21:47:46 mep-ordinal
+---------------+--------+
| Epoch         | 8/20   |
| Cycle         | 10/20  |
| Episodes      | 8550   |
| Timesteps     | 427500 |
| TimeCost(sec) | 98.365 |
| Pi_q_loss     | 2.944  |
| Pi_l2_loss    | 0.055  |
| Q_loss        | 0.009  |
| Success       | 0.06   |
+---------------+--------+
Average inside: 0.74
2021-12-14 21:49:25 mep-ordinal
+---------------+--------+
| Epoch         | 8/20   |
| Cycle         | 11/20  |
| Episodes      | 8600   |
| Timesteps     | 430000 |
| TimeCost(sec) | 98.898 |
| Pi_q_loss     | 2.68   |
| Pi_l2_loss    | 0.043  |
| Q_loss        | 0.005  |
| Success       | 0.09   |
+---------------+--------+
Average inside: 0.86
2021-12-14 21:51:03 mep-ordinal
+---------------+--------+
| Epoch         | 8/20   |
| Cycle         | 12/20  |
| Episodes      | 8650   |
| Timesteps     | 432500 |
| TimeCost(sec) | 98.134 |
| Pi_q_loss     | 2.266  |
| Pi_l2_loss    | 0.058  |
| Q_loss        | 0.018  |
| Success       | 0.06   |
+---------------+--------+
Average inside: 0.76
2021-12-14 21:52:41 mep-ordinal
+---------------+--------+
| Epoch         | 8/20   |
| Cycle         | 13/20  |
| Episodes      | 8700   |
| Timesteps     | 435000 |
| TimeCost(sec) | 97.17  |
| Pi_q_loss     | 2.614  |
| Pi_l2_loss    | 0.061  |
| Q_loss        | 0.016  |
| Success       | 0.1    |
+---------------+--------+
Average inside: 0.76
2021-12-14 21:54:17 mep-ordinal
+---------------+--------+
| Epoch         | 8/20   |
| Cycle         | 14/20  |
| Episodes      | 8750   |
| Timesteps     | 437500 |
| TimeCost(sec) | 96.685 |
| Pi_q_loss     | 2.75   |
| Pi_l2_loss    | 0.104  |
| Q_loss        | 0.045  |
| Success       | 0.06   |
+---------------+--------+
Average inside: 0.74
2021-12-14 21:55:54 mep-ordinal
+---------------+--------+
| Epoch         | 8/20   |
| Cycle         | 15/20  |
| Episodes      | 8800   |
| Timesteps     | 440000 |
| TimeCost(sec) | 96.664 |
| Pi_q_loss     | 2.864  |
| Pi_l2_loss    | 0.071  |
| Q_loss        | 0.012  |
| Success       | 0.08   |
+---------------+--------+
Average inside: 0.8
2021-12-14 21:57:30 mep-ordinal
+---------------+--------+
| Epoch         | 8/20   |
| Cycle         | 16/20  |
| Episodes      | 8850   |
| Timesteps     | 442500 |
| TimeCost(sec) | 95.167 |
| Pi_q_loss     | 2.635  |
| Pi_l2_loss    | 0.07   |
| Q_loss        | 0.024  |
| Success       | 0.07   |
+---------------+--------+
Average inside: 0.88
2021-12-14 21:59:05 mep-ordinal
+---------------+--------+
| Epoch         | 8/20   |
| Cycle         | 17/20  |
| Episodes      | 8900   |
| Timesteps     | 445000 |
| TimeCost(sec) | 95.436 |
| Pi_q_loss     | 1.937  |
| Pi_l2_loss    | 0.052  |
| Q_loss        | 0.018  |
| Success       | 0.05   |
+---------------+--------+
Average inside: 0.84
2021-12-14 22:00:41 mep-ordinal
+---------------+--------+
| Epoch         | 8/20   |
| Cycle         | 18/20  |
| Episodes      | 8950   |
| Timesteps     | 447500 |
| TimeCost(sec) | 95.27  |
| Pi_q_loss     | 1.536  |
| Pi_l2_loss    | 0.048  |
| Q_loss        | 0.015  |
| Success       | 0.09   |
+---------------+--------+
Average inside: 0.8
2021-12-14 22:02:19 mep-ordinal
+---------------+--------+
| Epoch         | 8/20   |
| Cycle         | 19/20  |
| Episodes      | 9000   |
| Timesteps     | 450000 |
| TimeCost(sec) | 97.831 |
| Pi_q_loss     | 3.842  |
| Pi_l2_loss    | 0.053  |
| Q_loss        | 0.015  |
| Success       | 0.04   |
+---------------+--------+
Saved periodic policy to log/mep-ordinal-ddpg-FetchPush-v1-hgg-14-12-2021_17-15-57/!
Average inside: 0.74
2021-12-14 22:03:57 mep-ordinal
+---------------+--------+
| Epoch         | 9/20   |
| Cycle         | 0/20   |
| Episodes      | 9050   |
| Timesteps     | 452500 |
| TimeCost(sec) | 97.737 |
| Pi_q_loss     | 2.712  |
| Pi_l2_loss    | 0.044  |
| Q_loss        | 0.009  |
| Success       | 0.07   |
+---------------+--------+
Average inside: 0.84
2021-12-14 22:05:29 mep-ordinal
+---------------+--------+
| Epoch         | 9/20   |
| Cycle         | 1/20   |
| Episodes      | 9100   |
| Timesteps     | 455000 |
| TimeCost(sec) | 92.387 |
| Pi_q_loss     | 2.825  |
| Pi_l2_loss    | 0.043  |
| Q_loss        | 0.009  |
| Success       | 0.08   |
+---------------+--------+
Average inside: 0.8
2021-12-14 22:07:00 mep-ordinal
+---------------+--------+
| Epoch         | 9/20   |
| Cycle         | 2/20   |
| Episodes      | 9150   |
| Timesteps     | 457500 |
| TimeCost(sec) | 90.372 |
| Pi_q_loss     | 4.822  |
| Pi_l2_loss    | 0.042  |
| Q_loss        | 0.014  |
| Success       | 0.11   |
+---------------+--------+
Average inside: 0.82
2021-12-14 22:08:32 mep-ordinal
+---------------+--------+
| Epoch         | 9/20   |
| Cycle         | 3/20   |
| Episodes      | 9200   |
| Timesteps     | 460000 |
| TimeCost(sec) | 91.945 |
| Pi_q_loss     | 2.674  |
| Pi_l2_loss    | 0.057  |
| Q_loss        | 0.024  |
| Success       | 0.05   |
+---------------+--------+
Average inside: 0.7
2021-12-14 22:10:03 mep-ordinal
+---------------+--------+
| Epoch         | 9/20   |
| Cycle         | 4/20   |
| Episodes      | 9250   |
| Timesteps     | 462500 |
| TimeCost(sec) | 90.956 |
| Pi_q_loss     | 1.569  |
| Pi_l2_loss    | 0.061  |
| Q_loss        | 0.143  |
| Success       | 0.08   |
+---------------+--------+
Average inside: 0.84
2021-12-14 22:11:33 mep-ordinal
+---------------+--------+
| Epoch         | 9/20   |
| Cycle         | 5/20   |
| Episodes      | 9300   |
| Timesteps     | 465000 |
| TimeCost(sec) | 89.207 |
| Pi_q_loss     | 4.199  |
| Pi_l2_loss    | 0.06   |
| Q_loss        | 0.016  |
| Success       | 0.07   |
+---------------+--------+
Average inside: 0.7
2021-12-14 22:13:03 mep-ordinal
+---------------+--------+
| Epoch         | 9/20   |
| Cycle         | 6/20   |
| Episodes      | 9350   |
| Timesteps     | 467500 |
| TimeCost(sec) | 90.277 |
| Pi_q_loss     | 3.974  |
| Pi_l2_loss    | 0.056  |
| Q_loss        | 0.015  |
| Success       | 0.07   |
+---------------+--------+
Average inside: 0.82
2021-12-14 22:14:33 mep-ordinal
+---------------+--------+
| Epoch         | 9/20   |
| Cycle         | 7/20   |
| Episodes      | 9400   |
| Timesteps     | 470000 |
| TimeCost(sec) | 89.694 |
| Pi_q_loss     | 4.449  |
| Pi_l2_loss    | 0.053  |
| Q_loss        | 0.021  |
| Success       | 0.05   |
+---------------+--------+
Average inside: 0.84
2021-12-14 22:16:04 mep-ordinal
+---------------+--------+
| Epoch         | 9/20   |
| Cycle         | 8/20   |
| Episodes      | 9450   |
| Timesteps     | 472500 |
| TimeCost(sec) | 90.678 |
| Pi_q_loss     | 3.121  |
| Pi_l2_loss    | 0.069  |
| Q_loss        | 0.012  |
| Success       | 0.14   |
+---------------+--------+
Average inside: 0.76
2021-12-14 22:17:34 mep-ordinal
+---------------+--------+
| Epoch         | 9/20   |
| Cycle         | 9/20   |
| Episodes      | 9500   |
| Timesteps     | 475000 |
| TimeCost(sec) | 90.36  |
| Pi_q_loss     | 2.737  |
| Pi_l2_loss    | 0.054  |
| Q_loss        | 0.019  |
| Success       | 0.08   |
+---------------+--------+
Average inside: 0.92
2021-12-14 22:19:03 mep-ordinal
+---------------+--------+
| Epoch         | 9/20   |
| Cycle         | 10/20  |
| Episodes      | 9550   |
| Timesteps     | 477500 |
| TimeCost(sec) | 89.065 |
| Pi_q_loss     | 3.096  |
| Pi_l2_loss    | 0.091  |
| Q_loss        | 0.042  |
| Success       | 0.12   |
+---------------+--------+
Average inside: 0.66
2021-12-14 22:20:33 mep-ordinal
+---------------+--------+
| Epoch         | 9/20   |
| Cycle         | 11/20  |
| Episodes      | 9600   |
| Timesteps     | 480000 |
| TimeCost(sec) | 89.285 |
| Pi_q_loss     | 2.38   |
| Pi_l2_loss    | 0.063  |
| Q_loss        | 0.024  |
| Success       | 0.03   |
+---------------+--------+
Average inside: 0.82
2021-12-14 22:22:03 mep-ordinal
+---------------+--------+
| Epoch         | 9/20   |
| Cycle         | 12/20  |
| Episodes      | 9650   |
| Timesteps     | 482500 |
| TimeCost(sec) | 90.192 |
| Pi_q_loss     | 2.498  |
| Pi_l2_loss    | 0.074  |
| Q_loss        | 0.011  |
| Success       | 0.06   |
+---------------+--------+
Average inside: 0.8
2021-12-14 22:23:34 mep-ordinal
+---------------+--------+
| Epoch         | 9/20   |
| Cycle         | 13/20  |
| Episodes      | 9700   |
| Timesteps     | 485000 |
| TimeCost(sec) | 90.099 |
| Pi_q_loss     | 1.98   |
| Pi_l2_loss    | 0.07   |
| Q_loss        | 0.017  |
| Success       | 0.08   |
+---------------+--------+
Average inside: 0.66
2021-12-14 22:25:05 mep-ordinal
+---------------+--------+
| Epoch         | 9/20   |
| Cycle         | 14/20  |
| Episodes      | 9750   |
| Timesteps     | 487500 |
| TimeCost(sec) | 90.902 |
| Pi_q_loss     | 3.251  |
| Pi_l2_loss    | 0.06   |
| Q_loss        | 0.011  |
| Success       | 0.06   |
+---------------+--------+
Average inside: 0.9
2021-12-14 22:26:35 mep-ordinal
+---------------+--------+
| Epoch         | 9/20   |
| Cycle         | 15/20  |
| Episodes      | 9800   |
| Timesteps     | 490000 |
| TimeCost(sec) | 90.4   |
| Pi_q_loss     | 1.592  |
| Pi_l2_loss    | 0.067  |
| Q_loss        | 0.008  |
| Success       | 0.07   |
+---------------+--------+
Average inside: 0.84
2021-12-14 22:28:07 mep-ordinal
+---------------+--------+
| Epoch         | 9/20   |
| Cycle         | 16/20  |
| Episodes      | 9850   |
| Timesteps     | 492500 |
| TimeCost(sec) | 91.395 |
| Pi_q_loss     | 2.101  |
| Pi_l2_loss    | 0.074  |
| Q_loss        | 0.008  |
| Success       | 0.09   |
+---------------+--------+
Average inside: 0.78
2021-12-14 22:29:39 mep-ordinal
+---------------+--------+
| Epoch         | 9/20   |
| Cycle         | 17/20  |
| Episodes      | 9900   |
| Timesteps     | 495000 |
| TimeCost(sec) | 91.653 |
| Pi_q_loss     | 3.798  |
| Pi_l2_loss    | 0.045  |
| Q_loss        | 0.009  |
| Success       | 0.1    |
+---------------+--------+
Average inside: 0.76
2021-12-14 22:31:11 mep-ordinal
+---------------+--------+
| Epoch         | 9/20   |
| Cycle         | 18/20  |
| Episodes      | 9950   |
| Timesteps     | 497500 |
| TimeCost(sec) | 92.242 |
| Pi_q_loss     | 1.324  |
| Pi_l2_loss    | 0.048  |
| Q_loss        | 0.007  |
| Success       | 0.06   |
+---------------+--------+
Average inside: 0.76
2021-12-14 22:32:43 mep-ordinal
+---------------+--------+
| Epoch         | 9/20   |
| Cycle         | 19/20  |
| Episodes      | 10000  |
| Timesteps     | 500000 |
| TimeCost(sec) | 91.572 |
| Pi_q_loss     | 1.05   |
| Pi_l2_loss    | 0.067  |
| Q_loss        | 0.008  |
| Success       | 0.08   |
+---------------+--------+
Saved periodic policy to log/mep-ordinal-ddpg-FetchPush-v1-hgg-14-12-2021_17-15-57/!
Average inside: 0.7
2021-12-14 22:34:14 mep-ordinal
+---------------+--------+
| Epoch         | 10/20  |
| Cycle         | 0/20   |
| Episodes      | 10050  |
| Timesteps     | 502500 |
| TimeCost(sec) | 91.006 |
| Pi_q_loss     | 1.71   |
| Pi_l2_loss    | 0.071  |
| Q_loss        | 0.024  |
| Success       | 0.1    |
+---------------+--------+
Average inside: 0.68
2021-12-14 22:35:46 mep-ordinal
+---------------+--------+
| Epoch         | 10/20  |
| Cycle         | 1/20   |
| Episodes      | 10100  |
| Timesteps     | 505000 |
| TimeCost(sec) | 91.437 |
| Pi_q_loss     | 1.766  |
| Pi_l2_loss    | 0.066  |
| Q_loss        | 0.052  |
| Success       | 0.09   |
+---------------+--------+
Average inside: 0.8
2021-12-14 22:37:16 mep-ordinal
+---------------+--------+
| Epoch         | 10/20  |
| Cycle         | 2/20   |
| Episodes      | 10150  |
| Timesteps     | 507500 |
| TimeCost(sec) | 90.396 |
| Pi_q_loss     | 1.458  |
| Pi_l2_loss    | 0.064  |
| Q_loss        | 0.013  |
| Success       | 0.1    |
+---------------+--------+
Average inside: 0.78
2021-12-14 22:38:48 mep-ordinal
+---------------+--------+
| Epoch         | 10/20  |
| Cycle         | 3/20   |
| Episodes      | 10200  |
| Timesteps     | 510000 |
| TimeCost(sec) | 91.354 |
| Pi_q_loss     | 2.589  |
| Pi_l2_loss    | 0.055  |
| Q_loss        | 0.021  |
| Success       | 0.07   |
+---------------+--------+
Average inside: 0.84
2021-12-14 22:40:20 mep-ordinal
+---------------+--------+
| Epoch         | 10/20  |
| Cycle         | 4/20   |
| Episodes      | 10250  |
| Timesteps     | 512500 |
| TimeCost(sec) | 92.356 |
| Pi_q_loss     | 1.78   |
| Pi_l2_loss    | 0.06   |
| Q_loss        | 0.015  |
| Success       | 0.07   |
+---------------+--------+
Average inside: 0.84
2021-12-14 22:41:51 mep-ordinal
+---------------+--------+
| Epoch         | 10/20  |
| Cycle         | 5/20   |
| Episodes      | 10300  |
| Timesteps     | 515000 |
| TimeCost(sec) | 90.955 |
| Pi_q_loss     | 1.759  |
| Pi_l2_loss    | 0.027  |
| Q_loss        | 0.007  |
| Success       | 0.09   |
+---------------+--------+
Average inside: 0.7
2021-12-14 22:43:23 mep-ordinal
+---------------+--------+
| Epoch         | 10/20  |
| Cycle         | 6/20   |
| Episodes      | 10350  |
| Timesteps     | 517500 |
| TimeCost(sec) | 91.292 |
| Pi_q_loss     | 1.427  |
| Pi_l2_loss    | 0.065  |
| Q_loss        | 0.027  |
| Success       | 0.07   |
+---------------+--------+
Average inside: 0.9
2021-12-14 22:44:55 mep-ordinal
+---------------+--------+
| Epoch         | 10/20  |
| Cycle         | 7/20   |
| Episodes      | 10400  |
| Timesteps     | 520000 |
| TimeCost(sec) | 92.082 |
| Pi_q_loss     | 2.962  |
| Pi_l2_loss    | 0.057  |
| Q_loss        | 0.064  |
| Success       | 0.07   |
+---------------+--------+
Average inside: 0.8
2021-12-14 22:46:27 mep-ordinal
+---------------+--------+
| Epoch         | 10/20  |
| Cycle         | 8/20   |
| Episodes      | 10450  |
| Timesteps     | 522500 |
| TimeCost(sec) | 92.169 |
| Pi_q_loss     | 1.912  |
| Pi_l2_loss    | 0.041  |
| Q_loss        | 0.018  |
| Success       | 0.05   |
+---------------+--------+
Average inside: 0.82
2021-12-14 22:48:01 mep-ordinal
+---------------+--------+
| Epoch         | 10/20  |
| Cycle         | 9/20   |
| Episodes      | 10500  |
| Timesteps     | 525000 |
| TimeCost(sec) | 93.162 |
| Pi_q_loss     | 2.052  |
| Pi_l2_loss    | 0.05   |
| Q_loss        | 0.013  |
| Success       | 0.04   |
+---------------+--------+
Average inside: 0.88
2021-12-14 22:49:33 mep-ordinal
+---------------+--------+
| Epoch         | 10/20  |
| Cycle         | 10/20  |
| Episodes      | 10550  |
| Timesteps     | 527500 |
| TimeCost(sec) | 92.127 |
| Pi_q_loss     | 2.074  |
| Pi_l2_loss    | 0.045  |
| Q_loss        | 0.026  |
| Success       | 0.08   |
+---------------+--------+
Average inside: 0.8
2021-12-14 22:51:05 mep-ordinal
+---------------+--------+
| Epoch         | 10/20  |
| Cycle         | 11/20  |
| Episodes      | 10600  |
| Timesteps     | 530000 |
| TimeCost(sec) | 91.812 |
| Pi_q_loss     | 2.666  |
| Pi_l2_loss    | 0.066  |
| Q_loss        | 0.058  |
| Success       | 0.12   |
+---------------+--------+
Average inside: 0.8
2021-12-14 22:52:36 mep-ordinal
+---------------+--------+
| Epoch         | 10/20  |
| Cycle         | 12/20  |
| Episodes      | 10650  |
| Timesteps     | 532500 |
| TimeCost(sec) | 90.604 |
| Pi_q_loss     | 1.599  |
| Pi_l2_loss    | 0.028  |
| Q_loss        | 0.011  |
| Success       | 0.07   |
+---------------+--------+
Average inside: 0.78
2021-12-14 22:54:06 mep-ordinal
+---------------+--------+
| Epoch         | 10/20  |
| Cycle         | 13/20  |
| Episodes      | 10700  |
| Timesteps     | 535000 |
| TimeCost(sec) | 89.608 |
| Pi_q_loss     | 1.888  |
| Pi_l2_loss    | 0.064  |
| Q_loss        | 0.019  |
| Success       | 0.07   |
+---------------+--------+
Average inside: 0.86
2021-12-14 22:55:43 mep-ordinal
+---------------+--------+
| Epoch         | 10/20  |
| Cycle         | 14/20  |
| Episodes      | 10750  |
| Timesteps     | 537500 |
| TimeCost(sec) | 97.197 |
| Pi_q_loss     | 2.272  |
| Pi_l2_loss    | 0.054  |
| Q_loss        | 0.006  |
| Success       | 0.06   |
+---------------+--------+
Average inside: 0.76
2021-12-14 22:57:22 mep-ordinal
+---------------+--------+
| Epoch         | 10/20  |
| Cycle         | 15/20  |
| Episodes      | 10800  |
| Timesteps     | 540000 |
| TimeCost(sec) | 98.737 |
| Pi_q_loss     | 2.109  |
| Pi_l2_loss    | 0.058  |
| Q_loss        | 0.025  |
| Success       | 0.05   |
+---------------+--------+
Average inside: 0.8
2021-12-14 22:59:03 mep-ordinal
+---------------+---------+
| Epoch         | 10/20   |
| Cycle         | 16/20   |
| Episodes      | 10850   |
| Timesteps     | 542500  |
| TimeCost(sec) | 100.488 |
| Pi_q_loss     | 2.045   |
| Pi_l2_loss    | 0.029   |
| Q_loss        | 0.016   |
| Success       | 0.04    |
+---------------+---------+
Average inside: 0.8
2021-12-14 23:00:45 mep-ordinal
+---------------+--------+
| Epoch         | 10/20  |
| Cycle         | 17/20  |
| Episodes      | 10900  |
| Timesteps     | 545000 |
| TimeCost(sec) | 101.97 |
| Pi_q_loss     | 1.697  |
| Pi_l2_loss    | 0.059  |
| Q_loss        | 0.007  |
| Success       | 0.05   |
+---------------+--------+
Average inside: 0.86
2021-12-14 23:02:24 mep-ordinal
+---------------+--------+
| Epoch         | 10/20  |
| Cycle         | 18/20  |
| Episodes      | 10950  |
| Timesteps     | 547500 |
| TimeCost(sec) | 98.983 |
| Pi_q_loss     | 2.166  |
| Pi_l2_loss    | 0.042  |
| Q_loss        | 0.018  |
| Success       | 0.07   |
+---------------+--------+
Average inside: 0.78
2021-12-14 23:04:06 mep-ordinal
+---------------+---------+
| Epoch         | 10/20   |
| Cycle         | 19/20   |
| Episodes      | 11000   |
| Timesteps     | 550000  |
| TimeCost(sec) | 101.832 |
| Pi_q_loss     | 1.607   |
| Pi_l2_loss    | 0.036   |
| Q_loss        | 0.013   |
| Success       | 0.05    |
+---------------+---------+
Saved periodic policy to log/mep-ordinal-ddpg-FetchPush-v1-hgg-14-12-2021_17-15-57/!
Average inside: 0.8
2021-12-14 23:05:49 mep-ordinal
+---------------+---------+
| Epoch         | 11/20   |
| Cycle         | 0/20    |
| Episodes      | 11050   |
| Timesteps     | 552500  |
| TimeCost(sec) | 102.075 |
| Pi_q_loss     | 1.645   |
| Pi_l2_loss    | 0.065   |
| Q_loss        | 0.009   |
| Success       | 0.06    |
+---------------+---------+
Average inside: 0.84
2021-12-14 23:07:27 mep-ordinal
+---------------+--------+
| Epoch         | 11/20  |
| Cycle         | 1/20   |
| Episodes      | 11100  |
| Timesteps     | 555000 |
| TimeCost(sec) | 97.836 |
| Pi_q_loss     | 1.358  |
| Pi_l2_loss    | 0.052  |
| Q_loss        | 0.015  |
| Success       | 0.08   |
+---------------+--------+
Average inside: 0.72
2021-12-14 23:09:05 mep-ordinal
+---------------+--------+
| Epoch         | 11/20  |
| Cycle         | 2/20   |
| Episodes      | 11150  |
| Timesteps     | 557500 |
| TimeCost(sec) | 97.844 |
| Pi_q_loss     | 1.981  |
| Pi_l2_loss    | 0.045  |
| Q_loss        | 0.008  |
| Success       | 0.1    |
+---------------+--------+
Average inside: 0.78
2021-12-14 23:10:43 mep-ordinal
+---------------+--------+
| Epoch         | 11/20  |
| Cycle         | 3/20   |
| Episodes      | 11200  |
| Timesteps     | 560000 |
| TimeCost(sec) | 98.226 |
| Pi_q_loss     | 2.239  |
| Pi_l2_loss    | 0.062  |
| Q_loss        | 0.006  |
| Success       | 0.05   |
+---------------+--------+
Average inside: 0.72
2021-12-14 23:12:21 mep-ordinal
+---------------+--------+
| Epoch         | 11/20  |
| Cycle         | 4/20   |
| Episodes      | 11250  |
| Timesteps     | 562500 |
| TimeCost(sec) | 97.965 |
| Pi_q_loss     | 1.388  |
| Pi_l2_loss    | 0.054  |
| Q_loss        | 0.013  |
| Success       | 0.06   |
+---------------+--------+
Average inside: 0.88
2021-12-14 23:14:00 mep-ordinal
+---------------+--------+
| Epoch         | 11/20  |
| Cycle         | 5/20   |
| Episodes      | 11300  |
| Timesteps     | 565000 |
| TimeCost(sec) | 98.042 |
| Pi_q_loss     | 2.077  |
| Pi_l2_loss    | 0.071  |
| Q_loss        | 0.01   |
| Success       | 0.05   |
+---------------+--------+
Average inside: 0.82
2021-12-14 23:15:41 mep-ordinal
+---------------+---------+
| Epoch         | 11/20   |
| Cycle         | 6/20    |
| Episodes      | 11350   |
| Timesteps     | 567500  |
| TimeCost(sec) | 100.605 |
| Pi_q_loss     | 1.849   |
| Pi_l2_loss    | 0.05    |
| Q_loss        | 0.005   |
| Success       | 0.07    |
+---------------+---------+
Average inside: 0.78
2021-12-14 23:17:21 mep-ordinal
+---------------+--------+
| Epoch         | 11/20  |
| Cycle         | 7/20   |
| Episodes      | 11400  |
| Timesteps     | 570000 |
| TimeCost(sec) | 99.797 |
| Pi_q_loss     | 1.264  |
| Pi_l2_loss    | 0.05   |
| Q_loss        | 0.007  |
| Success       | 0.1    |
+---------------+--------+
Average inside: 0.84
2021-12-14 23:19:02 mep-ordinal
+---------------+---------+
| Epoch         | 11/20   |
| Cycle         | 8/20    |
| Episodes      | 11450   |
| Timesteps     | 572500  |
| TimeCost(sec) | 100.802 |
| Pi_q_loss     | 1.144   |
| Pi_l2_loss    | 0.034   |
| Q_loss        | 0.005   |
| Success       | 0.11    |
+---------------+---------+
Average inside: 0.8
2021-12-14 23:20:42 mep-ordinal
+---------------+---------+
| Epoch         | 11/20   |
| Cycle         | 9/20    |
| Episodes      | 11500   |
| Timesteps     | 575000  |
| TimeCost(sec) | 100.266 |
| Pi_q_loss     | 1.412   |
| Pi_l2_loss    | 0.066   |
| Q_loss        | 0.009   |
| Success       | 0.09    |
+---------------+---------+
Average inside: 0.78
2021-12-14 23:22:22 mep-ordinal
+---------------+--------+
| Epoch         | 11/20  |
| Cycle         | 10/20  |
| Episodes      | 11550  |
| Timesteps     | 577500 |
| TimeCost(sec) | 99.983 |
| Pi_q_loss     | 1.915  |
| Pi_l2_loss    | 0.036  |
| Q_loss        | 0.005  |
| Success       | 0.03   |
+---------------+--------+
Average inside: 0.78
2021-12-14 23:24:01 mep-ordinal
+---------------+--------+
| Epoch         | 11/20  |
| Cycle         | 11/20  |
| Episodes      | 11600  |
| Timesteps     | 580000 |
| TimeCost(sec) | 98.72  |
| Pi_q_loss     | 2.691  |
| Pi_l2_loss    | 0.057  |
| Q_loss        | 0.04   |
| Success       | 0.08   |
+---------------+--------+
