tag: 000
alg: ddpg
learn: normal
env: FetchPushLabyrinth-v1
goal: custom
init_offset: 1.0
graph: False
show_goals: 0
play_path: None
play_epoch: latest
stop_hgg_threshold: 2
n_x: 31
n_y: 31
n_z: 11
gamma: 0.98
clip_return: True
eps_act: 0.3
std_act: 0.2
pi_lr: 0.001
q_lr: 0.001
act_l2: 1.0
polyak: 0.95
epoches: 20
cycles: 20
episodes: 50
timesteps: 50
train_batches: 20
buffer_size: 10000
buffer_type: energy
batch_size: 256
warmup: 10000
her: future
her_ratio: 0.8
pool_rule: full
hgg_c: 3.0
hgg_L: 5.0
hgg_pool_size: 1000
save_acc: True
num_vertices: [31, 31, 11]
goal_based: True
clip_return_l: -49.99999999999996
clip_return_r: 0.0
*** network initialization complete ***
*** tester initialization complete ***
2021-10-25 00:08:54 000
+---------------+--------+
| Epoch         | 0/20   |
| Cycle         | 0/20   |
| Episodes      | 50     |
| Timesteps     | 5000   |
| TimeCost(sec) | 55.311 |
| Pi_q_loss     |        |
| Pi_l2_loss    |        |
| Q_loss        |        |
| Success       | 0.0    |
+---------------+--------+
Saved as best policy to log/000-ddpg-FetchPushLabyrinth-v1-normal/!
2021-10-25 00:09:50 000
+---------------+--------+
| Epoch         | 0/20   |
| Cycle         | 1/20   |
| Episodes      | 100    |
| Timesteps     | 10000  |
| TimeCost(sec) | 56.339 |
| Pi_q_loss     | 0.288  |
| Pi_l2_loss    | 0.011  |
| Q_loss        | 0.149  |
| Success       | 0.0    |
+---------------+--------+
2021-10-25 00:11:23 000
+---------------+--------+
| Epoch         | 0/20   |
| Cycle         | 2/20   |
| Episodes      | 150    |
| Timesteps     | 15000  |
| TimeCost(sec) | 92.961 |
| Pi_q_loss     | 0.561  |
| Pi_l2_loss    | 0.004  |
| Q_loss        | 0.018  |
| Success       | 0.0    |
+---------------+--------+
2021-10-25 00:12:53 000
+---------------+--------+
| Epoch         | 0/20   |
| Cycle         | 3/20   |
| Episodes      | 200    |
| Timesteps     | 20000  |
| TimeCost(sec) | 89.701 |
| Pi_q_loss     | 1.053  |
| Pi_l2_loss    | 0.024  |
| Q_loss        | 0.016  |
| Success       | 0.0    |
+---------------+--------+
2021-10-25 00:14:19 000
+---------------+--------+
| Epoch         | 0/20   |
| Cycle         | 4/20   |
| Episodes      | 250    |
| Timesteps     | 25000  |
| TimeCost(sec) | 86.025 |
| Pi_q_loss     | 1.488  |
| Pi_l2_loss    | 0.034  |
| Q_loss        | 0.016  |
| Success       | 0.0    |
+---------------+--------+
2021-10-25 00:15:44 000
+---------------+--------+
| Epoch         | 0/20   |
| Cycle         | 5/20   |
| Episodes      | 300    |
| Timesteps     | 30000  |
| TimeCost(sec) | 84.637 |
| Pi_q_loss     | 1.895  |
| Pi_l2_loss    | 0.032  |
| Q_loss        | 0.014  |
| Success       | 0.0    |
+---------------+--------+
2021-10-25 00:17:15 000
+---------------+--------+
| Epoch         | 0/20   |
| Cycle         | 6/20   |
| Episodes      | 350    |
| Timesteps     | 35000  |
| TimeCost(sec) | 90.807 |
| Pi_q_loss     | 2.282  |
| Pi_l2_loss    | 0.034  |
| Q_loss        | 0.014  |
| Success       | 0.0    |
+---------------+--------+
2021-10-25 00:18:46 000
+---------------+--------+
| Epoch         | 0/20   |
| Cycle         | 7/20   |
| Episodes      | 400    |
| Timesteps     | 40000  |
| TimeCost(sec) | 90.941 |
| Pi_q_loss     | 2.684  |
| Pi_l2_loss    | 0.036  |
| Q_loss        | 0.018  |
| Success       | 0.0    |
+---------------+--------+
2021-10-25 00:20:17 000
+---------------+--------+
| Epoch         | 0/20   |
| Cycle         | 8/20   |
| Episodes      | 450    |
| Timesteps     | 45000  |
| TimeCost(sec) | 90.246 |
| Pi_q_loss     | 3.043  |
| Pi_l2_loss    | 0.037  |
| Q_loss        | 0.018  |
| Success       | 0.0    |
+---------------+--------+
2021-10-25 00:21:48 000
+---------------+--------+
| Epoch         | 0/20   |
| Cycle         | 9/20   |
| Episodes      | 500    |
| Timesteps     | 50000  |
| TimeCost(sec) | 91.124 |
| Pi_q_loss     | 3.352  |
| Pi_l2_loss    | 0.036  |
| Q_loss        | 0.017  |
| Success       | 0.0    |
+---------------+--------+
2021-10-25 00:23:20 000
+---------------+--------+
| Epoch         | 0/20   |
| Cycle         | 10/20  |
| Episodes      | 550    |
| Timesteps     | 55000  |
| TimeCost(sec) | 91.511 |
| Pi_q_loss     | 3.665  |
| Pi_l2_loss    | 0.036  |
| Q_loss        | 0.017  |
| Success       | 0.0    |
+---------------+--------+
2021-10-25 00:24:49 000
+---------------+--------+
| Epoch         | 0/20   |
| Cycle         | 11/20  |
| Episodes      | 600    |
| Timesteps     | 60000  |
| TimeCost(sec) | 88.978 |
| Pi_q_loss     | 3.978  |
| Pi_l2_loss    | 0.036  |
| Q_loss        | 0.016  |
| Success       | 0.0    |
+---------------+--------+
2021-10-25 00:26:18 000
+---------------+--------+
| Epoch         | 0/20   |
| Cycle         | 12/20  |
| Episodes      | 650    |
| Timesteps     | 65000  |
| TimeCost(sec) | 88.859 |
| Pi_q_loss     | 4.254  |
| Pi_l2_loss    | 0.035  |
| Q_loss        | 0.016  |
| Success       | 0.0    |
+---------------+--------+
2021-10-25 00:27:52 000
+---------------+--------+
| Epoch         | 0/20   |
| Cycle         | 13/20  |
| Episodes      | 700    |
| Timesteps     | 70000  |
| TimeCost(sec) | 93.652 |
| Pi_q_loss     | 4.567  |
| Pi_l2_loss    | 0.034  |
| Q_loss        | 0.019  |
| Success       | 0.0    |
+---------------+--------+
2021-10-25 00:29:22 000
+---------------+--------+
| Epoch         | 0/20   |
| Cycle         | 14/20  |
| Episodes      | 750    |
| Timesteps     | 75000  |
| TimeCost(sec) | 90.222 |
| Pi_q_loss     | 4.81   |
| Pi_l2_loss    | 0.035  |
| Q_loss        | 0.018  |
| Success       | 0.0    |
+---------------+--------+
2021-10-25 00:30:54 000
+---------------+--------+
| Epoch         | 0/20   |
| Cycle         | 15/20  |
| Episodes      | 800    |
| Timesteps     | 80000  |
| TimeCost(sec) | 91.901 |
| Pi_q_loss     | 5.045  |
| Pi_l2_loss    | 0.036  |
| Q_loss        | 0.018  |
| Success       | 0.0    |
+---------------+--------+
2021-10-25 00:32:28 000
+---------------+--------+
| Epoch         | 0/20   |
| Cycle         | 16/20  |
| Episodes      | 850    |
| Timesteps     | 85000  |
| TimeCost(sec) | 93.371 |
| Pi_q_loss     | 5.281  |
| Pi_l2_loss    | 0.034  |
| Q_loss        | 0.016  |
| Success       | 0.0    |
+---------------+--------+
2021-10-25 00:34:00 000
+---------------+-------+
| Epoch         | 0/20  |
| Cycle         | 17/20 |
| Episodes      | 900   |
| Timesteps     | 90000 |
| TimeCost(sec) | 91.74 |
| Pi_q_loss     | 5.512 |
| Pi_l2_loss    | 0.035 |
| Q_loss        | 0.017 |
| Success       | 0.0   |
+---------------+-------+
2021-10-25 00:35:27 000
+---------------+-------+
| Epoch         | 0/20  |
| Cycle         | 18/20 |
| Episodes      | 950   |
| Timesteps     | 95000 |
| TimeCost(sec) | 87.27 |
| Pi_q_loss     | 5.721 |
| Pi_l2_loss    | 0.035 |
| Q_loss        | 0.016 |
| Success       | 0.0   |
+---------------+-------+
2021-10-25 00:36:56 000
+---------------+--------+
| Epoch         | 0/20   |
| Cycle         | 19/20  |
| Episodes      | 1000   |
| Timesteps     | 100000 |
| TimeCost(sec) | 89.309 |
| Pi_q_loss     | 5.924  |
| Pi_l2_loss    | 0.035  |
| Q_loss        | 0.018  |
| Success       | 0.0    |
+---------------+--------+
Saved periodic policy to log/000-ddpg-FetchPushLabyrinth-v1-normal/!
2021-10-25 00:38:26 000
+---------------+--------+
| Epoch         | 1/20   |
| Cycle         | 0/20   |
| Episodes      | 1050   |
| Timesteps     | 105000 |
| TimeCost(sec) | 89.199 |
| Pi_q_loss     | 6.095  |
| Pi_l2_loss    | 0.036  |
| Q_loss        | 0.017  |
| Success       | 0.0    |
+---------------+--------+
2021-10-25 00:39:55 000
+---------------+--------+
| Epoch         | 1/20   |
| Cycle         | 1/20   |
| Episodes      | 1100   |
| Timesteps     | 110000 |
| TimeCost(sec) | 88.686 |
| Pi_q_loss     | 6.249  |
| Pi_l2_loss    | 0.036  |
| Q_loss        | 0.019  |
| Success       | 0.0    |
+---------------+--------+
2021-10-25 00:41:25 000
+---------------+--------+
| Epoch         | 1/20   |
| Cycle         | 2/20   |
| Episodes      | 1150   |
| Timesteps     | 115000 |
| TimeCost(sec) | 90.171 |
| Pi_q_loss     | 6.462  |
| Pi_l2_loss    | 0.035  |
| Q_loss        | 0.019  |
| Success       | 0.0    |
+---------------+--------+
2021-10-25 00:42:55 000
+---------------+--------+
| Epoch         | 1/20   |
| Cycle         | 3/20   |
| Episodes      | 1200   |
| Timesteps     | 120000 |
| TimeCost(sec) | 89.294 |
| Pi_q_loss     | 6.626  |
| Pi_l2_loss    | 0.035  |
| Q_loss        | 0.019  |
| Success       | 0.0    |
+---------------+--------+
2021-10-25 00:44:23 000
+---------------+--------+
| Epoch         | 1/20   |
| Cycle         | 4/20   |
| Episodes      | 1250   |
| Timesteps     | 125000 |
| TimeCost(sec) | 88.571 |
| Pi_q_loss     | 6.81   |
| Pi_l2_loss    | 0.035  |
| Q_loss        | 0.02   |
| Success       | 0.0    |
+---------------+--------+
2021-10-25 00:45:52 000
+---------------+--------+
| Epoch         | 1/20   |
| Cycle         | 5/20   |
| Episodes      | 1300   |
| Timesteps     | 130000 |
| TimeCost(sec) | 88.103 |
| Pi_q_loss     | 6.925  |
| Pi_l2_loss    | 0.036  |
| Q_loss        | 0.02   |
| Success       | 0.0    |
+---------------+--------+
2021-10-25 00:47:21 000
+---------------+--------+
| Epoch         | 1/20   |
| Cycle         | 6/20   |
| Episodes      | 1350   |
| Timesteps     | 135000 |
| TimeCost(sec) | 89.547 |
| Pi_q_loss     | 7.146  |
| Pi_l2_loss    | 0.036  |
| Q_loss        | 0.023  |
| Success       | 0.0    |
+---------------+--------+
2021-10-25 00:48:50 000
+---------------+--------+
| Epoch         | 1/20   |
| Cycle         | 7/20   |
| Episodes      | 1400   |
| Timesteps     | 140000 |
| TimeCost(sec) | 88.138 |
| Pi_q_loss     | 7.213  |
| Pi_l2_loss    | 0.034  |
| Q_loss        | 0.022  |
| Success       | 0.0    |
+---------------+--------+
2021-10-25 00:50:20 000
+---------------+--------+
| Epoch         | 1/20   |
| Cycle         | 8/20   |
| Episodes      | 1450   |
| Timesteps     | 145000 |
| TimeCost(sec) | 90.354 |
| Pi_q_loss     | 7.351  |
| Pi_l2_loss    | 0.035  |
| Q_loss        | 0.021  |
| Success       | 0.0    |
+---------------+--------+
2021-10-25 00:51:54 000
+---------------+--------+
| Epoch         | 1/20   |
| Cycle         | 9/20   |
| Episodes      | 1500   |
| Timesteps     | 150000 |
| TimeCost(sec) | 93.789 |
| Pi_q_loss     | 7.531  |
| Pi_l2_loss    | 0.036  |
| Q_loss        | 0.03   |
| Success       | 0.0    |
+---------------+--------+
2021-10-25 00:53:30 000
+---------------+--------+
| Epoch         | 1/20   |
| Cycle         | 10/20  |
| Episodes      | 1550   |
| Timesteps     | 155000 |
| TimeCost(sec) | 96.005 |
| Pi_q_loss     | 7.628  |
| Pi_l2_loss    | 0.039  |
| Q_loss        | 0.029  |
| Success       | 0.0    |
+---------------+--------+
2021-10-25 00:55:04 000
+---------------+--------+
| Epoch         | 1/20   |
| Cycle         | 11/20  |
| Episodes      | 1600   |
| Timesteps     | 160000 |
| TimeCost(sec) | 93.886 |
| Pi_q_loss     | 7.719  |
| Pi_l2_loss    | 0.038  |
| Q_loss        | 0.03   |
| Success       | 0.0    |
+---------------+--------+
2021-10-25 00:56:40 000
+---------------+--------+
| Epoch         | 1/20   |
| Cycle         | 12/20  |
| Episodes      | 1650   |
| Timesteps     | 165000 |
| TimeCost(sec) | 95.887 |
| Pi_q_loss     | 7.757  |
| Pi_l2_loss    | 0.039  |
| Q_loss        | 0.031  |
| Success       | 0.0    |
+---------------+--------+
2021-10-25 00:58:16 000
+---------------+--------+
| Epoch         | 1/20   |
| Cycle         | 13/20  |
| Episodes      | 1700   |
| Timesteps     | 170000 |
| TimeCost(sec) | 95.135 |
| Pi_q_loss     | 7.93   |
| Pi_l2_loss    | 0.041  |
| Q_loss        | 0.032  |
| Success       | 0.0    |
+---------------+--------+
2021-10-25 00:59:49 000
+---------------+--------+
| Epoch         | 1/20   |
| Cycle         | 14/20  |
| Episodes      | 1750   |
| Timesteps     | 175000 |
| TimeCost(sec) | 93.321 |
| Pi_q_loss     | 8.026  |
| Pi_l2_loss    | 0.041  |
| Q_loss        | 0.031  |
| Success       | 0.0    |
+---------------+--------+
2021-10-25 01:01:25 000
+---------------+--------+
| Epoch         | 1/20   |
| Cycle         | 15/20  |
| Episodes      | 1800   |
| Timesteps     | 180000 |
| TimeCost(sec) | 95.93  |
| Pi_q_loss     | 8.127  |
| Pi_l2_loss    | 0.04   |
| Q_loss        | 0.029  |
| Success       | 0.0    |
+---------------+--------+
2021-10-25 01:02:59 000
+---------------+--------+
| Epoch         | 1/20   |
| Cycle         | 16/20  |
| Episodes      | 1850   |
| Timesteps     | 185000 |
| TimeCost(sec) | 93.753 |
| Pi_q_loss     | 8.139  |
| Pi_l2_loss    | 0.041  |
| Q_loss        | 0.03   |
| Success       | 0.0    |
+---------------+--------+
2021-10-25 01:04:31 000
+---------------+--------+
| Epoch         | 1/20   |
| Cycle         | 17/20  |
| Episodes      | 1900   |
| Timesteps     | 190000 |
| TimeCost(sec) | 91.427 |
| Pi_q_loss     | 8.244  |
| Pi_l2_loss    | 0.042  |
| Q_loss        | 0.031  |
| Success       | 0.0    |
+---------------+--------+
2021-10-25 01:06:01 000
+---------------+--------+
| Epoch         | 1/20   |
| Cycle         | 18/20  |
| Episodes      | 1950   |
| Timesteps     | 195000 |
| TimeCost(sec) | 90.04  |
| Pi_q_loss     | 8.325  |
| Pi_l2_loss    | 0.041  |
| Q_loss        | 0.027  |
| Success       | 0.0    |
+---------------+--------+
2021-10-25 01:07:31 000
+---------------+--------+
| Epoch         | 1/20   |
| Cycle         | 19/20  |
| Episodes      | 2000   |
| Timesteps     | 200000 |
| TimeCost(sec) | 90.524 |
| Pi_q_loss     | 8.383  |
| Pi_l2_loss    | 0.039  |
| Q_loss        | 0.027  |
| Success       | 0.0    |
+---------------+--------+
Saved periodic policy to log/000-ddpg-FetchPushLabyrinth-v1-normal/!
2021-10-25 01:09:01 000
+---------------+--------+
| Epoch         | 2/20   |
| Cycle         | 0/20   |
| Episodes      | 2050   |
| Timesteps     | 205000 |
| TimeCost(sec) | 89.501 |
| Pi_q_loss     | 8.445  |
| Pi_l2_loss    | 0.04   |
| Q_loss        | 0.029  |
| Success       | 0.0    |
+---------------+--------+
2021-10-25 01:10:29 000
+---------------+--------+
| Epoch         | 2/20   |
| Cycle         | 1/20   |
| Episodes      | 2100   |
| Timesteps     | 210000 |
| TimeCost(sec) | 87.579 |
| Pi_q_loss     | 8.474  |
| Pi_l2_loss    | 0.04   |
| Q_loss        | 0.027  |
| Success       | 0.0    |
+---------------+--------+
2021-10-25 01:11:57 000
+---------------+--------+
| Epoch         | 2/20   |
| Cycle         | 2/20   |
| Episodes      | 2150   |
| Timesteps     | 215000 |
| TimeCost(sec) | 87.694 |
| Pi_q_loss     | 8.669  |
| Pi_l2_loss    | 0.038  |
| Q_loss        | 0.025  |
| Success       | 0.0    |
+---------------+--------+
2021-10-25 01:13:26 000
+---------------+--------+
| Epoch         | 2/20   |
| Cycle         | 3/20   |
| Episodes      | 2200   |
| Timesteps     | 220000 |
| TimeCost(sec) | 88.997 |
| Pi_q_loss     | 8.65   |
| Pi_l2_loss    | 0.038  |
| Q_loss        | 0.024  |
| Success       | 0.0    |
+---------------+--------+
2021-10-25 01:14:58 000
+---------------+--------+
| Epoch         | 2/20   |
| Cycle         | 4/20   |
| Episodes      | 2250   |
| Timesteps     | 225000 |
| TimeCost(sec) | 91.907 |
| Pi_q_loss     | 8.646  |
| Pi_l2_loss    | 0.038  |
| Q_loss        | 0.028  |
| Success       | 0.0    |
+---------------+--------+
2021-10-25 01:16:28 000
+---------------+--------+
| Epoch         | 2/20   |
| Cycle         | 5/20   |
| Episodes      | 2300   |
| Timesteps     | 230000 |
| TimeCost(sec) | 89.362 |
| Pi_q_loss     | 8.772  |
| Pi_l2_loss    | 0.038  |
| Q_loss        | 0.03   |
| Success       | 0.0    |
+---------------+--------+
2021-10-25 01:17:57 000
+---------------+--------+
| Epoch         | 2/20   |
| Cycle         | 6/20   |
| Episodes      | 2350   |
| Timesteps     | 235000 |
| TimeCost(sec) | 89.329 |
| Pi_q_loss     | 8.716  |
| Pi_l2_loss    | 0.044  |
| Q_loss        | 0.028  |
| Success       | 0.0    |
+---------------+--------+
2021-10-25 01:19:28 000
+---------------+--------+
| Epoch         | 2/20   |
| Cycle         | 7/20   |
| Episodes      | 2400   |
| Timesteps     | 240000 |
| TimeCost(sec) | 90.637 |
| Pi_q_loss     | 8.768  |
| Pi_l2_loss    | 0.052  |
| Q_loss        | 0.029  |
| Success       | 0.0    |
+---------------+--------+
2021-10-25 01:20:59 000
+---------------+--------+
| Epoch         | 2/20   |
| Cycle         | 8/20   |
| Episodes      | 2450   |
| Timesteps     | 245000 |
| TimeCost(sec) | 90.681 |
| Pi_q_loss     | 8.734  |
| Pi_l2_loss    | 0.048  |
| Q_loss        | 0.034  |
| Success       | 0.0    |
+---------------+--------+
2021-10-25 01:22:28 000
+---------------+--------+
| Epoch         | 2/20   |
| Cycle         | 9/20   |
| Episodes      | 2500   |
| Timesteps     | 250000 |
| TimeCost(sec) | 89.438 |
| Pi_q_loss     | 8.705  |
| Pi_l2_loss    | 0.047  |
| Q_loss        | 0.031  |
| Success       | 0.0    |
+---------------+--------+
2021-10-25 01:23:58 000
+---------------+--------+
| Epoch         | 2/20   |
| Cycle         | 10/20  |
| Episodes      | 2550   |
| Timesteps     | 255000 |
| TimeCost(sec) | 89.908 |
| Pi_q_loss     | 8.805  |
| Pi_l2_loss    | 0.044  |
| Q_loss        | 0.029  |
| Success       | 0.0    |
+---------------+--------+
2021-10-25 01:25:26 000
+---------------+--------+
| Epoch         | 2/20   |
| Cycle         | 11/20  |
| Episodes      | 2600   |
| Timesteps     | 260000 |
| TimeCost(sec) | 87.293 |
| Pi_q_loss     | 8.758  |
| Pi_l2_loss    | 0.044  |
| Q_loss        | 0.028  |
| Success       | 0.0    |
+---------------+--------+
2021-10-25 01:26:56 000
+---------------+--------+
| Epoch         | 2/20   |
| Cycle         | 12/20  |
| Episodes      | 2650   |
| Timesteps     | 265000 |
| TimeCost(sec) | 89.936 |
| Pi_q_loss     | 8.831  |
| Pi_l2_loss    | 0.043  |
| Q_loss        | 0.029  |
| Success       | 0.0    |
+---------------+--------+
2021-10-25 01:28:24 000
+---------------+--------+
| Epoch         | 2/20   |
| Cycle         | 13/20  |
| Episodes      | 2700   |
| Timesteps     | 270000 |
| TimeCost(sec) | 87.631 |
| Pi_q_loss     | 8.817  |
| Pi_l2_loss    | 0.041  |
| Q_loss        | 0.03   |
| Success       | 0.0    |
+---------------+--------+
2021-10-25 01:29:53 000
+---------------+--------+
| Epoch         | 2/20   |
| Cycle         | 14/20  |
| Episodes      | 2750   |
| Timesteps     | 275000 |
| TimeCost(sec) | 89.564 |
| Pi_q_loss     | 8.841  |
| Pi_l2_loss    | 0.044  |
| Q_loss        | 0.037  |
| Success       | 0.0    |
+---------------+--------+
2021-10-25 01:31:30 000
+---------------+--------+
| Epoch         | 2/20   |
| Cycle         | 15/20  |
| Episodes      | 2800   |
| Timesteps     | 280000 |
| TimeCost(sec) | 95.969 |
| Pi_q_loss     | 8.857  |
| Pi_l2_loss    | 0.054  |
| Q_loss        | 0.048  |
| Success       | 0.0    |
+---------------+--------+
2021-10-25 01:33:05 000
+---------------+--------+
| Epoch         | 2/20   |
| Cycle         | 16/20  |
| Episodes      | 2850   |
| Timesteps     | 285000 |
| TimeCost(sec) | 94.918 |
| Pi_q_loss     | 8.755  |
| Pi_l2_loss    | 0.058  |
| Q_loss        | 0.053  |
| Success       | 0.0    |
+---------------+--------+
2021-10-25 01:34:45 000
+---------------+---------+
| Epoch         | 2/20    |
| Cycle         | 17/20   |
| Episodes      | 2900    |
| Timesteps     | 290000  |
| TimeCost(sec) | 100.167 |
| Pi_q_loss     | 8.73    |
| Pi_l2_loss    | 0.055   |
| Q_loss        | 0.051   |
| Success       | 0.0     |
+---------------+---------+
2021-10-25 01:36:24 000
+---------------+--------+
| Epoch         | 2/20   |
| Cycle         | 18/20  |
| Episodes      | 2950   |
| Timesteps     | 295000 |
| TimeCost(sec) | 99.175 |
| Pi_q_loss     | 8.728  |
| Pi_l2_loss    | 0.047  |
| Q_loss        | 0.043  |
| Success       | 0.0    |
+---------------+--------+
2021-10-25 01:38:03 000
+---------------+--------+
| Epoch         | 2/20   |
| Cycle         | 19/20  |
| Episodes      | 3000   |
| Timesteps     | 300000 |
| TimeCost(sec) | 98.602 |
| Pi_q_loss     | 8.787  |
| Pi_l2_loss    | 0.044  |
| Q_loss        | 0.039  |
| Success       | 0.0    |
+---------------+--------+
Saved periodic policy to log/000-ddpg-FetchPushLabyrinth-v1-normal/!
2021-10-25 01:39:40 000
+---------------+--------+
| Epoch         | 3/20   |
| Cycle         | 0/20   |
| Episodes      | 3050   |
| Timesteps     | 305000 |
| TimeCost(sec) | 97.154 |
| Pi_q_loss     | 8.775  |
| Pi_l2_loss    | 0.043  |
| Q_loss        | 0.038  |
| Success       | 0.0    |
+---------------+--------+
2021-10-25 01:41:19 000
+---------------+--------+
| Epoch         | 3/20   |
| Cycle         | 1/20   |
| Episodes      | 3100   |
| Timesteps     | 310000 |
| TimeCost(sec) | 97.888 |
| Pi_q_loss     | 8.86   |
| Pi_l2_loss    | 0.041  |
| Q_loss        | 0.034  |
| Success       | 0.0    |
+---------------+--------+
2021-10-25 01:42:55 000
+---------------+--------+
| Epoch         | 3/20   |
| Cycle         | 2/20   |
| Episodes      | 3150   |
| Timesteps     | 315000 |
| TimeCost(sec) | 95.831 |
| Pi_q_loss     | 8.829  |
| Pi_l2_loss    | 0.039  |
| Q_loss        | 0.031  |
| Success       | 0.0    |
+---------------+--------+
2021-10-25 01:44:27 000
+---------------+--------+
| Epoch         | 3/20   |
| Cycle         | 3/20   |
| Episodes      | 3200   |
| Timesteps     | 320000 |
| TimeCost(sec) | 92.021 |
| Pi_q_loss     | 8.923  |
| Pi_l2_loss    | 0.037  |
| Q_loss        | 0.031  |
| Success       | 0.0    |
+---------------+--------+
2021-10-25 01:46:01 000
+---------------+--------+
| Epoch         | 3/20   |
| Cycle         | 4/20   |
| Episodes      | 3250   |
| Timesteps     | 325000 |
| TimeCost(sec) | 94.115 |
| Pi_q_loss     | 8.909  |
| Pi_l2_loss    | 0.038  |
| Q_loss        | 0.029  |
| Success       | 0.0    |
+---------------+--------+
2021-10-25 01:47:35 000
+---------------+--------+
| Epoch         | 3/20   |
| Cycle         | 5/20   |
| Episodes      | 3300   |
| Timesteps     | 330000 |
| TimeCost(sec) | 93.486 |
| Pi_q_loss     | 9.02   |
| Pi_l2_loss    | 0.038  |
| Q_loss        | 0.03   |
| Success       | 0.0    |
+---------------+--------+
2021-10-25 01:49:09 000
+---------------+--------+
| Epoch         | 3/20   |
| Cycle         | 6/20   |
| Episodes      | 3350   |
| Timesteps     | 335000 |
| TimeCost(sec) | 94.468 |
| Pi_q_loss     | 9.073  |
| Pi_l2_loss    | 0.037  |
| Q_loss        | 0.027  |
| Success       | 0.0    |
+---------------+--------+
2021-10-25 01:50:42 000
+---------------+--------+
| Epoch         | 3/20   |
| Cycle         | 7/20   |
| Episodes      | 3400   |
| Timesteps     | 340000 |
| TimeCost(sec) | 92.56  |
| Pi_q_loss     | 9.063  |
| Pi_l2_loss    | 0.038  |
| Q_loss        | 0.028  |
| Success       | 0.0    |
+---------------+--------+
2021-10-25 01:52:15 000
+---------------+--------+
| Epoch         | 3/20   |
| Cycle         | 8/20   |
| Episodes      | 3450   |
| Timesteps     | 345000 |
| TimeCost(sec) | 92.661 |
| Pi_q_loss     | 9.143  |
| Pi_l2_loss    | 0.04   |
| Q_loss        | 0.026  |
| Success       | 0.0    |
+---------------+--------+
2021-10-25 01:53:47 000
+---------------+--------+
| Epoch         | 3/20   |
| Cycle         | 9/20   |
| Episodes      | 3500   |
| Timesteps     | 350000 |
| TimeCost(sec) | 91.68  |
| Pi_q_loss     | 9.134  |
| Pi_l2_loss    | 0.039  |
| Q_loss        | 0.027  |
| Success       | 0.0    |
+---------------+--------+
2021-10-25 01:55:15 000
+---------------+--------+
| Epoch         | 3/20   |
| Cycle         | 10/20  |
| Episodes      | 3550   |
| Timesteps     | 355000 |
| TimeCost(sec) | 88.293 |
| Pi_q_loss     | 9.168  |
| Pi_l2_loss    | 0.044  |
| Q_loss        | 0.028  |
| Success       | 0.0    |
+---------------+--------+
2021-10-25 01:56:42 000
+---------------+--------+
| Epoch         | 3/20   |
| Cycle         | 11/20  |
| Episodes      | 3600   |
| Timesteps     | 360000 |
| TimeCost(sec) | 86.273 |
| Pi_q_loss     | 9.095  |
| Pi_l2_loss    | 0.046  |
| Q_loss        | 0.029  |
| Success       | 0.0    |
+---------------+--------+
2021-10-25 01:58:10 000
+---------------+--------+
| Epoch         | 3/20   |
| Cycle         | 12/20  |
| Episodes      | 3650   |
| Timesteps     | 365000 |
| TimeCost(sec) | 88.364 |
| Pi_q_loss     | 9.118  |
| Pi_l2_loss    | 0.045  |
| Q_loss        | 0.029  |
| Success       | 0.0    |
+---------------+--------+
2021-10-25 01:59:35 000
+---------------+--------+
| Epoch         | 3/20   |
| Cycle         | 13/20  |
| Episodes      | 3700   |
| Timesteps     | 370000 |
| TimeCost(sec) | 84.649 |
| Pi_q_loss     | 9.026  |
| Pi_l2_loss    | 0.044  |
| Q_loss        | 0.028  |
| Success       | 0.0    |
+---------------+--------+
2021-10-25 02:01:02 000
+---------------+--------+
| Epoch         | 3/20   |
| Cycle         | 14/20  |
| Episodes      | 3750   |
| Timesteps     | 375000 |
| TimeCost(sec) | 86.909 |
| Pi_q_loss     | 9.075  |
| Pi_l2_loss    | 0.042  |
| Q_loss        | 0.026  |
| Success       | 0.0    |
+---------------+--------+
2021-10-25 02:02:30 000
+---------------+--------+
| Epoch         | 3/20   |
| Cycle         | 15/20  |
| Episodes      | 3800   |
| Timesteps     | 380000 |
| TimeCost(sec) | 88.115 |
| Pi_q_loss     | 9.106  |
| Pi_l2_loss    | 0.041  |
| Q_loss        | 0.026  |
| Success       | 0.0    |
+---------------+--------+
2021-10-25 02:03:59 000
+---------------+--------+
| Epoch         | 3/20   |
| Cycle         | 16/20  |
| Episodes      | 3850   |
| Timesteps     | 385000 |
| TimeCost(sec) | 88.236 |
| Pi_q_loss     | 9.107  |
| Pi_l2_loss    | 0.039  |
| Q_loss        | 0.024  |
| Success       | 0.0    |
+---------------+--------+
2021-10-25 02:05:26 000
+---------------+--------+
| Epoch         | 3/20   |
| Cycle         | 17/20  |
| Episodes      | 3900   |
| Timesteps     | 390000 |
| TimeCost(sec) | 86.847 |
| Pi_q_loss     | 9.205  |
| Pi_l2_loss    | 0.037  |
| Q_loss        | 0.023  |
| Success       | 0.0    |
+---------------+--------+
2021-10-25 02:06:54 000
+---------------+--------+
| Epoch         | 3/20   |
| Cycle         | 18/20  |
| Episodes      | 3950   |
| Timesteps     | 395000 |
| TimeCost(sec) | 88.492 |
| Pi_q_loss     | 9.214  |
| Pi_l2_loss    | 0.037  |
| Q_loss        | 0.022  |
| Success       | 0.0    |
+---------------+--------+
2021-10-25 02:08:23 000
+---------------+--------+
| Epoch         | 3/20   |
| Cycle         | 19/20  |
| Episodes      | 4000   |
| Timesteps     | 400000 |
| TimeCost(sec) | 89.018 |
| Pi_q_loss     | 9.283  |
| Pi_l2_loss    | 0.035  |
| Q_loss        | 0.022  |
| Success       | 0.0    |
+---------------+--------+
Saved periodic policy to log/000-ddpg-FetchPushLabyrinth-v1-normal/!
2021-10-25 02:09:54 000
+---------------+--------+
| Epoch         | 4/20   |
| Cycle         | 0/20   |
| Episodes      | 4050   |
| Timesteps     | 405000 |
| TimeCost(sec) | 90.111 |
| Pi_q_loss     | 9.292  |
| Pi_l2_loss    | 0.035  |
| Q_loss        | 0.02   |
| Success       | 0.0    |
+---------------+--------+
2021-10-25 02:11:25 000
+---------------+--------+
| Epoch         | 4/20   |
| Cycle         | 1/20   |
| Episodes      | 4100   |
| Timesteps     | 410000 |
| TimeCost(sec) | 90.592 |
| Pi_q_loss     | 9.351  |
| Pi_l2_loss    | 0.035  |
| Q_loss        | 0.02   |
| Success       | 0.0    |
+---------------+--------+
2021-10-25 02:12:54 000
+---------------+--------+
| Epoch         | 4/20   |
| Cycle         | 2/20   |
| Episodes      | 4150   |
| Timesteps     | 415000 |
| TimeCost(sec) | 89.309 |
| Pi_q_loss     | 9.375  |
| Pi_l2_loss    | 0.036  |
| Q_loss        | 0.019  |
| Success       | 0.0    |
+---------------+--------+
2021-10-25 02:14:24 000
+---------------+--------+
| Epoch         | 4/20   |
| Cycle         | 3/20   |
| Episodes      | 4200   |
| Timesteps     | 420000 |
| TimeCost(sec) | 89.819 |
| Pi_q_loss     | 9.368  |
| Pi_l2_loss    | 0.036  |
| Q_loss        | 0.019  |
| Success       | 0.0    |
+---------------+--------+
2021-10-25 02:15:52 000
+---------------+--------+
| Epoch         | 4/20   |
| Cycle         | 4/20   |
| Episodes      | 4250   |
| Timesteps     | 425000 |
| TimeCost(sec) | 88.295 |
| Pi_q_loss     | 9.382  |
| Pi_l2_loss    | 0.035  |
| Q_loss        | 0.018  |
| Success       | 0.0    |
+---------------+--------+
2021-10-25 02:17:22 000
+---------------+--------+
| Epoch         | 4/20   |
| Cycle         | 5/20   |
| Episodes      | 4300   |
| Timesteps     | 430000 |
| TimeCost(sec) | 89.321 |
| Pi_q_loss     | 9.341  |
| Pi_l2_loss    | 0.034  |
| Q_loss        | 0.02   |
| Success       | 0.0    |
+---------------+--------+
2021-10-25 02:18:53 000
+---------------+--------+
| Epoch         | 4/20   |
| Cycle         | 6/20   |
| Episodes      | 4350   |
| Timesteps     | 435000 |
| TimeCost(sec) | 91.351 |
| Pi_q_loss     | 9.414  |
| Pi_l2_loss    | 0.034  |
| Q_loss        | 0.018  |
| Success       | 0.0    |
+---------------+--------+
2021-10-25 02:20:22 000
+---------------+--------+
| Epoch         | 4/20   |
| Cycle         | 7/20   |
| Episodes      | 4400   |
| Timesteps     | 440000 |
| TimeCost(sec) | 88.16  |
| Pi_q_loss     | 9.455  |
| Pi_l2_loss    | 0.033  |
| Q_loss        | 0.018  |
| Success       | 0.0    |
+---------------+--------+
2021-10-25 02:21:52 000
+---------------+--------+
| Epoch         | 4/20   |
| Cycle         | 8/20   |
| Episodes      | 4450   |
| Timesteps     | 445000 |
| TimeCost(sec) | 90.016 |
| Pi_q_loss     | 9.468  |
| Pi_l2_loss    | 0.034  |
| Q_loss        | 0.019  |
| Success       | 0.0    |
+---------------+--------+
2021-10-25 02:23:24 000
+---------------+--------+
| Epoch         | 4/20   |
| Cycle         | 9/20   |
| Episodes      | 4500   |
| Timesteps     | 450000 |
| TimeCost(sec) | 91.568 |
| Pi_q_loss     | 9.491  |
| Pi_l2_loss    | 0.033  |
| Q_loss        | 0.018  |
| Success       | 0.0    |
+---------------+--------+
2021-10-25 02:24:54 000
+---------------+--------+
| Epoch         | 4/20   |
| Cycle         | 10/20  |
| Episodes      | 4550   |
| Timesteps     | 455000 |
| TimeCost(sec) | 90.012 |
| Pi_q_loss     | 9.558  |
| Pi_l2_loss    | 0.033  |
| Q_loss        | 0.017  |
| Success       | 0.0    |
+---------------+--------+
2021-10-25 02:26:26 000
+---------------+--------+
| Epoch         | 4/20   |
| Cycle         | 11/20  |
| Episodes      | 4600   |
| Timesteps     | 460000 |
| TimeCost(sec) | 91.98  |
| Pi_q_loss     | 9.568  |
| Pi_l2_loss    | 0.032  |
| Q_loss        | 0.018  |
| Success       | 0.0    |
+---------------+--------+
2021-10-25 02:27:57 000
+---------------+--------+
| Epoch         | 4/20   |
| Cycle         | 12/20  |
| Episodes      | 4650   |
| Timesteps     | 465000 |
| TimeCost(sec) | 91.009 |
| Pi_q_loss     | 9.652  |
| Pi_l2_loss    | 0.031  |
| Q_loss        | 0.017  |
| Success       | 0.0    |
+---------------+--------+
2021-10-25 02:29:27 000
+---------------+--------+
| Epoch         | 4/20   |
| Cycle         | 13/20  |
| Episodes      | 4700   |
| Timesteps     | 470000 |
| TimeCost(sec) | 89.802 |
| Pi_q_loss     | 9.669  |
| Pi_l2_loss    | 0.031  |
| Q_loss        | 0.016  |
| Success       | 0.0    |
+---------------+--------+
2021-10-25 02:30:57 000
+---------------+--------+
| Epoch         | 4/20   |
| Cycle         | 14/20  |
| Episodes      | 4750   |
| Timesteps     | 475000 |
| TimeCost(sec) | 89.799 |
| Pi_q_loss     | 9.709  |
| Pi_l2_loss    | 0.031  |
| Q_loss        | 0.016  |
| Success       | 0.0    |
+---------------+--------+
2021-10-25 02:32:28 000
+---------------+--------+
| Epoch         | 4/20   |
| Cycle         | 15/20  |
| Episodes      | 4800   |
| Timesteps     | 480000 |
| TimeCost(sec) | 90.477 |
| Pi_q_loss     | 9.666  |
| Pi_l2_loss    | 0.03   |
| Q_loss        | 0.017  |
| Success       | 0.0    |
+---------------+--------+
2021-10-25 02:33:57 000
+---------------+--------+
| Epoch         | 4/20   |
| Cycle         | 16/20  |
| Episodes      | 4850   |
| Timesteps     | 485000 |
| TimeCost(sec) | 89.424 |
| Pi_q_loss     | 9.679  |
| Pi_l2_loss    | 0.031  |
| Q_loss        | 0.016  |
| Success       | 0.0    |
+---------------+--------+
2021-10-25 02:35:28 000
+---------------+--------+
| Epoch         | 4/20   |
| Cycle         | 17/20  |
| Episodes      | 4900   |
| Timesteps     | 490000 |
| TimeCost(sec) | 90.938 |
| Pi_q_loss     | 9.721  |
| Pi_l2_loss    | 0.031  |
| Q_loss        | 0.016  |
| Success       | 0.0    |
+---------------+--------+
2021-10-25 02:37:01 000
+---------------+--------+
| Epoch         | 4/20   |
| Cycle         | 18/20  |
| Episodes      | 4950   |
| Timesteps     | 495000 |
| TimeCost(sec) | 92.686 |
| Pi_q_loss     | 9.703  |
| Pi_l2_loss    | 0.031  |
| Q_loss        | 0.016  |
| Success       | 0.0    |
+---------------+--------+
2021-10-25 02:38:34 000
+---------------+--------+
| Epoch         | 4/20   |
| Cycle         | 19/20  |
| Episodes      | 5000   |
| Timesteps     | 500000 |
| TimeCost(sec) | 92.959 |
| Pi_q_loss     | 9.748  |
| Pi_l2_loss    | 0.03   |
| Q_loss        | 0.015  |
| Success       | 0.0    |
+---------------+--------+
Saved periodic policy to log/000-ddpg-FetchPushLabyrinth-v1-normal/!
2021-10-25 02:40:07 000
+---------------+--------+
| Epoch         | 5/20   |
| Cycle         | 0/20   |
| Episodes      | 5050   |
| Timesteps     | 505000 |
| TimeCost(sec) | 92.974 |
| Pi_q_loss     | 9.811  |
| Pi_l2_loss    | 0.03   |
| Q_loss        | 0.015  |
| Success       | 0.0    |
+---------------+--------+
2021-10-25 02:41:43 000
+---------------+--------+
| Epoch         | 5/20   |
| Cycle         | 1/20   |
| Episodes      | 5100   |
| Timesteps     | 510000 |
| TimeCost(sec) | 95.255 |
| Pi_q_loss     | 9.806  |
| Pi_l2_loss    | 0.03   |
| Q_loss        | 0.015  |
| Success       | 0.0    |
+---------------+--------+
2021-10-25 02:43:19 000
+---------------+--------+
| Epoch         | 5/20   |
| Cycle         | 2/20   |
| Episodes      | 5150   |
| Timesteps     | 515000 |
| TimeCost(sec) | 95.533 |
| Pi_q_loss     | 9.811  |
| Pi_l2_loss    | 0.03   |
| Q_loss        | 0.014  |
| Success       | 0.0    |
+---------------+--------+
2021-10-25 02:44:55 000
+---------------+--------+
| Epoch         | 5/20   |
| Cycle         | 3/20   |
| Episodes      | 5200   |
| Timesteps     | 520000 |
| TimeCost(sec) | 95.894 |
| Pi_q_loss     | 9.842  |
| Pi_l2_loss    | 0.03   |
| Q_loss        | 0.014  |
| Success       | 0.0    |
+---------------+--------+
2021-10-25 02:46:28 000
+---------------+--------+
| Epoch         | 5/20   |
| Cycle         | 4/20   |
| Episodes      | 5250   |
| Timesteps     | 525000 |
| TimeCost(sec) | 93.354 |
| Pi_q_loss     | 9.888  |
| Pi_l2_loss    | 0.03   |
| Q_loss        | 0.015  |
| Success       | 0.0    |
+---------------+--------+
2021-10-25 02:48:04 000
+---------------+--------+
| Epoch         | 5/20   |
| Cycle         | 5/20   |
| Episodes      | 5300   |
| Timesteps     | 530000 |
| TimeCost(sec) | 96.094 |
| Pi_q_loss     | 9.894  |
| Pi_l2_loss    | 0.03   |
| Q_loss        | 0.014  |
| Success       | 0.0    |
+---------------+--------+
2021-10-25 02:49:40 000
+---------------+--------+
| Epoch         | 5/20   |
| Cycle         | 6/20   |
| Episodes      | 5350   |
| Timesteps     | 535000 |
| TimeCost(sec) | 95.874 |
| Pi_q_loss     | 9.828  |
| Pi_l2_loss    | 0.03   |
| Q_loss        | 0.015  |
| Success       | 0.0    |
+---------------+--------+
2021-10-25 02:51:14 000
+---------------+--------+
| Epoch         | 5/20   |
| Cycle         | 7/20   |
| Episodes      | 5400   |
| Timesteps     | 540000 |
| TimeCost(sec) | 93.329 |
| Pi_q_loss     | 9.908  |
| Pi_l2_loss    | 0.03   |
| Q_loss        | 0.015  |
| Success       | 0.0    |
+---------------+--------+
2021-10-25 02:52:50 000
+---------------+--------+
| Epoch         | 5/20   |
| Cycle         | 8/20   |
| Episodes      | 5450   |
| Timesteps     | 545000 |
| TimeCost(sec) | 95.567 |
| Pi_q_loss     | 9.865  |
| Pi_l2_loss    | 0.03   |
| Q_loss        | 0.014  |
| Success       | 0.0    |
+---------------+--------+
2021-10-25 02:54:24 000
+---------------+--------+
| Epoch         | 5/20   |
| Cycle         | 9/20   |
| Episodes      | 5500   |
| Timesteps     | 550000 |
| TimeCost(sec) | 94.559 |
| Pi_q_loss     | 9.914  |
| Pi_l2_loss    | 0.03   |
| Q_loss        | 0.014  |
| Success       | 0.0    |
+---------------+--------+
2021-10-25 02:55:58 000
+---------------+--------+
| Epoch         | 5/20   |
| Cycle         | 10/20  |
| Episodes      | 5550   |
| Timesteps     | 555000 |
| TimeCost(sec) | 93.768 |
| Pi_q_loss     | 9.899  |
| Pi_l2_loss    | 0.029  |
| Q_loss        | 0.015  |
| Success       | 0.0    |
+---------------+--------+
2021-10-25 02:57:33 000
+---------------+--------+
| Epoch         | 5/20   |
| Cycle         | 11/20  |
| Episodes      | 5600   |
| Timesteps     | 560000 |
| TimeCost(sec) | 94.089 |
| Pi_q_loss     | 9.933  |
| Pi_l2_loss    | 0.03   |
| Q_loss        | 0.015  |
| Success       | 0.0    |
+---------------+--------+
2021-10-25 02:59:07 000
+---------------+--------+
| Epoch         | 5/20   |
| Cycle         | 12/20  |
| Episodes      | 5650   |
| Timesteps     | 565000 |
| TimeCost(sec) | 94.169 |
| Pi_q_loss     | 9.939  |
| Pi_l2_loss    | 0.031  |
| Q_loss        | 0.015  |
| Success       | 0.0    |
+---------------+--------+
2021-10-25 03:00:43 000
+---------------+--------+
| Epoch         | 5/20   |
| Cycle         | 13/20  |
| Episodes      | 5700   |
| Timesteps     | 570000 |
| TimeCost(sec) | 96.09  |
| Pi_q_loss     | 10.016 |
| Pi_l2_loss    | 0.03   |
| Q_loss        | 0.014  |
| Success       | 0.0    |
+---------------+--------+
2021-10-25 03:02:19 000
+---------------+--------+
| Epoch         | 5/20   |
| Cycle         | 14/20  |
| Episodes      | 5750   |
| Timesteps     | 575000 |
| TimeCost(sec) | 95.81  |
| Pi_q_loss     | 9.985  |
| Pi_l2_loss    | 0.03   |
| Q_loss        | 0.017  |
| Success       | 0.0    |
+---------------+--------+
2021-10-25 03:03:56 000
+---------------+--------+
| Epoch         | 5/20   |
| Cycle         | 15/20  |
| Episodes      | 5800   |
| Timesteps     | 580000 |
| TimeCost(sec) | 96.342 |
| Pi_q_loss     | 9.948  |
| Pi_l2_loss    | 0.03   |
| Q_loss        | 0.015  |
| Success       | 0.0    |
+---------------+--------+
2021-10-25 03:05:32 000
+---------------+--------+
| Epoch         | 5/20   |
| Cycle         | 16/20  |
| Episodes      | 5850   |
| Timesteps     | 585000 |
| TimeCost(sec) | 96.289 |
| Pi_q_loss     | 10.013 |
| Pi_l2_loss    | 0.03   |
| Q_loss        | 0.015  |
| Success       | 0.0    |
+---------------+--------+
2021-10-25 03:07:09 000
+---------------+--------+
| Epoch         | 5/20   |
| Cycle         | 17/20  |
| Episodes      | 5900   |
| Timesteps     | 590000 |
| TimeCost(sec) | 96.466 |
| Pi_q_loss     | 10.051 |
| Pi_l2_loss    | 0.03   |
| Q_loss        | 0.015  |
| Success       | 0.0    |
+---------------+--------+
2021-10-25 03:08:44 000
+---------------+--------+
| Epoch         | 5/20   |
| Cycle         | 18/20  |
| Episodes      | 5950   |
| Timesteps     | 595000 |
| TimeCost(sec) | 95.569 |
| Pi_q_loss     | 10.047 |
| Pi_l2_loss    | 0.03   |
| Q_loss        | 0.019  |
| Success       | 0.0    |
+---------------+--------+
2021-10-25 03:10:20 000
+---------------+--------+
| Epoch         | 5/20   |
| Cycle         | 19/20  |
| Episodes      | 6000   |
| Timesteps     | 600000 |
| TimeCost(sec) | 95.835 |
| Pi_q_loss     | 10.011 |
| Pi_l2_loss    | 0.031  |
| Q_loss        | 0.015  |
| Success       | 0.0    |
+---------------+--------+
Saved periodic policy to log/000-ddpg-FetchPushLabyrinth-v1-normal/!
2021-10-25 03:11:55 000
+---------------+--------+
| Epoch         | 6/20   |
| Cycle         | 0/20   |
| Episodes      | 6050   |
| Timesteps     | 605000 |
| TimeCost(sec) | 94.311 |
| Pi_q_loss     | 9.99   |
| Pi_l2_loss    | 0.031  |
| Q_loss        | 0.016  |
| Success       | 0.0    |
+---------------+--------+
2021-10-25 03:13:31 000
+---------------+--------+
| Epoch         | 6/20   |
| Cycle         | 1/20   |
| Episodes      | 6100   |
| Timesteps     | 610000 |
| TimeCost(sec) | 96.115 |
| Pi_q_loss     | 10.037 |
| Pi_l2_loss    | 0.031  |
| Q_loss        | 0.016  |
| Success       | 0.0    |
+---------------+--------+
2021-10-25 03:15:07 000
+---------------+--------+
| Epoch         | 6/20   |
| Cycle         | 2/20   |
| Episodes      | 6150   |
| Timesteps     | 615000 |
| TimeCost(sec) | 95.178 |
| Pi_q_loss     | 10.074 |
| Pi_l2_loss    | 0.032  |
| Q_loss        | 0.017  |
| Success       | 0.0    |
+---------------+--------+
2021-10-25 03:16:42 000
+---------------+--------+
| Epoch         | 6/20   |
| Cycle         | 3/20   |
| Episodes      | 6200   |
| Timesteps     | 620000 |
| TimeCost(sec) | 95.006 |
| Pi_q_loss     | 10.045 |
| Pi_l2_loss    | 0.041  |
| Q_loss        | 0.019  |
| Success       | 0.0    |
+---------------+--------+
2021-10-25 03:18:17 000
+---------------+--------+
| Epoch         | 6/20   |
| Cycle         | 4/20   |
| Episodes      | 6250   |
| Timesteps     | 625000 |
| TimeCost(sec) | 95.149 |
| Pi_q_loss     | 9.874  |
| Pi_l2_loss    | 0.058  |
| Q_loss        | 0.023  |
| Success       | 0.0    |
+---------------+--------+
2021-10-25 03:19:55 000
+---------------+--------+
| Epoch         | 6/20   |
| Cycle         | 5/20   |
| Episodes      | 6300   |
| Timesteps     | 630000 |
| TimeCost(sec) | 98.05  |
| Pi_q_loss     | 9.596  |
| Pi_l2_loss    | 0.076  |
| Q_loss        | 0.029  |
| Success       | 0.0    |
+---------------+--------+
2021-10-25 03:21:30 000
+---------------+--------+
| Epoch         | 6/20   |
| Cycle         | 6/20   |
| Episodes      | 6350   |
| Timesteps     | 635000 |
| TimeCost(sec) | 95.053 |
| Pi_q_loss     | 9.527  |
| Pi_l2_loss    | 0.071  |
| Q_loss        | 0.033  |
| Success       | 0.0    |
+---------------+--------+
2021-10-25 03:23:06 000
+---------------+--------+
| Epoch         | 6/20   |
| Cycle         | 7/20   |
| Episodes      | 6400   |
| Timesteps     | 640000 |
| TimeCost(sec) | 95.295 |
| Pi_q_loss     | 9.276  |
| Pi_l2_loss    | 0.059  |
| Q_loss        | 0.032  |
| Success       | 0.0    |
+---------------+--------+
2021-10-25 03:24:41 000
+---------------+--------+
| Epoch         | 6/20   |
| Cycle         | 8/20   |
| Episodes      | 6450   |
| Timesteps     | 645000 |
| TimeCost(sec) | 95.228 |
| Pi_q_loss     | 9.206  |
| Pi_l2_loss    | 0.051  |
| Q_loss        | 0.031  |
| Success       | 0.0    |
+---------------+--------+
2021-10-25 03:26:17 000
+---------------+--------+
| Epoch         | 6/20   |
| Cycle         | 9/20   |
| Episodes      | 6500   |
| Timesteps     | 650000 |
| TimeCost(sec) | 95.398 |
| Pi_q_loss     | 9.188  |
| Pi_l2_loss    | 0.045  |
| Q_loss        | 0.029  |
| Success       | 0.0    |
+---------------+--------+
2021-10-25 03:27:51 000
+---------------+--------+
| Epoch         | 6/20   |
| Cycle         | 10/20  |
| Episodes      | 6550   |
| Timesteps     | 655000 |
| TimeCost(sec) | 94.437 |
| Pi_q_loss     | 9.143  |
| Pi_l2_loss    | 0.04   |
| Q_loss        | 0.025  |
| Success       | 0.0    |
+---------------+--------+
2021-10-25 03:29:25 000
+---------------+--------+
| Epoch         | 6/20   |
| Cycle         | 11/20  |
| Episodes      | 6600   |
| Timesteps     | 660000 |
| TimeCost(sec) | 93.031 |
| Pi_q_loss     | 9.138  |
| Pi_l2_loss    | 0.038  |
| Q_loss        | 0.024  |
| Success       | 0.0    |
+---------------+--------+
2021-10-25 03:30:58 000
+---------------+--------+
| Epoch         | 6/20   |
| Cycle         | 12/20  |
| Episodes      | 6650   |
| Timesteps     | 665000 |
| TimeCost(sec) | 93.039 |
| Pi_q_loss     | 9.131  |
| Pi_l2_loss    | 0.037  |
| Q_loss        | 0.021  |
| Success       | 0.0    |
+---------------+--------+
2021-10-25 03:32:28 000
+---------------+--------+
| Epoch         | 6/20   |
| Cycle         | 13/20  |
| Episodes      | 6700   |
| Timesteps     | 670000 |
| TimeCost(sec) | 90.445 |
| Pi_q_loss     | 9.197  |
| Pi_l2_loss    | 0.034  |
| Q_loss        | 0.021  |
| Success       | 0.0    |
+---------------+--------+
2021-10-25 03:33:58 000
+---------------+--------+
| Epoch         | 6/20   |
| Cycle         | 14/20  |
| Episodes      | 6750   |
| Timesteps     | 675000 |
| TimeCost(sec) | 90.012 |
| Pi_q_loss     | 9.224  |
| Pi_l2_loss    | 0.033  |
| Q_loss        | 0.019  |
| Success       | 0.0    |
+---------------+--------+
2021-10-25 03:35:29 000
+---------------+--------+
| Epoch         | 6/20   |
| Cycle         | 15/20  |
| Episodes      | 6800   |
| Timesteps     | 680000 |
| TimeCost(sec) | 89.879 |
| Pi_q_loss     | 9.279  |
| Pi_l2_loss    | 0.032  |
| Q_loss        | 0.02   |
| Success       | 0.0    |
+---------------+--------+
2021-10-25 03:36:56 000
+---------------+--------+
| Epoch         | 6/20   |
| Cycle         | 16/20  |
| Episodes      | 6850   |
| Timesteps     | 685000 |
| TimeCost(sec) | 87.619 |
| Pi_q_loss     | 9.252  |
| Pi_l2_loss    | 0.031  |
| Q_loss        | 0.019  |
| Success       | 0.0    |
+---------------+--------+
2021-10-25 03:38:27 000
+---------------+--------+
| Epoch         | 6/20   |
| Cycle         | 17/20  |
| Episodes      | 6900   |
| Timesteps     | 690000 |
| TimeCost(sec) | 90.535 |
| Pi_q_loss     | 9.265  |
| Pi_l2_loss    | 0.031  |
| Q_loss        | 0.018  |
| Success       | 0.0    |
+---------------+--------+
2021-10-25 03:39:57 000
+---------------+--------+
| Epoch         | 6/20   |
| Cycle         | 18/20  |
| Episodes      | 6950   |
| Timesteps     | 695000 |
| TimeCost(sec) | 90.326 |
| Pi_q_loss     | 9.341  |
| Pi_l2_loss    | 0.032  |
| Q_loss        | 0.019  |
| Success       | 0.0    |
+---------------+--------+
2021-10-25 03:41:28 000
+---------------+--------+
| Epoch         | 6/20   |
| Cycle         | 19/20  |
| Episodes      | 7000   |
| Timesteps     | 700000 |
| TimeCost(sec) | 89.921 |
| Pi_q_loss     | 9.337  |
| Pi_l2_loss    | 0.031  |
| Q_loss        | 0.018  |
| Success       | 0.0    |
+---------------+--------+
Saved periodic policy to log/000-ddpg-FetchPushLabyrinth-v1-normal/!
2021-10-25 03:42:58 000
+---------------+--------+
| Epoch         | 7/20   |
| Cycle         | 0/20   |
| Episodes      | 7050   |
| Timesteps     | 705000 |
| TimeCost(sec) | 90.647 |
| Pi_q_loss     | 9.541  |
| Pi_l2_loss    | 0.031  |
| Q_loss        | 0.018  |
| Success       | 0.0    |
+---------------+--------+
2021-10-25 03:44:27 000
+---------------+--------+
| Epoch         | 7/20   |
| Cycle         | 1/20   |
| Episodes      | 7100   |
| Timesteps     | 710000 |
| TimeCost(sec) | 88.338 |
| Pi_q_loss     | 9.452  |
| Pi_l2_loss    | 0.03   |
| Q_loss        | 0.016  |
| Success       | 0.0    |
+---------------+--------+
2021-10-25 03:45:57 000
+---------------+--------+
| Epoch         | 7/20   |
| Cycle         | 2/20   |
| Episodes      | 7150   |
| Timesteps     | 715000 |
| TimeCost(sec) | 89.572 |
| Pi_q_loss     | 9.506  |
| Pi_l2_loss    | 0.03   |
| Q_loss        | 0.016  |
| Success       | 0.0    |
+---------------+--------+
2021-10-25 03:47:25 000
+---------------+--------+
| Epoch         | 7/20   |
| Cycle         | 3/20   |
| Episodes      | 7200   |
| Timesteps     | 720000 |
| TimeCost(sec) | 88.242 |
| Pi_q_loss     | 9.488  |
| Pi_l2_loss    | 0.03   |
| Q_loss        | 0.015  |
| Success       | 0.0    |
+---------------+--------+
2021-10-25 03:48:56 000
+---------------+--------+
| Epoch         | 7/20   |
| Cycle         | 4/20   |
| Episodes      | 7250   |
| Timesteps     | 725000 |
| TimeCost(sec) | 90.668 |
| Pi_q_loss     | 9.481  |
| Pi_l2_loss    | 0.03   |
| Q_loss        | 0.016  |
| Success       | 0.0    |
+---------------+--------+
2021-10-25 03:50:24 000
+---------------+--------+
| Epoch         | 7/20   |
| Cycle         | 5/20   |
| Episodes      | 7300   |
| Timesteps     | 730000 |
| TimeCost(sec) | 88.278 |
| Pi_q_loss     | 9.531  |
| Pi_l2_loss    | 0.032  |
| Q_loss        | 0.015  |
| Success       | 0.0    |
+---------------+--------+
2021-10-25 03:51:54 000
+---------------+--------+
| Epoch         | 7/20   |
| Cycle         | 6/20   |
| Episodes      | 7350   |
| Timesteps     | 735000 |
| TimeCost(sec) | 89.583 |
| Pi_q_loss     | 9.624  |
| Pi_l2_loss    | 0.03   |
| Q_loss        | 0.015  |
| Success       | 0.0    |
+---------------+--------+
2021-10-25 03:53:23 000
+---------------+--------+
| Epoch         | 7/20   |
| Cycle         | 7/20   |
| Episodes      | 7400   |
| Timesteps     | 740000 |
| TimeCost(sec) | 89.011 |
| Pi_q_loss     | 9.619  |
| Pi_l2_loss    | 0.029  |
| Q_loss        | 0.015  |
| Success       | 0.0    |
+---------------+--------+
2021-10-25 03:54:52 000
+---------------+--------+
| Epoch         | 7/20   |
| Cycle         | 8/20   |
| Episodes      | 7450   |
| Timesteps     | 745000 |
| TimeCost(sec) | 88.817 |
| Pi_q_loss     | 9.584  |
| Pi_l2_loss    | 0.029  |
| Q_loss        | 0.015  |
| Success       | 0.0    |
+---------------+--------+
2021-10-25 03:56:23 000
+---------------+--------+
| Epoch         | 7/20   |
| Cycle         | 9/20   |
| Episodes      | 7500   |
| Timesteps     | 750000 |
| TimeCost(sec) | 90.747 |
| Pi_q_loss     | 9.575  |
| Pi_l2_loss    | 0.029  |
| Q_loss        | 0.015  |
| Success       | 0.0    |
+---------------+--------+
2021-10-25 03:57:53 000
+---------------+--------+
| Epoch         | 7/20   |
| Cycle         | 10/20  |
| Episodes      | 7550   |
| Timesteps     | 755000 |
| TimeCost(sec) | 89.72  |
| Pi_q_loss     | 9.692  |
| Pi_l2_loss    | 0.03   |
| Q_loss        | 0.015  |
| Success       | 0.0    |
+---------------+--------+
2021-10-25 03:59:22 000
+---------------+--------+
| Epoch         | 7/20   |
| Cycle         | 11/20  |
| Episodes      | 7600   |
| Timesteps     | 760000 |
| TimeCost(sec) | 88.888 |
| Pi_q_loss     | 9.66   |
| Pi_l2_loss    | 0.029  |
| Q_loss        | 0.014  |
| Success       | 0.0    |
+---------------+--------+
2021-10-25 04:00:51 000
+---------------+--------+
| Epoch         | 7/20   |
| Cycle         | 12/20  |
| Episodes      | 7650   |
| Timesteps     | 765000 |
| TimeCost(sec) | 88.342 |
| Pi_q_loss     | 9.717  |
| Pi_l2_loss    | 0.029  |
| Q_loss        | 0.014  |
| Success       | 0.0    |
+---------------+--------+
2021-10-25 04:02:20 000
+---------------+--------+
| Epoch         | 7/20   |
| Cycle         | 13/20  |
| Episodes      | 7700   |
| Timesteps     | 770000 |
| TimeCost(sec) | 89.572 |
| Pi_q_loss     | 9.755  |
| Pi_l2_loss    | 0.03   |
| Q_loss        | 0.014  |
| Success       | 0.0    |
+---------------+--------+
2021-10-25 04:03:49 000
+---------------+--------+
| Epoch         | 7/20   |
| Cycle         | 14/20  |
| Episodes      | 7750   |
| Timesteps     | 775000 |
| TimeCost(sec) | 88.345 |
| Pi_q_loss     | 9.73   |
| Pi_l2_loss    | 0.031  |
| Q_loss        | 0.015  |
| Success       | 0.0    |
+---------------+--------+
2021-10-25 04:05:19 000
+---------------+--------+
| Epoch         | 7/20   |
| Cycle         | 15/20  |
| Episodes      | 7800   |
| Timesteps     | 780000 |
| TimeCost(sec) | 90.557 |
| Pi_q_loss     | 9.737  |
| Pi_l2_loss    | 0.034  |
| Q_loss        | 0.016  |
| Success       | 0.0    |
+---------------+--------+
2021-10-25 04:06:49 000
+---------------+--------+
| Epoch         | 7/20   |
| Cycle         | 16/20  |
| Episodes      | 7850   |
| Timesteps     | 785000 |
| TimeCost(sec) | 89.659 |
| Pi_q_loss     | 9.708  |
| Pi_l2_loss    | 0.037  |
| Q_loss        | 0.018  |
| Success       | 0.0    |
+---------------+--------+
2021-10-25 04:08:18 000
+---------------+--------+
| Epoch         | 7/20   |
| Cycle         | 17/20  |
| Episodes      | 7900   |
| Timesteps     | 790000 |
| TimeCost(sec) | 88.527 |
| Pi_q_loss     | 9.686  |
| Pi_l2_loss    | 0.036  |
| Q_loss        | 0.018  |
| Success       | 0.0    |
+---------------+--------+
2021-10-25 04:09:48 000
+---------------+--------+
| Epoch         | 7/20   |
| Cycle         | 18/20  |
| Episodes      | 7950   |
| Timesteps     | 795000 |
| TimeCost(sec) | 90.283 |
| Pi_q_loss     | 9.719  |
| Pi_l2_loss    | 0.034  |
| Q_loss        | 0.018  |
| Success       | 0.0    |
+---------------+--------+
2021-10-25 04:11:19 000
+---------------+--------+
| Epoch         | 7/20   |
| Cycle         | 19/20  |
| Episodes      | 8000   |
| Timesteps     | 800000 |
| TimeCost(sec) | 90.294 |
| Pi_q_loss     | 9.705  |
| Pi_l2_loss    | 0.034  |
| Q_loss        | 0.018  |
| Success       | 0.0    |
+---------------+--------+
Saved periodic policy to log/000-ddpg-FetchPushLabyrinth-v1-normal/!
2021-10-25 04:12:50 000
+---------------+--------+
| Epoch         | 8/20   |
| Cycle         | 0/20   |
| Episodes      | 8050   |
| Timesteps     | 805000 |
| TimeCost(sec) | 90.406 |
| Pi_q_loss     | 9.647  |
| Pi_l2_loss    | 0.032  |
| Q_loss        | 0.018  |
| Success       | 0.0    |
+---------------+--------+
2021-10-25 04:14:20 000
+---------------+--------+
| Epoch         | 8/20   |
| Cycle         | 1/20   |
| Episodes      | 8100   |
| Timesteps     | 810000 |
| TimeCost(sec) | 90.028 |
| Pi_q_loss     | 9.688  |
| Pi_l2_loss    | 0.031  |
| Q_loss        | 0.016  |
| Success       | 0.0    |
+---------------+--------+
2021-10-25 04:15:48 000
+---------------+--------+
| Epoch         | 8/20   |
| Cycle         | 2/20   |
| Episodes      | 8150   |
| Timesteps     | 815000 |
| TimeCost(sec) | 88.233 |
| Pi_q_loss     | 9.652  |
| Pi_l2_loss    | 0.03   |
| Q_loss        | 0.016  |
| Success       | 0.0    |
+---------------+--------+
2021-10-25 04:17:17 000
+---------------+--------+
| Epoch         | 8/20   |
| Cycle         | 3/20   |
| Episodes      | 8200   |
| Timesteps     | 820000 |
| TimeCost(sec) | 88.646 |
| Pi_q_loss     | 9.691  |
| Pi_l2_loss    | 0.03   |
| Q_loss        | 0.016  |
| Success       | 0.0    |
+---------------+--------+
2021-10-25 04:18:47 000
+---------------+--------+
| Epoch         | 8/20   |
| Cycle         | 4/20   |
| Episodes      | 8250   |
| Timesteps     | 825000 |
| TimeCost(sec) | 89.637 |
| Pi_q_loss     | 9.785  |
| Pi_l2_loss    | 0.029  |
| Q_loss        | 0.015  |
| Success       | 0.0    |
+---------------+--------+
2021-10-25 04:20:17 000
+---------------+--------+
| Epoch         | 8/20   |
| Cycle         | 5/20   |
| Episodes      | 8300   |
| Timesteps     | 830000 |
| TimeCost(sec) | 89.764 |
| Pi_q_loss     | 9.752  |
| Pi_l2_loss    | 0.029  |
| Q_loss        | 0.015  |
| Success       | 0.0    |
+---------------+--------+
2021-10-25 04:21:47 000
+---------------+--------+
| Epoch         | 8/20   |
| Cycle         | 6/20   |
| Episodes      | 8350   |
| Timesteps     | 835000 |
| TimeCost(sec) | 89.803 |
| Pi_q_loss     | 9.765  |
| Pi_l2_loss    | 0.029  |
| Q_loss        | 0.015  |
| Success       | 0.0    |
+---------------+--------+
2021-10-25 04:23:18 000
+---------------+--------+
| Epoch         | 8/20   |
| Cycle         | 7/20   |
| Episodes      | 8400   |
| Timesteps     | 840000 |
| TimeCost(sec) | 90.905 |
| Pi_q_loss     | 9.745  |
| Pi_l2_loss    | 0.029  |
| Q_loss        | 0.014  |
| Success       | 0.0    |
+---------------+--------+
2021-10-25 04:24:49 000
+---------------+--------+
| Epoch         | 8/20   |
| Cycle         | 8/20   |
| Episodes      | 8450   |
| Timesteps     | 845000 |
| TimeCost(sec) | 91.63  |
| Pi_q_loss     | 9.767  |
| Pi_l2_loss    | 0.029  |
| Q_loss        | 0.015  |
| Success       | 0.0    |
+---------------+--------+
2021-10-25 04:26:22 000
+---------------+--------+
| Epoch         | 8/20   |
| Cycle         | 9/20   |
| Episodes      | 8500   |
| Timesteps     | 850000 |
| TimeCost(sec) | 92.035 |
| Pi_q_loss     | 9.798  |
| Pi_l2_loss    | 0.028  |
| Q_loss        | 0.015  |
| Success       | 0.0    |
+---------------+--------+
2021-10-25 04:27:53 000
+---------------+--------+
| Epoch         | 8/20   |
| Cycle         | 10/20  |
| Episodes      | 8550   |
| Timesteps     | 855000 |
| TimeCost(sec) | 91.431 |
| Pi_q_loss     | 9.828  |
| Pi_l2_loss    | 0.028  |
| Q_loss        | 0.016  |
| Success       | 0.0    |
+---------------+--------+
2021-10-25 04:29:28 000
+---------------+--------+
| Epoch         | 8/20   |
| Cycle         | 11/20  |
| Episodes      | 8600   |
| Timesteps     | 860000 |
| TimeCost(sec) | 94.236 |
| Pi_q_loss     | 9.887  |
| Pi_l2_loss    | 0.029  |
| Q_loss        | 0.016  |
| Success       | 0.0    |
+---------------+--------+
2021-10-25 04:30:58 000
+---------------+--------+
| Epoch         | 8/20   |
| Cycle         | 12/20  |
| Episodes      | 8650   |
| Timesteps     | 865000 |
| TimeCost(sec) | 90.315 |
| Pi_q_loss     | 9.817  |
| Pi_l2_loss    | 0.028  |
| Q_loss        | 0.015  |
| Success       | 0.0    |
+---------------+--------+
2021-10-25 04:32:30 000
+---------------+--------+
| Epoch         | 8/20   |
| Cycle         | 13/20  |
| Episodes      | 8700   |
| Timesteps     | 870000 |
| TimeCost(sec) | 92.041 |
| Pi_q_loss     | 9.859  |
| Pi_l2_loss    | 0.028  |
| Q_loss        | 0.016  |
| Success       | 0.0    |
+---------------+--------+
2021-10-25 04:33:59 000
+---------------+--------+
| Epoch         | 8/20   |
| Cycle         | 14/20  |
| Episodes      | 8750   |
| Timesteps     | 875000 |
| TimeCost(sec) | 89.033 |
| Pi_q_loss     | 9.841  |
| Pi_l2_loss    | 0.028  |
| Q_loss        | 0.016  |
| Success       | 0.0    |
+---------------+--------+
2021-10-25 04:35:33 000
+---------------+--------+
| Epoch         | 8/20   |
| Cycle         | 15/20  |
| Episodes      | 8800   |
| Timesteps     | 880000 |
| TimeCost(sec) | 93.026 |
| Pi_q_loss     | 9.896  |
| Pi_l2_loss    | 0.028  |
| Q_loss        | 0.016  |
| Success       | 0.0    |
+---------------+--------+
2021-10-25 04:37:03 000
+---------------+--------+
| Epoch         | 8/20   |
| Cycle         | 16/20  |
| Episodes      | 8850   |
| Timesteps     | 885000 |
| TimeCost(sec) | 89.813 |
| Pi_q_loss     | 9.858  |
| Pi_l2_loss    | 0.028  |
| Q_loss        | 0.015  |
| Success       | 0.0    |
+---------------+--------+
2021-10-25 04:38:33 000
+---------------+--------+
| Epoch         | 8/20   |
| Cycle         | 17/20  |
| Episodes      | 8900   |
| Timesteps     | 890000 |
| TimeCost(sec) | 89.931 |
| Pi_q_loss     | 9.842  |
| Pi_l2_loss    | 0.027  |
| Q_loss        | 0.015  |
| Success       | 0.0    |
+---------------+--------+
2021-10-25 04:40:02 000
+---------------+--------+
| Epoch         | 8/20   |
| Cycle         | 18/20  |
| Episodes      | 8950   |
| Timesteps     | 895000 |
| TimeCost(sec) | 89.47  |
| Pi_q_loss     | 9.891  |
| Pi_l2_loss    | 0.027  |
| Q_loss        | 0.015  |
| Success       | 0.0    |
+---------------+--------+
2021-10-25 04:41:31 000
+---------------+--------+
| Epoch         | 8/20   |
| Cycle         | 19/20  |
| Episodes      | 9000   |
| Timesteps     | 900000 |
| TimeCost(sec) | 88.929 |
| Pi_q_loss     | 9.862  |
| Pi_l2_loss    | 0.028  |
| Q_loss        | 0.016  |
| Success       | 0.0    |
+---------------+--------+
Saved periodic policy to log/000-ddpg-FetchPushLabyrinth-v1-normal/!
2021-10-25 04:43:03 000
+---------------+--------+
| Epoch         | 9/20   |
| Cycle         | 0/20   |
| Episodes      | 9050   |
| Timesteps     | 905000 |
| TimeCost(sec) | 90.879 |
| Pi_q_loss     | 9.895  |
| Pi_l2_loss    | 0.028  |
| Q_loss        | 0.016  |
| Success       | 0.0    |
+---------------+--------+
2021-10-25 04:44:32 000
+---------------+--------+
| Epoch         | 9/20   |
| Cycle         | 1/20   |
| Episodes      | 9100   |
| Timesteps     | 910000 |
| TimeCost(sec) | 89.752 |
| Pi_q_loss     | 9.949  |
| Pi_l2_loss    | 0.028  |
| Q_loss        | 0.015  |
| Success       | 0.0    |
+---------------+--------+
2021-10-25 04:46:02 000
+---------------+--------+
| Epoch         | 9/20   |
| Cycle         | 2/20   |
| Episodes      | 9150   |
| Timesteps     | 915000 |
| TimeCost(sec) | 89.32  |
| Pi_q_loss     | 9.872  |
| Pi_l2_loss    | 0.028  |
| Q_loss        | 0.015  |
| Success       | 0.0    |
+---------------+--------+
2021-10-25 04:47:31 000
+---------------+--------+
| Epoch         | 9/20   |
| Cycle         | 3/20   |
| Episodes      | 9200   |
| Timesteps     | 920000 |
| TimeCost(sec) | 89.388 |
| Pi_q_loss     | 9.859  |
| Pi_l2_loss    | 0.028  |
| Q_loss        | 0.015  |
| Success       | 0.0    |
+---------------+--------+
2021-10-25 04:49:01 000
+---------------+--------+
| Epoch         | 9/20   |
| Cycle         | 4/20   |
| Episodes      | 9250   |
| Timesteps     | 925000 |
| TimeCost(sec) | 89.203 |
| Pi_q_loss     | 9.956  |
| Pi_l2_loss    | 0.028  |
| Q_loss        | 0.014  |
| Success       | 0.0    |
+---------------+--------+
2021-10-25 04:50:30 000
+---------------+--------+
| Epoch         | 9/20   |
| Cycle         | 5/20   |
| Episodes      | 9300   |
| Timesteps     | 930000 |
| TimeCost(sec) | 89.458 |
| Pi_q_loss     | 9.961  |
| Pi_l2_loss    | 0.027  |
| Q_loss        | 0.013  |
| Success       | 0.0    |
+---------------+--------+
2021-10-25 04:52:00 000
+---------------+--------+
| Epoch         | 9/20   |
| Cycle         | 6/20   |
| Episodes      | 9350   |
| Timesteps     | 935000 |
| TimeCost(sec) | 89.232 |
| Pi_q_loss     | 9.989  |
| Pi_l2_loss    | 0.027  |
| Q_loss        | 0.014  |
| Success       | 0.0    |
+---------------+--------+
2021-10-25 04:53:29 000
+---------------+--------+
| Epoch         | 9/20   |
| Cycle         | 7/20   |
| Episodes      | 9400   |
| Timesteps     | 940000 |
| TimeCost(sec) | 88.966 |
| Pi_q_loss     | 9.936  |
| Pi_l2_loss    | 0.027  |
| Q_loss        | 0.013  |
| Success       | 0.0    |
+---------------+--------+
2021-10-25 04:55:01 000
+---------------+--------+
| Epoch         | 9/20   |
| Cycle         | 8/20   |
| Episodes      | 9450   |
| Timesteps     | 945000 |
| TimeCost(sec) | 91.927 |
| Pi_q_loss     | 9.943  |
| Pi_l2_loss    | 0.028  |
| Q_loss        | 0.014  |
| Success       | 0.0    |
+---------------+--------+
2021-10-25 04:56:31 000
+---------------+--------+
| Epoch         | 9/20   |
| Cycle         | 9/20   |
| Episodes      | 9500   |
| Timesteps     | 950000 |
| TimeCost(sec) | 89.627 |
| Pi_q_loss     | 10.082 |
| Pi_l2_loss    | 0.026  |
| Q_loss        | 0.013  |
| Success       | 0.0    |
+---------------+--------+
2021-10-25 04:58:03 000
+---------------+--------+
| Epoch         | 9/20   |
| Cycle         | 10/20  |
| Episodes      | 9550   |
| Timesteps     | 955000 |
| TimeCost(sec) | 91.983 |
| Pi_q_loss     | 10.043 |
| Pi_l2_loss    | 0.027  |
| Q_loss        | 0.014  |
| Success       | 0.0    |
+---------------+--------+
2021-10-25 04:59:33 000
+---------------+--------+
| Epoch         | 9/20   |
| Cycle         | 11/20  |
| Episodes      | 9600   |
| Timesteps     | 960000 |
| TimeCost(sec) | 89.912 |
| Pi_q_loss     | 10.082 |
| Pi_l2_loss    | 0.027  |
| Q_loss        | 0.013  |
| Success       | 0.0    |
+---------------+--------+
2021-10-25 05:01:06 000
+---------------+--------+
| Epoch         | 9/20   |
| Cycle         | 12/20  |
| Episodes      | 9650   |
| Timesteps     | 965000 |
| TimeCost(sec) | 92.64  |
| Pi_q_loss     | 10.008 |
| Pi_l2_loss    | 0.026  |
| Q_loss        | 0.013  |
| Success       | 0.0    |
+---------------+--------+
2021-10-25 05:02:40 000
+---------------+--------+
| Epoch         | 9/20   |
| Cycle         | 13/20  |
| Episodes      | 9700   |
| Timesteps     | 970000 |
| TimeCost(sec) | 93.821 |
| Pi_q_loss     | 10.024 |
| Pi_l2_loss    | 0.026  |
| Q_loss        | 0.014  |
| Success       | 0.0    |
+---------------+--------+
2021-10-25 05:04:10 000
+---------------+--------+
| Epoch         | 9/20   |
| Cycle         | 14/20  |
| Episodes      | 9750   |
| Timesteps     | 975000 |
| TimeCost(sec) | 90.412 |
| Pi_q_loss     | 10.043 |
| Pi_l2_loss    | 0.027  |
| Q_loss        | 0.013  |
| Success       | 0.0    |
+---------------+--------+
2021-10-25 05:05:41 000
+---------------+--------+
| Epoch         | 9/20   |
| Cycle         | 15/20  |
| Episodes      | 9800   |
| Timesteps     | 980000 |
| TimeCost(sec) | 90.41  |
| Pi_q_loss     | 10.023 |
| Pi_l2_loss    | 0.027  |
| Q_loss        | 0.014  |
| Success       | 0.0    |
+---------------+--------+
2021-10-25 05:07:13 000
+---------------+--------+
| Epoch         | 9/20   |
| Cycle         | 16/20  |
| Episodes      | 9850   |
| Timesteps     | 985000 |
| TimeCost(sec) | 91.716 |
| Pi_q_loss     | 10.044 |
| Pi_l2_loss    | 0.027  |
| Q_loss        | 0.013  |
| Success       | 0.0    |
+---------------+--------+
2021-10-25 05:08:44 000
+---------------+--------+
| Epoch         | 9/20   |
| Cycle         | 17/20  |
| Episodes      | 9900   |
| Timesteps     | 990000 |
| TimeCost(sec) | 91.503 |
| Pi_q_loss     | 10.027 |
| Pi_l2_loss    | 0.027  |
| Q_loss        | 0.015  |
| Success       | 0.0    |
+---------------+--------+
2021-10-25 05:10:19 000
+---------------+--------+
| Epoch         | 9/20   |
| Cycle         | 18/20  |
| Episodes      | 9950   |
| Timesteps     | 995000 |
| TimeCost(sec) | 94.621 |
| Pi_q_loss     | 9.985  |
| Pi_l2_loss    | 0.027  |
| Q_loss        | 0.013  |
| Success       | 0.0    |
+---------------+--------+
2021-10-25 05:11:50 000
+---------------+---------+
| Epoch         | 9/20    |
| Cycle         | 19/20   |
| Episodes      | 10000   |
| Timesteps     | 1000000 |
| TimeCost(sec) | 91.068  |
| Pi_q_loss     | 10.05   |
| Pi_l2_loss    | 0.027   |
| Q_loss        | 0.013   |
| Success       | 0.0     |
+---------------+---------+
Saved periodic policy to log/000-ddpg-FetchPushLabyrinth-v1-normal/!
2021-10-25 05:13:22 000
+---------------+---------+
| Epoch         | 10/20   |
| Cycle         | 0/20    |
| Episodes      | 10050   |
| Timesteps     | 1005000 |
| TimeCost(sec) | 91.707  |
| Pi_q_loss     | 10.057  |
| Pi_l2_loss    | 0.028   |
| Q_loss        | 0.013   |
| Success       | 0.0     |
+---------------+---------+
2021-10-25 05:14:56 000
+---------------+---------+
| Epoch         | 10/20   |
| Cycle         | 1/20    |
| Episodes      | 10100   |
| Timesteps     | 1010000 |
| TimeCost(sec) | 93.065  |
| Pi_q_loss     | 10.047  |
| Pi_l2_loss    | 0.027   |
| Q_loss        | 0.013   |
| Success       | 0.0     |
+---------------+---------+
2021-10-25 05:16:26 000
+---------------+---------+
| Epoch         | 10/20   |
| Cycle         | 2/20    |
| Episodes      | 10150   |
| Timesteps     | 1015000 |
| TimeCost(sec) | 90.326  |
| Pi_q_loss     | 10.033  |
| Pi_l2_loss    | 0.027   |
| Q_loss        | 0.013   |
| Success       | 0.0     |
+---------------+---------+
2021-10-25 05:18:01 000
+---------------+---------+
| Epoch         | 10/20   |
| Cycle         | 3/20    |
| Episodes      | 10200   |
| Timesteps     | 1020000 |
| TimeCost(sec) | 94.669  |
| Pi_q_loss     | 10.138  |
| Pi_l2_loss    | 0.027   |
| Q_loss        | 0.013   |
| Success       | 0.0     |
+---------------+---------+
2021-10-25 05:19:33 000
+---------------+---------+
| Epoch         | 10/20   |
| Cycle         | 4/20    |
| Episodes      | 10250   |
| Timesteps     | 1025000 |
| TimeCost(sec) | 92.163  |
| Pi_q_loss     | 10.009  |
| Pi_l2_loss    | 0.027   |
| Q_loss        | 0.014   |
| Success       | 0.0     |
+---------------+---------+
2021-10-25 05:21:07 000
+---------------+---------+
| Epoch         | 10/20   |
| Cycle         | 5/20    |
| Episodes      | 10300   |
| Timesteps     | 1030000 |
| TimeCost(sec) | 93.567  |
| Pi_q_loss     | 10.112  |
| Pi_l2_loss    | 0.026   |
| Q_loss        | 0.013   |
| Success       | 0.0     |
+---------------+---------+
2021-10-25 05:22:38 000
+---------------+---------+
| Epoch         | 10/20   |
| Cycle         | 6/20    |
| Episodes      | 10350   |
| Timesteps     | 1035000 |
| TimeCost(sec) | 91.205  |
| Pi_q_loss     | 10.105  |
| Pi_l2_loss    | 0.026   |
| Q_loss        | 0.014   |
| Success       | 0.0     |
+---------------+---------+
2021-10-25 05:24:11 000
+---------------+---------+
| Epoch         | 10/20   |
| Cycle         | 7/20    |
| Episodes      | 10400   |
| Timesteps     | 1040000 |
| TimeCost(sec) | 92.809  |
| Pi_q_loss     | 10.005  |
| Pi_l2_loss    | 0.027   |
| Q_loss        | 0.012   |
| Success       | 0.0     |
+---------------+---------+
2021-10-25 05:25:44 000
+---------------+---------+
| Epoch         | 10/20   |
| Cycle         | 8/20    |
| Episodes      | 10450   |
| Timesteps     | 1045000 |
| TimeCost(sec) | 92.97   |
| Pi_q_loss     | 10.082  |
| Pi_l2_loss    | 0.027   |
| Q_loss        | 0.013   |
| Success       | 0.0     |
+---------------+---------+
2021-10-25 05:27:16 000
+---------------+---------+
| Epoch         | 10/20   |
| Cycle         | 9/20    |
| Episodes      | 10500   |
| Timesteps     | 1050000 |
| TimeCost(sec) | 91.379  |
| Pi_q_loss     | 10.053  |
| Pi_l2_loss    | 0.026   |
| Q_loss        | 0.013   |
| Success       | 0.0     |
+---------------+---------+
2021-10-25 05:28:50 000
+---------------+---------+
| Epoch         | 10/20   |
| Cycle         | 10/20   |
| Episodes      | 10550   |
| Timesteps     | 1055000 |
| TimeCost(sec) | 94.352  |
| Pi_q_loss     | 10.015  |
| Pi_l2_loss    | 0.028   |
| Q_loss        | 0.014   |
| Success       | 0.0     |
+---------------+---------+
2021-10-25 05:30:25 000
+---------------+---------+
| Epoch         | 10/20   |
| Cycle         | 11/20   |
| Episodes      | 10600   |
| Timesteps     | 1060000 |
| TimeCost(sec) | 94.139  |
| Pi_q_loss     | 10.108  |
| Pi_l2_loss    | 0.027   |
| Q_loss        | 0.014   |
| Success       | 0.0     |
+---------------+---------+
2021-10-25 05:31:58 000
+---------------+---------+
| Epoch         | 10/20   |
| Cycle         | 12/20   |
| Episodes      | 10650   |
| Timesteps     | 1065000 |
| TimeCost(sec) | 92.537  |
| Pi_q_loss     | 10.023  |
| Pi_l2_loss    | 0.027   |
| Q_loss        | 0.014   |
| Success       | 0.0     |
+---------------+---------+
2021-10-25 05:33:30 000
+---------------+---------+
| Epoch         | 10/20   |
| Cycle         | 13/20   |
| Episodes      | 10700   |
| Timesteps     | 1070000 |
| TimeCost(sec) | 92.631  |
| Pi_q_loss     | 10.1    |
| Pi_l2_loss    | 0.027   |
| Q_loss        | 0.014   |
| Success       | 0.0     |
+---------------+---------+
2021-10-25 05:35:02 000
+---------------+---------+
| Epoch         | 10/20   |
| Cycle         | 14/20   |
| Episodes      | 10750   |
| Timesteps     | 1075000 |
| TimeCost(sec) | 91.651  |
| Pi_q_loss     | 10.017  |
| Pi_l2_loss    | 0.027   |
| Q_loss        | 0.014   |
| Success       | 0.0     |
+---------------+---------+
2021-10-25 05:36:33 000
+---------------+---------+
| Epoch         | 10/20   |
| Cycle         | 15/20   |
| Episodes      | 10800   |
| Timesteps     | 1080000 |
| TimeCost(sec) | 90.67   |
| Pi_q_loss     | 10.094  |
| Pi_l2_loss    | 0.028   |
| Q_loss        | 0.014   |
| Success       | 0.0     |
+---------------+---------+
2021-10-25 05:38:05 000
+---------------+---------+
| Epoch         | 10/20   |
| Cycle         | 16/20   |
| Episodes      | 10850   |
| Timesteps     | 1085000 |
| TimeCost(sec) | 92.013  |
| Pi_q_loss     | 10.061  |
| Pi_l2_loss    | 0.027   |
| Q_loss        | 0.012   |
| Success       | 0.0     |
+---------------+---------+
2021-10-25 05:39:38 000
+---------------+---------+
| Epoch         | 10/20   |
| Cycle         | 17/20   |
| Episodes      | 10900   |
| Timesteps     | 1090000 |
| TimeCost(sec) | 92.687  |
| Pi_q_loss     | 10.133  |
| Pi_l2_loss    | 0.027   |
| Q_loss        | 0.013   |
| Success       | 0.0     |
+---------------+---------+
2021-10-25 05:41:11 000
+---------------+---------+
| Epoch         | 10/20   |
| Cycle         | 18/20   |
| Episodes      | 10950   |
| Timesteps     | 1095000 |
| TimeCost(sec) | 92.628  |
| Pi_q_loss     | 10.095  |
| Pi_l2_loss    | 0.027   |
| Q_loss        | 0.013   |
| Success       | 0.0     |
+---------------+---------+
2021-10-25 05:42:43 000
+---------------+---------+
| Epoch         | 10/20   |
| Cycle         | 19/20   |
| Episodes      | 11000   |
| Timesteps     | 1100000 |
| TimeCost(sec) | 91.896  |
| Pi_q_loss     | 10.126  |
| Pi_l2_loss    | 0.027   |
| Q_loss        | 0.013   |
| Success       | 0.0     |
+---------------+---------+
Saved periodic policy to log/000-ddpg-FetchPushLabyrinth-v1-normal/!
2021-10-25 05:44:19 000
+---------------+---------+
| Epoch         | 11/20   |
| Cycle         | 0/20    |
| Episodes      | 11050   |
| Timesteps     | 1105000 |
| TimeCost(sec) | 95.453  |
| Pi_q_loss     | 10.105  |
| Pi_l2_loss    | 0.027   |
| Q_loss        | 0.012   |
| Success       | 0.0     |
+---------------+---------+
2021-10-25 05:45:50 000
+---------------+---------+
| Epoch         | 11/20   |
| Cycle         | 1/20    |
| Episodes      | 11100   |
| Timesteps     | 1110000 |
| TimeCost(sec) | 91.694  |
| Pi_q_loss     | 10.142  |
| Pi_l2_loss    | 0.027   |
| Q_loss        | 0.015   |
| Success       | 0.0     |
+---------------+---------+
2021-10-25 05:47:24 000
+---------------+---------+
| Epoch         | 11/20   |
| Cycle         | 2/20    |
| Episodes      | 11150   |
| Timesteps     | 1115000 |
| TimeCost(sec) | 93.31   |
| Pi_q_loss     | 10.106  |
| Pi_l2_loss    | 0.027   |
| Q_loss        | 0.012   |
| Success       | 0.0     |
+---------------+---------+
2021-10-25 05:48:58 000
+---------------+---------+
| Epoch         | 11/20   |
| Cycle         | 3/20    |
| Episodes      | 11200   |
| Timesteps     | 1120000 |
| TimeCost(sec) | 93.716  |
| Pi_q_loss     | 10.165  |
| Pi_l2_loss    | 0.027   |
| Q_loss        | 0.013   |
| Success       | 0.0     |
+---------------+---------+
2021-10-25 05:50:31 000
+---------------+---------+
| Epoch         | 11/20   |
| Cycle         | 4/20    |
| Episodes      | 11250   |
| Timesteps     | 1125000 |
| TimeCost(sec) | 93.199  |
| Pi_q_loss     | 10.095  |
| Pi_l2_loss    | 0.027   |
| Q_loss        | 0.014   |
| Success       | 0.0     |
+---------------+---------+
2021-10-25 05:52:04 000
+---------------+---------+
| Epoch         | 11/20   |
| Cycle         | 5/20    |
| Episodes      | 11300   |
| Timesteps     | 1130000 |
| TimeCost(sec) | 92.367  |
| Pi_q_loss     | 10.108  |
| Pi_l2_loss    | 0.027   |
| Q_loss        | 0.013   |
| Success       | 0.0     |
+---------------+---------+
2021-10-25 05:53:37 000
+---------------+---------+
| Epoch         | 11/20   |
| Cycle         | 6/20    |
| Episodes      | 11350   |
| Timesteps     | 1135000 |
| TimeCost(sec) | 93.038  |
| Pi_q_loss     | 10.238  |
| Pi_l2_loss    | 0.027   |
| Q_loss        | 0.013   |
| Success       | 0.0     |
+---------------+---------+
2021-10-25 05:55:10 000
+---------------+---------+
| Epoch         | 11/20   |
| Cycle         | 7/20    |
| Episodes      | 11400   |
| Timesteps     | 1140000 |
| TimeCost(sec) | 93.18   |
| Pi_q_loss     | 10.176  |
| Pi_l2_loss    | 0.027   |
| Q_loss        | 0.013   |
| Success       | 0.0     |
+---------------+---------+
2021-10-25 05:56:45 000
+---------------+---------+
| Epoch         | 11/20   |
| Cycle         | 8/20    |
| Episodes      | 11450   |
| Timesteps     | 1145000 |
| TimeCost(sec) | 94.842  |
| Pi_q_loss     | 10.128  |
| Pi_l2_loss    | 0.027   |
| Q_loss        | 0.013   |
| Success       | 0.0     |
+---------------+---------+
2021-10-25 05:58:19 000
+---------------+---------+
| Epoch         | 11/20   |
| Cycle         | 9/20    |
| Episodes      | 11500   |
| Timesteps     | 1150000 |
| TimeCost(sec) | 94.164  |
| Pi_q_loss     | 10.089  |
| Pi_l2_loss    | 0.027   |
| Q_loss        | 0.013   |
| Success       | 0.0     |
+---------------+---------+
2021-10-25 05:59:55 000
+---------------+---------+
| Epoch         | 11/20   |
| Cycle         | 10/20   |
| Episodes      | 11550   |
| Timesteps     | 1155000 |
| TimeCost(sec) | 95.247  |
| Pi_q_loss     | 10.15   |
| Pi_l2_loss    | 0.026   |
| Q_loss        | 0.013   |
| Success       | 0.0     |
+---------------+---------+
2021-10-25 06:01:28 000
+---------------+---------+
| Epoch         | 11/20   |
| Cycle         | 11/20   |
| Episodes      | 11600   |
| Timesteps     | 1160000 |
| TimeCost(sec) | 93.302  |
| Pi_q_loss     | 10.128  |
| Pi_l2_loss    | 0.026   |
| Q_loss        | 0.014   |
| Success       | 0.0     |
+---------------+---------+
