tag: 000
alg: ddpg
learn: hgg
env: FetchSlide-v1
goal: custom
init_offset: 1.0
graph: False
show_goals: 0
play_path: None
play_epoch: latest
stop_hgg_threshold: 2
n_x: 31
n_y: 31
n_z: 11
gamma: 0.98
clip_return: True
eps_act: 0.3
std_act: 0.2
pi_lr: 0.001
q_lr: 0.001
act_l2: 1.0
polyak: 0.95
epoches: 20
cycles: 20
episodes: 50
timesteps: 50
train_batches: 20
buffer_size: 10000
buffer_type: energy
batch_size: 256
warmup: 10000
her: future
her_ratio: 0.8
pool_rule: full
hgg_c: 3.0
hgg_L: 5.0
hgg_pool_size: 1000
save_acc: True
num_vertices: [31, 31, 11]
goal_based: True
clip_return_l: -49.99999999999996
clip_return_r: 0.0
*** network initialization complete ***
*** tester initialization complete ***
2021-11-26 19:27:39 000
 Epoch          0/20  
 Cycle          0/20  
 Episodes       50    
 Timesteps      2500  
 TimeCost(sec)  23.67 
 Pi_q_loss            
 Pi_l2_loss           
 Q_loss               
 Success        0.0   
Saved as best policy to log/000-ddpg-FetchSlide-v1-hgg/!
Average inside: 0.18
2021-11-26 19:28:06 000
 Epoch          0/20   
 Cycle          1/20   
 Episodes       100    
 Timesteps      5000   
 TimeCost(sec)  26.765 
 Pi_q_loss             
 Pi_l2_loss            
 Q_loss                
 Success        0.0    
Average inside: 0.26
2021-11-26 19:28:34 000
 Epoch          0/20  
 Cycle          2/20  
 Episodes       150   
 Timesteps      7500  
 TimeCost(sec)  26.89 
 Pi_q_loss            
 Pi_l2_loss           
 Q_loss               
 Success        0.0   
Average inside: 0.1
2021-11-26 19:28:58 000
 Epoch          0/20   
 Cycle          3/20   
 Episodes       200    
 Timesteps      10000  
 TimeCost(sec)  24.242 
 Pi_q_loss      0.577  
 Pi_l2_loss     0.012  
 Q_loss         0.229  
 Success        0.0    
Average inside: 0.36
2021-11-26 19:29:55 000
 Epoch          0/20   
 Cycle          4/20   
 Episodes       250    
 Timesteps      12500  
 TimeCost(sec)  57.171 
 Pi_q_loss      1.116  
 Pi_l2_loss     0.008  
 Q_loss         0.037  
 Success        0.01   
Saved as best policy to log/000-ddpg-FetchSlide-v1-hgg/!
Average inside: 0.2
2021-11-26 19:30:53 000
 Epoch          0/20   
 Cycle          5/20   
 Episodes       300    
 Timesteps      15000  
 TimeCost(sec)  57.249 
 Pi_q_loss      2.136  
 Pi_l2_loss     0.01   
 Q_loss         0.023  
 Success        0.0    
Average inside: 0.26
2021-11-26 19:31:50 000
 Epoch          0/20   
 Cycle          6/20   
 Episodes       350    
 Timesteps      17500  
 TimeCost(sec)  56.807 
 Pi_q_loss      3.019  
 Pi_l2_loss     0.031  
 Q_loss         0.035  
 Success        0.0    
Average inside: 0.34
2021-11-26 19:32:48 000
 Epoch          0/20   
 Cycle          7/20   
 Episodes       400    
 Timesteps      20000  
 TimeCost(sec)  58.357 
 Pi_q_loss      3.608  
 Pi_l2_loss     0.069  
 Q_loss         0.042  
 Success        0.0    
Average inside: 0.16
2021-11-26 19:33:45 000
 Epoch          0/20   
 Cycle          8/20   
 Episodes       450    
 Timesteps      22500  
 TimeCost(sec)  57.053 
 Pi_q_loss      4.063  
 Pi_l2_loss     0.078  
 Q_loss         0.054  
 Success        0.01   
Average inside: 0.3
2021-11-26 19:34:44 000
 Epoch          0/20   
 Cycle          9/20   
 Episodes       500    
 Timesteps      25000  
 TimeCost(sec)  58.867 
 Pi_q_loss      4.538  
 Pi_l2_loss     0.083  
 Q_loss         0.066  
 Success        0.02   
Saved as best policy to log/000-ddpg-FetchSlide-v1-hgg/!
Average inside: 0.4
2021-11-26 19:35:42 000
 Epoch          0/20   
 Cycle          10/20  
 Episodes       550    
 Timesteps      27500  
 TimeCost(sec)  57.358 
 Pi_q_loss      4.939  
 Pi_l2_loss     0.096  
 Q_loss         0.09   
 Success        0.01   
Average inside: 0.44
2021-11-26 19:36:44 000
 Epoch          0/20   
 Cycle          11/20  
 Episodes       600    
 Timesteps      30000  
 TimeCost(sec)  61.646 
 Pi_q_loss      5.435  
 Pi_l2_loss     0.102  
 Q_loss         0.112  
 Success        0.0    
Average inside: 0.54
2021-11-26 19:37:47 000
 Epoch          0/20   
 Cycle          12/20  
 Episodes       650    
 Timesteps      32500  
 TimeCost(sec)  62.859 
 Pi_q_loss      5.847  
 Pi_l2_loss     0.103  
 Q_loss         0.129  
 Success        0.02   
Average inside: 0.42
2021-11-26 19:38:48 000
 Epoch          0/20   
 Cycle          13/20  
 Episodes       700    
 Timesteps      35000  
 TimeCost(sec)  61.099 
 Pi_q_loss      6.06   
 Pi_l2_loss     0.108  
 Q_loss         0.146  
 Success        0.0    
Average inside: 0.44
2021-11-26 19:39:48 000
 Epoch          0/20   
 Cycle          14/20  
 Episodes       750    
 Timesteps      37500  
 TimeCost(sec)  59.929 
 Pi_q_loss      6.251  
 Pi_l2_loss     0.105  
 Q_loss         0.178  
 Success        0.01   
Average inside: 0.54
2021-11-26 19:40:48 000
 Epoch          0/20   
 Cycle          15/20  
 Episodes       800    
 Timesteps      40000  
 TimeCost(sec)  59.818 
 Pi_q_loss      6.479  
 Pi_l2_loss     0.112  
 Q_loss         0.213  
 Success        0.01   
Average inside: 0.56
2021-11-26 19:41:47 000
 Epoch          0/20   
 Cycle          16/20  
 Episodes       850    
 Timesteps      42500  
 TimeCost(sec)  58.709 
 Pi_q_loss      6.68   
 Pi_l2_loss     0.112  
 Q_loss         0.248  
 Success        0.03   
Saved as best policy to log/000-ddpg-FetchSlide-v1-hgg/!
Average inside: 0.42
2021-11-26 19:42:47 000
 Epoch          0/20  
 Cycle          17/20 
 Episodes       900   
 Timesteps      45000 
 TimeCost(sec)  59.58 
 Pi_q_loss      6.861 
 Pi_l2_loss     0.122 
 Q_loss         0.277 
 Success        0.03  
Average inside: 0.58
2021-11-26 19:43:48 000
 Epoch          0/20   
 Cycle          18/20  
 Episodes       950    
 Timesteps      47500  
 TimeCost(sec)  60.603 
 Pi_q_loss      6.925  
 Pi_l2_loss     0.128  
 Q_loss         0.319  
 Success        0.01   
Average inside: 0.64
2021-11-26 19:44:48 000
 Epoch          0/20   
 Cycle          19/20  
 Episodes       1000   
 Timesteps      50000  
 TimeCost(sec)  60.516 
 Pi_q_loss      6.96   
 Pi_l2_loss     0.126  
 Q_loss         0.331  
 Success        0.01   
Saved periodic policy to log/000-ddpg-FetchSlide-v1-hgg/!
Average inside: 0.58
2021-11-26 19:45:48 000
 Epoch          1/20   
 Cycle          0/20   
 Episodes       1050   
 Timesteps      52500  
 TimeCost(sec)  59.779 
 Pi_q_loss      7.109  
 Pi_l2_loss     0.123  
 Q_loss         0.388  
 Success        0.04   
Saved as best policy to log/000-ddpg-FetchSlide-v1-hgg/!
Average inside: 0.52
2021-11-26 19:46:48 000
 Epoch          1/20   
 Cycle          1/20   
 Episodes       1100   
 Timesteps      55000  
 TimeCost(sec)  59.788 
 Pi_q_loss      7.239  
 Pi_l2_loss     0.126  
 Q_loss         0.419  
 Success        0.02   
Average inside: 0.44
2021-11-26 19:47:48 000
 Epoch          1/20   
 Cycle          2/20   
 Episodes       1150   
 Timesteps      57500  
 TimeCost(sec)  59.337 
 Pi_q_loss      7.455  
 Pi_l2_loss     0.131  
 Q_loss         0.432  
 Success        0.01   
Average inside: 0.72
2021-11-26 19:48:47 000
 Epoch          1/20   
 Cycle          3/20   
 Episodes       1200   
 Timesteps      60000  
 TimeCost(sec)  59.336 
 Pi_q_loss      7.635  
 Pi_l2_loss     0.129  
 Q_loss         0.473  
 Success        0.01   
Average inside: 0.46
2021-11-26 19:49:46 000
 Epoch          1/20   
 Cycle          4/20   
 Episodes       1250   
 Timesteps      62500  
 TimeCost(sec)  58.067 
 Pi_q_loss      7.76   
 Pi_l2_loss     0.129  
 Q_loss         0.453  
 Success        0.03   
Average inside: 0.48
2021-11-26 19:50:44 000
 Epoch          1/20   
 Cycle          5/20   
 Episodes       1300   
 Timesteps      65000  
 TimeCost(sec)  57.956 
 Pi_q_loss      7.866  
 Pi_l2_loss     0.131  
 Q_loss         0.461  
 Success        0.04   
Average inside: 0.64
2021-11-26 19:51:41 000
 Epoch          1/20   
 Cycle          6/20   
 Episodes       1350   
 Timesteps      67500  
 TimeCost(sec)  57.398 
 Pi_q_loss      7.957  
 Pi_l2_loss     0.133  
 Q_loss         0.482  
 Success        0.06   
Saved as best policy to log/000-ddpg-FetchSlide-v1-hgg/!
Average inside: 0.56
2021-11-26 19:52:38 000
 Epoch          1/20   
 Cycle          7/20   
 Episodes       1400   
 Timesteps      70000  
 TimeCost(sec)  56.986 
 Pi_q_loss      7.978  
 Pi_l2_loss     0.138  
 Q_loss         0.517  
 Success        0.05   
Average inside: 0.52
2021-11-26 19:53:35 000
 Epoch          1/20   
 Cycle          8/20   
 Episodes       1450   
 Timesteps      72500  
 TimeCost(sec)  56.178 
 Pi_q_loss      8.018  
 Pi_l2_loss     0.138  
 Q_loss         0.526  
 Success        0.02   
Average inside: 0.58
2021-11-26 19:54:32 000
 Epoch          1/20   
 Cycle          9/20   
 Episodes       1500   
 Timesteps      75000  
 TimeCost(sec)  57.276 
 Pi_q_loss      8.053  
 Pi_l2_loss     0.139  
 Q_loss         0.531  
 Success        0.05   
Average inside: 0.46
2021-11-26 19:55:29 000
 Epoch          1/20   
 Cycle          10/20  
 Episodes       1550   
 Timesteps      77500  
 TimeCost(sec)  56.703 
 Pi_q_loss      8.1    
 Pi_l2_loss     0.143  
 Q_loss         0.514  
 Success        0.04   
Average inside: 0.54
2021-11-26 19:56:26 000
 Epoch          1/20   
 Cycle          11/20  
 Episodes       1600   
 Timesteps      80000  
 TimeCost(sec)  57.048 
 Pi_q_loss      8.137  
 Pi_l2_loss     0.146  
 Q_loss         0.525  
 Success        0.04   
Average inside: 0.38
2021-11-26 19:57:23 000
 Epoch          1/20   
 Cycle          12/20  
 Episodes       1650   
 Timesteps      82500  
 TimeCost(sec)  56.645 
 Pi_q_loss      8.163  
 Pi_l2_loss     0.145  
 Q_loss         0.515  
 Success        0.08   
Saved as best policy to log/000-ddpg-FetchSlide-v1-hgg/!
Average inside: 0.54
2021-11-26 19:58:21 000
 Epoch          1/20   
 Cycle          13/20  
 Episodes       1700   
 Timesteps      85000  
 TimeCost(sec)  57.536 
 Pi_q_loss      8.214  
 Pi_l2_loss     0.139  
 Q_loss         0.534  
 Success        0.06   
Average inside: 0.42
2021-11-26 19:59:18 000
 Epoch          1/20   
 Cycle          14/20  
 Episodes       1750   
 Timesteps      87500  
 TimeCost(sec)  57.427 
 Pi_q_loss      8.418  
 Pi_l2_loss     0.136  
 Q_loss         0.544  
 Success        0.07   
Average inside: 0.68
2021-11-26 20:00:15 000
 Epoch          1/20   
 Cycle          15/20  
 Episodes       1800   
 Timesteps      90000  
 TimeCost(sec)  56.893 
 Pi_q_loss      8.439  
 Pi_l2_loss     0.136  
 Q_loss         0.568  
 Success        0.03   
Average inside: 0.64
2021-11-26 20:01:13 000
 Epoch          1/20  
 Cycle          16/20 
 Episodes       1850  
 Timesteps      92500 
 TimeCost(sec)  57.7  
 Pi_q_loss      8.429 
 Pi_l2_loss     0.138 
 Q_loss         0.6   
 Success        0.01  
Average inside: 0.62
2021-11-26 20:02:10 000
 Epoch          1/20   
 Cycle          17/20  
 Episodes       1900   
 Timesteps      95000  
 TimeCost(sec)  57.041 
 Pi_q_loss      8.401  
 Pi_l2_loss     0.145  
 Q_loss         0.609  
 Success        0.05   
Average inside: 0.56
2021-11-26 20:03:08 000
 Epoch          1/20   
 Cycle          18/20  
 Episodes       1950   
 Timesteps      97500  
 TimeCost(sec)  57.299 
 Pi_q_loss      8.339  
 Pi_l2_loss     0.146  
 Q_loss         0.6    
 Success        0.07   
Average inside: 0.56
2021-11-26 20:04:04 000
 Epoch          1/20   
 Cycle          19/20  
 Episodes       2000   
 Timesteps      100000 
 TimeCost(sec)  56.587 
 Pi_q_loss      8.354  
 Pi_l2_loss     0.142  
 Q_loss         0.591  
 Success        0.06   
Saved periodic policy to log/000-ddpg-FetchSlide-v1-hgg/!
Average inside: 0.5
2021-11-26 20:05:05 000
 Epoch          2/20   
 Cycle          0/20   
 Episodes       2050   
 Timesteps      102500 
 TimeCost(sec)  60.249 
 Pi_q_loss      8.397  
 Pi_l2_loss     0.141  
 Q_loss         0.607  
 Success        0.03   
Average inside: 0.52
2021-11-26 20:06:06 000
 Epoch          2/20   
 Cycle          1/20   
 Episodes       2100   
 Timesteps      105000 
 TimeCost(sec)  60.522 
 Pi_q_loss      8.468  
 Pi_l2_loss     0.134  
 Q_loss         0.59   
 Success        0.1    
Saved as best policy to log/000-ddpg-FetchSlide-v1-hgg/!
Average inside: 0.66
2021-11-26 20:07:05 000
 Epoch          2/20   
 Cycle          2/20   
 Episodes       2150   
 Timesteps      107500 
 TimeCost(sec)  58.923 
 Pi_q_loss      8.573  
 Pi_l2_loss     0.13   
 Q_loss         0.587  
 Success        0.03   
Average inside: 0.66
2021-11-26 20:08:05 000
 Epoch          2/20   
 Cycle          3/20   
 Episodes       2200   
 Timesteps      110000 
 TimeCost(sec)  59.55  
 Pi_q_loss      8.664  
 Pi_l2_loss     0.128  
 Q_loss         0.598  
 Success        0.12   
Saved as best policy to log/000-ddpg-FetchSlide-v1-hgg/!
Average inside: 0.56
2021-11-26 20:09:05 000
 Epoch          2/20   
 Cycle          4/20   
 Episodes       2250   
 Timesteps      112500 
 TimeCost(sec)  59.825 
 Pi_q_loss      8.748  
 Pi_l2_loss     0.127  
 Q_loss         0.602  
 Success        0.05   
Average inside: 0.68
2021-11-26 20:10:05 000
 Epoch          2/20   
 Cycle          5/20   
 Episodes       2300   
 Timesteps      115000 
 TimeCost(sec)  60.27  
 Pi_q_loss      8.771  
 Pi_l2_loss     0.126  
 Q_loss         0.597  
 Success        0.02   
Average inside: 0.6
2021-11-26 20:11:06 000
 Epoch          2/20   
 Cycle          6/20   
 Episodes       2350   
 Timesteps      117500 
 TimeCost(sec)  61.148 
 Pi_q_loss      8.868  
 Pi_l2_loss     0.125  
 Q_loss         0.624  
 Success        0.07   
Average inside: 0.7
2021-11-26 20:12:08 000
 Epoch          2/20   
 Cycle          7/20   
 Episodes       2400   
 Timesteps      120000 
 TimeCost(sec)  61.464 
 Pi_q_loss      9.036  
 Pi_l2_loss     0.122  
 Q_loss         0.611  
 Success        0.1    
Average inside: 0.56
2021-11-26 20:13:10 000
 Epoch          2/20   
 Cycle          8/20   
 Episodes       2450   
 Timesteps      122500 
 TimeCost(sec)  61.802 
 Pi_q_loss      9.175  
 Pi_l2_loss     0.121  
 Q_loss         0.663  
 Success        0.04   
Average inside: 0.62
2021-11-26 20:14:12 000
 Epoch          2/20   
 Cycle          9/20   
 Episodes       2500   
 Timesteps      125000 
 TimeCost(sec)  61.745 
 Pi_q_loss      9.268  
 Pi_l2_loss     0.124  
 Q_loss         0.695  
 Success        0.06   
Average inside: 0.5
2021-11-26 20:15:13 000
 Epoch          2/20   
 Cycle          10/20  
 Episodes       2550   
 Timesteps      127500 
 TimeCost(sec)  61.481 
 Pi_q_loss      9.38   
 Pi_l2_loss     0.121  
 Q_loss         0.715  
 Success        0.05   
Average inside: 0.62
2021-11-26 20:16:16 000
 Epoch          2/20   
 Cycle          11/20  
 Episodes       2600   
 Timesteps      130000 
 TimeCost(sec)  62.295 
 Pi_q_loss      9.506  
 Pi_l2_loss     0.124  
 Q_loss         0.724  
 Success        0.09   
Average inside: 0.62
2021-11-26 20:17:18 000
 Epoch          2/20   
 Cycle          12/20  
 Episodes       2650   
 Timesteps      132500 
 TimeCost(sec)  61.731 
 Pi_q_loss      9.518  
 Pi_l2_loss     0.13   
 Q_loss         0.782  
 Success        0.05   
Average inside: 0.58
2021-11-26 20:18:20 000
 Epoch          2/20   
 Cycle          13/20  
 Episodes       2700   
 Timesteps      135000 
 TimeCost(sec)  61.824 
 Pi_q_loss      9.536  
 Pi_l2_loss     0.129  
 Q_loss         0.798  
 Success        0.08   
Average inside: 0.58
2021-11-26 20:19:22 000
 Epoch          2/20   
 Cycle          14/20  
 Episodes       2750   
 Timesteps      137500 
 TimeCost(sec)  62.311 
 Pi_q_loss      9.565  
 Pi_l2_loss     0.133  
 Q_loss         0.795  
 Success        0.17   
Saved as best policy to log/000-ddpg-FetchSlide-v1-hgg/!
Average inside: 0.7
2021-11-26 20:20:25 000
 Epoch          2/20   
 Cycle          15/20  
 Episodes       2800   
 Timesteps      140000 
 TimeCost(sec)  63.043 
 Pi_q_loss      9.5    
 Pi_l2_loss     0.136  
 Q_loss         0.829  
 Success        0.12   
Average inside: 0.5
2021-11-26 20:21:27 000
 Epoch          2/20   
 Cycle          16/20  
 Episodes       2850   
 Timesteps      142500 
 TimeCost(sec)  61.415 
 Pi_q_loss      9.517  
 Pi_l2_loss     0.138  
 Q_loss         0.844  
 Success        0.15   
Average inside: 0.52
2021-11-26 20:22:28 000
 Epoch          2/20   
 Cycle          17/20  
 Episodes       2900   
 Timesteps      145000 
 TimeCost(sec)  61.084 
 Pi_q_loss      9.521  
 Pi_l2_loss     0.132  
 Q_loss         0.832  
 Success        0.09   
Average inside: 0.52
2021-11-26 20:23:29 000
 Epoch          2/20   
 Cycle          18/20  
 Episodes       2950   
 Timesteps      147500 
 TimeCost(sec)  61.13  
 Pi_q_loss      9.461  
 Pi_l2_loss     0.132  
 Q_loss         0.823  
 Success        0.15   
Average inside: 0.78
2021-11-26 20:24:31 000
 Epoch          2/20   
 Cycle          19/20  
 Episodes       3000   
 Timesteps      150000 
 TimeCost(sec)  61.395 
 Pi_q_loss      9.426  
 Pi_l2_loss     0.133  
 Q_loss         0.816  
 Success        0.1    
Saved periodic policy to log/000-ddpg-FetchSlide-v1-hgg/!
Average inside: 0.58
2021-11-26 20:25:33 000
 Epoch          3/20   
 Cycle          0/20   
 Episodes       3050   
 Timesteps      152500 
 TimeCost(sec)  61.65  
 Pi_q_loss      9.445  
 Pi_l2_loss     0.129  
 Q_loss         0.813  
 Success        0.16   
Average inside: 0.56
2021-11-26 20:26:35 000
 Epoch          3/20   
 Cycle          1/20   
 Episodes       3100   
 Timesteps      155000 
 TimeCost(sec)  62.102 
 Pi_q_loss      9.458  
 Pi_l2_loss     0.126  
 Q_loss         0.778  
 Success        0.13   
Average inside: 0.56
2021-11-26 20:27:35 000
 Epoch          3/20   
 Cycle          2/20   
 Episodes       3150   
 Timesteps      157500 
 TimeCost(sec)  59.254 
 Pi_q_loss      9.474  
 Pi_l2_loss     0.122  
 Q_loss         0.75   
 Success        0.2    
Saved as best policy to log/000-ddpg-FetchSlide-v1-hgg/!
Average inside: 0.58
2021-11-26 20:28:36 000
 Epoch          3/20   
 Cycle          3/20   
 Episodes       3200   
 Timesteps      160000 
 TimeCost(sec)  61.448 
 Pi_q_loss      9.562  
 Pi_l2_loss     0.12   
 Q_loss         0.772  
 Success        0.15   
Average inside: 0.48
2021-11-26 20:29:38 000
 Epoch          3/20   
 Cycle          4/20   
 Episodes       3250   
 Timesteps      162500 
 TimeCost(sec)  61.955 
 Pi_q_loss      9.625  
 Pi_l2_loss     0.12   
 Q_loss         0.778  
 Success        0.17   
Average inside: 0.68
2021-11-26 20:30:40 000
 Epoch          3/20   
 Cycle          5/20   
 Episodes       3300   
 Timesteps      165000 
 TimeCost(sec)  61.168 
 Pi_q_loss      9.676  
 Pi_l2_loss     0.121  
 Q_loss         0.799  
 Success        0.15   
Average inside: 0.52
2021-11-26 20:31:42 000
 Epoch          3/20   
 Cycle          6/20   
 Episodes       3350   
 Timesteps      167500 
 TimeCost(sec)  61.939 
 Pi_q_loss      9.767  
 Pi_l2_loss     0.115  
 Q_loss         0.781  
 Success        0.12   
Average inside: 0.6
2021-11-26 20:32:43 000
 Epoch          3/20   
 Cycle          7/20   
 Episodes       3400   
 Timesteps      170000 
 TimeCost(sec)  60.789 
 Pi_q_loss      9.927  
 Pi_l2_loss     0.115  
 Q_loss         0.821  
 Success        0.21   
Saved as best policy to log/000-ddpg-FetchSlide-v1-hgg/!
Average inside: 0.62
2021-11-26 20:33:45 000
 Epoch          3/20   
 Cycle          8/20   
 Episodes       3450   
 Timesteps      172500 
 TimeCost(sec)  61.591 
 Pi_q_loss      10.005 
 Pi_l2_loss     0.118  
 Q_loss         0.818  
 Success        0.19   
Average inside: 0.52
2021-11-26 20:34:46 000
 Epoch          3/20   
 Cycle          9/20   
 Episodes       3500   
 Timesteps      175000 
 TimeCost(sec)  61.691 
 Pi_q_loss      10.054 
 Pi_l2_loss     0.117  
 Q_loss         0.864  
 Success        0.13   
Average inside: 0.54
2021-11-26 20:35:47 000
 Epoch          3/20   
 Cycle          10/20  
 Episodes       3550   
 Timesteps      177500 
 TimeCost(sec)  60.614 
 Pi_q_loss      10.172 
 Pi_l2_loss     0.115  
 Q_loss         0.826  
 Success        0.18   
Average inside: 0.58
2021-11-26 20:36:49 000
 Epoch          3/20   
 Cycle          11/20  
 Episodes       3600   
 Timesteps      180000 
 TimeCost(sec)  61.565 
 Pi_q_loss      10.127 
 Pi_l2_loss     0.122  
 Q_loss         0.876  
 Success        0.16   
Average inside: 0.58
2021-11-26 20:37:49 000
 Epoch          3/20   
 Cycle          12/20  
 Episodes       3650   
 Timesteps      182500 
 TimeCost(sec)  59.87  
 Pi_q_loss      10.196 
 Pi_l2_loss     0.124  
 Q_loss         0.858  
 Success        0.16   
Average inside: 0.54
2021-11-26 20:38:51 000
 Epoch          3/20   
 Cycle          13/20  
 Episodes       3700   
 Timesteps      185000 
 TimeCost(sec)  61.88  
 Pi_q_loss      10.138 
 Pi_l2_loss     0.125  
 Q_loss         0.881  
 Success        0.2    
Average inside: 0.72
2021-11-26 20:39:52 000
 Epoch          3/20   
 Cycle          14/20  
 Episodes       3750   
 Timesteps      187500 
 TimeCost(sec)  60.734 
 Pi_q_loss      10.036 
 Pi_l2_loss     0.132  
 Q_loss         0.902  
 Success        0.23   
Saved as best policy to log/000-ddpg-FetchSlide-v1-hgg/!
Average inside: 0.58
2021-11-26 20:40:54 000
 Epoch          3/20   
 Cycle          15/20  
 Episodes       3800   
 Timesteps      190000 
 TimeCost(sec)  61.472 
 Pi_q_loss      9.971  
 Pi_l2_loss     0.13   
 Q_loss         0.894  
 Success        0.29   
Saved as best policy to log/000-ddpg-FetchSlide-v1-hgg/!
Average inside: 0.58
2021-11-26 20:41:55 000
 Epoch          3/20   
 Cycle          16/20  
 Episodes       3850   
 Timesteps      192500 
 TimeCost(sec)  61.035 
 Pi_q_loss      9.978  
 Pi_l2_loss     0.126  
 Q_loss         0.892  
 Success        0.13   
Average inside: 0.56
2021-11-26 20:42:56 000
 Epoch          3/20   
 Cycle          17/20  
 Episodes       3900   
 Timesteps      195000 
 TimeCost(sec)  60.923 
 Pi_q_loss      10.005 
 Pi_l2_loss     0.126  
 Q_loss         0.909  
 Success        0.21   
Average inside: 0.68
2021-11-26 20:43:57 000
 Epoch          3/20   
 Cycle          18/20  
 Episodes       3950   
 Timesteps      197500 
 TimeCost(sec)  61.454 
 Pi_q_loss      10.078 
 Pi_l2_loss     0.124  
 Q_loss         0.918  
 Success        0.18   
Average inside: 0.56
2021-11-26 20:44:59 000
 Epoch          3/20   
 Cycle          19/20  
 Episodes       4000   
 Timesteps      200000 
 TimeCost(sec)  60.961 
 Pi_q_loss      10.12  
 Pi_l2_loss     0.12   
 Q_loss         0.928  
 Success        0.19   
Saved periodic policy to log/000-ddpg-FetchSlide-v1-hgg/!
Average inside: 0.72
2021-11-26 20:46:00 000
 Epoch          4/20   
 Cycle          0/20   
 Episodes       4050   
 Timesteps      202500 
 TimeCost(sec)  60.808 
 Pi_q_loss      10.144 
 Pi_l2_loss     0.12   
 Q_loss         0.94   
 Success        0.15   
Average inside: 0.66
2021-11-26 20:47:01 000
 Epoch          4/20   
 Cycle          1/20   
 Episodes       4100   
 Timesteps      205000 
 TimeCost(sec)  60.998 
 Pi_q_loss      10.142 
 Pi_l2_loss     0.12   
 Q_loss         0.94   
 Success        0.21   
Average inside: 0.7
2021-11-26 20:48:03 000
 Epoch          4/20   
 Cycle          2/20   
 Episodes       4150   
 Timesteps      207500 
 TimeCost(sec)  61.701 
 Pi_q_loss      10.224 
 Pi_l2_loss     0.119  
 Q_loss         0.983  
 Success        0.17   
Average inside: 0.6
2021-11-26 20:49:04 000
 Epoch          4/20   
 Cycle          3/20   
 Episodes       4200   
 Timesteps      210000 
 TimeCost(sec)  61.147 
 Pi_q_loss      10.211 
 Pi_l2_loss     0.122  
 Q_loss         1.007  
 Success        0.24   
Average inside: 0.6
2021-11-26 20:50:05 000
 Epoch          4/20   
 Cycle          4/20   
 Episodes       4250   
 Timesteps      212500 
 TimeCost(sec)  61.389 
 Pi_q_loss      10.293 
 Pi_l2_loss     0.12   
 Q_loss         0.958  
 Success        0.24   
Average inside: 0.6
2021-11-26 20:51:07 000
 Epoch          4/20   
 Cycle          5/20   
 Episodes       4300   
 Timesteps      215000 
 TimeCost(sec)  61.379 
 Pi_q_loss      10.326 
 Pi_l2_loss     0.119  
 Q_loss         0.981  
 Success        0.25   
Average inside: 0.62
2021-11-26 20:52:08 000
 Epoch          4/20   
 Cycle          6/20   
 Episodes       4350   
 Timesteps      217500 
 TimeCost(sec)  61.236 
 Pi_q_loss      10.266 
 Pi_l2_loss     0.121  
 Q_loss         0.995  
 Success        0.19   
Average inside: 0.66
2021-11-26 20:53:11 000
 Epoch          4/20   
 Cycle          7/20   
 Episodes       4400   
 Timesteps      220000 
 TimeCost(sec)  62.38  
 Pi_q_loss      10.287 
 Pi_l2_loss     0.123  
 Q_loss         0.996  
 Success        0.14   
Average inside: 0.52
2021-11-26 20:54:13 000
 Epoch          4/20   
 Cycle          8/20   
 Episodes       4450   
 Timesteps      222500 
 TimeCost(sec)  61.481 
 Pi_q_loss      10.35  
 Pi_l2_loss     0.119  
 Q_loss         0.98   
 Success        0.21   
Average inside: 0.58
2021-11-26 20:55:14 000
 Epoch          4/20   
 Cycle          9/20   
 Episodes       4500   
 Timesteps      225000 
 TimeCost(sec)  61.57  
 Pi_q_loss      10.349 
 Pi_l2_loss     0.121  
 Q_loss         1.0    
 Success        0.27   
Average inside: 0.66
2021-11-26 20:56:17 000
 Epoch          4/20   
 Cycle          10/20  
 Episodes       4550   
 Timesteps      227500 
 TimeCost(sec)  62.496 
 Pi_q_loss      10.37  
 Pi_l2_loss     0.123  
 Q_loss         0.997  
 Success        0.17   
Average inside: 0.64
2021-11-26 20:57:19 000
 Epoch          4/20   
 Cycle          11/20  
 Episodes       4600   
 Timesteps      230000 
 TimeCost(sec)  61.519 
 Pi_q_loss      10.314 
 Pi_l2_loss     0.123  
 Q_loss         0.993  
 Success        0.27   
Average inside: 0.72
2021-11-26 20:58:20 000
 Epoch          4/20   
 Cycle          12/20  
 Episodes       4650   
 Timesteps      232500 
 TimeCost(sec)  61.059 
 Pi_q_loss      10.313 
 Pi_l2_loss     0.123  
 Q_loss         0.981  
 Success        0.33   
Saved as best policy to log/000-ddpg-FetchSlide-v1-hgg/!
Average inside: 0.54
2021-11-26 20:59:23 000
 Epoch          4/20   
 Cycle          13/20  
 Episodes       4700   
 Timesteps      235000 
 TimeCost(sec)  63.373 
 Pi_q_loss      10.388 
 Pi_l2_loss     0.116  
 Q_loss         0.965  
 Success        0.29   
Average inside: 0.56
2021-11-26 21:00:27 000
 Epoch          4/20   
 Cycle          14/20  
 Episodes       4750   
 Timesteps      237500 
 TimeCost(sec)  63.092 
 Pi_q_loss      10.378 
 Pi_l2_loss     0.119  
 Q_loss         0.98   
 Success        0.13   
Average inside: 0.68
2021-11-26 21:01:30 000
 Epoch          4/20   
 Cycle          15/20  
 Episodes       4800   
 Timesteps      240000 
 TimeCost(sec)  63.177 
 Pi_q_loss      10.357 
 Pi_l2_loss     0.115  
 Q_loss         0.973  
 Success        0.29   
Average inside: 0.6
2021-11-26 21:02:33 000
 Epoch          4/20   
 Cycle          16/20  
 Episodes       4850   
 Timesteps      242500 
 TimeCost(sec)  62.392 
 Pi_q_loss      10.49  
 Pi_l2_loss     0.112  
 Q_loss         0.967  
 Success        0.21   
Average inside: 0.56
2021-11-26 21:03:35 000
 Epoch          4/20   
 Cycle          17/20  
 Episodes       4900   
 Timesteps      245000 
 TimeCost(sec)  62.576 
 Pi_q_loss      10.529 
 Pi_l2_loss     0.114  
 Q_loss         0.966  
 Success        0.15   
Average inside: 0.66
2021-11-26 21:04:38 000
 Epoch          4/20   
 Cycle          18/20  
 Episodes       4950   
 Timesteps      247500 
 TimeCost(sec)  62.48  
 Pi_q_loss      10.614 
 Pi_l2_loss     0.111  
 Q_loss         0.969  
 Success        0.26   
Average inside: 0.7
2021-11-26 21:05:41 000
 Epoch          4/20   
 Cycle          19/20  
 Episodes       5000   
 Timesteps      250000 
 TimeCost(sec)  62.656 
 Pi_q_loss      10.664 
 Pi_l2_loss     0.112  
 Q_loss         1.046  
 Success        0.24   
Saved periodic policy to log/000-ddpg-FetchSlide-v1-hgg/!
Average inside: 0.68
2021-11-26 21:06:43 000
 Epoch          5/20   
 Cycle          0/20   
 Episodes       5050   
 Timesteps      252500 
 TimeCost(sec)  62.198 
 Pi_q_loss      10.713 
 Pi_l2_loss     0.11   
 Q_loss         1.036  
 Success        0.23   
Average inside: 0.5
2021-11-26 21:07:46 000
 Epoch          5/20   
 Cycle          1/20   
 Episodes       5100   
 Timesteps      255000 
 TimeCost(sec)  62.585 
 Pi_q_loss      10.719 
 Pi_l2_loss     0.116  
 Q_loss         1.09   
 Success        0.34   
Saved as best policy to log/000-ddpg-FetchSlide-v1-hgg/!
Average inside: 0.66
2021-11-26 21:08:49 000
 Epoch          5/20   
 Cycle          2/20   
 Episodes       5150   
 Timesteps      257500 
 TimeCost(sec)  62.538 
 Pi_q_loss      10.746 
 Pi_l2_loss     0.118  
 Q_loss         1.053  
 Success        0.36   
Saved as best policy to log/000-ddpg-FetchSlide-v1-hgg/!
Average inside: 0.7
2021-11-26 21:09:51 000
 Epoch          5/20   
 Cycle          3/20   
 Episodes       5200   
 Timesteps      260000 
 TimeCost(sec)  61.789 
 Pi_q_loss      10.672 
 Pi_l2_loss     0.122  
 Q_loss         1.096  
 Success        0.26   
Average inside: 0.64
2021-11-26 21:10:51 000
 Epoch          5/20   
 Cycle          4/20   
 Episodes       5250   
 Timesteps      262500 
 TimeCost(sec)  60.564 
 Pi_q_loss      10.634 
 Pi_l2_loss     0.123  
 Q_loss         1.055  
 Success        0.34   
Average inside: 0.72
2021-11-26 21:11:53 000
 Epoch          5/20   
 Cycle          5/20   
 Episodes       5300   
 Timesteps      265000 
 TimeCost(sec)  61.644 
 Pi_q_loss      10.615 
 Pi_l2_loss     0.117  
 Q_loss         1.041  
 Success        0.37   
Saved as best policy to log/000-ddpg-FetchSlide-v1-hgg/!
Average inside: 0.48
2021-11-26 21:12:55 000
 Epoch          5/20   
 Cycle          6/20   
 Episodes       5350   
 Timesteps      267500 
 TimeCost(sec)  61.609 
 Pi_q_loss      10.611 
 Pi_l2_loss     0.11   
 Q_loss         1.012  
 Success        0.22   
Average inside: 0.54
2021-11-26 21:13:58 000
 Epoch          5/20   
 Cycle          7/20   
 Episodes       5400   
 Timesteps      270000 
 TimeCost(sec)  62.315 
 Pi_q_loss      10.656 
 Pi_l2_loss     0.111  
 Q_loss         1.03   
 Success        0.26   
Average inside: 0.6
2021-11-26 21:15:01 000
 Epoch          5/20   
 Cycle          8/20   
 Episodes       5450   
 Timesteps      272500 
 TimeCost(sec)  63.247 
 Pi_q_loss      10.695 
 Pi_l2_loss     0.111  
 Q_loss         1.069  
 Success        0.37   
Average inside: 0.56
2021-11-26 21:16:03 000
 Epoch          5/20   
 Cycle          9/20   
 Episodes       5500   
 Timesteps      275000 
 TimeCost(sec)  62.275 
 Pi_q_loss      10.769 
 Pi_l2_loss     0.109  
 Q_loss         1.128  
 Success        0.32   
Average inside: 0.58
2021-11-26 21:17:06 000
 Epoch          5/20   
 Cycle          10/20  
 Episodes       5550   
 Timesteps      277500 
 TimeCost(sec)  62.228 
 Pi_q_loss      10.789 
 Pi_l2_loss     0.111  
 Q_loss         1.104  
 Success        0.28   
Average inside: 0.72
2021-11-26 21:18:07 000
 Epoch          5/20   
 Cycle          11/20  
 Episodes       5600   
 Timesteps      280000 
 TimeCost(sec)  61.367 
 Pi_q_loss      10.841 
 Pi_l2_loss     0.111  
 Q_loss         1.114  
 Success        0.38   
Saved as best policy to log/000-ddpg-FetchSlide-v1-hgg/!
Average inside: 0.46
2021-11-26 21:19:10 000
 Epoch          5/20   
 Cycle          12/20  
 Episodes       5650   
 Timesteps      282500 
 TimeCost(sec)  62.074 
 Pi_q_loss      10.853 
 Pi_l2_loss     0.108  
 Q_loss         1.183  
 Success        0.36   
Average inside: 0.64
2021-11-26 21:20:14 000
 Epoch          5/20   
 Cycle          13/20  
 Episodes       5700   
 Timesteps      285000 
 TimeCost(sec)  64.52  
 Pi_q_loss      10.785 
 Pi_l2_loss     0.107  
 Q_loss         1.182  
 Success        0.31   
Average inside: 0.46
2021-11-26 21:21:18 000
 Epoch          5/20   
 Cycle          14/20  
 Episodes       5750   
 Timesteps      287500 
 TimeCost(sec)  63.522 
 Pi_q_loss      10.863 
 Pi_l2_loss     0.109  
 Q_loss         1.161  
 Success        0.19   
Average inside: 0.52
2021-11-26 21:22:20 000
 Epoch          5/20   
 Cycle          15/20  
 Episodes       5800   
 Timesteps      290000 
 TimeCost(sec)  62.219 
 Pi_q_loss      10.909 
 Pi_l2_loss     0.108  
 Q_loss         1.152  
 Success        0.39   
Saved as best policy to log/000-ddpg-FetchSlide-v1-hgg/!
Average inside: 0.64
2021-11-26 21:23:24 000
 Epoch          5/20   
 Cycle          16/20  
 Episodes       5850   
 Timesteps      292500 
 TimeCost(sec)  63.175 
 Pi_q_loss      10.926 
 Pi_l2_loss     0.107  
 Q_loss         1.179  
 Success        0.38   
Average inside: 0.5
2021-11-26 21:24:27 000
 Epoch          5/20   
 Cycle          17/20  
 Episodes       5900   
 Timesteps      295000 
 TimeCost(sec)  63.253 
 Pi_q_loss      10.927 
 Pi_l2_loss     0.112  
 Q_loss         1.233  
 Success        0.38   
Average inside: 0.62
2021-11-26 21:25:30 000
 Epoch          5/20   
 Cycle          18/20  
 Episodes       5950   
 Timesteps      297500 
 TimeCost(sec)  62.946 
 Pi_q_loss      10.856 
 Pi_l2_loss     0.114  
 Q_loss         1.228  
 Success        0.25   
Average inside: 0.54
2021-11-26 21:26:34 000
 Epoch          5/20   
 Cycle          19/20  
 Episodes       6000   
 Timesteps      300000 
 TimeCost(sec)  63.382 
 Pi_q_loss      10.913 
 Pi_l2_loss     0.107  
 Q_loss         1.237  
 Success        0.26   
Saved periodic policy to log/000-ddpg-FetchSlide-v1-hgg/!
Average inside: 0.56
2021-11-26 21:27:37 000
 Epoch          6/20   
 Cycle          0/20   
 Episodes       6050   
 Timesteps      302500 
 TimeCost(sec)  62.947 
 Pi_q_loss      10.899 
 Pi_l2_loss     0.109  
 Q_loss         1.265  
 Success        0.44   
Saved as best policy to log/000-ddpg-FetchSlide-v1-hgg/!
Average inside: 0.46
2021-11-26 21:28:40 000
 Epoch          6/20   
 Cycle          1/20   
 Episodes       6100   
 Timesteps      305000 
 TimeCost(sec)  62.675 
 Pi_q_loss      10.893 
 Pi_l2_loss     0.109  
 Q_loss         1.238  
 Success        0.33   
Average inside: 0.54
2021-11-26 21:29:45 000
 Epoch          6/20   
 Cycle          2/20   
 Episodes       6150   
 Timesteps      307500 
 TimeCost(sec)  65.097 
 Pi_q_loss      10.864 
 Pi_l2_loss     0.11   
 Q_loss         1.243  
 Success        0.33   
Average inside: 0.62
2021-11-26 21:30:48 000
 Epoch          6/20   
 Cycle          3/20   
 Episodes       6200   
 Timesteps      310000 
 TimeCost(sec)  62.803 
 Pi_q_loss      10.828 
 Pi_l2_loss     0.109  
 Q_loss         1.312  
 Success        0.39   
Average inside: 0.58
2021-11-26 21:31:54 000
 Epoch          6/20   
 Cycle          4/20   
 Episodes       6250   
 Timesteps      312500 
 TimeCost(sec)  65.275 
 Pi_q_loss      10.844 
 Pi_l2_loss     0.11   
 Q_loss         1.246  
 Success        0.37   
Average inside: 0.64
2021-11-26 21:32:57 000
 Epoch          6/20   
 Cycle          5/20   
 Episodes       6300   
 Timesteps      315000 
 TimeCost(sec)  63.455 
 Pi_q_loss      10.82  
 Pi_l2_loss     0.109  
 Q_loss         1.256  
 Success        0.43   
Average inside: 0.66
2021-11-26 21:34:00 000
 Epoch          6/20   
 Cycle          6/20   
 Episodes       6350   
 Timesteps      317500 
 TimeCost(sec)  62.419 
 Pi_q_loss      10.759 
 Pi_l2_loss     0.111  
 Q_loss         1.225  
 Success        0.39   
Average inside: 0.62
2021-11-26 21:35:03 000
 Epoch          6/20   
 Cycle          7/20   
 Episodes       6400   
 Timesteps      320000 
 TimeCost(sec)  63.096 
 Pi_q_loss      10.748 
 Pi_l2_loss     0.109  
 Q_loss         1.224  
 Success        0.27   
Average inside: 0.56
2021-11-26 21:36:07 000
 Epoch          6/20   
 Cycle          8/20   
 Episodes       6450   
 Timesteps      322500 
 TimeCost(sec)  63.475 
 Pi_q_loss      10.811 
 Pi_l2_loss     0.104  
 Q_loss         1.23   
 Success        0.23   
Average inside: 0.44
2021-11-26 21:37:10 000
 Epoch          6/20   
 Cycle          9/20   
 Episodes       6500   
 Timesteps      325000 
 TimeCost(sec)  63.11  
 Pi_q_loss      10.846 
 Pi_l2_loss     0.106  
 Q_loss         1.237  
 Success        0.25   
Average inside: 0.72
2021-11-26 21:38:14 000
 Epoch          6/20   
 Cycle          10/20  
 Episodes       6550   
 Timesteps      327500 
 TimeCost(sec)  63.964 
 Pi_q_loss      10.789 
 Pi_l2_loss     0.112  
 Q_loss         1.209  
 Success        0.39   
Average inside: 0.6
2021-11-26 21:39:17 000
 Epoch          6/20   
 Cycle          11/20  
 Episodes       6600   
 Timesteps      330000 
 TimeCost(sec)  62.876 
 Pi_q_loss      10.773 
 Pi_l2_loss     0.113  
 Q_loss         1.225  
 Success        0.28   
Average inside: 0.6
2021-11-26 21:40:21 000
 Epoch          6/20   
 Cycle          12/20  
 Episodes       6650   
 Timesteps      332500 
 TimeCost(sec)  63.44  
 Pi_q_loss      10.752 
 Pi_l2_loss     0.114  
 Q_loss         1.186  
 Success        0.39   
Average inside: 0.66
2021-11-26 21:41:24 000
 Epoch          6/20   
 Cycle          13/20  
 Episodes       6700   
 Timesteps      335000 
 TimeCost(sec)  63.339 
 Pi_q_loss      10.855 
 Pi_l2_loss     0.108  
 Q_loss         1.276  
 Success        0.24   
Average inside: 0.58
2021-11-26 21:42:28 000
 Epoch          6/20   
 Cycle          14/20  
 Episodes       6750   
 Timesteps      337500 
 TimeCost(sec)  63.297 
 Pi_q_loss      10.878 
 Pi_l2_loss     0.101  
 Q_loss         1.208  
 Success        0.38   
Average inside: 0.6
2021-11-26 21:43:31 000
 Epoch          6/20   
 Cycle          15/20  
 Episodes       6800   
 Timesteps      340000 
 TimeCost(sec)  63.605 
 Pi_q_loss      10.957 
 Pi_l2_loss     0.1    
 Q_loss         1.259  
 Success        0.36   
Average inside: 0.58
2021-11-26 21:44:34 000
 Epoch          6/20   
 Cycle          16/20  
 Episodes       6850   
 Timesteps      342500 
 TimeCost(sec)  62.739 
 Pi_q_loss      11.029 
 Pi_l2_loss     0.103  
 Q_loss         1.235  
 Success        0.37   
Average inside: 0.6
2021-11-26 21:45:37 000
 Epoch          6/20   
 Cycle          17/20  
 Episodes       6900   
 Timesteps      345000 
 TimeCost(sec)  62.899 
 Pi_q_loss      10.989 
 Pi_l2_loss     0.1    
 Q_loss         1.286  
 Success        0.36   
Average inside: 0.46
2021-11-26 21:46:40 000
 Epoch          6/20   
 Cycle          18/20  
 Episodes       6950   
 Timesteps      347500 
 TimeCost(sec)  62.776 
 Pi_q_loss      11.084 
 Pi_l2_loss     0.102  
 Q_loss         1.227  
 Success        0.35   
Average inside: 0.62
2021-11-26 21:47:43 000
 Epoch          6/20   
 Cycle          19/20  
 Episodes       7000   
 Timesteps      350000 
 TimeCost(sec)  63.018 
 Pi_q_loss      11.107 
 Pi_l2_loss     0.104  
 Q_loss         1.276  
 Success        0.39   
Saved periodic policy to log/000-ddpg-FetchSlide-v1-hgg/!
Average inside: 0.6
2021-11-26 21:48:46 000
 Epoch          7/20   
 Cycle          0/20   
 Episodes       7050   
 Timesteps      352500 
 TimeCost(sec)  62.344 
 Pi_q_loss      11.221 
 Pi_l2_loss     0.101  
 Q_loss         1.297  
 Success        0.33   
Average inside: 0.6
2021-11-26 21:49:49 000
 Epoch          7/20   
 Cycle          1/20   
 Episodes       7100   
 Timesteps      355000 
 TimeCost(sec)  63.052 
 Pi_q_loss      11.291 
 Pi_l2_loss     0.098  
 Q_loss         1.287  
 Success        0.37   
Average inside: 0.52
2021-11-26 21:50:55 000
 Epoch          7/20   
 Cycle          2/20   
 Episodes       7150   
 Timesteps      357500 
 TimeCost(sec)  65.374 
 Pi_q_loss      11.33  
 Pi_l2_loss     0.1    
 Q_loss         1.373  
 Success        0.4    
Average inside: 0.56
2021-11-26 21:51:59 000
 Epoch          7/20   
 Cycle          3/20   
 Episodes       7200   
 Timesteps      360000 
 TimeCost(sec)  63.832 
 Pi_q_loss      11.37  
 Pi_l2_loss     0.106  
 Q_loss         1.315  
 Success        0.46   
Saved as best policy to log/000-ddpg-FetchSlide-v1-hgg/!
Average inside: 0.52
2021-11-26 21:53:00 000
 Epoch          7/20   
 Cycle          4/20   
 Episodes       7250   
 Timesteps      362500 
 TimeCost(sec)  61.633 
 Pi_q_loss      11.427 
 Pi_l2_loss     0.106  
 Q_loss         1.294  
 Success        0.46   
Average inside: 0.66
2021-11-26 21:54:04 000
 Epoch          7/20   
 Cycle          5/20   
 Episodes       7300   
 Timesteps      365000 
 TimeCost(sec)  63.001 
 Pi_q_loss      11.46  
 Pi_l2_loss     0.11   
 Q_loss         1.327  
 Success        0.39   
Average inside: 0.74
2021-11-26 21:55:07 000
 Epoch          7/20   
 Cycle          6/20   
 Episodes       7350   
 Timesteps      367500 
 TimeCost(sec)  63.361 
 Pi_q_loss      11.369 
 Pi_l2_loss     0.119  
 Q_loss         1.372  
 Success        0.39   
Average inside: 0.68
2021-11-26 21:56:09 000
 Epoch          7/20   
 Cycle          7/20   
 Episodes       7400   
 Timesteps      370000 
 TimeCost(sec)  62.216 
 Pi_q_loss      11.173 
 Pi_l2_loss     0.139  
 Q_loss         1.29   
 Success        0.28   
Average inside: 0.62
2021-11-26 21:57:12 000
 Epoch          7/20   
 Cycle          8/20   
 Episodes       7450   
 Timesteps      372500 
 TimeCost(sec)  62.322 
 Pi_q_loss      10.919 
 Pi_l2_loss     0.147  
 Q_loss         1.257  
 Success        0.4    
Average inside: 0.52
2021-11-26 21:58:14 000
 Epoch          7/20   
 Cycle          9/20   
 Episodes       7500   
 Timesteps      375000 
 TimeCost(sec)  62.296 
 Pi_q_loss      10.556 
 Pi_l2_loss     0.155  
 Q_loss         1.159  
 Success        0.48   
Saved as best policy to log/000-ddpg-FetchSlide-v1-hgg/!
Average inside: 0.48
2021-11-26 21:59:17 000
 Epoch          7/20   
 Cycle          10/20  
 Episodes       7550   
 Timesteps      377500 
 TimeCost(sec)  62.308 
 Pi_q_loss      10.224 
 Pi_l2_loss     0.154  
 Q_loss         1.056  
 Success        0.35   
Average inside: 0.54
2021-11-26 22:00:19 000
 Epoch          7/20   
 Cycle          11/20  
 Episodes       7600   
 Timesteps      380000 
 TimeCost(sec)  62.239 
 Pi_q_loss      9.96   
 Pi_l2_loss     0.145  
 Q_loss         1.018  
 Success        0.23   
Average inside: 0.64
2021-11-26 22:01:21 000
 Epoch          7/20   
 Cycle          12/20  
 Episodes       7650   
 Timesteps      382500 
 TimeCost(sec)  61.498 
 Pi_q_loss      9.866  
 Pi_l2_loss     0.137  
 Q_loss         1.008  
 Success        0.22   
Average inside: 0.6
2021-11-26 22:02:24 000
 Epoch          7/20   
 Cycle          13/20  
 Episodes       7700   
 Timesteps      385000 
 TimeCost(sec)  62.39  
 Pi_q_loss      9.759  
 Pi_l2_loss     0.122  
 Q_loss         0.928  
 Success        0.38   
Average inside: 0.56
2021-11-26 22:03:27 000
 Epoch          7/20   
 Cycle          14/20  
 Episodes       7750   
 Timesteps      387500 
 TimeCost(sec)  62.914 
 Pi_q_loss      9.845  
 Pi_l2_loss     0.11   
 Q_loss         0.94   
 Success        0.33   
Average inside: 0.66
2021-11-26 22:04:30 000
 Epoch          7/20   
 Cycle          15/20  
 Episodes       7800   
 Timesteps      390000 
 TimeCost(sec)  63.703 
 Pi_q_loss      9.911  
 Pi_l2_loss     0.107  
 Q_loss         0.913  
 Success        0.3    
Average inside: 0.68
2021-11-26 22:05:34 000
 Epoch          7/20   
 Cycle          16/20  
 Episodes       7850   
 Timesteps      392500 
 TimeCost(sec)  63.564 
 Pi_q_loss      9.983  
 Pi_l2_loss     0.106  
 Q_loss         0.897  
 Success        0.35   
Average inside: 0.52
2021-11-26 22:06:37 000
 Epoch          7/20   
 Cycle          17/20  
 Episodes       7900   
 Timesteps      395000 
 TimeCost(sec)  63.005 
 Pi_q_loss      10.007 
 Pi_l2_loss     0.103  
 Q_loss         0.918  
 Success        0.34   
Average inside: 0.6
2021-11-26 22:07:41 000
 Epoch          7/20   
 Cycle          18/20  
 Episodes       7950   
 Timesteps      397500 
 TimeCost(sec)  63.162 
 Pi_q_loss      10.127 
 Pi_l2_loss     0.103  
 Q_loss         0.922  
 Success        0.35   
Average inside: 0.6
2021-11-26 22:08:44 000
 Epoch          7/20   
 Cycle          19/20  
 Episodes       8000   
 Timesteps      400000 
 TimeCost(sec)  63.169 
 Pi_q_loss      10.166 
 Pi_l2_loss     0.104  
 Q_loss         0.976  
 Success        0.31   
Saved periodic policy to log/000-ddpg-FetchSlide-v1-hgg/!
Average inside: 0.58
2021-11-26 22:09:47 000
 Epoch          8/20   
 Cycle          0/20   
 Episodes       8050   
 Timesteps      402500 
 TimeCost(sec)  62.799 
 Pi_q_loss      10.225 
 Pi_l2_loss     0.101  
 Q_loss         0.948  
 Success        0.47   
Average inside: 0.58
2021-11-26 22:10:51 000
 Epoch          8/20   
 Cycle          1/20   
 Episodes       8100   
 Timesteps      405000 
 TimeCost(sec)  63.761 
 Pi_q_loss      10.361 
 Pi_l2_loss     0.102  
 Q_loss         0.965  
 Success        0.39   
Average inside: 0.62
2021-11-26 22:11:54 000
 Epoch          8/20   
 Cycle          2/20   
 Episodes       8150   
 Timesteps      407500 
 TimeCost(sec)  63.078 
 Pi_q_loss      10.355 
 Pi_l2_loss     0.1    
 Q_loss         0.967  
 Success        0.32   
Average inside: 0.7
2021-11-26 22:12:58 000
 Epoch          8/20   
 Cycle          3/20   
 Episodes       8200   
 Timesteps      410000 
 TimeCost(sec)  63.583 
 Pi_q_loss      10.475 
 Pi_l2_loss     0.105  
 Q_loss         0.988  
 Success        0.31   
Average inside: 0.66
2021-11-26 22:13:59 000
 Epoch          8/20   
 Cycle          4/20   
 Episodes       8250   
 Timesteps      412500 
 TimeCost(sec)  60.646 
 Pi_q_loss      10.473 
 Pi_l2_loss     0.104  
 Q_loss         1.023  
 Success        0.26   
Average inside: 0.62
2021-11-26 22:15:01 000
 Epoch          8/20   
 Cycle          5/20   
 Episodes       8300   
 Timesteps      415000 
 TimeCost(sec)  62.434 
 Pi_q_loss      10.532 
 Pi_l2_loss     0.101  
 Q_loss         1.032  
 Success        0.31   
Average inside: 0.66
2021-11-26 22:16:03 000
 Epoch          8/20   
 Cycle          6/20   
 Episodes       8350   
 Timesteps      417500 
 TimeCost(sec)  61.683 
 Pi_q_loss      10.612 
 Pi_l2_loss     0.103  
 Q_loss         1.061  
 Success        0.18   
Average inside: 0.66
2021-11-26 22:17:05 000
 Epoch          8/20   
 Cycle          7/20   
 Episodes       8400   
 Timesteps      420000 
 TimeCost(sec)  61.425 
 Pi_q_loss      10.594 
 Pi_l2_loss     0.103  
 Q_loss         1.054  
 Success        0.33   
Average inside: 0.5
2021-11-26 22:18:06 000
 Epoch          8/20   
 Cycle          8/20   
 Episodes       8450   
 Timesteps      422500 
 TimeCost(sec)  61.362 
 Pi_q_loss      10.701 
 Pi_l2_loss     0.1    
 Q_loss         1.109  
 Success        0.36   
Average inside: 0.56
2021-11-26 22:19:07 000
 Epoch          8/20   
 Cycle          9/20   
 Episodes       8500   
 Timesteps      425000 
 TimeCost(sec)  60.916 
 Pi_q_loss      10.788 
 Pi_l2_loss     0.096  
 Q_loss         1.081  
 Success        0.31   
Average inside: 0.68
2021-11-26 22:20:08 000
 Epoch          8/20   
 Cycle          10/20  
 Episodes       8550   
 Timesteps      427500 
 TimeCost(sec)  61.092 
 Pi_q_loss      10.873 
 Pi_l2_loss     0.094  
 Q_loss         1.121  
 Success        0.24   
Average inside: 0.56
2021-11-26 22:21:10 000
 Epoch          8/20   
 Cycle          11/20  
 Episodes       8600   
 Timesteps      430000 
 TimeCost(sec)  61.569 
 Pi_q_loss      10.957 
 Pi_l2_loss     0.098  
 Q_loss         1.167  
 Success        0.23   
Average inside: 0.64
2021-11-26 22:22:11 000
 Epoch          8/20   
 Cycle          12/20  
 Episodes       8650   
 Timesteps      432500 
 TimeCost(sec)  61.026 
 Pi_q_loss      11.027 
 Pi_l2_loss     0.098  
 Q_loss         1.164  
 Success        0.28   
Average inside: 0.8
2021-11-26 22:23:12 000
 Epoch          8/20   
 Cycle          13/20  
 Episodes       8700   
 Timesteps      435000 
 TimeCost(sec)  60.809 
 Pi_q_loss      11.093 
 Pi_l2_loss     0.101  
 Q_loss         1.176  
 Success        0.31   
Average inside: 0.58
2021-11-26 22:24:13 000
 Epoch          8/20   
 Cycle          14/20  
 Episodes       8750   
 Timesteps      437500 
 TimeCost(sec)  60.911 
 Pi_q_loss      11.091 
 Pi_l2_loss     0.099  
 Q_loss         1.191  
 Success        0.29   
Average inside: 0.66
2021-11-26 22:25:14 000
 Epoch          8/20   
 Cycle          15/20  
 Episodes       8800   
 Timesteps      440000 
 TimeCost(sec)  60.406 
 Pi_q_loss      11.101 
 Pi_l2_loss     0.103  
 Q_loss         1.212  
 Success        0.34   
Average inside: 0.52
2021-11-26 22:26:15 000
 Epoch          8/20   
 Cycle          16/20  
 Episodes       8850   
 Timesteps      442500 
 TimeCost(sec)  60.949 
 Pi_q_loss      11.121 
 Pi_l2_loss     0.104  
 Q_loss         1.191  
 Success        0.37   
Average inside: 0.64
2021-11-26 22:27:15 000
 Epoch          8/20   
 Cycle          17/20  
 Episodes       8900   
 Timesteps      445000 
 TimeCost(sec)  60.137 
 Pi_q_loss      11.201 
 Pi_l2_loss     0.109  
 Q_loss         1.197  
 Success        0.36   
Average inside: 0.64
2021-11-26 22:28:16 000
 Epoch          8/20   
 Cycle          18/20  
 Episodes       8950   
 Timesteps      447500 
 TimeCost(sec)  61.033 
 Pi_q_loss      11.222 
 Pi_l2_loss     0.108  
 Q_loss         1.159  
 Success        0.51   
Saved as best policy to log/000-ddpg-FetchSlide-v1-hgg/!
Average inside: 0.54
2021-11-26 22:29:18 000
 Epoch          8/20   
 Cycle          19/20  
 Episodes       9000   
 Timesteps      450000 
 TimeCost(sec)  61.129 
 Pi_q_loss      11.296 
 Pi_l2_loss     0.107  
 Q_loss         1.21   
 Success        0.47   
Saved periodic policy to log/000-ddpg-FetchSlide-v1-hgg/!
Average inside: 0.58
2021-11-26 22:30:20 000
 Epoch          9/20   
 Cycle          0/20   
 Episodes       9050   
 Timesteps      452500 
 TimeCost(sec)  62.045 
 Pi_q_loss      11.335 
 Pi_l2_loss     0.109  
 Q_loss         1.25   
 Success        0.38   
Average inside: 0.68
2021-11-26 22:31:23 000
 Epoch          9/20   
 Cycle          1/20   
 Episodes       9100   
 Timesteps      455000 
 TimeCost(sec)  62.836 
 Pi_q_loss      11.373 
 Pi_l2_loss     0.111  
 Q_loss         1.264  
 Success        0.5    
Average inside: 0.62
2021-11-26 22:32:25 000
 Epoch          9/20   
 Cycle          2/20   
 Episodes       9150   
 Timesteps      457500 
 TimeCost(sec)  61.518 
 Pi_q_loss      11.404 
 Pi_l2_loss     0.11   
 Q_loss         1.332  
 Success        0.42   
Average inside: 0.6
2021-11-26 22:33:25 000
 Epoch          9/20   
 Cycle          3/20   
 Episodes       9200   
 Timesteps      460000 
 TimeCost(sec)  60.328 
 Pi_q_loss      11.411 
 Pi_l2_loss     0.113  
 Q_loss         1.272  
 Success        0.5    
Average inside: 0.64
2021-11-26 22:34:26 000
 Epoch          9/20   
 Cycle          4/20   
 Episodes       9250   
 Timesteps      462500 
 TimeCost(sec)  60.858 
 Pi_q_loss      11.402 
 Pi_l2_loss     0.114  
 Q_loss         1.29   
 Success        0.29   
Average inside: 0.58
2021-11-26 22:35:28 000
 Epoch          9/20   
 Cycle          5/20   
 Episodes       9300   
 Timesteps      465000 
 TimeCost(sec)  61.414 
 Pi_q_loss      11.451 
 Pi_l2_loss     0.114  
 Q_loss         1.312  
 Success        0.4    
Average inside: 0.56
2021-11-26 22:36:29 000
 Epoch          9/20   
 Cycle          6/20   
 Episodes       9350   
 Timesteps      467500 
 TimeCost(sec)  61.439 
 Pi_q_loss      11.462 
 Pi_l2_loss     0.115  
 Q_loss         1.273  
 Success        0.35   
Average inside: 0.72
2021-11-26 22:37:32 000
 Epoch          9/20   
 Cycle          7/20   
 Episodes       9400   
 Timesteps      470000 
 TimeCost(sec)  62.125 
 Pi_q_loss      11.43  
 Pi_l2_loss     0.115  
 Q_loss         1.306  
 Success        0.34   
Average inside: 0.62
2021-11-26 22:38:33 000
 Epoch          9/20   
 Cycle          8/20   
 Episodes       9450   
 Timesteps      472500 
 TimeCost(sec)  61.358 
 Pi_q_loss      11.428 
 Pi_l2_loss     0.115  
 Q_loss         1.296  
 Success        0.41   
Average inside: 0.62
2021-11-26 22:39:34 000
 Epoch          9/20   
 Cycle          9/20   
 Episodes       9500   
 Timesteps      475000 
 TimeCost(sec)  60.363 
 Pi_q_loss      11.441 
 Pi_l2_loss     0.113  
 Q_loss         1.323  
 Success        0.38   
Average inside: 0.64
2021-11-26 22:40:36 000
 Epoch          9/20   
 Cycle          10/20  
 Episodes       9550   
 Timesteps      477500 
 TimeCost(sec)  62.486 
 Pi_q_loss      11.45  
 Pi_l2_loss     0.113  
 Q_loss         1.299  
 Success        0.33   
Average inside: 0.68
2021-11-26 22:41:39 000
 Epoch          9/20   
 Cycle          11/20  
 Episodes       9600   
 Timesteps      480000 
 TimeCost(sec)  62.882 
 Pi_q_loss      11.413 
 Pi_l2_loss     0.111  
 Q_loss         1.256  
 Success        0.47   
Average inside: 0.5
2021-11-26 22:42:42 000
 Epoch          9/20   
 Cycle          12/20  
 Episodes       9650   
 Timesteps      482500 
 TimeCost(sec)  62.264 
 Pi_q_loss      11.51  
 Pi_l2_loss     0.116  
 Q_loss         1.248  
 Success        0.42   
Average inside: 0.52
2021-11-26 22:43:43 000
 Epoch          9/20   
 Cycle          13/20  
 Episodes       9700   
 Timesteps      485000 
 TimeCost(sec)  60.798 
 Pi_q_loss      11.469 
 Pi_l2_loss     0.115  
 Q_loss         1.21   
 Success        0.31   
Average inside: 0.56
2021-11-26 22:44:45 000
 Epoch          9/20   
 Cycle          14/20  
 Episodes       9750   
 Timesteps      487500 
 TimeCost(sec)  62.354 
 Pi_q_loss      11.453 
 Pi_l2_loss     0.117  
 Q_loss         1.267  
 Success        0.35   
Average inside: 0.56
2021-11-26 22:45:47 000
 Epoch          9/20   
 Cycle          15/20  
 Episodes       9800   
 Timesteps      490000 
 TimeCost(sec)  62.184 
 Pi_q_loss      11.422 
 Pi_l2_loss     0.117  
 Q_loss         1.229  
 Success        0.36   
Average inside: 0.62
2021-11-26 22:46:50 000
 Epoch          9/20   
 Cycle          16/20  
 Episodes       9850   
 Timesteps      492500 
 TimeCost(sec)  61.96  
 Pi_q_loss      11.455 
 Pi_l2_loss     0.114  
 Q_loss         1.163  
 Success        0.37   
Average inside: 0.74
2021-11-26 22:47:51 000
 Epoch          9/20   
 Cycle          17/20  
 Episodes       9900   
 Timesteps      495000 
 TimeCost(sec)  61.46  
 Pi_q_loss      11.356 
 Pi_l2_loss     0.115  
 Q_loss         1.155  
 Success        0.38   
Average inside: 0.54
2021-11-26 22:48:55 000
 Epoch          9/20   
 Cycle          18/20  
 Episodes       9950   
 Timesteps      497500 
 TimeCost(sec)  63.915 
 Pi_q_loss      11.447 
 Pi_l2_loss     0.11   
 Q_loss         1.159  
 Success        0.32   
Average inside: 0.66
2021-11-26 22:49:59 000
 Epoch          9/20   
 Cycle          19/20  
 Episodes       10000  
 Timesteps      500000 
 TimeCost(sec)  63.712 
 Pi_q_loss      11.406 
 Pi_l2_loss     0.11   
 Q_loss         1.087  
 Success        0.36   
Saved periodic policy to log/000-ddpg-FetchSlide-v1-hgg/!
Average inside: 0.54
2021-11-26 22:51:03 000
 Epoch          10/20  
 Cycle          0/20   
 Episodes       10050  
 Timesteps      502500 
 TimeCost(sec)  63.899 
 Pi_q_loss      11.372 
 Pi_l2_loss     0.107  
 Q_loss         1.069  
 Success        0.39   
Average inside: 0.68
2021-11-26 22:52:07 000
 Epoch          10/20  
 Cycle          1/20   
 Episodes       10100  
 Timesteps      505000 
 TimeCost(sec)  63.439 
 Pi_q_loss      11.449 
 Pi_l2_loss     0.1    
 Q_loss         1.101  
 Success        0.36   
Average inside: 0.62
2021-11-26 22:53:11 000
 Epoch          10/20  
 Cycle          2/20   
 Episodes       10150  
 Timesteps      507500 
 TimeCost(sec)  64.082 
 Pi_q_loss      11.541 
 Pi_l2_loss     0.101  
 Q_loss         1.087  
 Success        0.45   
Average inside: 0.58
2021-11-26 22:54:14 000
 Epoch          10/20  
 Cycle          3/20   
 Episodes       10200  
 Timesteps      510000 
 TimeCost(sec)  63.165 
 Pi_q_loss      11.641 
 Pi_l2_loss     0.101  
 Q_loss         1.091  
 Success        0.42   
Average inside: 0.58
2021-11-26 22:55:17 000
 Epoch          10/20  
 Cycle          4/20   
 Episodes       10250  
 Timesteps      512500 
 TimeCost(sec)  62.676 
 Pi_q_loss      11.76  
 Pi_l2_loss     0.099  
 Q_loss         1.164  
 Success        0.39   
Average inside: 0.62
2021-11-26 22:56:20 000
 Epoch          10/20  
 Cycle          5/20   
 Episodes       10300  
 Timesteps      515000 
 TimeCost(sec)  62.902 
 Pi_q_loss      11.816 
 Pi_l2_loss     0.101  
 Q_loss         1.142  
 Success        0.43   
